#
# There is insufficient memory for the Java Runtime Environment to continue.
# Native memory allocation (malloc) failed to allocate 834896 bytes for Chunk::new
# Possible reasons:
#   The system is out of physical RAM or swap space
#   In 32 bit mode, the process size limit was hit
# Possible solutions:
#   Reduce memory load on the system
#   Increase physical memory or swap space
#   Check if swap backing store is full
#   Use 64 bit Java on a 64 bit OS
#   Decrease Java heap size (-Xmx/-Xms)
#   Decrease number of Java threads
#   Decrease Java thread stack sizes (-Xss)
#   Set larger code cache with -XX:ReservedCodeCacheSize=
# This output file may be truncated or incomplete.
#
#  Out of Memory Error (allocation.cpp:390), pid=4424, tid=0x0000000000000e84
#
# JRE version: Java(TM) SE Runtime Environment (8.0_161-b12) (build 1.8.0_161-b12)
# Java VM: Java HotSpot(TM) 64-Bit Server VM (25.161-b12 mixed mode windows-amd64 compressed oops)
# Failed to write core dump. Minidumps are not enabled by default on client versions of Windows
#

---------------  T H R E A D  ---------------

Current thread (0x0000000016adc800):  JavaThread "C2 CompilerThread0" daemon [_thread_in_native, id=3716, stack(0x00000000183d0000,0x00000000184d0000)]

Stack: [0x00000000183d0000,0x00000000184d0000]
[error occurred during error reporting (printing stack bounds), id 0xc0000005]

Native frames: (J=compiled Java code, j=interpreted, Vv=VM code, C=native code)


Current CompileTask:
C2:    964  410       4       com.android.multidex.ClassReferenceListBuilder::checkDescriptor (92 bytes)


---------------  P R O C E S S  ---------------

Java Threads: ( => current thread )
  0x0000000017e5a000 JavaThread "Service Thread" daemon [_thread_blocked, id=10076, stack(0x00000000186d0000,0x00000000187d0000)]
  0x0000000017de6000 JavaThread "C1 CompilerThread2" daemon [_thread_blocked, id=7904, stack(0x00000000185d0000,0x00000000186d0000)]
  0x0000000017dd9000 JavaThread "C2 CompilerThread1" daemon [_thread_in_native, id=12024, stack(0x00000000184d0000,0x00000000185d0000)]
=>0x0000000016adc800 JavaThread "C2 CompilerThread0" daemon [_thread_in_native, id=3716, stack(0x00000000183d0000,0x00000000184d0000)]
  0x0000000016a90000 JavaThread "Attach Listener" daemon [_thread_blocked, id=12540, stack(0x00000000182d0000,0x00000000183d0000)]
  0x0000000017dd8800 JavaThread "Signal Dispatcher" daemon [_thread_blocked, id=13244, stack(0x00000000181d0000,0x00000000182d0000)]
  0x0000000016a69000 JavaThread "Finalizer" daemon [_thread_blocked, id=9232, stack(0x0000000017cd0000,0x0000000017dd0000)]
  0x0000000002813000 JavaThread "Reference Handler" daemon [_thread_blocked, id=512, stack(0x0000000017bd0000,0x0000000017cd0000)]
  0x000000000215e000 JavaThread "main" [_thread_in_Java, id=12616, stack(0x0000000002620000,0x0000000002720000)]

Other Threads:
  0x0000000016a48000 VMThread [stack: 0x0000000017ad0000,0x0000000017bd0000] [id=12936]
  0x0000000017e82000 WatcherThread [stack: 0x00000000187d0000,0x00000000188d0000] [id=4244]

VM state:not at safepoint (normal execution)

VM Mutex/Monitor currently owned by a thread: None

Heap:
 PSYoungGen      total 119296K, used 63995K [0x00000000daf00000, 0x00000000e2800000, 0x0000000100000000)
  eden space 114688K, 51% used [0x00000000daf00000,0x00000000de902598,0x00000000e1f00000)
  from space 4608K, 99% used [0x00000000e2380000,0x00000000e27fc6e8,0x00000000e2800000)
  to   space 4608K, 0% used [0x00000000e1f00000,0x00000000e1f00000,0x00000000e2380000)
 ParOldGen       total 76800K, used 16252K [0x0000000090c00000, 0x0000000095700000, 0x00000000daf00000)
  object space 76800K, 21% used [0x0000000090c00000,0x0000000091bdf370,0x0000000095700000)
 Metaspace       used 3898K, capacity 5144K, committed 5376K, reserved 1056768K
  class space    used 415K, capacity 456K, committed 512K, reserved 1048576K

Card table byte_map: [0x0000000011be0000,0x0000000011f60000] byte_map_base: 0x000000001175a000

Marking Bits: (ParMarkBitMap*) 0x000000006294f860
 Begin Bits: [0x00000000125c0000, 0x0000000014190000)
 End Bits:   [0x0000000014190000, 0x0000000015d60000)

Polling page: 0x0000000000aa0000

CodeCache: size=245760Kb used=3321Kb max_used=3321Kb free=242438Kb
 bounds [0x0000000002820000, 0x0000000002b70000, 0x0000000011820000]
 total_blobs=814 nmethods=564 adapters=164
 compilation: enabled

Compilation events (10 events):
Event: 0.867 Thread 0x0000000017de6000  580       1       com.android.dx.cf.attrib.BaseAnnotations::byteLength (8 bytes)
Event: 0.867 Thread 0x0000000017de6000 nmethod 580 0x0000000002b2add0 code [0x0000000002b2af20, 0x0000000002b2b030]
Event: 0.888 Thread 0x0000000017de6000  582       2       com.android.dx.cf.direct.StdAttributeFactory::deprecated (17 bytes)
Event: 0.889 Thread 0x0000000017de6000 nmethod 582 0x0000000002b3d910 code [0x0000000002b3dac0, 0x0000000002b3df48]
Event: 0.902 Thread 0x0000000017de6000  584 %     3       java.util.HashMap::resize @ 154 (359 bytes)
Event: 0.903 Thread 0x0000000017de6000 nmethod 584% 0x0000000002b4ec90 code [0x0000000002b4ef00, 0x0000000002b50208]
Event: 0.903 Thread 0x0000000017de6000  585       3       java.util.HashMap::resize (359 bytes)
Event: 0.904 Thread 0x0000000017de6000 nmethod 585 0x0000000002b60910 code [0x0000000002b60b60, 0x0000000002b61d88]
Event: 0.947 Thread 0x0000000017de6000  587       2       com.android.dx.cf.direct.StdAttributeFactory::runtimeVisibleParameterAnnotations (44 bytes)
Event: 0.947 Thread 0x0000000017de6000 nmethod 587 0x0000000002b3d1d0 code [0x0000000002b3d360, 0x0000000002b3d6d8]

GC Heap History (8 events):
Event: 0.335 GC heap before
{Heap before GC invocations=1 (full 0):
 PSYoungGen      total 33280K, used 28672K [0x00000000daf00000, 0x00000000dd400000, 0x0000000100000000)
  eden space 28672K, 100% used [0x00000000daf00000,0x00000000dcb00000,0x00000000dcb00000)
  from space 4608K, 0% used [0x00000000dcf80000,0x00000000dcf80000,0x00000000dd400000)
  to   space 4608K, 0% used [0x00000000dcb00000,0x00000000dcb00000,0x00000000dcf80000)
 ParOldGen       total 76800K, used 0K [0x0000000090c00000, 0x0000000095700000, 0x00000000daf00000)
  object space 76800K, 0% used [0x0000000090c00000,0x0000000090c00000,0x0000000095700000)
 Metaspace       used 3853K, capacity 5080K, committed 5376K, reserved 1056768K
  class space    used 411K, capacity 456K, committed 512K, reserved 1048576K
Event: 0.340 GC heap after
Heap after GC invocations=1 (full 0):
 PSYoungGen      total 33280K, used 3933K [0x00000000daf00000, 0x00000000df000000, 0x0000000100000000)
  eden space 28672K, 0% used [0x00000000daf00000,0x00000000daf00000,0x00000000dcb00000)
  from space 4608K, 85% used [0x00000000dcb00000,0x00000000dced7598,0x00000000dcf80000)
  to   space 4608K, 0% used [0x00000000deb80000,0x00000000deb80000,0x00000000df000000)
 ParOldGen       total 76800K, used 8K [0x0000000090c00000, 0x0000000095700000, 0x00000000daf00000)
  object space 76800K, 0% used [0x0000000090c00000,0x0000000090c02000,0x0000000095700000)
 Metaspace       used 3853K, capacity 5080K, committed 5376K, reserved 1056768K
  class space    used 411K, capacity 456K, committed 512K, reserved 1048576K
}
Event: 0.445 GC heap before
{Heap before GC invocations=2 (full 0):
 PSYoungGen      total 33280K, used 32605K [0x00000000daf00000, 0x00000000df000000, 0x0000000100000000)
  eden space 28672K, 100% used [0x00000000daf00000,0x00000000dcb00000,0x00000000dcb00000)
  from space 4608K, 85% used [0x00000000dcb00000,0x00000000dced7598,0x00000000dcf80000)
  to   space 4608K, 0% used [0x00000000deb80000,0x00000000deb80000,0x00000000df000000)
 ParOldGen       total 76800K, used 8K [0x0000000090c00000, 0x0000000095700000, 0x00000000daf00000)
  object space 76800K, 0% used [0x0000000090c00000,0x0000000090c02000,0x0000000095700000)
 Metaspace       used 3870K, capacity 5144K, committed 5376K, reserved 1056768K
  class space    used 412K, capacity 456K, committed 512K, reserved 1048576K
Event: 0.455 GC heap after
Heap after GC invocations=2 (full 0):
 PSYoungGen      total 61952K, used 4585K [0x00000000daf00000, 0x00000000df000000, 0x0000000100000000)
  eden space 57344K, 0% used [0x00000000daf00000,0x00000000daf00000,0x00000000de700000)
  from space 4608K, 99% used [0x00000000deb80000,0x00000000deffa448,0x00000000df000000)
  to   space 4608K, 0% used [0x00000000de700000,0x00000000de700000,0x00000000deb80000)
 ParOldGen       total 76800K, used 297K [0x0000000090c00000, 0x0000000095700000, 0x00000000daf00000)
  object space 76800K, 0% used [0x0000000090c00000,0x0000000090c4a708,0x0000000095700000)
 Metaspace       used 3870K, capacity 5144K, committed 5376K, reserved 1056768K
  class space    used 412K, capacity 456K, committed 512K, reserved 1048576K
}
Event: 0.638 GC heap before
{Heap before GC invocations=3 (full 0):
 PSYoungGen      total 61952K, used 61929K [0x00000000daf00000, 0x00000000df000000, 0x0000000100000000)
  eden space 57344K, 100% used [0x00000000daf00000,0x00000000de700000,0x00000000de700000)
  from space 4608K, 99% used [0x00000000deb80000,0x00000000deffa448,0x00000000df000000)
  to   space 4608K, 0% used [0x00000000de700000,0x00000000de700000,0x00000000deb80000)
 ParOldGen       total 76800K, used 297K [0x0000000090c00000, 0x0000000095700000, 0x00000000daf00000)
  object space 76800K, 0% used [0x0000000090c00000,0x0000000090c4a708,0x0000000095700000)
 Metaspace       used 3897K, capacity 5144K, committed 5376K, reserved 1056768K
  class space    used 415K, capacity 456K, committed 512K, reserved 1048576K
Event: 0.652 GC heap after
Heap after GC invocations=3 (full 0):
 PSYoungGen      total 61952K, used 4588K [0x00000000daf00000, 0x00000000e2800000, 0x0000000100000000)
  eden space 57344K, 0% used [0x00000000daf00000,0x00000000daf00000,0x00000000de700000)
  from space 4608K, 99% used [0x00000000de700000,0x00000000deb7b070,0x00000000deb80000)
  to   space 4608K, 0% used [0x00000000e2380000,0x00000000e2380000,0x00000000e2800000)
 ParOldGen       total 76800K, used 7725K [0x0000000090c00000, 0x0000000095700000, 0x00000000daf00000)
  object space 76800K, 10% used [0x0000000090c00000,0x000000009138b5f8,0x0000000095700000)
 Metaspace       used 3897K, capacity 5144K, committed 5376K, reserved 1056768K
  class space    used 415K, capacity 456K, committed 512K, reserved 1048576K
}
Event: 0.803 GC heap before
{Heap before GC invocations=4 (full 0):
 PSYoungGen      total 61952K, used 61932K [0x00000000daf00000, 0x00000000e2800000, 0x0000000100000000)
  eden space 57344K, 100% used [0x00000000daf00000,0x00000000de700000,0x00000000de700000)
  from space 4608K, 99% used [0x00000000de700000,0x00000000deb7b070,0x00000000deb80000)
  to   space 4608K, 0% used [0x00000000e2380000,0x00000000e2380000,0x00000000e2800000)
 ParOldGen       total 76800K, used 7725K [0x0000000090c00000, 0x0000000095700000, 0x00000000daf00000)
  object space 76800K, 10% used [0x0000000090c00000,0x000000009138b5f8,0x0000000095700000)
 Metaspace       used 3897K, capacity 5144K, committed 5376K, reserved 1056768K
  class space    used 415K, capacity 456K, committed 512K, reserved 1048576K
Event: 0.815 GC heap after
Heap after GC invocations=4 (full 0):
 PSYoungGen      total 119296K, used 4593K [0x00000000daf00000, 0x00000000e2800000, 0x0000000100000000)
  eden space 114688K, 0% used [0x00000000daf00000,0x00000000daf00000,0x00000000e1f00000)
  from space 4608K, 99% used [0x00000000e2380000,0x00000000e27fc6e8,0x00000000e2800000)
  to   space 4608K, 0% used [0x00000000e1f00000,0x00000000e1f00000,0x00000000e2380000)
 ParOldGen       total 76800K, used 16252K [0x0000000090c00000, 0x0000000095700000, 0x00000000daf00000)
  object space 76800K, 21% used [0x0000000090c00000,0x0000000091bdf370,0x0000000095700000)
 Metaspace       used 3897K, capacity 5144K, committed 5376K, reserved 1056768K
  class space    used 415K, capacity 456K, committed 512K, reserved 1048576K
}

Deoptimization events (2 events):
Event: 0.560 Thread 0x000000000215e000 Uncommon trap: reason=unstable_if action=reinterpret pc=0x0000000002b1d654 method=com.android.dx.cf.direct.StdAttributeFactory.parse0(Lcom/android/dx/cf/direct/DirectClassFile;ILjava/lang/String;IILcom/android/dx/cf/iface/ParseObserver;)Lcom/android/dx/cf
Event: 0.927 Thread 0x000000000215e000 Uncommon trap: reason=class_check action=maybe_recompile pc=0x0000000002b57f28 method=com.android.dx.cf.attrib.AttConstantValue.<init>(Lcom/android/dx/rop/cst/TypedConstant;)V @ 28

Classes redefined (0 events):
No events

Internal exceptions (2 events):
Event: 0.026 Thread 0x000000000215e000 Exception <a 'java/lang/NoSuchMethodError': Method sun.misc.Unsafe.defineClass(Ljava/lang/String;[BII)Ljava/lang/Class; name or signature does not match> (0x00000000daf07ca0) thrown at [C:\re\workspace\8-2-build-windows-amd64-cygwin\jdk8u161\10277\hotspot
Event: 0.026 Thread 0x000000000215e000 Exception <a 'java/lang/NoSuchMethodError': Method sun.misc.Unsafe.prefetchRead(Ljava/lang/Object;J)V name or signature does not match> (0x00000000daf07f88) thrown at [C:\re\workspace\8-2-build-windows-amd64-cygwin\jdk8u161\10277\hotspot\src\share\vm\prim

Events (10 events):
Event: 0.560 Thread 0x000000000215e000 Uncommon trap: trap_request=0xffffff65 fr.pc=0x0000000002b1d654
Event: 0.560 Thread 0x000000000215e000 DEOPT PACKING pc=0x0000000002b1d654 sp=0x000000000271ecd0
Event: 0.561 Thread 0x000000000215e000 DEOPT UNPACKING pc=0x000000000286583b sp=0x000000000271eca8 mode 2
Event: 0.638 Executing VM operation: ParallelGCFailedAllocation
Event: 0.652 Executing VM operation: ParallelGCFailedAllocation done
Event: 0.803 Executing VM operation: ParallelGCFailedAllocation
Event: 0.815 Executing VM operation: ParallelGCFailedAllocation done
Event: 0.927 Thread 0x000000000215e000 Uncommon trap: trap_request=0xffffffde fr.pc=0x0000000002b57f28
Event: 0.927 Thread 0x000000000215e000 DEOPT PACKING pc=0x0000000002b57f28 sp=0x000000000271ea60
Event: 0.927 Thread 0x000000000215e000 DEOPT UNPACKING pc=0x000000000286583b sp=0x000000000271e908 mode 2


Dynamic libraries:
0x00007ff6b8990000 - 0x00007ff6b89c7000 	D:\2.develop_tools\JAVA\JDK\bin\java.exe
0x00007ffc5b970000 - 0x00007ffc5bb41000 	C:\Windows\SYSTEM32\ntdll.dll
0x00007ffc5b560000 - 0x00007ffc5b60b000 	C:\Windows\System32\KERNEL32.DLL
0x00007ffc58410000 - 0x00007ffc5862d000 	C:\Windows\System32\KERNELBASE.dll
0x00007ffc5b4b0000 - 0x00007ffc5b552000 	C:\Windows\System32\ADVAPI32.dll
0x00007ffc5b410000 - 0x00007ffc5b4ae000 	C:\Windows\System32\msvcrt.dll
0x00007ffc5ac60000 - 0x00007ffc5acb9000 	C:\Windows\System32\sechost.dll
0x00007ffc5b740000 - 0x00007ffc5b861000 	C:\Windows\System32\RPCRT4.dll
0x00007ffc59310000 - 0x00007ffc59475000 	C:\Windows\System32\USER32.dll
0x00007ffc57f10000 - 0x00007ffc57f2e000 	C:\Windows\System32\win32u.dll
0x00007ffc59070000 - 0x00007ffc590a4000 	C:\Windows\System32\GDI32.dll
0x00007ffc58630000 - 0x00007ffc587b2000 	C:\Windows\System32\gdi32full.dll
0x00007ffc4d430000 - 0x00007ffc4d6aa000 	C:\Windows\WinSxS\amd64_microsoft.windows.common-controls_6595b64144ccf1df_6.0.14393.953_none_42151e83c686086b\COMCTL32.dll
0x00007ffc5a990000 - 0x00007ffc5ac58000 	C:\Windows\System32\combase.dll
0x00007ffc58310000 - 0x00007ffc58405000 	C:\Windows\System32\ucrtbase.dll
0x00007ffc582a0000 - 0x00007ffc5830a000 	C:\Windows\System32\bcryptPrimitives.dll
0x00007ffc58f00000 - 0x00007ffc58f2e000 	C:\Windows\System32\IMM32.DLL
0x00000000629d0000 - 0x0000000062aa2000 	D:\2.develop_tools\JAVA\JDK\jre\bin\msvcr100.dll
0x0000000062130000 - 0x00000000629cf000 	D:\2.develop_tools\JAVA\JDK\jre\bin\server\jvm.dll
0x00007ffc5acf0000 - 0x00007ffc5acf8000 	C:\Windows\System32\PSAPI.DLL
0x00007ffc56280000 - 0x00007ffc562a3000 	C:\Windows\SYSTEM32\WINMM.dll
0x00007ffc49080000 - 0x00007ffc49089000 	C:\Windows\SYSTEM32\WSOCK32.dll
0x00007ffc535f0000 - 0x00007ffc535fa000 	C:\Windows\SYSTEM32\VERSION.dll
0x00007ffc5ae60000 - 0x00007ffc5aeca000 	C:\Windows\System32\WS2_32.dll
0x00007ffc561f0000 - 0x00007ffc5621b000 	C:\Windows\SYSTEM32\WINMMBASE.dll
0x00007ffc57fd0000 - 0x00007ffc58012000 	C:\Windows\System32\cfgmgr32.dll
0x0000000062120000 - 0x000000006212f000 	D:\2.develop_tools\JAVA\JDK\jre\bin\verify.dll
0x00000000620f0000 - 0x0000000062119000 	D:\2.develop_tools\JAVA\JDK\jre\bin\java.dll
0x00000000620d0000 - 0x00000000620e6000 	D:\2.develop_tools\JAVA\JDK\jre\bin\zip.dll
0x00007ffc59480000 - 0x00007ffc5a989000 	C:\Windows\System32\SHELL32.dll
0x00007ffc58820000 - 0x00007ffc58efa000 	C:\Windows\System32\windows.storage.dll
0x00007ffc57e00000 - 0x00007ffc57e4c000 	C:\Windows\System32\powrprof.dll
0x00007ffc590b0000 - 0x00007ffc59102000 	C:\Windows\System32\shlwapi.dll
0x00007ffc57e50000 - 0x00007ffc57e5f000 	C:\Windows\System32\kernel.appcore.dll
0x00007ffc57e60000 - 0x00007ffc57f09000 	C:\Windows\System32\shcore.dll
0x00007ffc57dd0000 - 0x00007ffc57de4000 	C:\Windows\System32\profapi.dll

VM Arguments:
jvm_args: -Djava.awt.headless=true -Dfile.encoding=GBK -Duser.country=CN -Duser.language=zh -Duser.variant 
java_command: com.android.multidex.ClassReferenceListBuilder D:\3.Code\MyAppProject\ahjl_app\appclient\app\build\intermediates\multi-dex\debug\componentClasses.jar D:\3.Code\MyAppProject\ahjl_app\appclient\app\build\intermediates\transforms\jarMerging\debug\jars\1\1f\combined.jar
java_class_path (initial): D:\2.develop_tools\SDK\build-tools\25.0.2\lib\dx.jar
Launcher Type: SUN_STANDARD

Environment Variables:
JAVA_HOME=D:\2.develop_tools\JAVA\JDK
PATH=C:\Windows\system32;C:\Windows;C:\Windows\System32\Wbem;C:\Windows\System32\WindowsPowerShell\v1.0\;C:\Windows\system32\config\systemprofile\.dnx\bin;C:\Program Files\Microsoft DNX\Dnvm\;C:\Program Files\Microsoft SQL Server\130\Tools\Binn\;D:\2.develop_tools\JAVA\JDK\bin;D:\2.develop_tools\JAVA\JDK\jre\bin;E:\Program Files (x86)\Microsoft SQL Server\100\Tools\Binn\;E:\Program Files\Microsoft SQL Server\100\Tools\Binn\;E:\Program Files\Microsoft SQL Server\100\DTS\Binn\;E:\Program Files (x86)\Microsoft SQL Server\100\Tools\Binn\VSShell\Common7\IDE\;C:\Program Files (x86)\Microsoft Visual Studio 9.0\Common7\IDE\PrivateAssemblies\;E:\Program Files (x86)\Microsoft SQL Server\100\DTS\Binn\;C:\Users\Administrator\AppData\Local\Microsoft\WindowsApps;
USERNAME=Administrator
OS=Windows_NT
PROCESSOR_IDENTIFIER=AMD64 Family 23 Model 17 Stepping 0, AuthenticAMD



---------------  S Y S T E M  ---------------

OS: Windows 10.0 , 64 bit Build 14393 (10.0.14393.0)

CPU:total 4 (initial active 4) (4 cores per cpu, 1 threads per core) family 23 model 17 stepping 0, cmov, cx8, fxsr, mmx, sse, sse2, sse3, ssse3, sse4.1, sse4.2, popcnt, avx, avx2, aes, clmul, mmxext, 3dnowpref, lzcnt, sse4a, tsc, tscinvbit, tscinv, bmi1

Memory: 4k page, physical 7287484k(2132644k free), swap 8860348k(5164k free)

vm_info: Java HotSpot(TM) 64-Bit Server VM (25.161-b12) for windows-amd64 JRE (1.8.0_161-b12), built on Dec 19 2017 17:52:25 by "java_re" with MS VC++ 10.0 (VS2010)

time: Mon Mar 26 09:25:46 2018
elapsed time: 0 seconds (0d 0h 0m 0s)

