#
# There is insufficient memory for the Java Runtime Environment to continue.
# Native memory allocation (malloc) failed to allocate 246016 bytes for Chunk::new
# Possible reasons:
#   The system is out of physical RAM or swap space
#   In 32 bit mode, the process size limit was hit
# Possible solutions:
#   Reduce memory load on the system
#   Increase physical memory or swap space
#   Check if swap backing store is full
#   Use 64 bit Java on a 64 bit OS
#   Decrease Java heap size (-Xmx/-Xms)
#   Decrease number of Java threads
#   Decrease Java thread stack sizes (-Xss)
#   Set larger code cache with -XX:ReservedCodeCacheSize=
# This output file may be truncated or incomplete.
#
#  Out of Memory Error (allocation.cpp:390), pid=11160, tid=0x0000000000002bb0
#
# JRE version: Java(TM) SE Runtime Environment (8.0_161-b12) (build 1.8.0_161-b12)
# Java VM: Java HotSpot(TM) 64-Bit Server VM (25.161-b12 mixed mode windows-amd64 compressed oops)
# Failed to write core dump. Minidumps are not enabled by default on client versions of Windows
#

---------------  T H R E A D  ---------------

Current thread (0x000000001cdfd800):  JavaThread "C2 CompilerThread1" daemon [_thread_in_native, id=11184, stack(0x000000001e7f0000,0x000000001e8f0000)]

Stack: [0x000000001e7f0000,0x000000001e8f0000]
[error occurred during error reporting (printing stack bounds), id 0xc0000005]

Native frames: (J=compiled Java code, j=interpreted, Vv=VM code, C=native code)


Current CompileTask:
C2: 169745 2174       4       com.android.dx.rop.code.RegisterSpec::make (7 bytes)


---------------  P R O C E S S  ---------------

Java Threads: ( => current thread )
  0x000000001eedc800 JavaThread "pool-2-thread-4" [_thread_blocked, id=10836, stack(0x00000000207c0000,0x00000000208c0000)]
  0x000000001eedf800 JavaThread "pool-2-thread-3" [_thread_blocked, id=9972, stack(0x00000000206c0000,0x00000000207c0000)]
  0x000000001f1ef000 JavaThread "pool-2-thread-2" [_thread_blocked, id=8664, stack(0x00000000205c0000,0x00000000206c0000)]
  0x000000001f054800 JavaThread "pool-3-thread-1" [_thread_blocked, id=10360, stack(0x00000000204c0000,0x00000000205c0000)]
  0x000000001f053800 JavaThread "pool-2-thread-1" [_thread_blocked, id=10552, stack(0x00000000203c0000,0x00000000204c0000)]
  0x000000001e184000 JavaThread "Service Thread" daemon [_thread_blocked, id=10452, stack(0x000000001e9f0000,0x000000001eaf0000)]
  0x000000001e106800 JavaThread "C1 CompilerThread2" daemon [_thread_blocked, id=10972, stack(0x000000001e8f0000,0x000000001e9f0000)]
=>0x000000001cdfd800 JavaThread "C2 CompilerThread1" daemon [_thread_in_native, id=11184, stack(0x000000001e7f0000,0x000000001e8f0000)]
  0x000000001cdfa000 JavaThread "C2 CompilerThread0" daemon [_thread_blocked, id=10460, stack(0x000000001e6f0000,0x000000001e7f0000)]
  0x000000001cd97800 JavaThread "Attach Listener" daemon [_thread_blocked, id=8496, stack(0x000000001e5f0000,0x000000001e6f0000)]
  0x000000001e0f8800 JavaThread "Signal Dispatcher" daemon [_thread_blocked, id=8608, stack(0x000000001e4f0000,0x000000001e5f0000)]
  0x00000000036cd800 JavaThread "Finalizer" daemon [_thread_blocked, id=10708, stack(0x000000001dff0000,0x000000001e0f0000)]
  0x00000000036c2000 JavaThread "Reference Handler" daemon [_thread_blocked, id=8580, stack(0x000000001def0000,0x000000001dff0000)]
  0x00000000035ce000 JavaThread "main" [_thread_blocked, id=172, stack(0x00000000033f0000,0x00000000034f0000)]

Other Threads:
  0x000000001cd67000 VMThread [stack: 0x000000001ddf0000,0x000000001def0000] [id=10348]
  0x000000001e19d800 WatcherThread [stack: 0x000000001eaf0000,0x000000001ebf0000] [id=1576]

VM state:at safepoint (normal execution)

VM Mutex/Monitor currently owned by a thread:  ([mutex/lock_event])
[0x00000000035ccb10] Threads_lock - owner thread: 0x000000001cd67000
[0x00000000035ccf90] Heap_lock - owner thread: 0x000000001f053800

Heap:
 PSYoungGen      total 251904K, used 224256K [0x000000076ab00000, 0x000000077c100000, 0x00000007c0000000)
  eden space 224256K, 100% used [0x000000076ab00000,0x0000000778600000,0x0000000778600000)
  from space 27648K, 0% used [0x0000000778600000,0x0000000778600000,0x000000077a100000)
  to   space 22528K, 0% used [0x000000077a100000,0x000000077a100000,0x000000077b700000)
 ParOldGen       total 76800K, used 76711K [0x00000006c0000000, 0x00000006c4b00000, 0x000000076ab00000)
  object space 76800K, 99% used [0x00000006c0000000,0x00000006c4ae9e28,0x00000006c4b00000)
 Metaspace       used 6649K, capacity 7320K, committed 7680K, reserved 1056768K
  class space    used 630K, capacity 656K, committed 768K, reserved 1048576K

Card table byte_map: [0x0000000012a90000,0x00000000132a0000] byte_map_base: 0x000000000f490000

Marking Bits: (ParMarkBitMap*) 0x000000007350f860
 Begin Bits: [0x0000000013c00000, 0x0000000017c00000)
 End Bits:   [0x0000000017c00000, 0x000000001bc00000)

Polling page: 0x0000000001880000

CodeCache: size=245760Kb used=9667Kb max_used=11160Kb free=236092Kb
 bounds [0x00000000036d0000, 0x00000000041e0000, 0x00000000126d0000]
 total_blobs=2262 nmethods=1997 adapters=178
 compilation: enabled

Compilation events (10 events):
Event: 151.013 Thread 0x000000001cdfa000 nmethod 1827 0x0000000003835c90 code [0x0000000003835dc0, 0x0000000003835e38]
Event: 151.690 Thread 0x000000001cdfa000 1861       4       com.android.dx.rop.code.ThrowingCstInsn::withNewRegisters (25 bytes)
Event: 156.246 Thread 0x000000001cdfa000 nmethod 1861 0x0000000003857e50 code [0x0000000003857fa0, 0x00000000038581d8]
Event: 156.246 Thread 0x000000001cdfa000 1815   !   4       java.util.BitSet::clone (49 bytes)
Event: 158.561 Thread 0x000000001cdfa000 nmethod 1815 0x000000000383cf10 code [0x000000000383d080, 0x000000000383d478]
Event: 160.902 Thread 0x000000001cdfa000 1623       4       com.android.dx.rop.code.RopMethod::labelToPredecessors (54 bytes)
Event: 165.661 Thread 0x000000001cdfa000 nmethod 1623 0x000000000390d650 code [0x000000000390d7a0, 0x000000000390d888]
Event: 165.955 Thread 0x000000001cdfa000 1860       4       java.lang.String::getChars (62 bytes)
Event: 167.386 Thread 0x000000001cdfa000 nmethod 1860 0x000000000392ad10 code [0x000000000392ae60, 0x000000000392afd8]
Event: 167.387 Thread 0x000000001cdfa000 1859       4       java.lang.AbstractStringBuilder::append (50 bytes)

GC Heap History (10 events):
Event: 168.551 GC heap after
Heap after GC invocations=649 (full 642):
 PSYoungGen      total 251904K, used 224256K [0x000000076ab00000, 0x000000077c100000, 0x00000007c0000000)
  eden space 224256K, 100% used [0x000000076ab00000,0x0000000778600000,0x0000000778600000)
  from space 27648K, 0% used [0x0000000778600000,0x0000000778600000,0x000000077a100000)
  to   space 22528K, 0% used [0x000000077a100000,0x000000077a100000,0x000000077b700000)
 ParOldGen       total 76800K, used 76704K [0x00000006c0000000, 0x00000006c4b00000, 0x000000076ab00000)
  object space 76800K, 99% used [0x00000006c0000000,0x00000006c4ae82e0,0x00000006c4b00000)
 Metaspace       used 6649K, capacity 7320K, committed 7680K, reserved 1056768K
  class space    used 630K, capacity 656K, committed 768K, reserved 1048576K
}
Event: 168.551 GC heap before
{Heap before GC invocations=650 (full 643):
 PSYoungGen      total 251904K, used 224256K [0x000000076ab00000, 0x000000077c100000, 0x00000007c0000000)
  eden space 224256K, 100% used [0x000000076ab00000,0x0000000778600000,0x0000000778600000)
  from space 27648K, 0% used [0x0000000778600000,0x0000000778600000,0x000000077a100000)
  to   space 22528K, 0% used [0x000000077a100000,0x000000077a100000,0x000000077b700000)
 ParOldGen       total 76800K, used 76706K [0x00000006c0000000, 0x00000006c4b00000, 0x000000076ab00000)
  object space 76800K, 99% used [0x00000006c0000000,0x00000006c4ae8a70,0x00000006c4b00000)
 Metaspace       used 6649K, capacity 7320K, committed 7680K, reserved 1056768K
  class space    used 630K, capacity 656K, committed 768K, reserved 1048576K
Event: 168.832 GC heap after
Heap after GC invocations=650 (full 643):
 PSYoungGen      total 251904K, used 224256K [0x000000076ab00000, 0x000000077c100000, 0x00000007c0000000)
  eden space 224256K, 100% used [0x000000076ab00000,0x0000000778600000,0x0000000778600000)
  from space 27648K, 0% used [0x0000000778600000,0x0000000778600000,0x000000077a100000)
  to   space 22528K, 0% used [0x000000077a100000,0x000000077a100000,0x000000077b700000)
 ParOldGen       total 76800K, used 76705K [0x00000006c0000000, 0x00000006c4b00000, 0x000000076ab00000)
  object space 76800K, 99% used [0x00000006c0000000,0x00000006c4ae87f0,0x00000006c4b00000)
 Metaspace       used 6649K, capacity 7320K, committed 7680K, reserved 1056768K
  class space    used 630K, capacity 656K, committed 768K, reserved 1048576K
}
Event: 168.833 GC heap before
{Heap before GC invocations=651 (full 644):
 PSYoungGen      total 251904K, used 224256K [0x000000076ab00000, 0x000000077c100000, 0x00000007c0000000)
  eden space 224256K, 100% used [0x000000076ab00000,0x0000000778600000,0x0000000778600000)
  from space 27648K, 0% used [0x0000000778600000,0x0000000778600000,0x000000077a100000)
  to   space 22528K, 0% used [0x000000077a100000,0x000000077a100000,0x000000077b700000)
 ParOldGen       total 76800K, used 76707K [0x00000006c0000000, 0x00000006c4b00000, 0x000000076ab00000)
  object space 76800K, 99% used [0x00000006c0000000,0x00000006c4ae8f38,0x00000006c4b00000)
 Metaspace       used 6649K, capacity 7320K, committed 7680K, reserved 1056768K
  class space    used 630K, capacity 656K, committed 768K, reserved 1048576K
Event: 169.129 GC heap after
Heap after GC invocations=651 (full 644):
 PSYoungGen      total 251904K, used 224256K [0x000000076ab00000, 0x000000077c100000, 0x00000007c0000000)
  eden space 224256K, 100% used [0x000000076ab00000,0x0000000778600000,0x0000000778600000)
  from space 27648K, 0% used [0x0000000778600000,0x0000000778600000,0x000000077a100000)
  to   space 22528K, 0% used [0x000000077a100000,0x000000077a100000,0x000000077b700000)
 ParOldGen       total 76800K, used 76707K [0x00000006c0000000, 0x00000006c4b00000, 0x000000076ab00000)
  object space 76800K, 99% used [0x00000006c0000000,0x00000006c4ae8d58,0x00000006c4b00000)
 Metaspace       used 6649K, capacity 7320K, committed 7680K, reserved 1056768K
  class space    used 630K, capacity 656K, committed 768K, reserved 1048576K
}
Event: 169.129 GC heap before
{Heap before GC invocations=652 (full 645):
 PSYoungGen      total 251904K, used 224256K [0x000000076ab00000, 0x000000077c100000, 0x00000007c0000000)
  eden space 224256K, 100% used [0x000000076ab00000,0x0000000778600000,0x0000000778600000)
  from space 27648K, 0% used [0x0000000778600000,0x0000000778600000,0x000000077a100000)
  to   space 22528K, 0% used [0x000000077a100000,0x000000077a100000,0x000000077b700000)
 ParOldGen       total 76800K, used 76709K [0x00000006c0000000, 0x00000006c4b00000, 0x000000076ab00000)
  object space 76800K, 99% used [0x00000006c0000000,0x00000006c4ae94e8,0x00000006c4b00000)
 Metaspace       used 6649K, capacity 7320K, committed 7680K, reserved 1056768K
  class space    used 630K, capacity 656K, committed 768K, reserved 1048576K
Event: 169.428 GC heap after
Heap after GC invocations=652 (full 645):
 PSYoungGen      total 251904K, used 224256K [0x000000076ab00000, 0x000000077c100000, 0x00000007c0000000)
  eden space 224256K, 100% used [0x000000076ab00000,0x0000000778600000,0x0000000778600000)
  from space 27648K, 0% used [0x0000000778600000,0x0000000778600000,0x000000077a100000)
  to   space 22528K, 0% used [0x000000077a100000,0x000000077a100000,0x000000077b700000)
 ParOldGen       total 76800K, used 76708K [0x00000006c0000000, 0x00000006c4b00000, 0x000000076ab00000)
  object space 76800K, 99% used [0x00000006c0000000,0x00000006c4ae9268,0x00000006c4b00000)
 Metaspace       used 6649K, capacity 7320K, committed 7680K, reserved 1056768K
  class space    used 630K, capacity 656K, committed 768K, reserved 1048576K
}
Event: 169.428 GC heap before
{Heap before GC invocations=653 (full 646):
 PSYoungGen      total 251904K, used 224256K [0x000000076ab00000, 0x000000077c100000, 0x00000007c0000000)
  eden space 224256K, 100% used [0x000000076ab00000,0x0000000778600000,0x0000000778600000)
  from space 27648K, 0% used [0x0000000778600000,0x0000000778600000,0x000000077a100000)
  to   space 22528K, 0% used [0x000000077a100000,0x000000077a100000,0x000000077b700000)
 ParOldGen       total 76800K, used 76710K [0x00000006c0000000, 0x00000006c4b00000, 0x000000076ab00000)
  object space 76800K, 99% used [0x00000006c0000000,0x00000006c4ae99d0,0x00000006c4b00000)
 Metaspace       used 6649K, capacity 7320K, committed 7680K, reserved 1056768K
  class space    used 630K, capacity 656K, committed 768K, reserved 1048576K
Event: 169.715 GC heap after
Heap after GC invocations=653 (full 646):
 PSYoungGen      total 251904K, used 224256K [0x000000076ab00000, 0x000000077c100000, 0x00000007c0000000)
  eden space 224256K, 100% used [0x000000076ab00000,0x0000000778600000,0x0000000778600000)
  from space 27648K, 0% used [0x0000000778600000,0x0000000778600000,0x000000077a100000)
  to   space 22528K, 0% used [0x000000077a100000,0x000000077a100000,0x000000077b700000)
 ParOldGen       total 76800K, used 76709K [0x00000006c0000000, 0x00000006c4b00000, 0x000000076ab00000)
  object space 76800K, 99% used [0x00000006c0000000,0x00000006c4ae97c0,0x00000006c4b00000)
 Metaspace       used 6649K, capacity 7320K, committed 7680K, reserved 1056768K
  class space    used 630K, capacity 656K, committed 768K, reserved 1048576K
}
Event: 169.716 GC heap before
{Heap before GC invocations=654 (full 647):
 PSYoungGen      total 251904K, used 224256K [0x000000076ab00000, 0x000000077c100000, 0x00000007c0000000)
  eden space 224256K, 100% used [0x000000076ab00000,0x0000000778600000,0x0000000778600000)
  from space 27648K, 0% used [0x0000000778600000,0x0000000778600000,0x000000077a100000)
  to   space 22528K, 0% used [0x000000077a100000,0x000000077a100000,0x000000077b700000)
 ParOldGen       total 76800K, used 76711K [0x00000006c0000000, 0x00000006c4b00000, 0x000000076ab00000)
  object space 76800K, 99% used [0x00000006c0000000,0x00000006c4ae9e28,0x00000006c4b00000)
 Metaspace       used 6649K, capacity 7320K, committed 7680K, reserved 1056768K
  class space    used 630K, capacity 656K, committed 768K, reserved 1048576K

Deoptimization events (10 events):
Event: 4.688 Thread 0x00000000035ce000 Uncommon trap: reason=unstable_if action=reinterpret pc=0x000000000384e5a8 method=java.util.zip.ZipCoder.decoder()Ljava/nio/charset/CharsetDecoder; @ 4
Event: 5.711 Thread 0x00000000035ce000 Uncommon trap: reason=bimorphic action=maybe_recompile pc=0x000000000405e18c method=com.android.dx.cf.code.BytecodeArray.parseInstruction(ILcom/android/dx/cf/code/BytecodeArray$Visitor;)I @ 1417
Event: 5.711 Thread 0x00000000035ce000 Uncommon trap: reason=bimorphic action=maybe_recompile pc=0x000000000405e18c method=com.android.dx.cf.code.BytecodeArray.parseInstruction(ILcom/android/dx/cf/code/BytecodeArray$Visitor;)I @ 1417
Event: 6.182 Thread 0x000000001eedf800 Uncommon trap: reason=unstable_if action=reinterpret pc=0x0000000003ef6ff0 method=com.android.dx.ssa.SCCP.simulateBranch(Lcom/android/dx/ssa/SsaInsn;)V @ 334
Event: 6.249 Thread 0x000000001f1ef000 Uncommon trap: reason=unstable_if action=reinterpret pc=0x0000000003e2b87c method=java.util.HashMap.putVal(ILjava/lang/Object;Ljava/lang/Object;ZZ)Ljava/lang/Object; @ 109
Event: 7.446 Thread 0x000000001eedc800 Uncommon trap: reason=bimorphic action=maybe_recompile pc=0x00000000040d5250 method=com.android.dx.cf.code.BytecodeArray.parseInstruction(ILcom/android/dx/cf/code/BytecodeArray$Visitor;)I @ 1987
Event: 9.447 Thread 0x00000000035ce000 Uncommon trap: reason=unstable_if action=reinterpret pc=0x0000000003f70bf8 method=java.util.HashMap.putVal(ILjava/lang/Object;Ljava/lang/Object;ZZ)Ljava/lang/Object; @ 109
Event: 10.069 Thread 0x000000001eedf800 Uncommon trap: reason=unstable_if action=reinterpret pc=0x0000000004149498 method=com.android.dx.ssa.back.FirstFitLocalCombiningAllocator.handleCheckCastResults()V @ 302
Event: 13.187 Thread 0x000000001f1ef000 Uncommon trap: reason=bimorphic action=maybe_recompile pc=0x00000000040d5aa8 method=com.android.dx.cf.code.BytecodeArray.parseInstruction(ILcom/android/dx/cf/code/BytecodeArray$Visitor;)I @ 1099
Event: 13.187 Thread 0x000000001f1ef000 Uncommon trap: reason=bimorphic action=maybe_recompile pc=0x00000000040d5aa8 method=com.android.dx.cf.code.BytecodeArray.parseInstruction(ILcom/android/dx/cf/code/BytecodeArray$Visitor;)I @ 1099

Classes redefined (0 events):
No events

Internal exceptions (9 events):
Event: 0.025 Thread 0x00000000035ce000 Exception <a 'java/lang/NoSuchMethodError': Method sun.misc.Unsafe.defineClass(Ljava/lang/String;[BII)Ljava/lang/Class; name or signature does not match> (0x000000076ab07ca0) thrown at [C:\re\workspace\8-2-build-windows-amd64-cygwin\jdk8u161\10277\hotspot
Event: 0.025 Thread 0x00000000035ce000 Exception <a 'java/lang/NoSuchMethodError': Method sun.misc.Unsafe.prefetchRead(Ljava/lang/Object;J)V name or signature does not match> (0x000000076ab07f88) thrown at [C:\re\workspace\8-2-build-windows-amd64-cygwin\jdk8u161\10277\hotspot\src\share\vm\prim
Event: 0.263 Thread 0x00000000035ce000 Implicit null exception at 0x0000000003839938 to 0x0000000003839f41
Event: 0.540 Thread 0x000000001f053800 Implicit null exception at 0x0000000003a58ce2 to 0x0000000003a58de2
Event: 0.588 Thread 0x000000001eedf800 Implicit null exception at 0x0000000003abdeda to 0x0000000003ac0619
Event: 0.927 Thread 0x000000001f1ef000 Exception <a 'java/lang/ArrayIndexOutOfBoundsException': 18> (0x000000076d5a8928) thrown at [C:\re\workspace\8-2-build-windows-amd64-cygwin\jdk8u161\10277\hotspot\src\share\vm\interpreter\interpreterRuntime.cpp, line 366]
Event: 0.928 Thread 0x000000001f1ef000 Exception <a 'java/lang/ArrayIndexOutOfBoundsException': 145> (0x000000076d5aa4a8) thrown at [C:\re\workspace\8-2-build-windows-amd64-cygwin\jdk8u161\10277\hotspot\src\share\vm\interpreter\interpreterRuntime.cpp, line 366]
Event: 0.928 Thread 0x000000001f1ef000 Exception <a 'java/lang/ArrayIndexOutOfBoundsException'> (0x000000076d5ab790) thrown at [C:\re\workspace\8-2-build-windows-amd64-cygwin\jdk8u161\10277\hotspot\src\share\vm\runtime\sharedRuntime.cpp, line 605]
Event: 4.686 Thread 0x00000000035ce000 Implicit null exception at 0x000000000384dbf0 to 0x000000000384e561

Events (10 events):
Event: 168.551 Executing VM operation: ParallelGCFailedAllocation done
Event: 168.551 Executing VM operation: ParallelGCFailedAllocation
Event: 168.832 Executing VM operation: ParallelGCFailedAllocation done
Event: 168.832 Executing VM operation: ParallelGCFailedAllocation
Event: 169.129 Executing VM operation: ParallelGCFailedAllocation done
Event: 169.129 Executing VM operation: ParallelGCFailedAllocation
Event: 169.428 Executing VM operation: ParallelGCFailedAllocation done
Event: 169.428 Executing VM operation: ParallelGCFailedAllocation
Event: 169.716 Executing VM operation: ParallelGCFailedAllocation done
Event: 169.716 Executing VM operation: ParallelGCFailedAllocation


Dynamic libraries:
0x00007ff7389e0000 - 0x00007ff738a17000 	D:\2.develop_tools\JAVA\JDK\bin\java.exe
0x00007ffcabad0000 - 0x00007ffcabca1000 	C:\Windows\SYSTEM32\ntdll.dll
0x00007ffcaa230000 - 0x00007ffcaa2db000 	C:\Windows\System32\KERNEL32.DLL
0x00007ffca84e0000 - 0x00007ffca86fd000 	C:\Windows\System32\KERNELBASE.dll
0x00007ffca9ba0000 - 0x00007ffca9c42000 	C:\Windows\System32\ADVAPI32.dll
0x00007ffca99c0000 - 0x00007ffca9a5e000 	C:\Windows\System32\msvcrt.dll
0x00007ffca9a60000 - 0x00007ffca9ab9000 	C:\Windows\System32\sechost.dll
0x00007ffca9530000 - 0x00007ffca9651000 	C:\Windows\System32\RPCRT4.dll
0x00007ffcab960000 - 0x00007ffcabac5000 	C:\Windows\System32\USER32.dll
0x00007ffca8200000 - 0x00007ffca821e000 	C:\Windows\System32\win32u.dll
0x00007ffca9730000 - 0x00007ffca9764000 	C:\Windows\System32\GDI32.dll
0x00007ffca7fc0000 - 0x00007ffca8142000 	C:\Windows\System32\gdi32full.dll
0x00007ffc9e8a0000 - 0x00007ffc9eb1a000 	C:\Windows\WinSxS\amd64_microsoft.windows.common-controls_6595b64144ccf1df_6.0.14393.953_none_42151e83c686086b\COMCTL32.dll
0x00007ffca9160000 - 0x00007ffca9428000 	C:\Windows\System32\combase.dll
0x00007ffca8220000 - 0x00007ffca8315000 	C:\Windows\System32\ucrtbase.dll
0x00007ffca83d0000 - 0x00007ffca843a000 	C:\Windows\System32\bcryptPrimitives.dll
0x00007ffcab7f0000 - 0x00007ffcab81e000 	C:\Windows\System32\IMM32.DLL
0x0000000073590000 - 0x0000000073662000 	D:\2.develop_tools\JAVA\JDK\jre\bin\msvcr100.dll
0x0000000072cf0000 - 0x000000007358f000 	D:\2.develop_tools\JAVA\JDK\jre\bin\server\jvm.dll
0x00007ffca9c50000 - 0x00007ffca9c58000 	C:\Windows\System32\PSAPI.DLL
0x00007ffc9afd0000 - 0x00007ffc9afd9000 	C:\Windows\SYSTEM32\WSOCK32.dll
0x00007ffca51e0000 - 0x00007ffca5203000 	C:\Windows\SYSTEM32\WINMM.dll
0x00007ffca3f20000 - 0x00007ffca3f2a000 	C:\Windows\SYSTEM32\VERSION.dll
0x00007ffca9ac0000 - 0x00007ffca9b2a000 	C:\Windows\System32\WS2_32.dll
0x00007ffca5170000 - 0x00007ffca519b000 	C:\Windows\SYSTEM32\WINMMBASE.dll
0x00007ffca8de0000 - 0x00007ffca8e22000 	C:\Windows\System32\cfgmgr32.dll
0x0000000072ce0000 - 0x0000000072cef000 	D:\2.develop_tools\JAVA\JDK\jre\bin\verify.dll
0x0000000072cb0000 - 0x0000000072cd9000 	D:\2.develop_tools\JAVA\JDK\jre\bin\java.dll
0x0000000072c90000 - 0x0000000072ca6000 	D:\2.develop_tools\JAVA\JDK\jre\bin\zip.dll
0x00007ffcaa2e0000 - 0x00007ffcab7e9000 	C:\Windows\System32\SHELL32.dll
0x00007ffca8700000 - 0x00007ffca8dda000 	C:\Windows\System32\windows.storage.dll
0x00007ffca7f30000 - 0x00007ffca7f7c000 	C:\Windows\System32\powrprof.dll
0x00007ffca9100000 - 0x00007ffca9152000 	C:\Windows\System32\shlwapi.dll
0x00007ffca7fb0000 - 0x00007ffca7fbf000 	C:\Windows\System32\kernel.appcore.dll
0x00007ffca8150000 - 0x00007ffca81f9000 	C:\Windows\System32\shcore.dll
0x00007ffca7f90000 - 0x00007ffca7fa4000 	C:\Windows\System32\profapi.dll

VM Arguments:
jvm_args: -Djava.awt.headless=true -Xmx4g -Dfile.encoding=GBK -Duser.country=CN -Duser.language=zh -Duser.variant 
java_command: com.android.dx.command.Main --dex --num-threads=4 --multi-dex --main-dex-list D:\3.Code\MyAppProject\ahjl_app\appclient\app\build\intermediates\multi-dex\debug\maindexlist.txt --output D:\3.Code\MyAppProject\ahjl_app\appclient\app\build\intermediates\transforms\dex\debug\folders\1000\1f\main D:\3.Code\MyAppProject\ahjl_app\appclient\app\build\intermediates\transforms\jarMerging\debug\jars\1\1f\combined.jar
java_class_path (initial): D:\2.develop_tools\SDK\build-tools\25.0.2\lib\dx.jar
Launcher Type: SUN_STANDARD

Environment Variables:
JAVA_HOME=D:\2.develop_tools\JAVA\JDK
PATH=C:\Windows\system32;C:\Windows;C:\Windows\System32\Wbem;C:\Windows\System32\WindowsPowerShell\v1.0\;C:\Windows\system32\config\systemprofile\.dnx\bin;C:\Program Files\Microsoft DNX\Dnvm\;C:\Program Files\Microsoft SQL Server\130\Tools\Binn\;D:\2.develop_tools\JAVA\JDK\bin;D:\2.develop_tools\JAVA\JDK\jre\bin;E:\Program Files (x86)\Microsoft SQL Server\100\Tools\Binn\;E:\Program Files\Microsoft SQL Server\100\Tools\Binn\;E:\Program Files\Microsoft SQL Server\100\DTS\Binn\;E:\Program Files (x86)\Microsoft SQL Server\100\Tools\Binn\VSShell\Common7\IDE\;C:\Program Files (x86)\Microsoft Visual Studio 9.0\Common7\IDE\PrivateAssemblies\;E:\Program Files (x86)\Microsoft SQL Server\100\DTS\Binn\;C:\Users\Administrator\AppData\Local\Microsoft\WindowsApps;
USERNAME=Administrator
OS=Windows_NT
PROCESSOR_IDENTIFIER=AMD64 Family 23 Model 17 Stepping 0, AuthenticAMD



---------------  S Y S T E M  ---------------

OS: Windows 10.0 , 64 bit Build 14393 (10.0.14393.0)

CPU:total 4 (initial active 4) (4 cores per cpu, 1 threads per core) family 23 model 17 stepping 0, cmov, cx8, fxsr, mmx, sse, sse2, sse3, ssse3, sse4.1, sse4.2, popcnt, avx, avx2, aes, clmul, mmxext, 3dnowpref, lzcnt, sse4a, tsc, tscinvbit, tscinv, bmi1

Memory: 4k page, physical 7287484k(1815276k free), swap 8860348k(4144k free)

vm_info: Java HotSpot(TM) 64-Bit Server VM (25.161-b12) for windows-amd64 JRE (1.8.0_161-b12), built on Dec 19 2017 17:52:25 by "java_re" with MS VC++ 10.0 (VS2010)

time: Thu Mar 22 14:11:15 2018
elapsed time: 169 seconds (0d 0h 2m 49s)

