#
# There is insufficient memory for the Java Runtime Environment to continue.
# Native memory allocation (malloc) failed to allocate 895216 bytes for Chunk::new
# Possible reasons:
#   The system is out of physical RAM or swap space
#   In 32 bit mode, the process size limit was hit
# Possible solutions:
#   Reduce memory load on the system
#   Increase physical memory or swap space
#   Check if swap backing store is full
#   Use 64 bit Java on a 64 bit OS
#   Decrease Java heap size (-Xmx/-Xms)
#   Decrease number of Java threads
#   Decrease Java thread stack sizes (-Xss)
#   Set larger code cache with -XX:ReservedCodeCacheSize=
# This output file may be truncated or incomplete.
#
#  Out of Memory Error (allocation.cpp:390), pid=7164, tid=0x000000000000232c
#
# JRE version: Java(TM) SE Runtime Environment (8.0_161-b12) (build 1.8.0_161-b12)
# Java VM: Java HotSpot(TM) 64-Bit Server VM (25.161-b12 mixed mode windows-amd64 compressed oops)
# Failed to write core dump. Minidumps are not enabled by default on client versions of Windows
#

---------------  T H R E A D  ---------------

Current thread (0x000000001c8ea000):  JavaThread "C2 CompilerThread0" daemon [_thread_in_native, id=9004, stack(0x000000001e250000,0x000000001e350000)]

Stack: [0x000000001e250000,0x000000001e350000]
[error occurred during error reporting (printing stack bounds), id 0xc0000005]

Native frames: (J=compiled Java code, j=interpreted, Vv=VM code, C=native code)


Current CompileTask:
C2:  13058 2604       4       com.android.dx.cf.direct.StdAttributeFactory::parse0 (532 bytes)


---------------  P R O C E S S  ---------------

Java Threads: ( => current thread )
  0x000000001ea4f000 JavaThread "pool-2-thread-4" [_thread_in_Java, id=672, stack(0x0000000020320000,0x0000000020420000)]
  0x000000001ea50000 JavaThread "pool-2-thread-3" [_thread_in_vm, id=4688, stack(0x0000000020220000,0x0000000020320000)]
  0x000000001e830800 JavaThread "pool-2-thread-2" [_thread_in_Java, id=7304, stack(0x0000000020120000,0x0000000020220000)]
  0x000000001e7a3000 JavaThread "pool-3-thread-1" [_thread_blocked, id=8180, stack(0x0000000020020000,0x0000000020120000)]
  0x000000001ef60800 JavaThread "pool-2-thread-1" [_thread_in_vm, id=2452, stack(0x000000001ff20000,0x0000000020020000)]
  0x000000001dce4000 JavaThread "Service Thread" daemon [_thread_blocked, id=2956, stack(0x000000001e550000,0x000000001e650000)]
  0x000000001dc62800 JavaThread "C1 CompilerThread2" daemon [_thread_blocked, id=10308, stack(0x000000001e450000,0x000000001e550000)]
  0x000000001c8ed000 JavaThread "C2 CompilerThread1" daemon [_thread_in_native, id=1876, stack(0x000000001e350000,0x000000001e450000)]
=>0x000000001c8ea000 JavaThread "C2 CompilerThread0" daemon [_thread_in_native, id=9004, stack(0x000000001e250000,0x000000001e350000)]
  0x000000001c89e000 JavaThread "Attach Listener" daemon [_thread_blocked, id=7068, stack(0x000000001e150000,0x000000001e250000)]
  0x000000001dc58800 JavaThread "Signal Dispatcher" daemon [_thread_blocked, id=8764, stack(0x000000001e050000,0x000000001e150000)]
  0x000000000316d000 JavaThread "Finalizer" daemon [_thread_blocked, id=2084, stack(0x000000001daf0000,0x000000001dbf0000)]
  0x0000000003162000 JavaThread "Reference Handler" daemon [_thread_blocked, id=8988, stack(0x000000001d9f0000,0x000000001daf0000)]
  0x0000000003072800 JavaThread "main" [_thread_in_native, id=8976, stack(0x0000000001480000,0x0000000001580000)]

Other Threads:
  0x000000001c857000 VMThread [stack: 0x000000001d8f0000,0x000000001d9f0000] [id=4024]
  0x000000001dd01000 WatcherThread [stack: 0x000000001e650000,0x000000001e750000] [id=8992]

VM state:not at safepoint (normal execution)

VM Mutex/Monitor currently owned by a thread: None

Heap:
 PSYoungGen      total 727552K, used 436769K [0x000000076ab00000, 0x00000007a1780000, 0x00000007c0000000)
  eden space 557568K, 47% used [0x000000076ab00000,0x000000077af8fc30,0x000000078cb80000)
  from space 169984K, 99% used [0x000000078cb80000,0x0000000797178b20,0x0000000797180000)
  to   space 153600K, 0% used [0x0000000797400000,0x0000000797400000,0x00000007a0a00000)
 ParOldGen       total 515072K, used 372688K [0x00000006c0000000, 0x00000006df700000, 0x000000076ab00000)
  object space 515072K, 72% used [0x00000006c0000000,0x00000006d6bf40e8,0x00000006df700000)
 Metaspace       used 6845K, capacity 7320K, committed 7680K, reserved 1056768K
  class space    used 647K, capacity 656K, committed 768K, reserved 1048576K

Card table byte_map: [0x0000000012530000,0x0000000012d40000] byte_map_base: 0x000000000ef30000

Marking Bits: (ParMarkBitMap*) 0x000000007484f860
 Begin Bits: [0x00000000136a0000, 0x00000000176a0000)
 End Bits:   [0x00000000176a0000, 0x000000001b6a0000)

Polling page: 0x0000000000f40000

CodeCache: size=245760Kb used=11851Kb max_used=14296Kb free=233908Kb
 bounds [0x0000000003170000, 0x0000000003f90000, 0x0000000012170000]
 total_blobs=2576 nmethods=2304 adapters=185
 compilation: enabled

Compilation events (10 events):
Event: 12.995 Thread 0x000000001dc62800 2766       3       com.android.dx.dex.cf.AttributeTranslator::translateInnerClasses (356 bytes)
Event: 12.998 Thread 0x000000001dc62800 nmethod 2766 0x000000000351c4d0 code [0x000000000351cb00, 0x0000000003520fb8]
Event: 13.019 Thread 0x000000001c8ed000 nmethod 2749% 0x00000000034d10d0 code [0x00000000034d13a0, 0x00000000034d3498]
Event: 13.019 Thread 0x000000001c8ed000 2767       4       java.util.HashMap$HashIterator::nextNode (100 bytes)
Event: 13.021 Thread 0x000000001c8ed000 nmethod 2767 0x00000000032f9ad0 code [0x00000000032f9c20, 0x00000000032f9e78]
Event: 13.021 Thread 0x000000001c8ed000 2753 %     4       com.android.dx.cf.cst.ConstantPoolParser::parse @ 96 (365 bytes)
Event: 13.024 Thread 0x000000001c8ed000 nmethod 2753% 0x0000000003428a50 code [0x0000000003428ba0, 0x0000000003428da8]
Event: 13.024 Thread 0x000000001c8ed000 2754 % !   4       com.android.dx.cf.cst.ConstantPoolParser::determineOffsets @ 5 (285 bytes)
Event: 13.029 Thread 0x000000001c8ed000 nmethod 2754% 0x0000000003481f90 code [0x0000000003482260, 0x0000000003482778]
Event: 13.029 Thread 0x000000001c8ed000 2768       4       com.android.dx.dex.cf.CfTranslator::translate0 (259 bytes)

GC Heap History (10 events):
Event: 7.411 GC heap before
{Heap before GC invocations=14 (full 2):
 PSYoungGen      total 499712K, used 499710K [0x000000076ab00000, 0x0000000797a00000, 0x00000007c0000000)
  eden space 402944K, 100% used [0x000000076ab00000,0x0000000783480000,0x0000000783480000)
  from space 96768K, 99% used [0x0000000783480000,0x00000007892ff950,0x0000000789300000)
  to   space 120832K, 0% used [0x0000000790400000,0x0000000790400000,0x0000000797a00000)
 ParOldGen       total 259072K, used 167559K [0x00000006c0000000, 0x00000006cfd00000, 0x000000076ab00000)
  object space 259072K, 64% used [0x00000006c0000000,0x00000006ca3a1e58,0x00000006cfd00000)
 Metaspace       used 6829K, capacity 7320K, committed 7680K, reserved 1056768K
  class space    used 645K, capacity 656K, committed 768K, reserved 1048576K
Event: 7.581 GC heap after
Heap after GC invocations=14 (full 2):
 PSYoungGen      total 578560K, used 120809K [0x000000076ab00000, 0x000000079c900000, 0x00000007c0000000)
  eden space 457728K, 0% used [0x000000076ab00000,0x000000076ab00000,0x0000000786a00000)
  from space 120832K, 99% used [0x0000000790400000,0x00000007979fa470,0x0000000797a00000)
  to   space 157696K, 0% used [0x0000000786a00000,0x0000000786a00000,0x0000000790400000)
 ParOldGen       total 259072K, used 210505K [0x00000006c0000000, 0x00000006cfd00000, 0x000000076ab00000)
  object space 259072K, 81% used [0x00000006c0000000,0x00000006ccd926a8,0x00000006cfd00000)
 Metaspace       used 6829K, capacity 7320K, committed 7680K, reserved 1056768K
  class space    used 645K, capacity 656K, committed 768K, reserved 1048576K
}
Event: 8.450 GC heap before
{Heap before GC invocations=15 (full 2):
 PSYoungGen      total 578560K, used 578537K [0x000000076ab00000, 0x000000079c900000, 0x00000007c0000000)
  eden space 457728K, 100% used [0x000000076ab00000,0x0000000786a00000,0x0000000786a00000)
  from space 120832K, 99% used [0x0000000790400000,0x00000007979fa470,0x0000000797a00000)
  to   space 157696K, 0% used [0x0000000786a00000,0x0000000786a00000,0x0000000790400000)
 ParOldGen       total 259072K, used 210505K [0x00000006c0000000, 0x00000006cfd00000, 0x000000076ab00000)
  object space 259072K, 81% used [0x00000006c0000000,0x00000006ccd926a8,0x00000006cfd00000)
 Metaspace       used 6837K, capacity 7320K, committed 7680K, reserved 1056768K
  class space    used 645K, capacity 656K, committed 768K, reserved 1048576K
Event: 8.628 GC heap after
Heap after GC invocations=15 (full 2):
 PSYoungGen      total 615424K, used 70673K [0x000000076ab00000, 0x00000007a0a00000, 0x00000007c0000000)
  eden space 457728K, 0% used [0x000000076ab00000,0x000000076ab00000,0x0000000786a00000)
  from space 157696K, 44% used [0x0000000786a00000,0x000000078af047d0,0x0000000790400000)
  to   space 153600K, 0% used [0x0000000797400000,0x0000000797400000,0x00000007a0a00000)
 ParOldGen       total 332800K, used 331952K [0x00000006c0000000, 0x00000006d4500000, 0x000000076ab00000)
  object space 332800K, 99% used [0x00000006c0000000,0x00000006d442c208,0x00000006d4500000)
 Metaspace       used 6837K, capacity 7320K, committed 7680K, reserved 1056768K
  class space    used 645K, capacity 656K, committed 768K, reserved 1048576K
}
Event: 8.628 GC heap before
{Heap before GC invocations=16 (full 3):
 PSYoungGen      total 615424K, used 70673K [0x000000076ab00000, 0x00000007a0a00000, 0x00000007c0000000)
  eden space 457728K, 0% used [0x000000076ab00000,0x000000076ab00000,0x0000000786a00000)
  from space 157696K, 44% used [0x0000000786a00000,0x000000078af047d0,0x0000000790400000)
  to   space 153600K, 0% used [0x0000000797400000,0x0000000797400000,0x00000007a0a00000)
 ParOldGen       total 332800K, used 331952K [0x00000006c0000000, 0x00000006d4500000, 0x000000076ab00000)
  object space 332800K, 99% used [0x00000006c0000000,0x00000006d442c208,0x00000006d4500000)
 Metaspace       used 6837K, capacity 7320K, committed 7680K, reserved 1056768K
  class space    used 645K, capacity 656K, committed 768K, reserved 1048576K
Event: 9.739 GC heap after
Heap after GC invocations=16 (full 3):
 PSYoungGen      total 615424K, used 59486K [0x000000076ab00000, 0x00000007a0a00000, 0x00000007c0000000)
  eden space 457728K, 0% used [0x000000076ab00000,0x000000076ab00000,0x0000000786a00000)
  from space 157696K, 37% used [0x0000000786a00000,0x000000078a417a68,0x0000000790400000)
  to   space 153600K, 0% used [0x0000000797400000,0x0000000797400000,0x00000007a0a00000)
 ParOldGen       total 515072K, used 332427K [0x00000006c0000000, 0x00000006df700000, 0x000000076ab00000)
  object space 515072K, 64% used [0x00000006c0000000,0x00000006d44a2fc0,0x00000006df700000)
 Metaspace       used 6837K, capacity 7320K, committed 7680K, reserved 1056768K
  class space    used 645K, capacity 656K, committed 768K, reserved 1048576K
}
Event: 10.892 GC heap before
{Heap before GC invocations=17 (full 3):
 PSYoungGen      total 615424K, used 517214K [0x000000076ab00000, 0x00000007a0a00000, 0x00000007c0000000)
  eden space 457728K, 100% used [0x000000076ab00000,0x0000000786a00000,0x0000000786a00000)
  from space 157696K, 37% used [0x0000000786a00000,0x000000078a417a68,0x0000000790400000)
  to   space 153600K, 0% used [0x0000000797400000,0x0000000797400000,0x00000007a0a00000)
 ParOldGen       total 515072K, used 334059K [0x00000006c0000000, 0x00000006df700000, 0x000000076ab00000)
  object space 515072K, 64% used [0x00000006c0000000,0x00000006d463ac18,0x00000006df700000)
 Metaspace       used 6841K, capacity 7320K, committed 7680K, reserved 1056768K
  class space    used 646K, capacity 656K, committed 768K, reserved 1048576K
Event: 11.053 GC heap after
Heap after GC invocations=17 (full 3):
 PSYoungGen      total 711168K, used 127257K [0x000000076ab00000, 0x00000007a1780000, 0x00000007c0000000)
  eden space 557568K, 0% used [0x000000076ab00000,0x000000076ab00000,0x000000078cb80000)
  from space 153600K, 82% used [0x0000000797400000,0x000000079f046638,0x00000007a0a00000)
  to   space 169984K, 0% used [0x000000078cb80000,0x000000078cb80000,0x0000000797180000)
 ParOldGen       total 515072K, used 334059K [0x00000006c0000000, 0x00000006df700000, 0x000000076ab00000)
  object space 515072K, 64% used [0x00000006c0000000,0x00000006d463ac18,0x00000006df700000)
 Metaspace       used 6841K, capacity 7320K, committed 7680K, reserved 1056768K
  class space    used 646K, capacity 656K, committed 768K, reserved 1048576K
}
Event: 12.411 GC heap before
{Heap before GC invocations=18 (full 3):
 PSYoungGen      total 711168K, used 684825K [0x000000076ab00000, 0x00000007a1780000, 0x00000007c0000000)
  eden space 557568K, 100% used [0x000000076ab00000,0x000000078cb80000,0x000000078cb80000)
  from space 153600K, 82% used [0x0000000797400000,0x000000079f046638,0x00000007a0a00000)
  to   space 169984K, 0% used [0x000000078cb80000,0x000000078cb80000,0x0000000797180000)
 ParOldGen       total 515072K, used 334060K [0x00000006c0000000, 0x00000006df700000, 0x000000076ab00000)
  object space 515072K, 64% used [0x00000006c0000000,0x00000006d463b2e0,0x00000006df700000)
 Metaspace       used 6844K, capacity 7320K, committed 7680K, reserved 1056768K
  class space    used 646K, capacity 656K, committed 768K, reserved 1048576K
Event: 12.577 GC heap after
Heap after GC invocations=18 (full 3):
 PSYoungGen      total 727552K, used 169954K [0x000000076ab00000, 0x00000007a1780000, 0x00000007c0000000)
  eden space 557568K, 0% used [0x000000076ab00000,0x000000076ab00000,0x000000078cb80000)
  from space 169984K, 99% used [0x000000078cb80000,0x0000000797178b20,0x0000000797180000)
  to   space 153600K, 0% used [0x0000000797400000,0x0000000797400000,0x00000007a0a00000)
 ParOldGen       total 515072K, used 372688K [0x00000006c0000000, 0x00000006df700000, 0x000000076ab00000)
  object space 515072K, 72% used [0x00000006c0000000,0x00000006d6bf40e8,0x00000006df700000)
 Metaspace       used 6844K, capacity 7320K, committed 7680K, reserved 1056768K
  class space    used 646K, capacity 656K, committed 768K, reserved 1048576K
}

Deoptimization events (10 events):
Event: 10.047 Thread 0x000000001ea50000 Uncommon trap: reason=bimorphic action=maybe_recompile pc=0x00000000039263f0 method=com.android.dx.ssa.LiteralOpUpgrader.tryReplacingWithConstant(Lcom/android/dx/ssa/NormalSsaInsn;)Z @ 62
Event: 10.135 Thread 0x000000001ea50000 Uncommon trap: reason=null_check action=make_not_entrant pc=0x0000000003dc8e24 method=com.android.dx.cf.code.Ropper$CatchInfo.getSetup(Lcom/android/dx/rop/type/Type;)Lcom/android/dx/cf/code/Ropper$ExceptionHandlerSetup; @ 10
Event: 10.497 Thread 0x000000001ef60800 Uncommon trap: reason=class_check action=maybe_recompile pc=0x0000000003d125a0 method=com.android.dx.ssa.SCCP.replaceConstants()V @ 182
Event: 10.537 Thread 0x0000000003072800 Uncommon trap: reason=bimorphic action=maybe_recompile pc=0x0000000003d96ce8 method=com.android.dx.cf.code.BytecodeArray.parseInstruction(ILcom/android/dx/cf/code/BytecodeArray$Visitor;)I @ 891
Event: 10.537 Thread 0x0000000003072800 Uncommon trap: reason=bimorphic action=maybe_recompile pc=0x0000000003d96ce8 method=com.android.dx.cf.code.BytecodeArray.parseInstruction(ILcom/android/dx/cf/code/BytecodeArray$Visitor;)I @ 891
Event: 11.547 Thread 0x000000001e830800 Uncommon trap: reason=bimorphic action=maybe_recompile pc=0x0000000003e5ee10 method=com.android.dx.cf.code.BytecodeArray.parseInstruction(ILcom/android/dx/cf/code/BytecodeArray$Visitor;)I @ 1067
Event: 11.547 Thread 0x000000001e830800 Uncommon trap: reason=bimorphic action=maybe_recompile pc=0x0000000003e5ee10 method=com.android.dx.cf.code.BytecodeArray.parseInstruction(ILcom/android/dx/cf/code/BytecodeArray$Visitor;)I @ 1067
Event: 11.716 Thread 0x000000001ea4f000 Uncommon trap: reason=unstable_if action=reinterpret pc=0x00000000038b46e8 method=java.util.HashMap.putVal(ILjava/lang/Object;Ljava/lang/Object;ZZ)Ljava/lang/Object; @ 109
Event: 11.762 Thread 0x0000000003072800 Uncommon trap: reason=unstable_if action=reinterpret pc=0x0000000003d1cce0 method=java.lang.Integer.valueOf(I)Ljava/lang/Integer; @ 10
Event: 11.958 Thread 0x0000000003072800 Uncommon trap: reason=bimorphic action=maybe_recompile pc=0x000000000391e448 method=com.android.dx.ssa.LiteralOpUpgrader.tryReplacingWithConstant(Lcom/android/dx/ssa/NormalSsaInsn;)Z @ 62

Classes redefined (0 events):
No events

Internal exceptions (10 events):
Event: 0.024 Thread 0x0000000003072800 Exception <a 'java/lang/NoSuchMethodError': Method sun.misc.Unsafe.prefetchRead(Ljava/lang/Object;J)V name or signature does not match> (0x000000076ab07f88) thrown at [C:\re\workspace\8-2-build-windows-amd64-cygwin\jdk8u161\10277\hotspot\src\share\vm\prim
Event: 0.585 Thread 0x000000001ef60800 Implicit null exception at 0x0000000003503ca2 to 0x0000000003503da2
Event: 0.588 Thread 0x000000001ea50000 Implicit null exception at 0x000000000351aca7 to 0x000000000351d3ad
Event: 0.953 Thread 0x000000001ea4f000 Exception <a 'java/lang/ArrayIndexOutOfBoundsException': 18> (0x000000076dad60c0) thrown at [C:\re\workspace\8-2-build-windows-amd64-cygwin\jdk8u161\10277\hotspot\src\share\vm\interpreter\interpreterRuntime.cpp, line 366]
Event: 0.954 Thread 0x000000001ea4f000 Exception <a 'java/lang/ArrayIndexOutOfBoundsException': 145> (0x000000076dad7c40) thrown at [C:\re\workspace\8-2-build-windows-amd64-cygwin\jdk8u161\10277\hotspot\src\share\vm\interpreter\interpreterRuntime.cpp, line 366]
Event: 0.954 Thread 0x000000001ea4f000 Exception <a 'java/lang/ArrayIndexOutOfBoundsException'> (0x000000076dad8f28) thrown at [C:\re\workspace\8-2-build-windows-amd64-cygwin\jdk8u161\10277\hotspot\src\share\vm\runtime\sharedRuntime.cpp, line 605]
Event: 1.950 Thread 0x000000001e830800 Implicit null exception at 0x00000000036a8fcd to 0x00000000036a91a9
Event: 4.250 Thread 0x0000000003072800 Implicit null exception at 0x00000000032f3b18 to 0x00000000032f446d
Event: 7.676 Thread 0x000000001ea4f000 Implicit null exception at 0x0000000003d04511 to 0x0000000003d06798
Event: 10.135 Thread 0x000000001ea50000 Implicit null exception at 0x0000000003dc3848 to 0x0000000003dc8e05

Events (10 events):
Event: 12.788 Thread 0x000000001c8ea000 flushing nmethod 0x0000000003b29910
Event: 12.788 Thread 0x000000001c8ea000 flushing nmethod 0x0000000003ba76d0
Event: 12.801 Thread 0x000000001e830800 DEOPT PACKING pc=0x00000000038c5d8f sp=0x000000002021ef10
Event: 12.801 Thread 0x000000001e830800 DEOPT UNPACKING pc=0x00000000031b7490 sp=0x000000002021ed50 mode 0
Event: 13.024 Thread 0x000000001e830800 DEOPT PACKING pc=0x000000000397e7a4 sp=0x000000002021f200
Event: 13.024 Thread 0x000000001e830800 DEOPT UNPACKING pc=0x00000000031b7490 sp=0x000000002021efe0 mode 0
Event: 13.049 Thread 0x0000000003072800 DEOPT PACKING pc=0x0000000003959a93 sp=0x000000000157e710
Event: 13.049 Thread 0x0000000003072800 DEOPT UNPACKING pc=0x00000000031b7490 sp=0x000000000157e520 mode 0
Event: 13.051 Thread 0x0000000003072800 DEOPT PACKING pc=0x000000000395ded4 sp=0x000000000157e610
Event: 13.051 Thread 0x0000000003072800 DEOPT UNPACKING pc=0x00000000031b7490 sp=0x000000000157e3d0 mode 0


Dynamic libraries:
0x00007ff6b5040000 - 0x00007ff6b5077000 	D:\2.develop_tools\JAVA\JDK\bin\java.exe
0x00007ffa766a0000 - 0x00007ffa76871000 	C:\Windows\SYSTEM32\ntdll.dll
0x00007ffa740a0000 - 0x00007ffa7414b000 	C:\Windows\System32\KERNEL32.DLL
0x00007ffa73590000 - 0x00007ffa737ad000 	C:\Windows\System32\KERNELBASE.dll
0x00007ffa74150000 - 0x00007ffa741f2000 	C:\Windows\System32\ADVAPI32.dll
0x00007ffa745d0000 - 0x00007ffa7466e000 	C:\Windows\System32\msvcrt.dll
0x00007ffa748f0000 - 0x00007ffa74949000 	C:\Windows\System32\sechost.dll
0x00007ffa76570000 - 0x00007ffa76691000 	C:\Windows\System32\RPCRT4.dll
0x00007ffa74bb0000 - 0x00007ffa74d15000 	C:\Windows\System32\USER32.dll
0x00007ffa73b50000 - 0x00007ffa73b6e000 	C:\Windows\System32\win32u.dll
0x00007ffa746d0000 - 0x00007ffa74704000 	C:\Windows\System32\GDI32.dll
0x00007ffa739c0000 - 0x00007ffa73b42000 	C:\Windows\System32\gdi32full.dll
0x00007ffa67840000 - 0x00007ffa67aba000 	C:\Windows\WinSxS\amd64_microsoft.windows.common-controls_6595b64144ccf1df_6.0.14393.953_none_42151e83c686086b\COMCTL32.dll
0x00007ffa762a0000 - 0x00007ffa76568000 	C:\Windows\System32\combase.dll
0x00007ffa738c0000 - 0x00007ffa739b5000 	C:\Windows\System32\ucrtbase.dll
0x00007ffa73bc0000 - 0x00007ffa73c2a000 	C:\Windows\System32\bcryptPrimitives.dll
0x00007ffa74070000 - 0x00007ffa7409e000 	C:\Windows\System32\IMM32.DLL
0x00000000748d0000 - 0x00000000749a2000 	D:\2.develop_tools\JAVA\JDK\jre\bin\msvcr100.dll
0x0000000074030000 - 0x00000000748cf000 	D:\2.develop_tools\JAVA\JDK\jre\bin\server\jvm.dll
0x00007ffa74060000 - 0x00007ffa74068000 	C:\Windows\System32\PSAPI.DLL
0x00007ffa6e480000 - 0x00007ffa6e48a000 	C:\Windows\SYSTEM32\VERSION.dll
0x00007ffa70fb0000 - 0x00007ffa70fd3000 	C:\Windows\SYSTEM32\WINMM.dll
0x00007ffa655c0000 - 0x00007ffa655c9000 	C:\Windows\SYSTEM32\WSOCK32.dll
0x00007ffa76230000 - 0x00007ffa7629a000 	C:\Windows\System32\WS2_32.dll
0x00007ffa70f50000 - 0x00007ffa70f7b000 	C:\Windows\SYSTEM32\WINMMBASE.dll
0x00007ffa73b70000 - 0x00007ffa73bb2000 	C:\Windows\System32\cfgmgr32.dll
0x0000000074020000 - 0x000000007402f000 	D:\2.develop_tools\JAVA\JDK\jre\bin\verify.dll
0x0000000073ff0000 - 0x0000000074019000 	D:\2.develop_tools\JAVA\JDK\jre\bin\java.dll
0x0000000073fd0000 - 0x0000000073fe6000 	D:\2.develop_tools\JAVA\JDK\jre\bin\zip.dll
0x00007ffa74d20000 - 0x00007ffa76229000 	C:\Windows\System32\SHELL32.dll
0x00007ffa72e10000 - 0x00007ffa734ea000 	C:\Windows\System32\windows.storage.dll
0x00007ffa72b40000 - 0x00007ffa72b8c000 	C:\Windows\System32\powrprof.dll
0x00007ffa74670000 - 0x00007ffa746c2000 	C:\Windows\System32\shlwapi.dll
0x00007ffa72b30000 - 0x00007ffa72b3f000 	C:\Windows\System32\kernel.appcore.dll
0x00007ffa73810000 - 0x00007ffa738b9000 	C:\Windows\System32\shcore.dll
0x00007ffa72b10000 - 0x00007ffa72b24000 	C:\Windows\System32\profapi.dll

VM Arguments:
jvm_args: -Djava.awt.headless=true -Xmx4g -Dfile.encoding=GBK -Duser.country=CN -Duser.language=zh -Duser.variant 
java_command: com.android.dx.command.Main --dex --num-threads=4 --multi-dex --main-dex-list D:\3.Code\MyAppProject\ahjl_app\appclient\app\build\intermediates\multi-dex\debug\maindexlist.txt --output D:\3.Code\MyAppProject\ahjl_app\appclient\app\build\intermediates\transforms\dex\debug\folders\1000\1f\main D:\3.Code\MyAppProject\ahjl_app\appclient\app\build\intermediates\transforms\jarMerging\debug\jars\1\1f\combined.jar
java_class_path (initial): D:\2.develop_tools\SDK\build-tools\25.0.2\lib\dx.jar
Launcher Type: SUN_STANDARD

Environment Variables:
JAVA_HOME=D:\2.develop_tools\JAVA\JDK
PATH=C:\Windows\system32;C:\Windows;C:\Windows\System32\Wbem;C:\Windows\System32\WindowsPowerShell\v1.0\;C:\Windows\system32\config\systemprofile\.dnx\bin;C:\Program Files\Microsoft DNX\Dnvm\;C:\Program Files\Microsoft SQL Server\130\Tools\Binn\;D:\2.develop_tools\JAVA\JDK\bin;D:\2.develop_tools\JAVA\JDK\jre\bin;E:\Program Files (x86)\Microsoft SQL Server\100\Tools\Binn\;E:\Program Files\Microsoft SQL Server\100\Tools\Binn\;E:\Program Files\Microsoft SQL Server\100\DTS\Binn\;E:\Program Files (x86)\Microsoft SQL Server\100\Tools\Binn\VSShell\Common7\IDE\;C:\Program Files (x86)\Microsoft Visual Studio 9.0\Common7\IDE\PrivateAssemblies\;E:\Program Files (x86)\Microsoft SQL Server\100\DTS\Binn\;C:\Program Files\TortoiseSVN\bin;C:\Users\Administrator\AppData\Local\Microsoft\WindowsApps;
USERNAME=Administrator
OS=Windows_NT
PROCESSOR_IDENTIFIER=AMD64 Family 23 Model 17 Stepping 0, AuthenticAMD



---------------  S Y S T E M  ---------------

OS: Windows 10.0 , 64 bit Build 14393 (10.0.14393.0)

CPU:total 4 (initial active 4) (4 cores per cpu, 1 threads per core) family 23 model 17 stepping 0, cmov, cx8, fxsr, mmx, sse, sse2, sse3, ssse3, sse4.1, sse4.2, popcnt, avx, avx2, aes, clmul, mmxext, 3dnowpref, lzcnt, sse4a, tsc, tscinvbit, tscinv, bmi1

Memory: 4k page, physical 7287484k(1362072k free), swap 8860348k(5640k free)

vm_info: Java HotSpot(TM) 64-Bit Server VM (25.161-b12) for windows-amd64 JRE (1.8.0_161-b12), built on Dec 19 2017 17:52:25 by "java_re" with MS VC++ 10.0 (VS2010)

time: Sat Apr 28 09:42:12 2018
elapsed time: 13 seconds (0d 0h 0m 13s)

