#
# There is insufficient memory for the Java Runtime Environment to continue.
# Native memory allocation (malloc) failed to allocate 65552 bytes for Chunk::new
# Possible reasons:
#   The system is out of physical RAM or swap space
#   In 32 bit mode, the process size limit was hit
# Possible solutions:
#   Reduce memory load on the system
#   Increase physical memory or swap space
#   Check if swap backing store is full
#   Use 64 bit Java on a 64 bit OS
#   Decrease Java heap size (-Xmx/-Xms)
#   Decrease number of Java threads
#   Decrease Java thread stack sizes (-Xss)
#   Set larger code cache with -XX:ReservedCodeCacheSize=
# This output file may be truncated or incomplete.
#
#  Out of Memory Error (allocation.cpp:390), pid=11768, tid=0x0000000000001df4
#
# JRE version: Java(TM) SE Runtime Environment (8.0_161-b12) (build 1.8.0_161-b12)
# Java VM: Java HotSpot(TM) 64-Bit Server VM (25.161-b12 mixed mode windows-amd64 compressed oops)
# Failed to write core dump. Minidumps are not enabled by default on client versions of Windows
#

---------------  T H R E A D  ---------------

Current thread (0x000000001cd3a000):  JavaThread "C2 CompilerThread0" daemon [_thread_in_native, id=7668, stack(0x000000001e630000,0x000000001e730000)]

Stack: [0x000000001e630000,0x000000001e730000]
[error occurred during error reporting (printing stack bounds), id 0xc0000005]

Native frames: (J=compiled Java code, j=interpreted, Vv=VM code, C=native code)


Current CompileTask:
C2:   2635 2219   !   4       com.android.dx.cf.code.BytecodeArray::parseInstruction (2764 bytes)


---------------  P R O C E S S  ---------------

Java Threads: ( => current thread )
  0x000000001ebaf800 JavaThread "pool-2-thread-4" [_thread_blocked, id=11448, stack(0x0000000020700000,0x0000000020800000)]
  0x000000001ebae800 JavaThread "pool-2-thread-3" [_thread_in_Java, id=9608, stack(0x0000000020600000,0x0000000020700000)]
  0x000000001ee74000 JavaThread "pool-2-thread-2" [_thread_in_Java, id=8404, stack(0x0000000020500000,0x0000000020600000)]
  0x000000001f35d800 JavaThread "pool-3-thread-1" [_thread_blocked, id=12112, stack(0x0000000020400000,0x0000000020500000)]
  0x000000001f0d0800 JavaThread "pool-2-thread-1" [_thread_in_Java, id=11040, stack(0x0000000020300000,0x0000000020400000)]
  0x000000001e06f800 JavaThread "Service Thread" daemon [_thread_blocked, id=9092, stack(0x000000001e930000,0x000000001ea30000)]
  0x000000001e047000 JavaThread "C1 CompilerThread2" daemon [_thread_blocked, id=5372, stack(0x000000001e830000,0x000000001e930000)]
  0x000000001e041000 JavaThread "C2 CompilerThread1" daemon [_thread_in_native, id=212, stack(0x000000001e730000,0x000000001e830000)]
=>0x000000001cd3a000 JavaThread "C2 CompilerThread0" daemon [_thread_in_native, id=7668, stack(0x000000001e630000,0x000000001e730000)]
  0x000000001ccee000 JavaThread "Attach Listener" daemon [_thread_blocked, id=3096, stack(0x000000001e530000,0x000000001e630000)]
  0x000000001e038800 JavaThread "Signal Dispatcher" daemon [_thread_blocked, id=10928, stack(0x000000001e430000,0x000000001e530000)]
  0x000000000360d800 JavaThread "Finalizer" daemon [_thread_blocked, id=9596, stack(0x000000001df30000,0x000000001e030000)]
  0x0000000003602000 JavaThread "Reference Handler" daemon [_thread_blocked, id=4112, stack(0x000000001de30000,0x000000001df30000)]
  0x0000000003512800 JavaThread "main" [_thread_in_Java, id=5732, stack(0x0000000003410000,0x0000000003510000)]

Other Threads:
  0x000000001cca7000 VMThread [stack: 0x000000001dd30000,0x000000001de30000] [id=11512]
  0x000000001e071800 WatcherThread [stack: 0x000000001ea30000,0x000000001eb30000] [id=12008]

VM state:not at safepoint (normal execution)

VM Mutex/Monitor currently owned by a thread: None

Heap:
 PSYoungGen      total 251392K, used 108698K [0x000000076ab00000, 0x000000078be00000, 0x00000007c0000000)
  eden space 224256K, 46% used [0x000000076ab00000,0x00000007711b0708,0x0000000778600000)
  from space 27136K, 13% used [0x0000000778600000,0x0000000778976210,0x000000077a080000)
  to   space 47616K, 0% used [0x0000000788f80000,0x0000000788f80000,0x000000078be00000)
 ParOldGen       total 76800K, used 76740K [0x00000006c0000000, 0x00000006c4b00000, 0x000000076ab00000)
  object space 76800K, 99% used [0x00000006c0000000,0x00000006c4af13f0,0x00000006c4b00000)
 Metaspace       used 6786K, capacity 7320K, committed 7680K, reserved 1056768K
  class space    used 644K, capacity 656K, committed 768K, reserved 1048576K

Card table byte_map: [0x00000000129d0000,0x00000000131e0000] byte_map_base: 0x000000000f3d0000

Marking Bits: (ParMarkBitMap*) 0x0000000069e0f860
 Begin Bits: [0x0000000013b40000, 0x0000000017b40000)
 End Bits:   [0x0000000017b40000, 0x000000001bb40000)

Polling page: 0x0000000001790000

CodeCache: size=245760Kb used=8497Kb max_used=8497Kb free=237262Kb
 bounds [0x0000000003610000, 0x0000000003e70000, 0x0000000012610000]
 total_blobs=2420 nmethods=2148 adapters=185
 compilation: enabled

Compilation events (10 events):
Event: 2.577 Thread 0x000000001e047000 2231 %     3       com.android.dx.ssa.SsaMethod::mapRegisters @ 8 (87 bytes)
Event: 2.578 Thread 0x000000001e047000 nmethod 2231% 0x0000000003e61550 code [0x0000000003e617c0, 0x0000000003e62918]
Event: 2.578 Thread 0x000000001e047000 2232       3       com.android.dx.ssa.SsaMethod::mapRegisters (87 bytes)
Event: 2.579 Thread 0x000000001e047000 nmethod 2232 0x0000000003e63050 code [0x0000000003e632a0, 0x0000000003e64308]
Event: 2.621 Thread 0x000000001e047000 2234       2       java.util.HashMap$TreeNode::balanceInsertion (245 bytes)
Event: 2.622 Thread 0x000000001e047000 nmethod 2234 0x0000000003e59bd0 code [0x0000000003e59dc0, 0x0000000003e5a3b8]
Event: 2.630 Thread 0x000000001e047000 2236       2       com.android.dx.ssa.SsaMethod$2::visitMoveInsn (6 bytes)
Event: 2.631 Thread 0x000000001e047000 nmethod 2236 0x0000000003e51910 code [0x0000000003e51a80, 0x0000000003e51be8]
Event: 2.632 Thread 0x000000001e047000 2237       2       com.android.dx.dex.code.VariableSizeInsn::<init> (10 bytes)
Event: 2.632 Thread 0x000000001e047000 nmethod 2237 0x0000000003e59850 code [0x0000000003e599c0, 0x0000000003e59b48]

GC Heap History (10 events):
Event: 0.714 GC heap before
{Heap before GC invocations=4 (full 0):
 PSYoungGen      total 61952K, used 60542K [0x000000076ab00000, 0x0000000772400000, 0x00000007c0000000)
  eden space 57344K, 100% used [0x000000076ab00000,0x000000076e300000,0x000000076e300000)
  from space 4608K, 69% used [0x000000076e300000,0x000000076e61fbf8,0x000000076e780000)
  to   space 4608K, 0% used [0x0000000771f80000,0x0000000771f80000,0x0000000772400000)
 ParOldGen       total 76800K, used 16K [0x00000006c0000000, 0x00000006c4b00000, 0x000000076ab00000)
  object space 76800K, 0% used [0x00000006c0000000,0x00000006c0004000,0x00000006c4b00000)
 Metaspace       used 6340K, capacity 7064K, committed 7424K, reserved 1056768K
  class space    used 623K, capacity 656K, committed 768K, reserved 1048576K
Event: 0.728 GC heap after
Heap after GC invocations=4 (full 0):
 PSYoungGen      total 119296K, used 4583K [0x000000076ab00000, 0x0000000772400000, 0x00000007c0000000)
  eden space 114688K, 0% used [0x000000076ab00000,0x000000076ab00000,0x0000000771b00000)
  from space 4608K, 99% used [0x0000000771f80000,0x00000007723f9e10,0x0000000772400000)
  to   space 4608K, 0% used [0x0000000771b00000,0x0000000771b00000,0x0000000771f80000)
 ParOldGen       total 76800K, used 9008K [0x00000006c0000000, 0x00000006c4b00000, 0x000000076ab00000)
  object space 76800K, 11% used [0x00000006c0000000,0x00000006c08cc0f8,0x00000006c4b00000)
 Metaspace       used 6340K, capacity 7064K, committed 7424K, reserved 1056768K
  class space    used 623K, capacity 656K, committed 768K, reserved 1048576K
}
Event: 1.093 GC heap before
{Heap before GC invocations=5 (full 0):
 PSYoungGen      total 119296K, used 119271K [0x000000076ab00000, 0x0000000772400000, 0x00000007c0000000)
  eden space 114688K, 100% used [0x000000076ab00000,0x0000000771b00000,0x0000000771b00000)
  from space 4608K, 99% used [0x0000000771f80000,0x00000007723f9e10,0x0000000772400000)
  to   space 4608K, 0% used [0x0000000771b00000,0x0000000771b00000,0x0000000771f80000)
 ParOldGen       total 76800K, used 9008K [0x00000006c0000000, 0x00000006c4b00000, 0x000000076ab00000)
  object space 76800K, 11% used [0x00000006c0000000,0x00000006c08cc0f8,0x00000006c4b00000)
 Metaspace       used 6641K, capacity 7256K, committed 7424K, reserved 1056768K
  class space    used 644K, capacity 656K, committed 768K, reserved 1048576K
Event: 1.123 GC heap after
Heap after GC invocations=5 (full 0):
 PSYoungGen      total 119296K, used 4592K [0x000000076ab00000, 0x000000077b600000, 0x00000007c0000000)
  eden space 114688K, 0% used [0x000000076ab00000,0x000000076ab00000,0x0000000771b00000)
  from space 4608K, 99% used [0x0000000771b00000,0x0000000771f7c168,0x0000000771f80000)
  to   space 22016K, 0% used [0x000000077a080000,0x000000077a080000,0x000000077b600000)
 ParOldGen       total 76800K, used 26353K [0x00000006c0000000, 0x00000006c4b00000, 0x000000076ab00000)
  object space 76800K, 34% used [0x00000006c0000000,0x00000006c19bc650,0x00000006c4b00000)
 Metaspace       used 6641K, capacity 7256K, committed 7424K, reserved 1056768K
  class space    used 644K, capacity 656K, committed 768K, reserved 1048576K
}
Event: 1.391 GC heap before
{Heap before GC invocations=6 (full 0):
 PSYoungGen      total 119296K, used 119280K [0x000000076ab00000, 0x000000077b600000, 0x00000007c0000000)
  eden space 114688K, 100% used [0x000000076ab00000,0x0000000771b00000,0x0000000771b00000)
  from space 4608K, 99% used [0x0000000771b00000,0x0000000771f7c168,0x0000000771f80000)
  to   space 22016K, 0% used [0x000000077a080000,0x000000077a080000,0x000000077b600000)
 ParOldGen       total 76800K, used 26353K [0x00000006c0000000, 0x00000006c4b00000, 0x000000076ab00000)
  object space 76800K, 34% used [0x00000006c0000000,0x00000006c19bc650,0x00000006c4b00000)
 Metaspace       used 6734K, capacity 7256K, committed 7424K, reserved 1056768K
  class space    used 644K, capacity 656K, committed 768K, reserved 1048576K
Event: 1.422 GC heap after
Heap after GC invocations=6 (full 0):
 PSYoungGen      total 246272K, used 21985K [0x000000076ab00000, 0x000000077c000000, 0x00000007c0000000)
  eden space 224256K, 0% used [0x000000076ab00000,0x000000076ab00000,0x0000000778600000)
  from space 22016K, 99% used [0x000000077a080000,0x000000077b5f86b0,0x000000077b600000)
  to   space 27136K, 0% used [0x0000000778600000,0x0000000778600000,0x000000077a080000)
 ParOldGen       total 76800K, used 26922K [0x00000006c0000000, 0x00000006c4b00000, 0x000000076ab00000)
  object space 76800K, 35% used [0x00000006c0000000,0x00000006c1a4a990,0x00000006c4b00000)
 Metaspace       used 6734K, capacity 7256K, committed 7424K, reserved 1056768K
  class space    used 644K, capacity 656K, committed 768K, reserved 1048576K
}
Event: 1.999 GC heap before
{Heap before GC invocations=7 (full 0):
 PSYoungGen      total 246272K, used 246241K [0x000000076ab00000, 0x000000077c000000, 0x00000007c0000000)
  eden space 224256K, 100% used [0x000000076ab00000,0x0000000778600000,0x0000000778600000)
  from space 22016K, 99% used [0x000000077a080000,0x000000077b5f86b0,0x000000077b600000)
  to   space 27136K, 0% used [0x0000000778600000,0x0000000778600000,0x000000077a080000)
 ParOldGen       total 76800K, used 26922K [0x00000006c0000000, 0x00000006c4b00000, 0x000000076ab00000)
  object space 76800K, 35% used [0x00000006c0000000,0x00000006c1a4a990,0x00000006c4b00000)
 Metaspace       used 6776K, capacity 7320K, committed 7680K, reserved 1056768K
  class space    used 644K, capacity 656K, committed 768K, reserved 1048576K
Event: 2.057 GC heap after
Heap after GC invocations=7 (full 0):
 PSYoungGen      total 251392K, used 27111K [0x000000076ab00000, 0x000000078be00000, 0x00000007c0000000)
  eden space 224256K, 0% used [0x000000076ab00000,0x000000076ab00000,0x0000000778600000)
  from space 27136K, 99% used [0x0000000778600000,0x000000077a079d60,0x000000077a080000)
  to   space 47616K, 0% used [0x0000000788f80000,0x0000000788f80000,0x000000078be00000)
 ParOldGen       total 76800K, used 55434K [0x00000006c0000000, 0x00000006c4b00000, 0x000000076ab00000)
  object space 76800K, 72% used [0x00000006c0000000,0x00000006c3622a50,0x00000006c4b00000)
 Metaspace       used 6776K, capacity 7320K, committed 7680K, reserved 1056768K
  class space    used 644K, capacity 656K, committed 768K, reserved 1048576K
}
Event: 2.058 GC heap before
{Heap before GC invocations=8 (full 1):
 PSYoungGen      total 251392K, used 27111K [0x000000076ab00000, 0x000000078be00000, 0x00000007c0000000)
  eden space 224256K, 0% used [0x000000076ab00000,0x000000076ab00000,0x0000000778600000)
  from space 27136K, 99% used [0x0000000778600000,0x000000077a079d60,0x000000077a080000)
  to   space 47616K, 0% used [0x0000000788f80000,0x0000000788f80000,0x000000078be00000)
 ParOldGen       total 76800K, used 55434K [0x00000006c0000000, 0x00000006c4b00000, 0x000000076ab00000)
  object space 76800K, 72% used [0x00000006c0000000,0x00000006c3622a50,0x00000006c4b00000)
 Metaspace       used 6776K, capacity 7320K, committed 7680K, reserved 1056768K
  class space    used 644K, capacity 656K, committed 768K, reserved 1048576K
Event: 2.423 GC heap after
Heap after GC invocations=8 (full 1):
 PSYoungGen      total 251392K, used 3544K [0x000000076ab00000, 0x000000078be00000, 0x00000007c0000000)
  eden space 224256K, 0% used [0x000000076ab00000,0x000000076ab00000,0x0000000778600000)
  from space 27136K, 13% used [0x0000000778600000,0x0000000778976210,0x000000077a080000)
  to   space 47616K, 0% used [0x0000000788f80000,0x0000000788f80000,0x000000078be00000)
 ParOldGen       total 76800K, used 76740K [0x00000006c0000000, 0x00000006c4b00000, 0x000000076ab00000)
  object space 76800K, 99% used [0x00000006c0000000,0x00000006c4af13f0,0x00000006c4b00000)
 Metaspace       used 6776K, capacity 7320K, committed 7680K, reserved 1056768K
  class space    used 644K, capacity 656K, committed 768K, reserved 1048576K
}

Deoptimization events (10 events):
Event: 1.003 Thread 0x000000001ee74000 Uncommon trap: reason=unstable_if action=reinterpret pc=0x0000000003b9c7e8 method=com.android.dx.ssa.SCCP.simulateStmt(Lcom/android/dx/ssa/SsaInsn;)V @ 59
Event: 1.250 Thread 0x000000001ebae800 Uncommon trap: reason=bimorphic action=maybe_recompile pc=0x0000000003d2af5c method=com.android.dx.cf.code.BytecodeArray.parseInstruction(ILcom/android/dx/cf/code/BytecodeArray$Visitor;)I @ 1003
Event: 1.251 Thread 0x000000001ebae800 Uncommon trap: reason=bimorphic action=maybe_recompile pc=0x0000000003d2af5c method=com.android.dx.cf.code.BytecodeArray.parseInstruction(ILcom/android/dx/cf/code/BytecodeArray$Visitor;)I @ 1003
Event: 1.254 Thread 0x000000001ebae800 Uncommon trap: reason=bimorphic action=maybe_recompile pc=0x0000000003d2f63c method=com.android.dx.cf.code.BytecodeArray.parseInstruction(ILcom/android/dx/cf/code/BytecodeArray$Visitor;)I @ 2554
Event: 1.254 Thread 0x000000001ebae800 Uncommon trap: reason=bimorphic action=maybe_recompile pc=0x0000000003d2a428 method=com.android.dx.cf.code.BytecodeArray.parseInstruction(ILcom/android/dx/cf/code/BytecodeArray$Visitor;)I @ 2135
Event: 1.254 Thread 0x000000001ebae800 Uncommon trap: reason=bimorphic action=maybe_recompile pc=0x0000000003d2f63c method=com.android.dx.cf.code.BytecodeArray.parseInstruction(ILcom/android/dx/cf/code/BytecodeArray$Visitor;)I @ 2554
Event: 1.337 Thread 0x000000001ee74000 Uncommon trap: reason=unstable_if action=reinterpret pc=0x000000000397f674 method=com.android.dx.rop.code.RegisterSpec.equals(ILcom/android/dx/rop/type/TypeBearer;Lcom/android/dx/rop/code/LocalItem;)Z @ 42
Event: 2.511 Thread 0x000000001ee74000 Uncommon trap: reason=bimorphic action=maybe_recompile pc=0x0000000003defd54 method=com.android.dx.cf.code.BytecodeArray.parseInstruction(ILcom/android/dx/cf/code/BytecodeArray$Visitor;)I @ 1051
Event: 2.511 Thread 0x000000001ee74000 Uncommon trap: reason=bimorphic action=maybe_recompile pc=0x0000000003defd54 method=com.android.dx.cf.code.BytecodeArray.parseInstruction(ILcom/android/dx/cf/code/BytecodeArray$Visitor;)I @ 1051
Event: 2.577 Thread 0x000000001f0d0800 Uncommon trap: reason=unstable_if action=reinterpret pc=0x0000000003e414b0 method=java.util.HashMap.putVal(ILjava/lang/Object;Ljava/lang/Object;ZZ)Ljava/lang/Object; @ 109

Classes redefined (0 events):
No events

Internal exceptions (7 events):
Event: 0.028 Thread 0x0000000003512800 Exception <a 'java/lang/NoSuchMethodError': Method sun.misc.Unsafe.defineClass(Ljava/lang/String;[BII)Ljava/lang/Class; name or signature does not match> (0x000000076ab07ca0) thrown at [C:\re\workspace\8-2-build-windows-amd64-cygwin\jdk8u161\10277\hotspot
Event: 0.028 Thread 0x0000000003512800 Exception <a 'java/lang/NoSuchMethodError': Method sun.misc.Unsafe.prefetchRead(Ljava/lang/Object;J)V name or signature does not match> (0x000000076ab07f88) thrown at [C:\re\workspace\8-2-build-windows-amd64-cygwin\jdk8u161\10277\hotspot\src\share\vm\prim
Event: 0.473 Thread 0x000000001f0d0800 Implicit null exception at 0x000000000397d462 to 0x000000000397d562
Event: 0.805 Thread 0x000000001ebae800 Implicit null exception at 0x0000000003bbb079 to 0x0000000003bbb37d
Event: 0.984 Thread 0x000000001f0d0800 Exception <a 'java/lang/ArrayIndexOutOfBoundsException': 18> (0x000000076f65a200) thrown at [C:\re\workspace\8-2-build-windows-amd64-cygwin\jdk8u161\10277\hotspot\src\share\vm\interpreter\interpreterRuntime.cpp, line 366]
Event: 0.984 Thread 0x000000001f0d0800 Exception <a 'java/lang/ArrayIndexOutOfBoundsException': 145> (0x000000076f65bd80) thrown at [C:\re\workspace\8-2-build-windows-amd64-cygwin\jdk8u161\10277\hotspot\src\share\vm\interpreter\interpreterRuntime.cpp, line 366]
Event: 0.985 Thread 0x000000001f0d0800 Exception <a 'java/lang/ArrayIndexOutOfBoundsException'> (0x000000076f65d068) thrown at [C:\re\workspace\8-2-build-windows-amd64-cygwin\jdk8u161\10277\hotspot\src\share\vm\runtime\sharedRuntime.cpp, line 605]

Events (10 events):
Event: 2.542 Thread 0x0000000003512800 DEOPT UNPACKING pc=0x0000000003657490 sp=0x000000000350dde8 mode 0
Event: 2.570 Thread 0x000000001f0d0800 DEOPT PACKING pc=0x0000000003a76342 sp=0x00000000203fe640
Event: 2.570 Thread 0x000000001f0d0800 DEOPT UNPACKING pc=0x0000000003657490 sp=0x00000000203fe428 mode 0
Event: 2.577 Thread 0x000000001f0d0800 Uncommon trap: trap_request=0xffffff65 fr.pc=0x0000000003e414b0
Event: 2.577 Thread 0x000000001f0d0800 DEOPT PACKING pc=0x0000000003e414b0 sp=0x00000000203fe650
Event: 2.577 Thread 0x000000001f0d0800 DEOPT UNPACKING pc=0x000000000365583b sp=0x00000000203fe330 mode 2
Event: 2.596 Thread 0x000000001ebaf800 DEOPT PACKING pc=0x0000000003a7662b sp=0x00000000207fec00
Event: 2.596 Thread 0x000000001ebaf800 DEOPT UNPACKING pc=0x0000000003657490 sp=0x00000000207fe9e8 mode 0
Event: 2.625 Thread 0x000000001ebae800 DEOPT PACKING pc=0x0000000003a7662b sp=0x00000000206fe620
Event: 2.625 Thread 0x000000001ebae800 DEOPT UNPACKING pc=0x0000000003657490 sp=0x00000000206fe408 mode 0


Dynamic libraries:
0x00007ff64c480000 - 0x00007ff64c4b7000 	D:\2.develop_tools\JAVA\JDK\bin\java.exe
0x00007fffe6610000 - 0x00007fffe67e1000 	C:\Windows\SYSTEM32\ntdll.dll
0x00007fffe5880000 - 0x00007fffe592b000 	C:\Windows\System32\KERNEL32.DLL
0x00007fffe3720000 - 0x00007fffe393d000 	C:\Windows\System32\KERNELBASE.dll
0x00007fffe3d10000 - 0x00007fffe3db2000 	C:\Windows\System32\ADVAPI32.dll
0x00007fffe42d0000 - 0x00007fffe436e000 	C:\Windows\System32\msvcrt.dll
0x00007fffe62f0000 - 0x00007fffe6349000 	C:\Windows\System32\sechost.dll
0x00007fffe61a0000 - 0x00007fffe62c1000 	C:\Windows\System32\RPCRT4.dll
0x00007fffe3ba0000 - 0x00007fffe3d05000 	C:\Windows\System32\USER32.dll
0x00007fffe3940000 - 0x00007fffe395e000 	C:\Windows\System32\win32u.dll
0x00007fffe4290000 - 0x00007fffe42c4000 	C:\Windows\System32\GDI32.dll
0x00007fffe39c0000 - 0x00007fffe3b42000 	C:\Windows\System32\gdi32full.dll
0x00007fffd7b10000 - 0x00007fffd7d8a000 	C:\Windows\WinSxS\amd64_microsoft.windows.common-controls_6595b64144ccf1df_6.0.14393.953_none_42151e83c686086b\COMCTL32.dll
0x00007fffe3f60000 - 0x00007fffe4228000 	C:\Windows\System32\combase.dll
0x00007fffe3510000 - 0x00007fffe3605000 	C:\Windows\System32\ucrtbase.dll
0x00007fffe36b0000 - 0x00007fffe371a000 	C:\Windows\System32\bcryptPrimitives.dll
0x00007fffe6170000 - 0x00007fffe619e000 	C:\Windows\System32\IMM32.DLL
0x0000000069e90000 - 0x0000000069f62000 	D:\2.develop_tools\JAVA\JDK\jre\bin\msvcr100.dll
0x00000000695f0000 - 0x0000000069e8f000 	D:\2.develop_tools\JAVA\JDK\jre\bin\server\jvm.dll
0x00007fffe5fc0000 - 0x00007fffe5fc8000 	C:\Windows\System32\PSAPI.DLL
0x00007fffd61f0000 - 0x00007fffd61f9000 	C:\Windows\SYSTEM32\WSOCK32.dll
0x00007fffe0380000 - 0x00007fffe03a3000 	C:\Windows\SYSTEM32\WINMM.dll
0x00007fffe5fd0000 - 0x00007fffe603a000 	C:\Windows\System32\WS2_32.dll
0x00007fffdde30000 - 0x00007fffdde3a000 	C:\Windows\SYSTEM32\VERSION.dll
0x00007fffe02a0000 - 0x00007fffe02cb000 	C:\Windows\SYSTEM32\WINMMBASE.dll
0x00007fffe3b50000 - 0x00007fffe3b92000 	C:\Windows\System32\cfgmgr32.dll
0x00000000695e0000 - 0x00000000695ef000 	D:\2.develop_tools\JAVA\JDK\jre\bin\verify.dll
0x00000000695b0000 - 0x00000000695d9000 	D:\2.develop_tools\JAVA\JDK\jre\bin\java.dll
0x0000000069590000 - 0x00000000695a6000 	D:\2.develop_tools\JAVA\JDK\jre\bin\zip.dll
0x00007fffe4370000 - 0x00007fffe5879000 	C:\Windows\System32\SHELL32.dll
0x00007fffe2d80000 - 0x00007fffe345a000 	C:\Windows\System32\windows.storage.dll
0x00007fffe2ab0000 - 0x00007fffe2afc000 	C:\Windows\System32\powrprof.dll
0x00007fffe3f00000 - 0x00007fffe3f52000 	C:\Windows\System32\shlwapi.dll
0x00007fffe2a70000 - 0x00007fffe2a7f000 	C:\Windows\System32\kernel.appcore.dll
0x00007fffe3460000 - 0x00007fffe3509000 	C:\Windows\System32\shcore.dll
0x00007fffe2a90000 - 0x00007fffe2aa4000 	C:\Windows\System32\profapi.dll

VM Arguments:
jvm_args: -Djava.awt.headless=true -Xmx4g -Dfile.encoding=GBK -Duser.country=CN -Duser.language=zh -Duser.variant 
java_command: com.android.dx.command.Main --dex --num-threads=4 --multi-dex --main-dex-list D:\3.Code\MyAppProject\ahjl_app\appclient\app\build\intermediates\multi-dex\debug\maindexlist.txt --output D:\3.Code\MyAppProject\ahjl_app\appclient\app\build\intermediates\transforms\dex\debug\folders\1000\1f\main D:\3.Code\MyAppProject\ahjl_app\appclient\app\build\intermediates\transforms\jarMerging\debug\jars\1\1f\combined.jar
java_class_path (initial): D:\2.develop_tools\SDK\build-tools\25.0.2\lib\dx.jar
Launcher Type: SUN_STANDARD

Environment Variables:
JAVA_HOME=D:\2.develop_tools\JAVA\JDK
PATH=C:\Windows\system32;C:\Windows;C:\Windows\System32\Wbem;C:\Windows\System32\WindowsPowerShell\v1.0\;C:\Windows\system32\config\systemprofile\.dnx\bin;C:\Program Files\Microsoft DNX\Dnvm\;C:\Program Files\Microsoft SQL Server\130\Tools\Binn\;D:\2.develop_tools\JAVA\JDK\bin;D:\2.develop_tools\JAVA\JDK\jre\bin;E:\Program Files (x86)\Microsoft SQL Server\100\Tools\Binn\;E:\Program Files\Microsoft SQL Server\100\Tools\Binn\;E:\Program Files\Microsoft SQL Server\100\DTS\Binn\;E:\Program Files (x86)\Microsoft SQL Server\100\Tools\Binn\VSShell\Common7\IDE\;C:\Program Files (x86)\Microsoft Visual Studio 9.0\Common7\IDE\PrivateAssemblies\;E:\Program Files (x86)\Microsoft SQL Server\100\DTS\Binn\;C:\Program Files\TortoiseSVN\bin;C:\Users\Administrator\AppData\Local\Microsoft\WindowsApps;
USERNAME=Administrator
OS=Windows_NT
PROCESSOR_IDENTIFIER=AMD64 Family 23 Model 17 Stepping 0, AuthenticAMD



---------------  S Y S T E M  ---------------

OS: Windows 10.0 , 64 bit Build 14393 (10.0.14393.0)

CPU:total 4 (initial active 4) (4 cores per cpu, 1 threads per core) family 23 model 17 stepping 0, cmov, cx8, fxsr, mmx, sse, sse2, sse3, ssse3, sse4.1, sse4.2, popcnt, avx, avx2, aes, clmul, mmxext, 3dnowpref, lzcnt, sse4a, tsc, tscinvbit, tscinv, bmi1

Memory: 4k page, physical 7287484k(1742248k free), swap 8860348k(8068k free)

vm_info: Java HotSpot(TM) 64-Bit Server VM (25.161-b12) for windows-amd64 JRE (1.8.0_161-b12), built on Dec 19 2017 17:52:25 by "java_re" with MS VC++ 10.0 (VS2010)

time: Thu May 03 14:50:39 2018
elapsed time: 2 seconds (0d 0h 0m 2s)

