#
# There is insufficient memory for the Java Runtime Environment to continue.
# Native memory allocation (malloc) failed to allocate 299536 bytes for Chunk::new
# Possible reasons:
#   The system is out of physical RAM or swap space
#   In 32 bit mode, the process size limit was hit
# Possible solutions:
#   Reduce memory load on the system
#   Increase physical memory or swap space
#   Check if swap backing store is full
#   Use 64 bit Java on a 64 bit OS
#   Decrease Java heap size (-Xmx/-Xms)
#   Decrease number of Java threads
#   Decrease Java thread stack sizes (-Xss)
#   Set larger code cache with -XX:ReservedCodeCacheSize=
# This output file may be truncated or incomplete.
#
#  Out of Memory Error (allocation.cpp:390), pid=8680, tid=0x0000000000002b14
#
# JRE version: Java(TM) SE Runtime Environment (8.0_161-b12) (build 1.8.0_161-b12)
# Java VM: Java HotSpot(TM) 64-Bit Server VM (25.161-b12 mixed mode windows-amd64 compressed oops)
# Failed to write core dump. Minidumps are not enabled by default on client versions of Windows
#

---------------  T H R E A D  ---------------

Current thread (0x000000001c40c000):  JavaThread "C2 CompilerThread1" daemon [_thread_in_native, id=11028, stack(0x000000001de70000,0x000000001df70000)]

Stack: [0x000000001de70000,0x000000001df70000]
[error occurred during error reporting (printing stack bounds), id 0xc0000005]

Native frames: (J=compiled Java code, j=interpreted, Vv=VM code, C=native code)


Current CompileTask:
C2:   1004 1578   !   4       com.android.dx.cf.code.BytecodeArray::parseInstruction (2764 bytes)


---------------  P R O C E S S  ---------------

Java Threads: ( => current thread )
  0x000000001e86f800 JavaThread "pool-2-thread-4" [_thread_blocked, id=11016, stack(0x000000001fe40000,0x000000001ff40000)]
  0x000000001e86f000 JavaThread "pool-2-thread-3" [_thread_blocked, id=10936, stack(0x000000001fd40000,0x000000001fe40000)]
  0x000000001e925000 JavaThread "pool-2-thread-2" [_thread_blocked, id=11116, stack(0x000000001fc40000,0x000000001fd40000)]
  0x000000001eab0800 JavaThread "pool-3-thread-1" [_thread_blocked, id=10536, stack(0x000000001fb40000,0x000000001fc40000)]
  0x000000001e5e2000 JavaThread "pool-2-thread-1" [_thread_blocked, id=10320, stack(0x000000001fa40000,0x000000001fb40000)]
  0x000000001d7fb800 JavaThread "Service Thread" daemon [_thread_blocked, id=11000, stack(0x000000001e070000,0x000000001e170000)]
  0x000000001d780000 JavaThread "C1 CompilerThread2" daemon [_thread_blocked, id=10900, stack(0x000000001df70000,0x000000001e070000)]
=>0x000000001c40c000 JavaThread "C2 CompilerThread1" daemon [_thread_in_native, id=11028, stack(0x000000001de70000,0x000000001df70000)]
  0x000000001c40a000 JavaThread "C2 CompilerThread0" daemon [_thread_in_native, id=11004, stack(0x000000001dd70000,0x000000001de70000)]
  0x000000001c3a7800 JavaThread "Attach Listener" daemon [_thread_blocked, id=10008, stack(0x000000001dc70000,0x000000001dd70000)]
  0x000000001d778800 JavaThread "Signal Dispatcher" daemon [_thread_blocked, id=10684, stack(0x000000001db70000,0x000000001dc70000)]
  0x0000000002cdd000 JavaThread "Finalizer" daemon [_thread_blocked, id=10956, stack(0x000000001d610000,0x000000001d710000)]
  0x0000000002cd2000 JavaThread "Reference Handler" daemon [_thread_blocked, id=3772, stack(0x000000001d510000,0x000000001d610000)]
  0x00000000026be000 JavaThread "main" [_thread_in_vm, id=10988, stack(0x0000000002ae0000,0x0000000002be0000)]

Other Threads:
  0x000000001c377000 VMThread [stack: 0x000000001d410000,0x000000001d510000] [id=2920]
  0x000000001d81d000 WatcherThread [stack: 0x000000001e170000,0x000000001e270000] [id=11036]

VM state:not at safepoint (normal execution)

VM Mutex/Monitor currently owned by a thread: None

Heap:
 PSYoungGen      total 119296K, used 50543K [0x000000076ab00000, 0x0000000772400000, 0x00000007c0000000)
  eden space 114688K, 40% used [0x000000076ab00000,0x000000076d7dfe18,0x0000000771b00000)
  from space 4608K, 99% used [0x0000000771f80000,0x00000007723fbe88,0x0000000772400000)
  to   space 4608K, 0% used [0x0000000771b00000,0x0000000771b00000,0x0000000771f80000)
 ParOldGen       total 76800K, used 9918K [0x00000006c0000000, 0x00000006c4b00000, 0x000000076ab00000)
  object space 76800K, 12% used [0x00000006c0000000,0x00000006c09af868,0x00000006c4b00000)
 Metaspace       used 6447K, capacity 7192K, committed 7424K, reserved 1056768K
  class space    used 628K, capacity 656K, committed 768K, reserved 1048576K

Card table byte_map: [0x00000000120a0000,0x00000000128b0000] byte_map_base: 0x000000000eaa0000

Marking Bits: (ParMarkBitMap*) 0x000000007350f860
 Begin Bits: [0x0000000013210000, 0x0000000017210000)
 End Bits:   [0x0000000017210000, 0x000000001b210000)

Polling page: 0x00000000026c0000

CodeCache: size=245760Kb used=7103Kb max_used=7103Kb free=238656Kb
 bounds [0x0000000002ce0000, 0x00000000033e0000, 0x0000000011ce0000]
 total_blobs=2017 nmethods=1752 adapters=178
 compilation: enabled

Compilation events (10 events):
Event: 1.000 Thread 0x000000001d780000 1776       2       com.android.dx.rop.code.RegisterSpec$ForComparison::set (16 bytes)
Event: 1.000 Thread 0x000000001d780000 nmethod 1776 0x00000000033d4490 code [0x00000000033d45e0, 0x00000000033d4770]
Event: 1.000 Thread 0x000000001d780000 1777       2       com.android.dx.rop.code.RegisterSpec$ForComparison::hashCode (16 bytes)
Event: 1.000 Thread 0x000000001d780000 nmethod 1777 0x00000000033d4810 code [0x00000000033d4980, 0x00000000033d4b78]
Event: 1.000 Thread 0x000000001d780000 1778       2       com.android.dx.rop.code.RegisterSpec::access$600 (7 bytes)
Event: 1.000 Thread 0x000000001d780000 nmethod 1778 0x00000000033d4cd0 code [0x00000000033d4e40, 0x00000000033d4ff8]
Event: 1.000 Thread 0x000000001d780000 1779   !   2       com.android.dx.rop.code.RegisterSpec::intern (70 bytes)
Event: 1.001 Thread 0x000000001d780000 nmethod 1779 0x00000000033d5110 code [0x00000000033d52c0, 0x00000000033d5848]
Event: 1.001 Thread 0x000000001d780000 1780       2       java.util.HashMap::get (23 bytes)
Event: 1.001 Thread 0x000000001d780000 nmethod 1780 0x00000000033d5cd0 code [0x00000000033d5e40, 0x00000000033d6038]

GC Heap History (8 events):
Event: 0.181 GC heap before
{Heap before GC invocations=1 (full 0):
 PSYoungGen      total 33280K, used 28672K [0x000000076ab00000, 0x000000076d000000, 0x00000007c0000000)
  eden space 28672K, 100% used [0x000000076ab00000,0x000000076c700000,0x000000076c700000)
  from space 4608K, 0% used [0x000000076cb80000,0x000000076cb80000,0x000000076d000000)
  to   space 4608K, 0% used [0x000000076c700000,0x000000076c700000,0x000000076cb80000)
 ParOldGen       total 76800K, used 0K [0x00000006c0000000, 0x00000006c4b00000, 0x000000076ab00000)
  object space 76800K, 0% used [0x00000006c0000000,0x00000006c0000000,0x00000006c4b00000)
 Metaspace       used 3608K, capacity 4720K, committed 4864K, reserved 1056768K
  class space    used 389K, capacity 424K, committed 512K, reserved 1048576K
Event: 0.184 GC heap after
Heap after GC invocations=1 (full 0):
 PSYoungGen      total 33280K, used 3851K [0x000000076ab00000, 0x000000076ec00000, 0x00000007c0000000)
  eden space 28672K, 0% used [0x000000076ab00000,0x000000076ab00000,0x000000076c700000)
  from space 4608K, 83% used [0x000000076c700000,0x000000076cac2c60,0x000000076cb80000)
  to   space 4608K, 0% used [0x000000076e780000,0x000000076e780000,0x000000076ec00000)
 ParOldGen       total 76800K, used 8K [0x00000006c0000000, 0x00000006c4b00000, 0x000000076ab00000)
  object space 76800K, 0% used [0x00000006c0000000,0x00000006c0002000,0x00000006c4b00000)
 Metaspace       used 3608K, capacity 4720K, committed 4864K, reserved 1056768K
  class space    used 389K, capacity 424K, committed 512K, reserved 1048576K
}
Event: 0.197 GC heap before
{Heap before GC invocations=2 (full 0):
 PSYoungGen      total 33280K, used 32523K [0x000000076ab00000, 0x000000076ec00000, 0x00000007c0000000)
  eden space 28672K, 100% used [0x000000076ab00000,0x000000076c700000,0x000000076c700000)
  from space 4608K, 83% used [0x000000076c700000,0x000000076cac2c60,0x000000076cb80000)
  to   space 4608K, 0% used [0x000000076e780000,0x000000076e780000,0x000000076ec00000)
 ParOldGen       total 76800K, used 8K [0x00000006c0000000, 0x00000006c4b00000, 0x000000076ab00000)
  object space 76800K, 0% used [0x00000006c0000000,0x00000006c0002000,0x00000006c4b00000)
 Metaspace       used 3614K, capacity 4720K, committed 4864K, reserved 1056768K
  class space    used 389K, capacity 424K, committed 512K, reserved 1048576K
Event: 0.199 GC heap after
Heap after GC invocations=2 (full 0):
 PSYoungGen      total 61952K, used 3644K [0x000000076ab00000, 0x000000076ec00000, 0x00000007c0000000)
  eden space 57344K, 0% used [0x000000076ab00000,0x000000076ab00000,0x000000076e300000)
  from space 4608K, 79% used [0x000000076e780000,0x000000076eb0f2a8,0x000000076ec00000)
  to   space 4608K, 0% used [0x000000076e300000,0x000000076e300000,0x000000076e780000)
 ParOldGen       total 76800K, used 8K [0x00000006c0000000, 0x00000006c4b00000, 0x000000076ab00000)
  object space 76800K, 0% used [0x00000006c0000000,0x00000006c0002000,0x00000006c4b00000)
 Metaspace       used 3614K, capacity 4720K, committed 4864K, reserved 1056768K
  class space    used 389K, capacity 424K, committed 512K, reserved 1048576K
}
Event: 0.238 GC heap before
{Heap before GC invocations=3 (full 0):
 PSYoungGen      total 61952K, used 60988K [0x000000076ab00000, 0x000000076ec00000, 0x00000007c0000000)
  eden space 57344K, 100% used [0x000000076ab00000,0x000000076e300000,0x000000076e300000)
  from space 4608K, 79% used [0x000000076e780000,0x000000076eb0f2a8,0x000000076ec00000)
  to   space 4608K, 0% used [0x000000076e300000,0x000000076e300000,0x000000076e780000)
 ParOldGen       total 76800K, used 8K [0x00000006c0000000, 0x00000006c4b00000, 0x000000076ab00000)
  object space 76800K, 0% used [0x00000006c0000000,0x00000006c0002000,0x00000006c4b00000)
 Metaspace       used 3621K, capacity 4720K, committed 4864K, reserved 1056768K
  class space    used 389K, capacity 424K, committed 512K, reserved 1048576K
Event: 0.242 GC heap after
Heap after GC invocations=3 (full 0):
 PSYoungGen      total 61952K, used 3612K [0x000000076ab00000, 0x0000000772400000, 0x00000007c0000000)
  eden space 57344K, 0% used [0x000000076ab00000,0x000000076ab00000,0x000000076e300000)
  from space 4608K, 78% used [0x000000076e300000,0x000000076e687288,0x000000076e780000)
  to   space 4608K, 0% used [0x0000000771f80000,0x0000000771f80000,0x0000000772400000)
 ParOldGen       total 76800K, used 8K [0x00000006c0000000, 0x00000006c4b00000, 0x000000076ab00000)
  object space 76800K, 0% used [0x00000006c0000000,0x00000006c0002000,0x00000006c4b00000)
 Metaspace       used 3621K, capacity 4720K, committed 4864K, reserved 1056768K
  class space    used 389K, capacity 424K, committed 512K, reserved 1048576K
}
Event: 0.819 GC heap before
{Heap before GC invocations=4 (full 0):
 PSYoungGen      total 61952K, used 60956K [0x000000076ab00000, 0x0000000772400000, 0x00000007c0000000)
  eden space 57344K, 100% used [0x000000076ab00000,0x000000076e300000,0x000000076e300000)
  from space 4608K, 78% used [0x000000076e300000,0x000000076e687288,0x000000076e780000)
  to   space 4608K, 0% used [0x0000000771f80000,0x0000000771f80000,0x0000000772400000)
 ParOldGen       total 76800K, used 8K [0x00000006c0000000, 0x00000006c4b00000, 0x000000076ab00000)
  object space 76800K, 0% used [0x00000006c0000000,0x00000006c0002000,0x00000006c4b00000)
 Metaspace       used 6257K, capacity 7094K, committed 7296K, reserved 1056768K
  class space    used 607K, capacity 622K, committed 640K, reserved 1048576K
Event: 0.839 GC heap after
Heap after GC invocations=4 (full 0):
 PSYoungGen      total 119296K, used 4591K [0x000000076ab00000, 0x0000000772400000, 0x00000007c0000000)
  eden space 114688K, 0% used [0x000000076ab00000,0x000000076ab00000,0x0000000771b00000)
  from space 4608K, 99% used [0x0000000771f80000,0x00000007723fbe88,0x0000000772400000)
  to   space 4608K, 0% used [0x0000000771b00000,0x0000000771b00000,0x0000000771f80000)
 ParOldGen       total 76800K, used 9918K [0x00000006c0000000, 0x00000006c4b00000, 0x000000076ab00000)
  object space 76800K, 12% used [0x00000006c0000000,0x00000006c09af868,0x00000006c4b00000)
 Metaspace       used 6257K, capacity 7094K, committed 7296K, reserved 1056768K
  class space    used 607K, capacity 622K, committed 640K, reserved 1048576K
}

Deoptimization events (10 events):
Event: 0.805 Thread 0x000000001e5e2000 Uncommon trap: reason=bimorphic action=maybe_recompile pc=0x00000000033158f4 method=com.android.dx.cf.code.BytecodeArray.parseInstruction(ILcom/android/dx/cf/code/BytecodeArray$Visitor;)I @ 1549
Event: 0.808 Thread 0x000000001e5e2000 Uncommon trap: reason=class_check action=maybe_recompile pc=0x0000000003172664 method=java.util.HashMap.putVal(ILjava/lang/Object;Ljava/lang/Object;ZZ)Ljava/lang/Object; @ 203
Event: 0.808 Thread 0x000000001e5e2000 Uncommon trap: reason=class_check action=maybe_recompile pc=0x0000000003172664 method=java.util.HashMap.putVal(ILjava/lang/Object;Ljava/lang/Object;ZZ)Ljava/lang/Object; @ 203
Event: 0.870 Thread 0x000000001e86f800 Uncommon trap: reason=unstable_if action=reinterpret pc=0x00000000033129d0 method=com.android.dx.util.LabeledList.set(ILcom/android/dx/util/LabeledItem;)V @ 16
Event: 0.907 Thread 0x000000001e925000 Uncommon trap: reason=unstable_if action=reinterpret pc=0x000000000330be4c method=com.android.dx.rop.code.LocalItem.compareHandlesNulls(Lcom/android/dx/rop/cst/CstString;Lcom/android/dx/rop/cst/CstString;)I @ 14
Event: 0.940 Thread 0x00000000026be000 Uncommon trap: reason=unstable_if action=reinterpret pc=0x000000000320de0c method=com.android.dx.util.IntList.binarysearch(I)I @ 105
Event: 0.958 Thread 0x00000000026be000 Uncommon trap: reason=unstable_if action=reinterpret pc=0x00000000031d955c method=com.android.dx.ssa.SsaMethod.updateOneDefinition(Lcom/android/dx/ssa/SsaInsn;Lcom/android/dx/rop/code/RegisterSpec;)V @ 4
Event: 0.995 Thread 0x000000001e86f000 Uncommon trap: reason=unstable_if action=reinterpret pc=0x0000000003113f4c method=java.util.HashMap.putVal(ILjava/lang/Object;Ljava/lang/Object;ZZ)Ljava/lang/Object; @ 162
Event: 0.999 Thread 0x000000001e86f000 Uncommon trap: reason=unstable_if action=reinterpret pc=0x0000000003346e9c method=java.util.HashMap.getNode(ILjava/lang/Object;)Ljava/util/HashMap$Node; @ 84
Event: 0.999 Thread 0x000000001e86f000 Uncommon trap: reason=unstable_if action=reinterpret pc=0x000000000300fa70 method=java.util.HashMap.getNode(ILjava/lang/Object;)Ljava/util/HashMap$Node; @ 84

Classes redefined (0 events):
No events

Internal exceptions (9 events):
Event: 0.023 Thread 0x00000000026be000 Exception <a 'java/lang/NoSuchMethodError': Method sun.misc.Unsafe.defineClass(Ljava/lang/String;[BII)Ljava/lang/Class; name or signature does not match> (0x000000076ab07ca0) thrown at [C:\re\workspace\8-2-build-windows-amd64-cygwin\jdk8u161\10277\hotspot
Event: 0.023 Thread 0x00000000026be000 Exception <a 'java/lang/NoSuchMethodError': Method sun.misc.Unsafe.prefetchRead(Ljava/lang/Object;J)V name or signature does not match> (0x000000076ab07f88) thrown at [C:\re\workspace\8-2-build-windows-amd64-cygwin\jdk8u161\10277\hotspot\src\share\vm\prim
Event: 0.243 Thread 0x00000000026be000 Implicit null exception at 0x0000000002e53bb8 to 0x0000000002e541c1
Event: 0.538 Thread 0x000000001e5e2000 Implicit null exception at 0x00000000030ce8e2 to 0x00000000030ce9e2
Event: 0.637 Thread 0x000000001e86f800 Implicit null exception at 0x00000000030aa4da to 0x00000000030acbed
Event: 0.907 Thread 0x000000001e925000 Implicit null exception at 0x000000000330bc6d to 0x000000000330be39
Event: 0.996 Thread 0x000000001e86f000 Exception <a 'java/lang/ArrayIndexOutOfBoundsException': 18> (0x000000076d75d1c8) thrown at [C:\re\workspace\8-2-build-windows-amd64-cygwin\jdk8u161\10277\hotspot\src\share\vm\interpreter\interpreterRuntime.cpp, line 366]
Event: 0.997 Thread 0x000000001e86f000 Exception <a 'java/lang/ArrayIndexOutOfBoundsException': 145> (0x000000076d75ed48) thrown at [C:\re\workspace\8-2-build-windows-amd64-cygwin\jdk8u161\10277\hotspot\src\share\vm\interpreter\interpreterRuntime.cpp, line 366]
Event: 0.998 Thread 0x000000001e86f000 Exception <a 'java/lang/ArrayIndexOutOfBoundsException'> (0x000000076d760030) thrown at [C:\re\workspace\8-2-build-windows-amd64-cygwin\jdk8u161\10277\hotspot\src\share\vm\runtime\sharedRuntime.cpp, line 605]

Events (10 events):
Event: 0.998 loading class sun/reflect/generics/reflectiveObjects/TypeVariableImpl
Event: 0.999 loading class sun/reflect/generics/reflectiveObjects/LazyReflectiveObjectGenerator
Event: 0.999 loading class sun/reflect/generics/reflectiveObjects/LazyReflectiveObjectGenerator done
Event: 0.999 loading class sun/reflect/generics/reflectiveObjects/TypeVariableImpl done
Event: 0.999 Thread 0x000000001e86f000 Uncommon trap: trap_request=0xffffff65 fr.pc=0x0000000003346e9c
Event: 0.999 Thread 0x000000001e86f000 DEOPT PACKING pc=0x0000000003346e9c sp=0x000000001fe3e610
Event: 0.999 Thread 0x000000001e86f000 DEOPT UNPACKING pc=0x0000000002d2583b sp=0x000000001fe3e530 mode 2
Event: 0.999 Thread 0x000000001e86f000 Uncommon trap: trap_request=0xffffff65 fr.pc=0x000000000300fa70
Event: 0.999 Thread 0x000000001e86f000 DEOPT PACKING pc=0x000000000300fa70 sp=0x000000001fe3e610
Event: 0.999 Thread 0x000000001e86f000 DEOPT UNPACKING pc=0x0000000002d2583b sp=0x000000001fe3e5a0 mode 2


Dynamic libraries:
0x00007ff7389e0000 - 0x00007ff738a17000 	D:\2.develop_tools\JAVA\JDK\bin\java.exe
0x00007ffcabad0000 - 0x00007ffcabca1000 	C:\Windows\SYSTEM32\ntdll.dll
0x00007ffcaa230000 - 0x00007ffcaa2db000 	C:\Windows\System32\KERNEL32.DLL
0x00007ffca84e0000 - 0x00007ffca86fd000 	C:\Windows\System32\KERNELBASE.dll
0x00007ffca9ba0000 - 0x00007ffca9c42000 	C:\Windows\System32\ADVAPI32.dll
0x00007ffca99c0000 - 0x00007ffca9a5e000 	C:\Windows\System32\msvcrt.dll
0x00007ffca9a60000 - 0x00007ffca9ab9000 	C:\Windows\System32\sechost.dll
0x00007ffca9530000 - 0x00007ffca9651000 	C:\Windows\System32\RPCRT4.dll
0x00007ffcab960000 - 0x00007ffcabac5000 	C:\Windows\System32\USER32.dll
0x00007ffca8200000 - 0x00007ffca821e000 	C:\Windows\System32\win32u.dll
0x00007ffca9730000 - 0x00007ffca9764000 	C:\Windows\System32\GDI32.dll
0x00007ffca7fc0000 - 0x00007ffca8142000 	C:\Windows\System32\gdi32full.dll
0x00007ffc9e8a0000 - 0x00007ffc9eb1a000 	C:\Windows\WinSxS\amd64_microsoft.windows.common-controls_6595b64144ccf1df_6.0.14393.953_none_42151e83c686086b\COMCTL32.dll
0x00007ffca9160000 - 0x00007ffca9428000 	C:\Windows\System32\combase.dll
0x00007ffca8220000 - 0x00007ffca8315000 	C:\Windows\System32\ucrtbase.dll
0x00007ffca83d0000 - 0x00007ffca843a000 	C:\Windows\System32\bcryptPrimitives.dll
0x00007ffcab7f0000 - 0x00007ffcab81e000 	C:\Windows\System32\IMM32.DLL
0x0000000073590000 - 0x0000000073662000 	D:\2.develop_tools\JAVA\JDK\jre\bin\msvcr100.dll
0x0000000072cf0000 - 0x000000007358f000 	D:\2.develop_tools\JAVA\JDK\jre\bin\server\jvm.dll
0x00007ffca9c50000 - 0x00007ffca9c58000 	C:\Windows\System32\PSAPI.DLL
0x00007ffc9afd0000 - 0x00007ffc9afd9000 	C:\Windows\SYSTEM32\WSOCK32.dll
0x00007ffca51e0000 - 0x00007ffca5203000 	C:\Windows\SYSTEM32\WINMM.dll
0x00007ffca3f20000 - 0x00007ffca3f2a000 	C:\Windows\SYSTEM32\VERSION.dll
0x00007ffca9ac0000 - 0x00007ffca9b2a000 	C:\Windows\System32\WS2_32.dll
0x00007ffca5170000 - 0x00007ffca519b000 	C:\Windows\SYSTEM32\WINMMBASE.dll
0x00007ffca8de0000 - 0x00007ffca8e22000 	C:\Windows\System32\cfgmgr32.dll
0x0000000072ce0000 - 0x0000000072cef000 	D:\2.develop_tools\JAVA\JDK\jre\bin\verify.dll
0x0000000072cb0000 - 0x0000000072cd9000 	D:\2.develop_tools\JAVA\JDK\jre\bin\java.dll
0x0000000072c90000 - 0x0000000072ca6000 	D:\2.develop_tools\JAVA\JDK\jre\bin\zip.dll
0x00007ffcaa2e0000 - 0x00007ffcab7e9000 	C:\Windows\System32\SHELL32.dll
0x00007ffca8700000 - 0x00007ffca8dda000 	C:\Windows\System32\windows.storage.dll
0x00007ffca7f30000 - 0x00007ffca7f7c000 	C:\Windows\System32\powrprof.dll
0x00007ffca9100000 - 0x00007ffca9152000 	C:\Windows\System32\shlwapi.dll
0x00007ffca7fb0000 - 0x00007ffca7fbf000 	C:\Windows\System32\kernel.appcore.dll
0x00007ffca8150000 - 0x00007ffca81f9000 	C:\Windows\System32\shcore.dll
0x00007ffca7f90000 - 0x00007ffca7fa4000 	C:\Windows\System32\profapi.dll

VM Arguments:
jvm_args: -Djava.awt.headless=true -Xmx4g -Dfile.encoding=GBK -Duser.country=CN -Duser.language=zh -Duser.variant 
java_command: com.android.dx.command.Main --dex --num-threads=4 --multi-dex --main-dex-list D:\3.Code\MyAppProject\ahjl_app\appclient\app\build\intermediates\multi-dex\debug\maindexlist.txt --output D:\3.Code\MyAppProject\ahjl_app\appclient\app\build\intermediates\transforms\dex\debug\folders\1000\1f\main D:\3.Code\MyAppProject\ahjl_app\appclient\app\build\intermediates\transforms\jarMerging\debug\jars\1\1f\combined.jar
java_class_path (initial): D:\2.develop_tools\SDK\build-tools\25.0.2\lib\dx.jar
Launcher Type: SUN_STANDARD

Environment Variables:
JAVA_HOME=D:\2.develop_tools\JAVA\JDK
PATH=C:\Windows\system32;C:\Windows;C:\Windows\System32\Wbem;C:\Windows\System32\WindowsPowerShell\v1.0\;C:\Windows\system32\config\systemprofile\.dnx\bin;C:\Program Files\Microsoft DNX\Dnvm\;C:\Program Files\Microsoft SQL Server\130\Tools\Binn\;D:\2.develop_tools\JAVA\JDK\bin;D:\2.develop_tools\JAVA\JDK\jre\bin;E:\Program Files (x86)\Microsoft SQL Server\100\Tools\Binn\;E:\Program Files\Microsoft SQL Server\100\Tools\Binn\;E:\Program Files\Microsoft SQL Server\100\DTS\Binn\;E:\Program Files (x86)\Microsoft SQL Server\100\Tools\Binn\VSShell\Common7\IDE\;C:\Program Files (x86)\Microsoft Visual Studio 9.0\Common7\IDE\PrivateAssemblies\;E:\Program Files (x86)\Microsoft SQL Server\100\DTS\Binn\;C:\Users\Administrator\AppData\Local\Microsoft\WindowsApps;
USERNAME=Administrator
OS=Windows_NT
PROCESSOR_IDENTIFIER=AMD64 Family 23 Model 17 Stepping 0, AuthenticAMD



---------------  S Y S T E M  ---------------

OS: Windows 10.0 , 64 bit Build 14393 (10.0.14393.0)

CPU:total 4 (initial active 4) (4 cores per cpu, 1 threads per core) family 23 model 17 stepping 0, cmov, cx8, fxsr, mmx, sse, sse2, sse3, ssse3, sse4.1, sse4.2, popcnt, avx, avx2, aes, clmul, mmxext, 3dnowpref, lzcnt, sse4a, tsc, tscinvbit, tscinv, bmi1

Memory: 4k page, physical 7287484k(1721044k free), swap 8860348k(5272k free)

vm_info: Java HotSpot(TM) 64-Bit Server VM (25.161-b12) for windows-amd64 JRE (1.8.0_161-b12), built on Dec 19 2017 17:52:25 by "java_re" with MS VC++ 10.0 (VS2010)

time: Thu Mar 22 14:06:12 2018
elapsed time: 1 seconds (0d 0h 0m 1s)

