#
# There is insufficient memory for the Java Runtime Environment to continue.
# Native memory allocation (malloc) failed to allocate 118416 bytes for Chunk::new
# Possible reasons:
#   The system is out of physical RAM or swap space
#   In 32 bit mode, the process size limit was hit
# Possible solutions:
#   Reduce memory load on the system
#   Increase physical memory or swap space
#   Check if swap backing store is full
#   Use 64 bit Java on a 64 bit OS
#   Decrease Java heap size (-Xmx/-Xms)
#   Decrease number of Java threads
#   Decrease Java thread stack sizes (-Xss)
#   Set larger code cache with -XX:ReservedCodeCacheSize=
# This output file may be truncated or incomplete.
#
#  Out of Memory Error (allocation.cpp:390), pid=9200, tid=0x0000000000001760
#
# JRE version: Java(TM) SE Runtime Environment (8.0_161-b12) (build 1.8.0_161-b12)
# Java VM: Java HotSpot(TM) 64-Bit Server VM (25.161-b12 mixed mode windows-amd64 compressed oops)
# Failed to write core dump. Minidumps are not enabled by default on client versions of Windows
#

---------------  T H R E A D  ---------------

Current thread (0x000000001d93b000):  JavaThread "C2 CompilerThread1" daemon [_thread_in_native, id=5984, stack(0x000000001e030000,0x000000001e130000)]

Stack: [0x000000001e030000,0x000000001e130000]
[error occurred during error reporting (printing stack bounds), id 0xc0000005]

Native frames: (J=compiled Java code, j=interpreted, Vv=VM code, C=native code)


Current CompileTask:
C2:  22790 3708       4       com.android.dx.dex.code.HighRegisterPrefix::codeSize (45 bytes)


---------------  P R O C E S S  ---------------

Java Threads: ( => current thread )
  0x000000002066c000 JavaThread "pool-1-thread-1" [_thread_in_Java, id=7160, stack(0x00000000210d0000,0x00000000211d0000)]
  0x000000001d9c6800 JavaThread "Service Thread" daemon [_thread_blocked, id=11484, stack(0x000000001e230000,0x000000001e330000)]
  0x000000001d946000 JavaThread "C1 CompilerThread2" daemon [_thread_blocked, id=11344, stack(0x000000001e130000,0x000000001e230000)]
=>0x000000001d93b000 JavaThread "C2 CompilerThread1" daemon [_thread_in_native, id=5984, stack(0x000000001e030000,0x000000001e130000)]
  0x000000001c62a800 JavaThread "C2 CompilerThread0" daemon [_thread_in_native, id=8984, stack(0x000000001df30000,0x000000001e030000)]
  0x000000001c5dd800 JavaThread "Attach Listener" daemon [_thread_blocked, id=6148, stack(0x000000001de30000,0x000000001df30000)]
  0x000000001d938800 JavaThread "Signal Dispatcher" daemon [_thread_blocked, id=9396, stack(0x000000001dd30000,0x000000001de30000)]
  0x000000001c5ba800 JavaThread "Finalizer" daemon [_thread_blocked, id=3836, stack(0x000000001d830000,0x000000001d930000)]
  0x0000000002ef0000 JavaThread "Reference Handler" daemon [_thread_blocked, id=8576, stack(0x000000001d730000,0x000000001d830000)]
  0x0000000002e02800 JavaThread "main" [_thread_blocked, id=1028, stack(0x0000000002d00000,0x0000000002e00000)]

Other Threads:
  0x000000001c598000 VMThread [stack: 0x000000001d630000,0x000000001d730000] [id=9672]
  0x000000001d9e3000 WatcherThread [stack: 0x000000001e330000,0x000000001e430000] [id=11392]

VM state:not at safepoint (normal execution)

VM Mutex/Monitor currently owned by a thread: None

Heap:
 PSYoungGen      total 829440K, used 35535K [0x000000076ab00000, 0x00000007aef80000, 0x00000007c0000000)
  eden space 606208K, 5% used [0x000000076ab00000,0x000000076cdb3df0,0x000000078fb00000)
  from space 223232K, 0% used [0x000000079e580000,0x000000079e580000,0x00000007abf80000)
  to   space 240128K, 0% used [0x000000078fb00000,0x000000078fb00000,0x000000079e580000)
 ParOldGen       total 894464K, used 575269K [0x00000006c0000000, 0x00000006f6980000, 0x000000076ab00000)
  object space 894464K, 64% used [0x00000006c0000000,0x00000006e31c97a8,0x00000006f6980000)
 Metaspace       used 7624K, capacity 7864K, committed 7936K, reserved 1056768K
  class space    used 697K, capacity 752K, committed 768K, reserved 1048576K

Card table byte_map: [0x00000000122c0000,0x0000000012ad0000] byte_map_base: 0x000000000ecc0000

Marking Bits: (ParMarkBitMap*) 0x000000007484f860
 Begin Bits: [0x0000000013430000, 0x0000000017430000)
 End Bits:   [0x0000000017430000, 0x000000001b430000)

Polling page: 0x0000000000ce0000

CodeCache: size=245760Kb used=14517Kb max_used=16819Kb free=231242Kb
 bounds [0x0000000002f00000, 0x0000000003f80000, 0x0000000011f00000]
 total_blobs=3556 nmethods=3277 adapters=192
 compilation: enabled

Compilation events (10 events):
Event: 22.721 Thread 0x000000001d93b000 nmethod 3703 0x0000000003177550 code [0x00000000031776a0, 0x0000000003177798]
Event: 22.729 Thread 0x000000001d93b000 3704       4       com.android.dx.dex.code.form.Form21s::isCompatible (89 bytes)
Event: 22.732 Thread 0x000000001d93b000 nmethod 3704 0x0000000003648d10 code [0x0000000003648e80, 0x00000000036490b8]
Event: 22.738 Thread 0x000000001d946000 3705       3       com.android.dx.dex.code.DalvCode::getCatches (9 bytes)
Event: 22.738 Thread 0x000000001d946000 nmethod 3705 0x0000000003228c10 code [0x0000000003228d80, 0x0000000003228f28]
Event: 22.759 Thread 0x000000001d93b000 3706       4       com.android.dx.rop.code.RegisterSpec::matchesVariable (68 bytes)
Event: 22.762 Thread 0x000000001d93b000 nmethod 3706 0x0000000003225fd0 code [0x0000000003226120, 0x0000000003226678]
Event: 22.763 Thread 0x000000001d946000 3707       1       com.android.dx.rop.cst.CstLiteral64::getIntBits (6 bytes)
Event: 22.763 Thread 0x000000001d946000 nmethod 3707 0x00000000035dcc50 code [0x00000000035dcda0, 0x00000000035dceb0]
Event: 22.770 Thread 0x000000001d93b000 3708       4       com.android.dx.dex.code.HighRegisterPrefix::codeSize (45 bytes)

GC Heap History (10 events):
Event: 12.797 GC heap before
{Heap before GC invocations=19 (full 3):
 PSYoungGen      total 703488K, used 703484K [0x000000076ab00000, 0x00000007abf80000, 0x00000007c0000000)
  eden space 516096K, 100% used [0x000000076ab00000,0x000000078a300000,0x000000078a300000)
  from space 187392K, 99% used [0x000000078a300000,0x00000007959ff330,0x0000000795a00000)
  to   space 223232K, 0% used [0x000000079e580000,0x000000079e580000,0x00000007abf80000)
 ParOldGen       total 429056K, used 338195K [0x00000006c0000000, 0x00000006da300000, 0x000000076ab00000)
  object space 429056K, 78% used [0x00000006c0000000,0x00000006d4a44e18,0x00000006da300000)
 Metaspace       used 6843K, capacity 7320K, committed 7680K, reserved 1056768K
  class space    used 646K, capacity 656K, committed 768K, reserved 1048576K
Event: 13.092 GC heap after
Heap after GC invocations=19 (full 3):
 PSYoungGen      total 829440K, used 165173K [0x000000076ab00000, 0x00000007aef80000, 0x00000007c0000000)
  eden space 606208K, 0% used [0x000000076ab00000,0x000000076ab00000,0x000000078fb00000)
  from space 223232K, 73% used [0x000000079e580000,0x00000007a86cd530,0x00000007abf80000)
  to   space 240128K, 0% used [0x000000078fb00000,0x000000078fb00000,0x000000079e580000)
 ParOldGen       total 446464K, used 446370K [0x00000006c0000000, 0x00000006db400000, 0x000000076ab00000)
  object space 446464K, 99% used [0x00000006c0000000,0x00000006db3e8b18,0x00000006db400000)
 Metaspace       used 6843K, capacity 7320K, committed 7680K, reserved 1056768K
  class space    used 646K, capacity 656K, committed 768K, reserved 1048576K
}
Event: 13.092 GC heap before
{Heap before GC invocations=20 (full 4):
 PSYoungGen      total 829440K, used 165173K [0x000000076ab00000, 0x00000007aef80000, 0x00000007c0000000)
  eden space 606208K, 0% used [0x000000076ab00000,0x000000076ab00000,0x000000078fb00000)
  from space 223232K, 73% used [0x000000079e580000,0x00000007a86cd530,0x00000007abf80000)
  to   space 240128K, 0% used [0x000000078fb00000,0x000000078fb00000,0x000000079e580000)
 ParOldGen       total 446464K, used 446370K [0x00000006c0000000, 0x00000006db400000, 0x000000076ab00000)
  object space 446464K, 99% used [0x00000006c0000000,0x00000006db3e8b18,0x00000006db400000)
 Metaspace       used 6843K, capacity 7320K, committed 7680K, reserved 1056768K
  class space    used 646K, capacity 656K, committed 768K, reserved 1048576K
Event: 15.531 GC heap after
Heap after GC invocations=20 (full 4):
 PSYoungGen      total 829440K, used 155569K [0x000000076ab00000, 0x00000007aef80000, 0x00000007c0000000)
  eden space 606208K, 0% used [0x000000076ab00000,0x000000076ab00000,0x000000078fb00000)
  from space 223232K, 69% used [0x000000079e580000,0x00000007a7d6c500,0x00000007abf80000)
  to   space 240128K, 0% used [0x000000078fb00000,0x000000078fb00000,0x000000079e580000)
 ParOldGen       total 687616K, used 446413K [0x00000006c0000000, 0x00000006e9f80000, 0x000000076ab00000)
  object space 687616K, 64% used [0x00000006c0000000,0x00000006db3f35a8,0x00000006e9f80000)
 Metaspace       used 6843K, capacity 7320K, committed 7680K, reserved 1056768K
  class space    used 646K, capacity 656K, committed 768K, reserved 1048576K
}
Event: 16.514 GC heap before
{Heap before GC invocations=21 (full 4):
 PSYoungGen      total 829440K, used 761777K [0x000000076ab00000, 0x00000007aef80000, 0x00000007c0000000)
  eden space 606208K, 100% used [0x000000076ab00000,0x000000078fb00000,0x000000078fb00000)
  from space 223232K, 69% used [0x000000079e580000,0x00000007a7d6c500,0x00000007abf80000)
  to   space 240128K, 0% used [0x000000078fb00000,0x000000078fb00000,0x000000079e580000)
 ParOldGen       total 687616K, used 446413K [0x00000006c0000000, 0x00000006e9f80000, 0x000000076ab00000)
  object space 687616K, 64% used [0x00000006c0000000,0x00000006db3f35a8,0x00000006e9f80000)
 Metaspace       used 6848K, capacity 7320K, committed 7680K, reserved 1056768K
  class space    used 646K, capacity 656K, committed 768K, reserved 1048576K
Event: 16.805 GC heap after
Heap after GC invocations=21 (full 4):
 PSYoungGen      total 846336K, used 240114K [0x000000076ab00000, 0x00000007aef80000, 0x00000007c0000000)
  eden space 606208K, 0% used [0x000000076ab00000,0x000000076ab00000,0x000000078fb00000)
  from space 240128K, 99% used [0x000000078fb00000,0x000000079e57cb70,0x000000079e580000)
  to   space 223232K, 0% used [0x000000079e580000,0x000000079e580000,0x00000007abf80000)
 ParOldGen       total 687616K, used 459538K [0x00000006c0000000, 0x00000006e9f80000, 0x000000076ab00000)
  object space 687616K, 66% used [0x00000006c0000000,0x00000006dc0c48a8,0x00000006e9f80000)
 Metaspace       used 6848K, capacity 7320K, committed 7680K, reserved 1056768K
  class space    used 646K, capacity 656K, committed 768K, reserved 1048576K
}
Event: 19.424 GC heap before
{Heap before GC invocations=22 (full 4):
 PSYoungGen      total 846336K, used 846322K [0x000000076ab00000, 0x00000007aef80000, 0x00000007c0000000)
  eden space 606208K, 100% used [0x000000076ab00000,0x000000078fb00000,0x000000078fb00000)
  from space 240128K, 99% used [0x000000078fb00000,0x000000079e57cb70,0x000000079e580000)
  to   space 223232K, 0% used [0x000000079e580000,0x000000079e580000,0x00000007abf80000)
 ParOldGen       total 687616K, used 459538K [0x00000006c0000000, 0x00000006e9f80000, 0x000000076ab00000)
  object space 687616K, 66% used [0x00000006c0000000,0x00000006dc0c48a8,0x00000006e9f80000)
 Metaspace       used 7621K, capacity 7864K, committed 7936K, reserved 1056768K
  class space    used 697K, capacity 752K, committed 768K, reserved 1048576K
Event: 19.726 GC heap after
Heap after GC invocations=22 (full 4):
 PSYoungGen      total 829440K, used 160537K [0x000000076ab00000, 0x00000007aef80000, 0x00000007c0000000)
  eden space 606208K, 0% used [0x000000076ab00000,0x000000076ab00000,0x000000078fb00000)
  from space 223232K, 71% used [0x000000079e580000,0x00000007a82465e8,0x00000007abf80000)
  to   space 240128K, 0% used [0x000000078fb00000,0x000000078fb00000,0x000000079e580000)
 ParOldGen       total 687616K, used 606699K [0x00000006c0000000, 0x00000006e9f80000, 0x000000076ab00000)
  object space 687616K, 88% used [0x00000006c0000000,0x00000006e507af60,0x00000006e9f80000)
 Metaspace       used 7621K, capacity 7864K, committed 7936K, reserved 1056768K
  class space    used 697K, capacity 752K, committed 768K, reserved 1048576K
}
Event: 19.726 GC heap before
{Heap before GC invocations=23 (full 5):
 PSYoungGen      total 829440K, used 160537K [0x000000076ab00000, 0x00000007aef80000, 0x00000007c0000000)
  eden space 606208K, 0% used [0x000000076ab00000,0x000000076ab00000,0x000000078fb00000)
  from space 223232K, 71% used [0x000000079e580000,0x00000007a82465e8,0x00000007abf80000)
  to   space 240128K, 0% used [0x000000078fb00000,0x000000078fb00000,0x000000079e580000)
 ParOldGen       total 687616K, used 606699K [0x00000006c0000000, 0x00000006e9f80000, 0x000000076ab00000)
  object space 687616K, 88% used [0x00000006c0000000,0x00000006e507af60,0x00000006e9f80000)
 Metaspace       used 7621K, capacity 7864K, committed 7936K, reserved 1056768K
  class space    used 697K, capacity 752K, committed 768K, reserved 1048576K
Event: 22.501 GC heap after
Heap after GC invocations=23 (full 5):
 PSYoungGen      total 829440K, used 0K [0x000000076ab00000, 0x00000007aef80000, 0x00000007c0000000)
  eden space 606208K, 0% used [0x000000076ab00000,0x000000076ab00000,0x000000078fb00000)
  from space 223232K, 0% used [0x000000079e580000,0x000000079e580000,0x00000007abf80000)
  to   space 240128K, 0% used [0x000000078fb00000,0x000000078fb00000,0x000000079e580000)
 ParOldGen       total 894464K, used 575269K [0x00000006c0000000, 0x00000006f6980000, 0x000000076ab00000)
  object space 894464K, 64% used [0x00000006c0000000,0x00000006e31c97a8,0x00000006f6980000)
 Metaspace       used 7621K, capacity 7864K, committed 7936K, reserved 1056768K
  class space    used 697K, capacity 752K, committed 768K, reserved 1048576K
}

Deoptimization events (10 events):
Event: 19.299 Thread 0x000000002066c000 Uncommon trap: reason=unstable_if action=reinterpret pc=0x0000000003f45198 method=com.android.dx.dex.code.LocalList$MakeState.aboutToProcess(II)V @ 54
Event: 19.300 Thread 0x000000002066c000 Uncommon trap: reason=unstable_if action=reinterpret pc=0x0000000003f4d160 method=com.android.dx.dex.code.LocalList$MakeState.aboutToProcess(II)V @ 54
Event: 19.348 Thread 0x000000002066c000 Uncommon trap: reason=array_check action=maybe_recompile pc=0x0000000003094a34 method=java.util.ComparableTimSort.binarySort([Ljava/lang/Object;III)V @ 215
Event: 19.348 Thread 0x000000002066c000 Uncommon trap: reason=array_check action=maybe_recompile pc=0x0000000003094a34 method=java.util.ComparableTimSort.binarySort([Ljava/lang/Object;III)V @ 215
Event: 19.411 Thread 0x000000002066c000 Uncommon trap: reason=array_check action=maybe_recompile pc=0x0000000003f505b0 method=java.util.ComparableTimSort.binarySort([Ljava/lang/Object;III)V @ 183
Event: 22.504 Thread 0x000000002066c000 Uncommon trap: reason=array_check action=maybe_recompile pc=0x0000000003f505b0 method=java.util.ComparableTimSort.binarySort([Ljava/lang/Object;III)V @ 183
Event: 22.633 Thread 0x000000002066c000 Uncommon trap: reason=class_check action=maybe_recompile pc=0x00000000031f8474 method=com.android.dx.dex.code.form.Form35c.isCompatible(Lcom/android/dx/dex/code/DalvInsn;)Z @ 36
Event: 22.633 Thread 0x000000002066c000 Uncommon trap: reason=class_check action=maybe_recompile pc=0x00000000031f8474 method=com.android.dx.dex.code.form.Form35c.isCompatible(Lcom/android/dx/dex/code/DalvInsn;)Z @ 36
Event: 22.643 Thread 0x000000002066c000 Uncommon trap: reason=class_check action=maybe_recompile pc=0x00000000031f8474 method=com.android.dx.dex.code.form.Form35c.isCompatible(Lcom/android/dx/dex/code/DalvInsn;)Z @ 36
Event: 22.643 Thread 0x000000002066c000 Uncommon trap: reason=class_check action=maybe_recompile pc=0x00000000031f8474 method=com.android.dx.dex.code.form.Form35c.isCompatible(Lcom/android/dx/dex/code/DalvInsn;)Z @ 36

Classes redefined (0 events):
No events

Internal exceptions (10 events):
Event: 0.024 Thread 0x0000000002e02800 Exception <a 'java/lang/NoSuchMethodError': Method sun.misc.Unsafe.defineClass(Ljava/lang/String;[BII)Ljava/lang/Class; name or signature does not match> (0x000000076ab07ca0) thrown at [C:\re\workspace\8-2-build-windows-amd64-cygwin\jdk8u161\10277\hotspot
Event: 0.024 Thread 0x0000000002e02800 Exception <a 'java/lang/NoSuchMethodError': Method sun.misc.Unsafe.prefetchRead(Ljava/lang/Object;J)V name or signature does not match> (0x000000076ab07f88) thrown at [C:\re\workspace\8-2-build-windows-amd64-cygwin\jdk8u161\10277\hotspot\src\share\vm\prim
Event: 0.532 Thread 0x000000001ec1c800 Implicit null exception at 0x00000000032d72ba to 0x00000000032d94fd
Event: 0.602 Thread 0x000000001ec1d800 Implicit null exception at 0x000000000323de62 to 0x000000000323df62
Event: 0.933 Thread 0x000000001e790000 Exception <a 'java/lang/ArrayIndexOutOfBoundsException': 18> (0x000000076da42a40) thrown at [C:\re\workspace\8-2-build-windows-amd64-cygwin\jdk8u161\10277\hotspot\src\share\vm\interpreter\interpreterRuntime.cpp, line 366]
Event: 0.933 Thread 0x000000001e790000 Exception <a 'java/lang/ArrayIndexOutOfBoundsException': 145> (0x000000076da445c0) thrown at [C:\re\workspace\8-2-build-windows-amd64-cygwin\jdk8u161\10277\hotspot\src\share\vm\interpreter\interpreterRuntime.cpp, line 366]
Event: 0.934 Thread 0x000000001e790000 Exception <a 'java/lang/ArrayIndexOutOfBoundsException'> (0x000000076da458a8) thrown at [C:\re\workspace\8-2-build-windows-amd64-cygwin\jdk8u161\10277\hotspot\src\share\vm\runtime\sharedRuntime.cpp, line 605]
Event: 2.995 Thread 0x000000001e78b800 Implicit null exception at 0x00000000037ec018 to 0x00000000037f357d
Event: 3.924 Thread 0x0000000002e02800 Implicit null exception at 0x0000000003087db0 to 0x0000000003088721
Event: 7.243 Thread 0x000000001e790000 Implicit null exception at 0x000000000397f4f2 to 0x000000000398185c

Events (10 events):
Event: 22.633 Thread 0x000000002066c000 DEOPT UNPACKING pc=0x0000000002f4583b sp=0x00000000211cec98 mode 2
Event: 22.633 Thread 0x000000002066c000 Uncommon trap: trap_request=0xffffffde fr.pc=0x00000000031f8474
Event: 22.633 Thread 0x000000002066c000 DEOPT PACKING pc=0x00000000031f8474 sp=0x00000000211ced10
Event: 22.633 Thread 0x000000002066c000 DEOPT UNPACKING pc=0x0000000002f4583b sp=0x00000000211cec98 mode 2
Event: 22.643 Thread 0x000000002066c000 Uncommon trap: trap_request=0xffffffde fr.pc=0x00000000031f8474
Event: 22.643 Thread 0x000000002066c000 DEOPT PACKING pc=0x00000000031f8474 sp=0x00000000211ced10
Event: 22.643 Thread 0x000000002066c000 DEOPT UNPACKING pc=0x0000000002f4583b sp=0x00000000211cec98 mode 2
Event: 22.643 Thread 0x000000002066c000 Uncommon trap: trap_request=0xffffffde fr.pc=0x00000000031f8474
Event: 22.643 Thread 0x000000002066c000 DEOPT PACKING pc=0x00000000031f8474 sp=0x00000000211cec80
Event: 22.643 Thread 0x000000002066c000 DEOPT UNPACKING pc=0x0000000002f4583b sp=0x00000000211cec08 mode 2


Dynamic libraries:
0x00007ff6b5040000 - 0x00007ff6b5077000 	D:\2.develop_tools\JAVA\JDK\bin\java.exe
0x00007ffa766a0000 - 0x00007ffa76871000 	C:\Windows\SYSTEM32\ntdll.dll
0x00007ffa740a0000 - 0x00007ffa7414b000 	C:\Windows\System32\KERNEL32.DLL
0x00007ffa73590000 - 0x00007ffa737ad000 	C:\Windows\System32\KERNELBASE.dll
0x00007ffa74150000 - 0x00007ffa741f2000 	C:\Windows\System32\ADVAPI32.dll
0x00007ffa745d0000 - 0x00007ffa7466e000 	C:\Windows\System32\msvcrt.dll
0x00007ffa748f0000 - 0x00007ffa74949000 	C:\Windows\System32\sechost.dll
0x00007ffa76570000 - 0x00007ffa76691000 	C:\Windows\System32\RPCRT4.dll
0x00007ffa74bb0000 - 0x00007ffa74d15000 	C:\Windows\System32\USER32.dll
0x00007ffa73b50000 - 0x00007ffa73b6e000 	C:\Windows\System32\win32u.dll
0x00007ffa746d0000 - 0x00007ffa74704000 	C:\Windows\System32\GDI32.dll
0x00007ffa739c0000 - 0x00007ffa73b42000 	C:\Windows\System32\gdi32full.dll
0x00007ffa67840000 - 0x00007ffa67aba000 	C:\Windows\WinSxS\amd64_microsoft.windows.common-controls_6595b64144ccf1df_6.0.14393.953_none_42151e83c686086b\COMCTL32.dll
0x00007ffa762a0000 - 0x00007ffa76568000 	C:\Windows\System32\combase.dll
0x00007ffa738c0000 - 0x00007ffa739b5000 	C:\Windows\System32\ucrtbase.dll
0x00007ffa73bc0000 - 0x00007ffa73c2a000 	C:\Windows\System32\bcryptPrimitives.dll
0x00007ffa74070000 - 0x00007ffa7409e000 	C:\Windows\System32\IMM32.DLL
0x00000000748d0000 - 0x00000000749a2000 	D:\2.develop_tools\JAVA\JDK\jre\bin\msvcr100.dll
0x0000000074030000 - 0x00000000748cf000 	D:\2.develop_tools\JAVA\JDK\jre\bin\server\jvm.dll
0x00007ffa74060000 - 0x00007ffa74068000 	C:\Windows\System32\PSAPI.DLL
0x00007ffa70fb0000 - 0x00007ffa70fd3000 	C:\Windows\SYSTEM32\WINMM.dll
0x00007ffa655c0000 - 0x00007ffa655c9000 	C:\Windows\SYSTEM32\WSOCK32.dll
0x00007ffa6e480000 - 0x00007ffa6e48a000 	C:\Windows\SYSTEM32\VERSION.dll
0x00007ffa76230000 - 0x00007ffa7629a000 	C:\Windows\System32\WS2_32.dll
0x00007ffa70f50000 - 0x00007ffa70f7b000 	C:\Windows\SYSTEM32\WINMMBASE.dll
0x00007ffa73b70000 - 0x00007ffa73bb2000 	C:\Windows\System32\cfgmgr32.dll
0x0000000074020000 - 0x000000007402f000 	D:\2.develop_tools\JAVA\JDK\jre\bin\verify.dll
0x0000000073ff0000 - 0x0000000074019000 	D:\2.develop_tools\JAVA\JDK\jre\bin\java.dll
0x0000000073fd0000 - 0x0000000073fe6000 	D:\2.develop_tools\JAVA\JDK\jre\bin\zip.dll
0x00007ffa74d20000 - 0x00007ffa76229000 	C:\Windows\System32\SHELL32.dll
0x00007ffa72e10000 - 0x00007ffa734ea000 	C:\Windows\System32\windows.storage.dll
0x00007ffa72b40000 - 0x00007ffa72b8c000 	C:\Windows\System32\powrprof.dll
0x00007ffa74670000 - 0x00007ffa746c2000 	C:\Windows\System32\shlwapi.dll
0x00007ffa72b30000 - 0x00007ffa72b3f000 	C:\Windows\System32\kernel.appcore.dll
0x00007ffa73810000 - 0x00007ffa738b9000 	C:\Windows\System32\shcore.dll
0x00007ffa72b10000 - 0x00007ffa72b24000 	C:\Windows\System32\profapi.dll

VM Arguments:
jvm_args: -Djava.awt.headless=true -Xmx4g -Dfile.encoding=GBK -Duser.country=CN -Duser.language=zh -Duser.variant 
java_command: com.android.dx.command.Main --dex --num-threads=4 --multi-dex --main-dex-list D:\3.Code\MyAppProject\ahjl_app\appclient\app\build\intermediates\multi-dex\debug\maindexlist.txt --output D:\3.Code\MyAppProject\ahjl_app\appclient\app\build\intermediates\transforms\dex\debug\folders\1000\1f\main D:\3.Code\MyAppProject\ahjl_app\appclient\app\build\intermediates\transforms\jarMerging\debug\jars\1\1f\combined.jar
java_class_path (initial): D:\2.develop_tools\SDK\build-tools\25.0.2\lib\dx.jar
Launcher Type: SUN_STANDARD

Environment Variables:
JAVA_HOME=D:\2.develop_tools\JAVA\JDK
PATH=C:\Windows\system32;C:\Windows;C:\Windows\System32\Wbem;C:\Windows\System32\WindowsPowerShell\v1.0\;C:\Windows\system32\config\systemprofile\.dnx\bin;C:\Program Files\Microsoft DNX\Dnvm\;C:\Program Files\Microsoft SQL Server\130\Tools\Binn\;D:\2.develop_tools\JAVA\JDK\bin;D:\2.develop_tools\JAVA\JDK\jre\bin;E:\Program Files (x86)\Microsoft SQL Server\100\Tools\Binn\;E:\Program Files\Microsoft SQL Server\100\Tools\Binn\;E:\Program Files\Microsoft SQL Server\100\DTS\Binn\;E:\Program Files (x86)\Microsoft SQL Server\100\Tools\Binn\VSShell\Common7\IDE\;C:\Program Files (x86)\Microsoft Visual Studio 9.0\Common7\IDE\PrivateAssemblies\;E:\Program Files (x86)\Microsoft SQL Server\100\DTS\Binn\;C:\Program Files\TortoiseSVN\bin;C:\Users\Administrator\AppData\Local\Microsoft\WindowsApps;
USERNAME=Administrator
OS=Windows_NT
PROCESSOR_IDENTIFIER=AMD64 Family 23 Model 17 Stepping 0, AuthenticAMD



---------------  S Y S T E M  ---------------

OS: Windows 10.0 , 64 bit Build 14393 (10.0.14393.0)

CPU:total 4 (initial active 4) (4 cores per cpu, 1 threads per core) family 23 model 17 stepping 0, cmov, cx8, fxsr, mmx, sse, sse2, sse3, ssse3, sse4.1, sse4.2, popcnt, avx, avx2, aes, clmul, mmxext, 3dnowpref, lzcnt, sse4a, tsc, tscinvbit, tscinv, bmi1

Memory: 4k page, physical 7287484k(899524k free), swap 8860348k(5200k free)

vm_info: Java HotSpot(TM) 64-Bit Server VM (25.161-b12) for windows-amd64 JRE (1.8.0_161-b12), built on Dec 19 2017 17:52:25 by "java_re" with MS VC++ 10.0 (VS2010)

time: Sat Apr 28 09:50:40 2018
elapsed time: 22 seconds (0d 0h 0m 22s)

