#
# There is insufficient memory for the Java Runtime Environment to continue.
# Native memory allocation (malloc) failed to allocate 362656 bytes for Chunk::new
# Possible reasons:
#   The system is out of physical RAM or swap space
#   In 32 bit mode, the process size limit was hit
# Possible solutions:
#   Reduce memory load on the system
#   Increase physical memory or swap space
#   Check if swap backing store is full
#   Use 64 bit Java on a 64 bit OS
#   Decrease Java heap size (-Xmx/-Xms)
#   Decrease number of Java threads
#   Decrease Java thread stack sizes (-Xss)
#   Set larger code cache with -XX:ReservedCodeCacheSize=
# This output file may be truncated or incomplete.
#
#  Out of Memory Error (allocation.cpp:390), pid=7172, tid=0x0000000000002228
#
# JRE version: Java(TM) SE Runtime Environment (8.0_161-b12) (build 1.8.0_161-b12)
# Java VM: Java HotSpot(TM) 64-Bit Server VM (25.161-b12 mixed mode windows-amd64 compressed oops)
# Failed to write core dump. Minidumps are not enabled by default on client versions of Windows
#

---------------  T H R E A D  ---------------

Current thread (0x000000001cc0c800):  JavaThread "C2 CompilerThread0" daemon [_thread_in_native, id=8744, stack(0x000000001e500000,0x000000001e600000)]

Stack: [0x000000001e500000,0x000000001e600000]
[error occurred during error reporting (printing stack bounds), id 0xc0000005]

Native frames: (J=compiled Java code, j=interpreted, Vv=VM code, C=native code)


Current CompileTask:
C2:   8305 2487       4       com.android.dx.ssa.SsaConverter::edgeSplitPredecessors (44 bytes)


---------------  P R O C E S S  ---------------

Java Threads: ( => current thread )
  0x000000001e2e9800 JavaThread "pool-2-thread-4" [_thread_in_Java, id=8312, stack(0x00000000205d0000,0x00000000206d0000)]
  0x000000001e2e8800 JavaThread "pool-2-thread-3" [_thread_in_Java, id=9648, stack(0x00000000204d0000,0x00000000205d0000)]
  0x000000001ef0f800 JavaThread "pool-2-thread-2" [_thread_in_vm, id=9556, stack(0x00000000203d0000,0x00000000204d0000)]
  0x000000001f1c1000 JavaThread "pool-3-thread-1" [_thread_blocked, id=7048, stack(0x00000000202d0000,0x00000000203d0000)]
  0x000000001edf6800 JavaThread "pool-2-thread-1" [_thread_in_Java, id=4708, stack(0x00000000201d0000,0x00000000202d0000)]
  0x000000001df98000 JavaThread "Service Thread" daemon [_thread_blocked, id=10380, stack(0x000000001e800000,0x000000001e900000)]
  0x000000001df18800 JavaThread "C1 CompilerThread2" daemon [_thread_in_native, id=6452, stack(0x000000001e700000,0x000000001e800000)]
  0x000000001df09000 JavaThread "C2 CompilerThread1" daemon [_thread_in_native, id=2376, stack(0x000000001e600000,0x000000001e700000)]
=>0x000000001cc0c800 JavaThread "C2 CompilerThread0" daemon [_thread_in_native, id=8744, stack(0x000000001e500000,0x000000001e600000)]
  0x000000001cbbd800 JavaThread "Attach Listener" daemon [_thread_blocked, id=5632, stack(0x000000001e400000,0x000000001e500000)]
  0x000000001df08800 JavaThread "Signal Dispatcher" daemon [_thread_blocked, id=5424, stack(0x000000001e300000,0x000000001e400000)]
  0x00000000034dd800 JavaThread "Finalizer" daemon [_thread_blocked, id=4320, stack(0x000000001de00000,0x000000001df00000)]
  0x00000000034d2000 JavaThread "Reference Handler" daemon [_thread_blocked, id=9832, stack(0x000000001dd00000,0x000000001de00000)]
  0x00000000033e2800 JavaThread "main" [_thread_blocked, id=9736, stack(0x00000000032e0000,0x00000000033e0000)]

Other Threads:
  0x000000001cb77000 VMThread [stack: 0x000000001dc00000,0x000000001dd00000] [id=9392]
  0x000000001dfa9800 WatcherThread [stack: 0x000000001e900000,0x000000001ea00000] [id=8616]

VM state:not at safepoint (normal execution)

VM Mutex/Monitor currently owned by a thread: None

Heap:
 PSYoungGen      total 561152K, used 142962K [0x000000076ab00000, 0x000000079f380000, 0x00000007c0000000)
  eden space 432640K, 14% used [0x000000076ab00000,0x000000076e866360,0x0000000785180000)
  from space 128512K, 62% used [0x0000000785180000,0x0000000789fb67c0,0x000000078cf00000)
  to   space 165888K, 0% used [0x0000000795180000,0x0000000795180000,0x000000079f380000)
 ParOldGen       total 466432K, used 297880K [0x00000006c0000000, 0x00000006dc780000, 0x000000076ab00000)
  object space 466432K, 63% used [0x00000006c0000000,0x00000006d22e63b0,0x00000006dc780000)
 Metaspace       used 6833K, capacity 7320K, committed 7680K, reserved 1056768K
  class space    used 645K, capacity 656K, committed 768K, reserved 1048576K

Card table byte_map: [0x00000000128a0000,0x00000000130b0000] byte_map_base: 0x000000000f2a0000

Marking Bits: (ParMarkBitMap*) 0x000000005538f860
 Begin Bits: [0x0000000013a10000, 0x0000000017a10000)
 End Bits:   [0x0000000017a10000, 0x000000001ba10000)

Polling page: 0x0000000001270000

CodeCache: size=245760Kb used=11380Kb max_used=11399Kb free=234379Kb
 bounds [0x00000000034e0000, 0x0000000004010000, 0x00000000124e0000]
 total_blobs=2685 nmethods=2413 adapters=185
 compilation: enabled

Compilation events (10 events):
Event: 6.967 Thread 0x000000001df18800 2576 %     3       com.android.dx.ssa.SsaMethod::deleteInsns @ 42 (239 bytes)
Event: 6.968 Thread 0x000000001df18800 nmethod 2576% 0x0000000003feab50 code [0x0000000003feaf60, 0x0000000003fed668]
Event: 6.969 Thread 0x000000001df18800 2577       3       com.android.dx.ssa.SsaMethod::deleteInsns (239 bytes)
Event: 6.970 Thread 0x000000001df18800 nmethod 2577 0x0000000003feef10 code [0x0000000003fef300, 0x0000000003ff17d8]
Event: 6.970 Thread 0x000000001df18800 2578 %     3       com.android.dx.ssa.back.SsaToRop::convertBasicBlocks @ 69 (151 bytes)
Event: 6.971 Thread 0x000000001df18800 nmethod 2578% 0x0000000003ff2fd0 code [0x0000000003ff32c0, 0x0000000003ff4c68]
Event: 6.978 Thread 0x000000001df18800 2580       3       com.android.dx.ssa.back.SsaToRop::convertBasicBlocks (151 bytes)
Event: 6.979 Thread 0x000000001df18800 nmethod 2580 0x0000000003ff5990 code [0x0000000003ff5c80, 0x0000000003ff74d8]
Event: 8.278 Thread 0x000000001cc0c800 nmethod 2573 0x0000000003ffe090 code [0x0000000003ffe640, 0x0000000004002c20]
Event: 8.279 Thread 0x000000001cc0c800 2487       4       com.android.dx.ssa.SsaConverter::edgeSplitPredecessors (44 bytes)

GC Heap History (10 events):
Event: 3.997 GC heap before
{Heap before GC invocations=12 (full 2):
 PSYoungGen      total 418816K, used 30699K [0x000000076ab00000, 0x0000000792200000, 0x00000007c0000000)
  eden space 388096K, 0% used [0x000000076ab00000,0x000000076ab00000,0x0000000782600000)
  from space 30720K, 99% used [0x0000000788200000,0x0000000789ffac10,0x000000078a000000)
  to   space 94208K, 0% used [0x0000000782600000,0x0000000782600000,0x0000000788200000)
 ParOldGen       total 167936K, used 167269K [0x00000006c0000000, 0x00000006ca400000, 0x000000076ab00000)
  object space 167936K, 99% used [0x00000006c0000000,0x00000006ca3596d8,0x00000006ca400000)
 Metaspace       used 6814K, capacity 7320K, committed 7680K, reserved 1056768K
  class space    used 644K, capacity 656K, committed 768K, reserved 1048576K
Event: 4.677 GC heap after
Heap after GC invocations=12 (full 2):
 PSYoungGen      total 418816K, used 21934K [0x000000076ab00000, 0x0000000792200000, 0x00000007c0000000)
  eden space 388096K, 0% used [0x000000076ab00000,0x000000076ab00000,0x0000000782600000)
  from space 30720K, 71% used [0x0000000788200000,0x000000078976bb70,0x000000078a000000)
  to   space 94208K, 0% used [0x0000000782600000,0x0000000782600000,0x0000000788200000)
 ParOldGen       total 297984K, used 166742K [0x00000006c0000000, 0x00000006d2300000, 0x000000076ab00000)
  object space 297984K, 55% used [0x00000006c0000000,0x00000006ca2d5b80,0x00000006d2300000)
 Metaspace       used 6814K, capacity 7320K, committed 7680K, reserved 1056768K
  class space    used 644K, capacity 656K, committed 768K, reserved 1048576K
}
Event: 5.305 GC heap before
{Heap before GC invocations=13 (full 2):
 PSYoungGen      total 418816K, used 410030K [0x000000076ab00000, 0x0000000792200000, 0x00000007c0000000)
  eden space 388096K, 100% used [0x000000076ab00000,0x0000000782600000,0x0000000782600000)
  from space 30720K, 71% used [0x0000000788200000,0x000000078976bb70,0x000000078a000000)
  to   space 94208K, 0% used [0x0000000782600000,0x0000000782600000,0x0000000788200000)
 ParOldGen       total 297984K, used 166742K [0x00000006c0000000, 0x00000006d2300000, 0x000000076ab00000)
  object space 297984K, 55% used [0x00000006c0000000,0x00000006ca2d5b80,0x00000006d2300000)
 Metaspace       used 6817K, capacity 7320K, committed 7680K, reserved 1056768K
  class space    used 644K, capacity 656K, committed 768K, reserved 1048576K
Event: 5.416 GC heap after
Heap after GC invocations=13 (full 2):
 PSYoungGen      total 482304K, used 66614K [0x000000076ab00000, 0x0000000793100000, 0x00000007c0000000)
  eden space 388096K, 0% used [0x000000076ab00000,0x000000076ab00000,0x0000000782600000)
  from space 94208K, 70% used [0x0000000782600000,0x000000078670d8b0,0x0000000788200000)
  to   space 100352K, 0% used [0x000000078cf00000,0x000000078cf00000,0x0000000793100000)
 ParOldGen       total 297984K, used 184086K [0x00000006c0000000, 0x00000006d2300000, 0x000000076ab00000)
  object space 297984K, 61% used [0x00000006c0000000,0x00000006cb3c58d8,0x00000006d2300000)
 Metaspace       used 6817K, capacity 7320K, committed 7680K, reserved 1056768K
  class space    used 644K, capacity 656K, committed 768K, reserved 1048576K
}
Event: 6.076 GC heap before
{Heap before GC invocations=14 (full 2):
 PSYoungGen      total 482304K, used 454710K [0x000000076ab00000, 0x0000000793100000, 0x00000007c0000000)
  eden space 388096K, 100% used [0x000000076ab00000,0x0000000782600000,0x0000000782600000)
  from space 94208K, 70% used [0x0000000782600000,0x000000078670d8b0,0x0000000788200000)
  to   space 100352K, 0% used [0x000000078cf00000,0x000000078cf00000,0x0000000793100000)
 ParOldGen       total 297984K, used 184086K [0x00000006c0000000, 0x00000006d2300000, 0x000000076ab00000)
  object space 297984K, 61% used [0x00000006c0000000,0x00000006cb3c58d8,0x00000006d2300000)
 Metaspace       used 6830K, capacity 7320K, committed 7680K, reserved 1056768K
  class space    used 644K, capacity 656K, committed 768K, reserved 1048576K
Event: 6.214 GC heap after
Heap after GC invocations=14 (full 2):
 PSYoungGen      total 532992K, used 100335K [0x000000076ab00000, 0x0000000796f80000, 0x00000007c0000000)
  eden space 432640K, 0% used [0x000000076ab00000,0x000000076ab00000,0x0000000785180000)
  from space 100352K, 99% used [0x000000078cf00000,0x00000007930fbcc8,0x0000000793100000)
  to   space 128512K, 0% used [0x0000000785180000,0x0000000785180000,0x000000078cf00000)
 ParOldGen       total 297984K, used 212865K [0x00000006c0000000, 0x00000006d2300000, 0x000000076ab00000)
  object space 297984K, 71% used [0x00000006c0000000,0x00000006ccfe0630,0x00000006d2300000)
 Metaspace       used 6830K, capacity 7320K, committed 7680K, reserved 1056768K
  class space    used 644K, capacity 656K, committed 768K, reserved 1048576K
}
Event: 7.019 GC heap before
{Heap before GC invocations=15 (full 2):
 PSYoungGen      total 532992K, used 532975K [0x000000076ab00000, 0x0000000796f80000, 0x00000007c0000000)
  eden space 432640K, 100% used [0x000000076ab00000,0x0000000785180000,0x0000000785180000)
  from space 100352K, 99% used [0x000000078cf00000,0x00000007930fbcc8,0x0000000793100000)
  to   space 128512K, 0% used [0x0000000785180000,0x0000000785180000,0x000000078cf00000)
 ParOldGen       total 297984K, used 212865K [0x00000006c0000000, 0x00000006d2300000, 0x000000076ab00000)
  object space 297984K, 71% used [0x00000006c0000000,0x00000006ccfe0630,0x00000006d2300000)
 Metaspace       used 6833K, capacity 7320K, committed 7680K, reserved 1056768K
  class space    used 645K, capacity 656K, committed 768K, reserved 1048576K
Event: 7.187 GC heap after
Heap after GC invocations=15 (full 2):
 PSYoungGen      total 561152K, used 128506K [0x000000076ab00000, 0x000000079f380000, 0x00000007c0000000)
  eden space 432640K, 0% used [0x000000076ab00000,0x000000076ab00000,0x0000000785180000)
  from space 128512K, 99% used [0x0000000785180000,0x000000078cefe9a0,0x000000078cf00000)
  to   space 165888K, 0% used [0x0000000795180000,0x0000000795180000,0x000000079f380000)
 ParOldGen       total 297984K, used 254628K [0x00000006c0000000, 0x00000006d2300000, 0x000000076ab00000)
  object space 297984K, 85% used [0x00000006c0000000,0x00000006cf8a9148,0x00000006d2300000)
 Metaspace       used 6833K, capacity 7320K, committed 7680K, reserved 1056768K
  class space    used 645K, capacity 656K, committed 768K, reserved 1048576K
}
Event: 7.187 GC heap before
{Heap before GC invocations=16 (full 3):
 PSYoungGen      total 561152K, used 128506K [0x000000076ab00000, 0x000000079f380000, 0x00000007c0000000)
  eden space 432640K, 0% used [0x000000076ab00000,0x000000076ab00000,0x0000000785180000)
  from space 128512K, 99% used [0x0000000785180000,0x000000078cefe9a0,0x000000078cf00000)
  to   space 165888K, 0% used [0x0000000795180000,0x0000000795180000,0x000000079f380000)
 ParOldGen       total 297984K, used 254628K [0x00000006c0000000, 0x00000006d2300000, 0x000000076ab00000)
  object space 297984K, 85% used [0x00000006c0000000,0x00000006cf8a9148,0x00000006d2300000)
 Metaspace       used 6833K, capacity 7320K, committed 7680K, reserved 1056768K
  class space    used 645K, capacity 656K, committed 768K, reserved 1048576K
Event: 8.203 GC heap after
Heap after GC invocations=16 (full 3):
 PSYoungGen      total 561152K, used 80089K [0x000000076ab00000, 0x000000079f380000, 0x00000007c0000000)
  eden space 432640K, 0% used [0x000000076ab00000,0x000000076ab00000,0x0000000785180000)
  from space 128512K, 62% used [0x0000000785180000,0x0000000789fb67c0,0x000000078cf00000)
  to   space 165888K, 0% used [0x0000000795180000,0x0000000795180000,0x000000079f380000)
 ParOldGen       total 466432K, used 297880K [0x00000006c0000000, 0x00000006dc780000, 0x000000076ab00000)
  object space 466432K, 63% used [0x00000006c0000000,0x00000006d22e63b0,0x00000006dc780000)
 Metaspace       used 6833K, capacity 7320K, committed 7680K, reserved 1056768K
  class space    used 645K, capacity 656K, committed 768K, reserved 1048576K
}

Deoptimization events (10 events):
Event: 5.948 Thread 0x000000001ef0f800 Uncommon trap: reason=unstable_if action=reinterpret pc=0x0000000003cb2180 method=java.util.HashMap.putVal(ILjava/lang/Object;Ljava/lang/Object;ZZ)Ljava/lang/Object; @ 109
Event: 6.878 Thread 0x000000001edf6800 Uncommon trap: reason=unstable_if action=reinterpret pc=0x0000000003f8cb94 method=com.android.dx.ssa.LocalVariableExtractor.doit()Lcom/android/dx/ssa/LocalVariableInfo; @ 7
Event: 6.878 Thread 0x000000001edf6800 Uncommon trap: reason=unstable_if action=reinterpret pc=0x0000000003f8b9e4 method=java.util.ArrayList.<init>(I)V @ 5
Event: 6.878 Thread 0x000000001edf6800 Uncommon trap: reason=unstable_if action=reinterpret pc=0x0000000003d27358 method=com.android.dx.rop.code.RegisterSpecSet.<init>(I)V @ 2
Event: 6.878 Thread 0x000000001edf6800 Uncommon trap: reason=unstable_if action=reinterpret pc=0x0000000003a4d828 method=com.android.dx.rop.code.RegisterSpecSet.<init>(I)V @ 2
Event: 6.960 Thread 0x000000001ef0f800 Uncommon trap: reason=bimorphic action=maybe_recompile pc=0x0000000003c83df4 method=com.android.dx.ssa.LiteralOpUpgrader.tryReplacingWithConstant(Lcom/android/dx/ssa/NormalSsaInsn;)Z @ 62
Event: 6.961 Thread 0x000000001ef0f800 Uncommon trap: reason=bimorphic action=maybe_recompile pc=0x0000000003c83df4 method=com.android.dx.ssa.LiteralOpUpgrader.tryReplacingWithConstant(Lcom/android/dx/ssa/NormalSsaInsn;)Z @ 62
Event: 6.964 Thread 0x00000000033e2800 Uncommon trap: reason=unstable_if action=reinterpret pc=0x000000000393e790 method=com.android.dx.ssa.SsaMethod.getExitBlock()Lcom/android/dx/ssa/SsaBasicBlock; @ 4
Event: 6.964 Thread 0x00000000033e2800 Uncommon trap: reason=unstable_if action=reinterpret pc=0x00000000038644bc method=com.android.dx.ssa.SsaMethod.getExitBlock()Lcom/android/dx/ssa/SsaBasicBlock; @ 4
Event: 6.965 Thread 0x00000000033e2800 Uncommon trap: reason=unstable_if action=reinterpret pc=0x0000000003ef1cb0 method=com.android.dx.ssa.SsaMethod.getExitBlock()Lcom/android/dx/ssa/SsaBasicBlock; @ 4

Classes redefined (0 events):
No events

Internal exceptions (10 events):
Event: 0.023 Thread 0x00000000033e2800 Exception <a 'java/lang/NoSuchMethodError': Method sun.misc.Unsafe.defineClass(Ljava/lang/String;[BII)Ljava/lang/Class; name or signature does not match> (0x000000076ab07ca0) thrown at [C:\re\workspace\8-2-build-windows-amd64-cygwin\jdk8u161\10277\hotspot
Event: 0.023 Thread 0x00000000033e2800 Exception <a 'java/lang/NoSuchMethodError': Method sun.misc.Unsafe.prefetchRead(Ljava/lang/Object;J)V name or signature does not match> (0x000000076ab07f88) thrown at [C:\re\workspace\8-2-build-windows-amd64-cygwin\jdk8u161\10277\hotspot\src\share\vm\prim
Event: 0.492 Thread 0x000000001e2e8800 Implicit null exception at 0x0000000003846822 to 0x0000000003846922
Event: 0.523 Thread 0x000000001ef0f800 Implicit null exception at 0x000000000384f012 to 0x00000000038515b5
Event: 0.762 Thread 0x000000001e2e9800 Implicit null exception at 0x0000000003866229 to 0x0000000003868989
Event: 0.936 Thread 0x000000001e2e9800 Exception <a 'java/lang/ArrayIndexOutOfBoundsException': 18> (0x000000076db90b38) thrown at [C:\re\workspace\8-2-build-windows-amd64-cygwin\jdk8u161\10277\hotspot\src\share\vm\interpreter\interpreterRuntime.cpp, line 366]
Event: 0.936 Thread 0x000000001e2e9800 Exception <a 'java/lang/ArrayIndexOutOfBoundsException': 145> (0x000000076db926b8) thrown at [C:\re\workspace\8-2-build-windows-amd64-cygwin\jdk8u161\10277\hotspot\src\share\vm\interpreter\interpreterRuntime.cpp, line 366]
Event: 0.937 Thread 0x000000001e2e9800 Exception <a 'java/lang/ArrayIndexOutOfBoundsException'> (0x000000076db939a0) thrown at [C:\re\workspace\8-2-build-windows-amd64-cygwin\jdk8u161\10277\hotspot\src\share\vm\runtime\sharedRuntime.cpp, line 605]
Event: 1.355 Thread 0x00000000033e2800 Implicit null exception at 0x0000000003907d9d to 0x0000000003907f71
Event: 3.654 Thread 0x00000000033e2800 Implicit null exception at 0x000000000364b4b6 to 0x000000000364ba91

Events (10 events):
Event: 6.965 Thread 0x00000000033e2800 DEOPT PACKING pc=0x0000000003ef1cb0 sp=0x00000000033de660
Event: 6.965 Thread 0x00000000033e2800 DEOPT UNPACKING pc=0x000000000352583b sp=0x00000000033de610 mode 2
Event: 7.018 Executing VM operation: ParallelGCFailedAllocation
Event: 8.203 Executing VM operation: ParallelGCFailedAllocation done
Event: 8.238 Thread 0x000000001e2e9800 DEOPT PACKING pc=0x0000000003a8db31 sp=0x00000000206ce560
Event: 8.238 Thread 0x000000001e2e9800 DEOPT UNPACKING pc=0x0000000003527490 sp=0x00000000206ce2d8 mode 0
Event: 8.252 Thread 0x000000001e2e9800 DEOPT PACKING pc=0x0000000003a1fec2 sp=0x00000000206ce4a0
Event: 8.252 Thread 0x000000001e2e9800 DEOPT UNPACKING pc=0x0000000003527490 sp=0x00000000206ce2d0 mode 0
Event: 8.296 Thread 0x000000001edf6800 DEOPT PACKING pc=0x0000000003a1fec2 sp=0x00000000202ce950
Event: 8.296 Thread 0x000000001edf6800 DEOPT UNPACKING pc=0x0000000003527490 sp=0x00000000202ce780 mode 0


Dynamic libraries:
0x00007ff7c8940000 - 0x00007ff7c8977000 	D:\2.develop_tools\JAVA\JDK\bin\java.exe
0x00007fff9c9d0000 - 0x00007fff9cba1000 	C:\Windows\SYSTEM32\ntdll.dll
0x00007fff9c100000 - 0x00007fff9c1ab000 	C:\Windows\System32\KERNEL32.DLL
0x00007fff99070000 - 0x00007fff9928d000 	C:\Windows\System32\KERNELBASE.dll
0x00007fff9b910000 - 0x00007fff9b9b2000 	C:\Windows\System32\ADVAPI32.dll
0x00007fff9c860000 - 0x00007fff9c8fe000 	C:\Windows\System32\msvcrt.dll
0x00007fff9c900000 - 0x00007fff9c959000 	C:\Windows\System32\sechost.dll
0x00007fff99fe0000 - 0x00007fff9a101000 	C:\Windows\System32\RPCRT4.dll
0x00007fff9c410000 - 0x00007fff9c575000 	C:\Windows\System32\USER32.dll
0x00007fff99a30000 - 0x00007fff99a4e000 	C:\Windows\System32\win32u.dll
0x00007fff9c670000 - 0x00007fff9c6a4000 	C:\Windows\System32\GDI32.dll
0x00007fff99dd0000 - 0x00007fff99f52000 	C:\Windows\System32\gdi32full.dll
0x00007fff8e990000 - 0x00007fff8ec0a000 	C:\Windows\WinSxS\amd64_microsoft.windows.common-controls_6595b64144ccf1df_6.0.14393.953_none_42151e83c686086b\COMCTL32.dll
0x00007fff9a110000 - 0x00007fff9a3d8000 	C:\Windows\System32\combase.dll
0x00007fff99a50000 - 0x00007fff99b45000 	C:\Windows\System32\ucrtbase.dll
0x00007fff999c0000 - 0x00007fff99a2a000 	C:\Windows\System32\bcryptPrimitives.dll
0x00007fff9c640000 - 0x00007fff9c66e000 	C:\Windows\System32\IMM32.DLL
0x0000000055a50000 - 0x0000000055b22000 	D:\2.develop_tools\JAVA\JDK\jre\bin\msvcr100.dll
0x0000000054b70000 - 0x000000005540f000 	D:\2.develop_tools\JAVA\JDK\jre\bin\server\jvm.dll
0x00007fff99f70000 - 0x00007fff99f78000 	C:\Windows\System32\PSAPI.DLL
0x00007fff95130000 - 0x00007fff9513a000 	C:\Windows\SYSTEM32\VERSION.dll
0x00007fff97360000 - 0x00007fff97383000 	C:\Windows\SYSTEM32\WINMM.dll
0x00007fff8e1d0000 - 0x00007fff8e1d9000 	C:\Windows\SYSTEM32\WSOCK32.dll
0x00007fff9c6b0000 - 0x00007fff9c71a000 	C:\Windows\System32\WS2_32.dll
0x00007fff97300000 - 0x00007fff9732b000 	C:\Windows\SYSTEM32\WINMMBASE.dll
0x00007fff99970000 - 0x00007fff999b2000 	C:\Windows\System32\cfgmgr32.dll
0x0000000058f30000 - 0x0000000058f3f000 	D:\2.develop_tools\JAVA\JDK\jre\bin\verify.dll
0x0000000057ec0000 - 0x0000000057ee9000 	D:\2.develop_tools\JAVA\JDK\jre\bin\java.dll
0x0000000057ea0000 - 0x0000000057eb6000 	D:\2.develop_tools\JAVA\JDK\jre\bin\zip.dll
0x00007fff9a400000 - 0x00007fff9b909000 	C:\Windows\System32\SHELL32.dll
0x00007fff99290000 - 0x00007fff9996a000 	C:\Windows\System32\windows.storage.dll
0x00007fff98e70000 - 0x00007fff98ebc000 	C:\Windows\System32\powrprof.dll
0x00007fff99f80000 - 0x00007fff99fd2000 	C:\Windows\System32\shlwapi.dll
0x00007fff98e30000 - 0x00007fff98e3f000 	C:\Windows\System32\kernel.appcore.dll
0x00007fff99b50000 - 0x00007fff99bf9000 	C:\Windows\System32\shcore.dll
0x00007fff98e50000 - 0x00007fff98e64000 	C:\Windows\System32\profapi.dll

VM Arguments:
jvm_args: -Djava.awt.headless=true -Xmx4g -Dfile.encoding=GBK -Duser.country=CN -Duser.language=zh -Duser.variant 
java_command: com.android.dx.command.Main --dex --num-threads=4 --multi-dex --main-dex-list D:\3.Code\MyAppProject\ahjl_app\appclient\app\build\intermediates\multi-dex\debug\maindexlist.txt --output D:\3.Code\MyAppProject\ahjl_app\appclient\app\build\intermediates\transforms\dex\debug\folders\1000\1f\main D:\3.Code\MyAppProject\ahjl_app\appclient\app\build\intermediates\transforms\jarMerging\debug\jars\1\1f\combined.jar
java_class_path (initial): D:\2.develop_tools\SDK\build-tools\25.0.2\lib\dx.jar
Launcher Type: SUN_STANDARD

Environment Variables:
JAVA_HOME=D:\2.develop_tools\JAVA\JDK
PATH=C:\Windows\system32;C:\Windows;C:\Windows\System32\Wbem;C:\Windows\System32\WindowsPowerShell\v1.0\;C:\Windows\system32\config\systemprofile\.dnx\bin;C:\Program Files\Microsoft DNX\Dnvm\;C:\Program Files\Microsoft SQL Server\130\Tools\Binn\;D:\2.develop_tools\JAVA\JDK\bin;D:\2.develop_tools\JAVA\JDK\jre\bin;E:\Program Files (x86)\Microsoft SQL Server\100\Tools\Binn\;E:\Program Files\Microsoft SQL Server\100\Tools\Binn\;E:\Program Files\Microsoft SQL Server\100\DTS\Binn\;E:\Program Files (x86)\Microsoft SQL Server\100\Tools\Binn\VSShell\Common7\IDE\;C:\Program Files (x86)\Microsoft Visual Studio 9.0\Common7\IDE\PrivateAssemblies\;E:\Program Files (x86)\Microsoft SQL Server\100\DTS\Binn\;C:\Program Files\TortoiseSVN\bin;C:\Program Files\nodejs\;C:\Program Files\Git\cmd;C:\Users\Administrator\AppData\Local\Microsoft\WindowsApps;C:\Users\Administrator\AppData\Roaming\npm
USERNAME=Administrator
OS=Windows_NT
PROCESSOR_IDENTIFIER=AMD64 Family 23 Model 17 Stepping 0, AuthenticAMD



---------------  S Y S T E M  ---------------

OS: Windows 10.0 , 64 bit Build 14393 (10.0.14393.0)

CPU:total 4 (initial active 4) (4 cores per cpu, 1 threads per core) family 23 model 17 stepping 0, cmov, cx8, fxsr, mmx, sse, sse2, sse3, ssse3, sse4.1, sse4.2, popcnt, avx, avx2, aes, clmul, mmxext, 3dnowpref, lzcnt, sse4a, tsc, tscinvbit, tscinv, bmi1

Memory: 4k page, physical 7287484k(1360412k free), swap 8860348k(5300k free)

vm_info: Java HotSpot(TM) 64-Bit Server VM (25.161-b12) for windows-amd64 JRE (1.8.0_161-b12), built on Dec 19 2017 17:52:25 by "java_re" with MS VC++ 10.0 (VS2010)

time: Mon May 21 15:16:15 2018
elapsed time: 8 seconds (0d 0h 0m 8s)

