#
# There is insufficient memory for the Java Runtime Environment to continue.
# Native memory allocation (malloc) failed to allocate 950096 bytes for Chunk::new
# Possible reasons:
#   The system is out of physical RAM or swap space
#   In 32 bit mode, the process size limit was hit
# Possible solutions:
#   Reduce memory load on the system
#   Increase physical memory or swap space
#   Check if swap backing store is full
#   Use 64 bit Java on a 64 bit OS
#   Decrease Java heap size (-Xmx/-Xms)
#   Decrease number of Java threads
#   Decrease Java thread stack sizes (-Xss)
#   Set larger code cache with -XX:ReservedCodeCacheSize=
# This output file may be truncated or incomplete.
#
#  Out of Memory Error (allocation.cpp:390), pid=10676, tid=0x0000000000003204
#
# JRE version: Java(TM) SE Runtime Environment (8.0_161-b12) (build 1.8.0_161-b12)
# Java VM: Java HotSpot(TM) 64-Bit Server VM (25.161-b12 mixed mode windows-amd64 compressed oops)
# Failed to write core dump. Minidumps are not enabled by default on client versions of Windows
#

---------------  T H R E A D  ---------------

Current thread (0x000000001c46b800):  JavaThread "C2 CompilerThread0" daemon [_thread_in_native, id=12804, stack(0x000000001dd60000,0x000000001de60000)]

Stack: [0x000000001dd60000,0x000000001de60000]
[error occurred during error reporting (printing stack bounds), id 0xc0000005]

Native frames: (J=compiled Java code, j=interpreted, Vv=VM code, C=native code)


Current CompileTask:
C2:  10036 2681   !   4       com.android.dx.cf.code.Ropper::processBlock (1101 bytes)


---------------  P R O C E S S  ---------------

Java Threads: ( => current thread )
  0x000000001e77e800 JavaThread "pool-2-thread-4" [_thread_blocked, id=12116, stack(0x000000001fe30000,0x000000001ff30000)]
  0x000000001e77e000 JavaThread "pool-2-thread-3" [_thread_in_Java, id=11980, stack(0x000000001fd30000,0x000000001fe30000)]
  0x000000001e7f2800 JavaThread "pool-2-thread-2" [_thread_in_vm, id=10340, stack(0x000000001fc30000,0x000000001fd30000)]
  0x000000001e8c9800 JavaThread "pool-3-thread-1" [_thread_blocked, id=11260, stack(0x000000001fb30000,0x000000001fc30000)]
  0x000000001e7f2000 JavaThread "pool-2-thread-1" [_thread_blocked, id=10808, stack(0x000000001fa30000,0x000000001fb30000)]
  0x000000001d7ec000 JavaThread "Service Thread" daemon [_thread_blocked, id=11324, stack(0x000000001e060000,0x000000001e160000)]
  0x000000001d772000 JavaThread "C1 CompilerThread2" daemon [_thread_blocked, id=13224, stack(0x000000001df60000,0x000000001e060000)]
  0x000000001c46e000 JavaThread "C2 CompilerThread1" daemon [_thread_in_native, id=12252, stack(0x000000001de60000,0x000000001df60000)]
=>0x000000001c46b800 JavaThread "C2 CompilerThread0" daemon [_thread_in_native, id=12804, stack(0x000000001dd60000,0x000000001de60000)]
  0x000000001c41e000 JavaThread "Attach Listener" daemon [_thread_blocked, id=12332, stack(0x000000001dc60000,0x000000001dd60000)]
  0x000000001d768800 JavaThread "Signal Dispatcher" daemon [_thread_blocked, id=9852, stack(0x000000001db60000,0x000000001dc60000)]
  0x0000000002d3d800 JavaThread "Finalizer" daemon [_thread_blocked, id=5492, stack(0x000000001d660000,0x000000001d760000)]
  0x0000000002d32000 JavaThread "Reference Handler" daemon [_thread_blocked, id=12404, stack(0x000000001d560000,0x000000001d660000)]
  0x0000000002c3e800 JavaThread "main" [_thread_in_native_trans, id=12532, stack(0x0000000002a60000,0x0000000002b60000)]

Other Threads:
  0x000000001c3d7000 VMThread [stack: 0x000000001d460000,0x000000001d560000] [id=12944]
  0x000000001d812000 WatcherThread [stack: 0x000000001e160000,0x000000001e260000] [id=12468]

VM state:not at safepoint (normal execution)

VM Mutex/Monitor currently owned by a thread: None

Heap:
 PSYoungGen      total 714752K, used 280422K [0x000000076ab00000, 0x00000007ae400000, 0x00000007c0000000)
  eden space 531968K, 18% used [0x000000076ab00000,0x0000000770a5c1d0,0x000000078b280000)
  from space 182784K, 99% used [0x000000078b280000,0x00000007964fd8c8,0x0000000796500000)
  to   space 222720K, 0% used [0x00000007a0a80000,0x00000007a0a80000,0x00000007ae400000)
 ParOldGen       total 436224K, used 345441K [0x00000006c0000000, 0x00000006daa00000, 0x000000076ab00000)
  object space 436224K, 79% used [0x00000006c0000000,0x00000006d51585e8,0x00000006daa00000)
 Metaspace       used 6661K, capacity 7320K, committed 7680K, reserved 1056768K
  class space    used 631K, capacity 656K, committed 768K, reserved 1048576K

Card table byte_map: [0x0000000012100000,0x0000000012910000] byte_map_base: 0x000000000eb00000

Marking Bits: (ParMarkBitMap*) 0x000000007616f860
 Begin Bits: [0x0000000013270000, 0x0000000017270000)
 End Bits:   [0x0000000017270000, 0x000000001b270000)

Polling page: 0x00000000009e0000

CodeCache: size=245760Kb used=14169Kb max_used=14180Kb free=231590Kb
 bounds [0x0000000002d40000, 0x0000000003b30000, 0x0000000011d40000]
 total_blobs=2956 nmethods=2691 adapters=178
 compilation: enabled

Compilation events (10 events):
Event: 9.993 Thread 0x000000001c46e000 nmethod 2732 0x0000000003b1f7d0 code [0x0000000003b1fa60, 0x0000000003b20930]
Event: 9.993 Thread 0x000000001c46e000 2734       4       com.android.dx.ssa.NormalSsaInsn::canThrow (8 bytes)
Event: 9.994 Thread 0x000000001c46e000 nmethod 2734 0x0000000003b1f350 code [0x0000000003b1f4a0, 0x0000000003b1f578]
Event: 9.994 Thread 0x000000001c46e000 2731       4       java.util.HashMap$HashIterator::hasNext (13 bytes)
Event: 9.994 Thread 0x000000001c46e000 nmethod 2731 0x000000000391cdd0 code [0x000000000391cf00, 0x000000000391cf78]
Event: 9.994 Thread 0x000000001c46e000 2735       4       com.android.dx.rop.cst.CstType::hashCode (8 bytes)
Event: 9.996 Thread 0x000000001c46e000 nmethod 2735 0x0000000003b1aa10 code [0x0000000003b1ab60, 0x0000000003b1acf8]
Event: 9.996 Thread 0x000000001c46e000 2733       4       com.android.dx.ssa.BasicRegisterMapper::oldToNew (22 bytes)
Event: 9.996 Thread 0x000000001c46e000 nmethod 2733 0x0000000003b1a710 code [0x0000000003b1a840, 0x0000000003b1a8f8]
Event: 9.996 Thread 0x000000001c46e000 2737       4       com.android.dx.dex.cf.CfTranslator::translate0 (259 bytes)

GC Heap History (10 events):
Event: 5.970 GC heap before
{Heap before GC invocations=14 (full 2):
 PSYoungGen      total 479744K, used 459807K [0x000000076ab00000, 0x0000000793880000, 0x00000007c0000000)
  eden space 385536K, 100% used [0x000000076ab00000,0x0000000782380000,0x0000000782380000)
  from space 94208K, 78% used [0x0000000782380000,0x0000000786c07cc0,0x0000000787f80000)
  to   space 102912K, 0% used [0x000000078d400000,0x000000078d400000,0x0000000793880000)
 ParOldGen       total 274944K, used 177368K [0x00000006c0000000, 0x00000006d0c80000, 0x000000076ab00000)
  object space 274944K, 64% used [0x00000006c0000000,0x00000006cad362c0,0x00000006d0c80000)
 Metaspace       used 6652K, capacity 7320K, committed 7680K, reserved 1056768K
  class space    used 629K, capacity 656K, committed 768K, reserved 1048576K
Event: 6.150 GC heap after
Heap after GC invocations=14 (full 2):
 PSYoungGen      total 536576K, used 102902K [0x000000076ab00000, 0x0000000798100000, 0x00000007c0000000)
  eden space 433664K, 0% used [0x000000076ab00000,0x000000076ab00000,0x0000000785280000)
  from space 102912K, 99% used [0x000000078d400000,0x000000079387dbc8,0x0000000793880000)
  to   space 132608K, 0% used [0x0000000785280000,0x0000000785280000,0x000000078d400000)
 ParOldGen       total 274944K, used 208979K [0x00000006c0000000, 0x00000006d0c80000, 0x000000076ab00000)
  object space 274944K, 76% used [0x00000006c0000000,0x00000006ccc14d18,0x00000006d0c80000)
 Metaspace       used 6652K, capacity 7320K, committed 7680K, reserved 1056768K
  class space    used 629K, capacity 656K, committed 768K, reserved 1048576K
}
Event: 6.926 GC heap before
{Heap before GC invocations=15 (full 2):
 PSYoungGen      total 536576K, used 536566K [0x000000076ab00000, 0x0000000798100000, 0x00000007c0000000)
  eden space 433664K, 100% used [0x000000076ab00000,0x0000000785280000,0x0000000785280000)
  from space 102912K, 99% used [0x000000078d400000,0x000000079387dbc8,0x0000000793880000)
  to   space 132608K, 0% used [0x0000000785280000,0x0000000785280000,0x000000078d400000)
 ParOldGen       total 274944K, used 208979K [0x00000006c0000000, 0x00000006d0c80000, 0x000000076ab00000)
  object space 274944K, 76% used [0x00000006c0000000,0x00000006ccc14d18,0x00000006d0c80000)
 Metaspace       used 6657K, capacity 7320K, committed 7680K, reserved 1056768K
  class space    used 630K, capacity 656K, committed 768K, reserved 1048576K
Event: 7.086 GC heap after
Heap after GC invocations=15 (full 2):
 PSYoungGen      total 566272K, used 132585K [0x000000076ab00000, 0x00000007a0c80000, 0x00000007c0000000)
  eden space 433664K, 0% used [0x000000076ab00000,0x000000076ab00000,0x0000000785280000)
  from space 132608K, 99% used [0x0000000785280000,0x000000078d3fa440,0x000000078d400000)
  to   space 171520K, 0% used [0x0000000796500000,0x0000000796500000,0x00000007a0c80000)
 ParOldGen       total 274944K, used 251805K [0x00000006c0000000, 0x00000006d0c80000, 0x000000076ab00000)
  object space 274944K, 91% used [0x00000006c0000000,0x00000006cf5e77a8,0x00000006d0c80000)
 Metaspace       used 6657K, capacity 7320K, committed 7680K, reserved 1056768K
  class space    used 630K, capacity 656K, committed 768K, reserved 1048576K
}
Event: 7.086 GC heap before
{Heap before GC invocations=16 (full 3):
 PSYoungGen      total 566272K, used 132585K [0x000000076ab00000, 0x00000007a0c80000, 0x00000007c0000000)
  eden space 433664K, 0% used [0x000000076ab00000,0x000000076ab00000,0x0000000785280000)
  from space 132608K, 99% used [0x0000000785280000,0x000000078d3fa440,0x000000078d400000)
  to   space 171520K, 0% used [0x0000000796500000,0x0000000796500000,0x00000007a0c80000)
 ParOldGen       total 274944K, used 251805K [0x00000006c0000000, 0x00000006d0c80000, 0x000000076ab00000)
  object space 274944K, 91% used [0x00000006c0000000,0x00000006cf5e77a8,0x00000006d0c80000)
 Metaspace       used 6657K, capacity 7320K, committed 7680K, reserved 1056768K
  class space    used 630K, capacity 656K, committed 768K, reserved 1048576K
Event: 7.966 GC heap after
Heap after GC invocations=16 (full 3):
 PSYoungGen      total 566272K, used 101591K [0x000000076ab00000, 0x00000007a0c80000, 0x00000007c0000000)
  eden space 433664K, 0% used [0x000000076ab00000,0x000000076ab00000,0x0000000785280000)
  from space 132608K, 76% used [0x0000000785280000,0x000000078b5b5e30,0x000000078d400000)
  to   space 171520K, 0% used [0x0000000796500000,0x0000000796500000,0x00000007a0c80000)
 ParOldGen       total 436224K, used 274597K [0x00000006c0000000, 0x00000006daa00000, 0x000000076ab00000)
  object space 436224K, 62% used [0x00000006c0000000,0x00000006d0c29610,0x00000006daa00000)
 Metaspace       used 6657K, capacity 7320K, committed 7680K, reserved 1056768K
  class space    used 630K, capacity 656K, committed 768K, reserved 1048576K
}
Event: 8.692 GC heap before
{Heap before GC invocations=17 (full 3):
 PSYoungGen      total 566272K, used 535255K [0x000000076ab00000, 0x00000007a0c80000, 0x00000007c0000000)
  eden space 433664K, 100% used [0x000000076ab00000,0x0000000785280000,0x0000000785280000)
  from space 132608K, 76% used [0x0000000785280000,0x000000078b5b5e30,0x000000078d400000)
  to   space 171520K, 0% used [0x0000000796500000,0x0000000796500000,0x00000007a0c80000)
 ParOldGen       total 436224K, used 274597K [0x00000006c0000000, 0x00000006daa00000, 0x000000076ab00000)
  object space 436224K, 62% used [0x00000006c0000000,0x00000006d0c29610,0x00000006daa00000)
 Metaspace       used 6658K, capacity 7320K, committed 7680K, reserved 1056768K
  class space    used 631K, capacity 656K, committed 768K, reserved 1048576K
Event: 8.882 GC heap after
Heap after GC invocations=17 (full 3):
 PSYoungGen      total 703488K, used 120797K [0x000000076ab00000, 0x00000007a1800000, 0x00000007c0000000)
  eden space 531968K, 0% used [0x000000076ab00000,0x000000076ab00000,0x000000078b280000)
  from space 171520K, 70% used [0x0000000796500000,0x000000079daf7648,0x00000007a0c80000)
  to   space 182784K, 0% used [0x000000078b280000,0x000000078b280000,0x0000000796500000)
 ParOldGen       total 436224K, used 322757K [0x00000006c0000000, 0x00000006daa00000, 0x000000076ab00000)
  object space 436224K, 73% used [0x00000006c0000000,0x00000006d3b317c0,0x00000006daa00000)
 Metaspace       used 6658K, capacity 7320K, committed 7680K, reserved 1056768K
  class space    used 631K, capacity 656K, committed 768K, reserved 1048576K
}
Event: 9.673 GC heap before
{Heap before GC invocations=18 (full 3):
 PSYoungGen      total 703488K, used 652765K [0x000000076ab00000, 0x00000007a1800000, 0x00000007c0000000)
  eden space 531968K, 100% used [0x000000076ab00000,0x000000078b280000,0x000000078b280000)
  from space 171520K, 70% used [0x0000000796500000,0x000000079daf7648,0x00000007a0c80000)
  to   space 182784K, 0% used [0x000000078b280000,0x000000078b280000,0x0000000796500000)
 ParOldGen       total 436224K, used 322757K [0x00000006c0000000, 0x00000006daa00000, 0x000000076ab00000)
  object space 436224K, 73% used [0x00000006c0000000,0x00000006d3b317c0,0x00000006daa00000)
 Metaspace       used 6661K, capacity 7320K, committed 7680K, reserved 1056768K
  class space    used 631K, capacity 656K, committed 768K, reserved 1048576K
Event: 9.862 GC heap after
Heap after GC invocations=18 (full 3):
 PSYoungGen      total 714752K, used 182774K [0x000000076ab00000, 0x00000007ae400000, 0x00000007c0000000)
  eden space 531968K, 0% used [0x000000076ab00000,0x000000076ab00000,0x000000078b280000)
  from space 182784K, 99% used [0x000000078b280000,0x00000007964fd8c8,0x0000000796500000)
  to   space 222720K, 0% used [0x00000007a0a80000,0x00000007a0a80000,0x00000007ae400000)
 ParOldGen       total 436224K, used 345441K [0x00000006c0000000, 0x00000006daa00000, 0x000000076ab00000)
  object space 436224K, 79% used [0x00000006c0000000,0x00000006d51585e8,0x00000006daa00000)
 Metaspace       used 6661K, capacity 7320K, committed 7680K, reserved 1056768K
  class space    used 631K, capacity 656K, committed 768K, reserved 1048576K
}

Deoptimization events (10 events):
Event: 8.329 Thread 0x000000001e7f2800 Uncommon trap: reason=bimorphic action=maybe_recompile pc=0x0000000003869834 method=com.android.dx.ssa.LiteralOpUpgrader.tryReplacingWithConstant(Lcom/android/dx/ssa/NormalSsaInsn;)Z @ 62
Event: 8.332 Thread 0x000000001e7f2000 Uncommon trap: reason=class_check action=maybe_recompile pc=0x00000000037e044c method=com.android.dx.ssa.SCCP.replaceConstants()V @ 182
Event: 8.335 Thread 0x000000001e7f2000 Uncommon trap: reason=class_check action=maybe_recompile pc=0x00000000037e044c method=com.android.dx.ssa.SCCP.replaceConstants()V @ 182
Event: 8.365 Thread 0x000000001e77e800 Uncommon trap: reason=bimorphic action=maybe_recompile pc=0x0000000003869834 method=com.android.dx.ssa.LiteralOpUpgrader.tryReplacingWithConstant(Lcom/android/dx/ssa/NormalSsaInsn;)Z @ 62
Event: 8.628 Thread 0x000000001e7f2000 Uncommon trap: reason=class_check action=maybe_recompile pc=0x00000000037e044c method=com.android.dx.ssa.SCCP.replaceConstants()V @ 182
Event: 8.630 Thread 0x000000001e77e000 Uncommon trap: reason=unstable_if action=reinterpret pc=0x0000000003878d50 method=com.android.dx.cf.code.Ropper.processBlock(Lcom/android/dx/cf/code/ByteBlock;Lcom/android/dx/cf/code/Frame;[I)V @ 651
Event: 9.329 Thread 0x000000001e7f2800 Uncommon trap: reason=unstable_if action=reinterpret pc=0x0000000003897408 method=com.android.dx.ssa.SCCP.run()V @ 179
Event: 9.339 Thread 0x0000000002c3e800 Uncommon trap: reason=unstable_if action=reinterpret pc=0x0000000003a60410 method=com.android.dx.ssa.SCCP.simulateMath(Lcom/android/dx/ssa/SsaInsn;I)Lcom/android/dx/rop/cst/Constant; @ 409
Event: 9.489 Thread 0x000000001e7f2800 Uncommon trap: reason=unstable_if action=reinterpret pc=0x00000000034b1580 method=java.util.HashMap.putVal(ILjava/lang/Object;Ljava/lang/Object;ZZ)Ljava/lang/Object; @ 109
Event: 9.509 Thread 0x000000001e77e800 Uncommon trap: reason=unstable_if action=reinterpret pc=0x0000000003806524 method=java.lang.Integer.valueOf(I)Ljava/lang/Integer; @ 10

Classes redefined (0 events):
No events

Internal exceptions (10 events):
Event: 0.023 Thread 0x0000000002c3e800 Exception <a 'java/lang/NoSuchMethodError': Method sun.misc.Unsafe.prefetchRead(Ljava/lang/Object;J)V name or signature does not match> (0x000000076ab07f88) thrown at [C:\re\workspace\8-2-build-windows-amd64-cygwin\jdk8u161\10277\hotspot\src\share\vm\prim
Event: 0.252 Thread 0x0000000002c3e800 Implicit null exception at 0x0000000002eb28b8 to 0x0000000002eb2ec1
Event: 0.518 Thread 0x000000001e77e000 Implicit null exception at 0x00000000030f7be2 to 0x00000000030f7ce2
Event: 0.554 Thread 0x000000001e7f2800 Implicit null exception at 0x00000000030ffdab to 0x0000000003102069
Event: 0.751 Thread 0x000000001e77e000 Implicit null exception at 0x000000000314a009 to 0x000000000314c7a9
Event: 0.898 Thread 0x000000001e77e000 Exception <a 'java/lang/ArrayIndexOutOfBoundsException': 18> (0x000000076d23ce38) thrown at [C:\re\workspace\8-2-build-windows-amd64-cygwin\jdk8u161\10277\hotspot\src\share\vm\interpreter\interpreterRuntime.cpp, line 366]
Event: 0.899 Thread 0x000000001e77e000 Exception <a 'java/lang/ArrayIndexOutOfBoundsException': 145> (0x000000076d23e9b8) thrown at [C:\re\workspace\8-2-build-windows-amd64-cygwin\jdk8u161\10277\hotspot\src\share\vm\interpreter\interpreterRuntime.cpp, line 366]
Event: 0.899 Thread 0x000000001e77e000 Exception <a 'java/lang/ArrayIndexOutOfBoundsException'> (0x000000076d23fca0) thrown at [C:\re\workspace\8-2-build-windows-amd64-cygwin\jdk8u161\10277\hotspot\src\share\vm\runtime\sharedRuntime.cpp, line 605]
Event: 3.402 Thread 0x0000000002c3e800 Implicit null exception at 0x00000000036b3290 to 0x00000000036bc419
Event: 3.655 Thread 0x0000000002c3e800 Implicit null exception at 0x0000000002ec5870 to 0x0000000002ec61e1

Events (10 events):
Event: 9.673 Executing VM operation: ParallelGCFailedAllocation
Event: 9.862 Executing VM operation: ParallelGCFailedAllocation done
Event: 9.878 Thread 0x000000001e77e000 DEOPT PACKING pc=0x0000000003abc71d sp=0x000000001fe2e500
Event: 9.878 Thread 0x000000001e77e000 DEOPT UNPACKING pc=0x0000000002d87490 sp=0x000000001fe2e290 mode 0
Event: 9.957 Thread 0x000000001e77e000 DEOPT PACKING pc=0x0000000003abc71d sp=0x000000001fe2e5b0
Event: 9.957 Thread 0x000000001e77e000 DEOPT UNPACKING pc=0x0000000002d87490 sp=0x000000001fe2e340 mode 0
Event: 9.978 Thread 0x000000001e7f2800 DEOPT PACKING pc=0x000000000349fe14 sp=0x000000001fd2eed0
Event: 9.978 Thread 0x000000001e7f2800 DEOPT UNPACKING pc=0x0000000002d87490 sp=0x000000001fd2ecb0 mode 0
Event: 9.991 Thread 0x000000001e77e800 DEOPT PACKING pc=0x0000000003abc71d sp=0x000000001ff2ec30
Event: 9.991 Thread 0x000000001e77e800 DEOPT UNPACKING pc=0x0000000002d87490 sp=0x000000001ff2e9c0 mode 0


Dynamic libraries:
0x00007ff6b4120000 - 0x00007ff6b4157000 	D:\2.develop_tools\JAVA\JDK\bin\java.exe
0x00007ff97da90000 - 0x00007ff97dc61000 	C:\Windows\SYSTEM32\ntdll.dll
0x00007ff97d770000 - 0x00007ff97d81b000 	C:\Windows\System32\KERNEL32.DLL
0x00007ff97a240000 - 0x00007ff97a45d000 	C:\Windows\System32\KERNELBASE.dll
0x00007ff97b870000 - 0x00007ff97b912000 	C:\Windows\System32\ADVAPI32.dll
0x00007ff97b920000 - 0x00007ff97b9be000 	C:\Windows\System32\msvcrt.dll
0x00007ff97d820000 - 0x00007ff97d879000 	C:\Windows\System32\sechost.dll
0x00007ff97b9c0000 - 0x00007ff97bae1000 	C:\Windows\System32\RPCRT4.dll
0x00007ff97baf0000 - 0x00007ff97bc55000 	C:\Windows\System32\USER32.dll
0x00007ff97ab40000 - 0x00007ff97ab5e000 	C:\Windows\System32\win32u.dll
0x00007ff97bca0000 - 0x00007ff97bcd4000 	C:\Windows\System32\GDI32.dll
0x00007ff97ae90000 - 0x00007ff97b012000 	C:\Windows\System32\gdi32full.dll
0x00007ff96dbe0000 - 0x00007ff96de5a000 	C:\Windows\WinSxS\amd64_microsoft.windows.common-controls_6595b64144ccf1df_6.0.14393.953_none_42151e83c686086b\COMCTL32.dll
0x00007ff97b020000 - 0x00007ff97b2e8000 	C:\Windows\System32\combase.dll
0x00007ff979f80000 - 0x00007ff97a075000 	C:\Windows\System32\ucrtbase.dll
0x00007ff97a120000 - 0x00007ff97a18a000 	C:\Windows\System32\bcryptPrimitives.dll
0x00007ff97bc60000 - 0x00007ff97bc8e000 	C:\Windows\System32\IMM32.DLL
0x00000000761f0000 - 0x00000000762c2000 	D:\2.develop_tools\JAVA\JDK\jre\bin\msvcr100.dll
0x0000000075950000 - 0x00000000761ef000 	D:\2.develop_tools\JAVA\JDK\jre\bin\server\jvm.dll
0x00007ff97b720000 - 0x00007ff97b728000 	C:\Windows\System32\PSAPI.DLL
0x00007ff96be30000 - 0x00007ff96be39000 	C:\Windows\SYSTEM32\WSOCK32.dll
0x00007ff977e30000 - 0x00007ff977e53000 	C:\Windows\SYSTEM32\WINMM.dll
0x00007ff975520000 - 0x00007ff97552a000 	C:\Windows\SYSTEM32\VERSION.dll
0x00007ff97bf70000 - 0x00007ff97bfda000 	C:\Windows\System32\WS2_32.dll
0x00007ff977dd0000 - 0x00007ff977dfb000 	C:\Windows\SYSTEM32\WINMMBASE.dll
0x00007ff97a1f0000 - 0x00007ff97a232000 	C:\Windows\System32\cfgmgr32.dll
0x0000000050000000 - 0x000000005000f000 	D:\2.develop_tools\JAVA\JDK\jre\bin\verify.dll
0x0000000075920000 - 0x0000000075949000 	D:\2.develop_tools\JAVA\JDK\jre\bin\java.dll
0x0000000075900000 - 0x0000000075916000 	D:\2.develop_tools\JAVA\JDK\jre\bin\zip.dll
0x00007ff97c260000 - 0x00007ff97d769000 	C:\Windows\System32\SHELL32.dll
0x00007ff97a460000 - 0x00007ff97ab3a000 	C:\Windows\System32\windows.storage.dll
0x00007ff979f30000 - 0x00007ff979f7c000 	C:\Windows\System32\powrprof.dll
0x00007ff97bf10000 - 0x00007ff97bf62000 	C:\Windows\System32\shlwapi.dll
0x00007ff979f20000 - 0x00007ff979f2f000 	C:\Windows\System32\kernel.appcore.dll
0x00007ff97ab60000 - 0x00007ff97ac09000 	C:\Windows\System32\shcore.dll
0x00007ff979ef0000 - 0x00007ff979f04000 	C:\Windows\System32\profapi.dll

VM Arguments:
jvm_args: -Djava.awt.headless=true -Xmx4g -Dfile.encoding=GBK -Duser.country=CN -Duser.language=zh -Duser.variant 
java_command: com.android.dx.command.Main --dex --num-threads=4 --multi-dex --main-dex-list D:\3.Code\MyAppProject\ahjl_app\appclient\app\build\intermediates\multi-dex\debug\maindexlist.txt --output D:\3.Code\MyAppProject\ahjl_app\appclient\app\build\intermediates\transforms\dex\debug\folders\1000\1f\main D:\3.Code\MyAppProject\ahjl_app\appclient\app\build\intermediates\transforms\jarMerging\debug\jars\1\1f\combined.jar
java_class_path (initial): D:\2.develop_tools\SDK\build-tools\25.0.2\lib\dx.jar
Launcher Type: SUN_STANDARD

Environment Variables:
JAVA_HOME=D:\2.develop_tools\JAVA\JDK
PATH=C:\Windows\system32;C:\Windows;C:\Windows\System32\Wbem;C:\Windows\System32\WindowsPowerShell\v1.0\;C:\Windows\system32\config\systemprofile\.dnx\bin;C:\Program Files\Microsoft DNX\Dnvm\;C:\Program Files\Microsoft SQL Server\130\Tools\Binn\;D:\2.develop_tools\JAVA\JDK\bin;D:\2.develop_tools\JAVA\JDK\jre\bin;E:\Program Files (x86)\Microsoft SQL Server\100\Tools\Binn\;E:\Program Files\Microsoft SQL Server\100\Tools\Binn\;E:\Program Files\Microsoft SQL Server\100\DTS\Binn\;E:\Program Files (x86)\Microsoft SQL Server\100\Tools\Binn\VSShell\Common7\IDE\;C:\Program Files (x86)\Microsoft Visual Studio 9.0\Common7\IDE\PrivateAssemblies\;E:\Program Files (x86)\Microsoft SQL Server\100\DTS\Binn\;C:\Users\Administrator\AppData\Local\Microsoft\WindowsApps;
USERNAME=Administrator
OS=Windows_NT
PROCESSOR_IDENTIFIER=AMD64 Family 23 Model 17 Stepping 0, AuthenticAMD



---------------  S Y S T E M  ---------------

OS: Windows 10.0 , 64 bit Build 14393 (10.0.14393.0)

CPU:total 4 (initial active 4) (4 cores per cpu, 1 threads per core) family 23 model 17 stepping 0, cmov, cx8, fxsr, mmx, sse, sse2, sse3, ssse3, sse4.1, sse4.2, popcnt, avx, avx2, aes, clmul, mmxext, 3dnowpref, lzcnt, sse4a, tsc, tscinvbit, tscinv, bmi1

Memory: 4k page, physical 7287484k(1349820k free), swap 8860348k(5880k free)

vm_info: Java HotSpot(TM) 64-Bit Server VM (25.161-b12) for windows-amd64 JRE (1.8.0_161-b12), built on Dec 19 2017 17:52:25 by "java_re" with MS VC++ 10.0 (VS2010)

time: Tue Mar 27 10:59:29 2018
elapsed time: 10 seconds (0d 0h 0m 10s)

