#
# There is insufficient memory for the Java Runtime Environment to continue.
# Native memory allocation (malloc) failed to allocate 97568 bytes for Chunk::new
# Possible reasons:
#   The system is out of physical RAM or swap space
#   In 32 bit mode, the process size limit was hit
# Possible solutions:
#   Reduce memory load on the system
#   Increase physical memory or swap space
#   Check if swap backing store is full
#   Use 64 bit Java on a 64 bit OS
#   Decrease Java heap size (-Xmx/-Xms)
#   Decrease number of Java threads
#   Decrease Java thread stack sizes (-Xss)
#   Set larger code cache with -XX:ReservedCodeCacheSize=
# This output file may be truncated or incomplete.
#
#  Out of Memory Error (allocation.cpp:390), pid=12108, tid=0x0000000000002ed0
#
# JRE version: Java(TM) SE Runtime Environment (8.0_161-b12) (build 1.8.0_161-b12)
# Java VM: Java HotSpot(TM) 64-Bit Server VM (25.161-b12 mixed mode windows-amd64 compressed oops)
# Failed to write core dump. Minidumps are not enabled by default on client versions of Windows
#

---------------  T H R E A D  ---------------

Current thread (0x000000001cbec800):  JavaThread "C2 CompilerThread0" daemon [_thread_in_native, id=11984, stack(0x000000001e4e0000,0x000000001e5e0000)]

Stack: [0x000000001e4e0000,0x000000001e5e0000]
[error occurred during error reporting (printing stack bounds), id 0xc0000005]

Native frames: (J=compiled Java code, j=interpreted, Vv=VM code, C=native code)


Current CompileTask:
C2:   5211 2325       4       com.android.dx.ssa.DeadCodeRemover::run (194 bytes)


---------------  P R O C E S S  ---------------

Java Threads: ( => current thread )
  0x000000001f163800 JavaThread "pool-2-thread-4" [_thread_in_Java, id=12032, stack(0x00000000205b0000,0x00000000206b0000)]
  0x000000001f163000 JavaThread "pool-2-thread-3" [_thread_in_Java, id=12112, stack(0x00000000204b0000,0x00000000205b0000)]
  0x000000001f162000 JavaThread "pool-2-thread-2" [_thread_blocked, id=12064, stack(0x00000000203b0000,0x00000000204b0000)]
  0x000000001f0d4800 JavaThread "pool-3-thread-1" [_thread_blocked, id=11956, stack(0x00000000202b0000,0x00000000203b0000)]
  0x000000001eca5000 JavaThread "pool-2-thread-1" [_thread_in_vm, id=11912, stack(0x00000000201b0000,0x00000000202b0000)]
  0x000000001df6f800 JavaThread "Service Thread" daemon [_thread_blocked, id=12160, stack(0x000000001e7e0000,0x000000001e8e0000)]
  0x000000001def4000 JavaThread "C1 CompilerThread2" daemon [_thread_blocked, id=11904, stack(0x000000001e6e0000,0x000000001e7e0000)]
  0x000000001dee9000 JavaThread "C2 CompilerThread1" daemon [_thread_in_native, id=12048, stack(0x000000001e5e0000,0x000000001e6e0000)]
=>0x000000001cbec800 JavaThread "C2 CompilerThread0" daemon [_thread_in_native, id=11984, stack(0x000000001e4e0000,0x000000001e5e0000)]
  0x000000001cb9d800 JavaThread "Attach Listener" daemon [_thread_blocked, id=12124, stack(0x000000001e3e0000,0x000000001e4e0000)]
  0x000000001dee8800 JavaThread "Signal Dispatcher" daemon [_thread_blocked, id=11832, stack(0x000000001e2e0000,0x000000001e3e0000)]
  0x00000000034bd800 JavaThread "Finalizer" daemon [_thread_blocked, id=11928, stack(0x000000001dde0000,0x000000001dee0000)]
  0x00000000034b2000 JavaThread "Reference Handler" daemon [_thread_blocked, id=12036, stack(0x000000001dce0000,0x000000001dde0000)]
  0x00000000033c2800 JavaThread "main" [_thread_blocked, id=11308, stack(0x00000000031f0000,0x00000000032f0000)]

Other Threads:
  0x000000001cb57000 VMThread [stack: 0x000000001dbe0000,0x000000001dce0000] [id=6692]
  0x000000001df89800 WatcherThread [stack: 0x000000001e8e0000,0x000000001e9e0000] [id=11924]

VM state:not at safepoint (normal execution)

VM Mutex/Monitor currently owned by a thread: None

Heap:
 PSYoungGen      total 442368K, used 77331K [0x000000076ab00000, 0x0000000794c80000, 0x00000007c0000000)
  eden space 385024K, 9% used [0x000000076ab00000,0x000000076cd35390,0x0000000782300000)
  from space 57344K, 73% used [0x0000000787f00000,0x000000078a84f8b0,0x000000078b700000)
  to   space 94208K, 0% used [0x0000000782300000,0x0000000782300000,0x0000000787f00000)
 ParOldGen       total 266752K, used 149680K [0x00000006c0000000, 0x00000006d0480000, 0x000000076ab00000)
  object space 266752K, 56% used [0x00000006c0000000,0x00000006c922c138,0x00000006d0480000)
 Metaspace       used 6806K, capacity 7320K, committed 7680K, reserved 1056768K
  class space    used 645K, capacity 656K, committed 768K, reserved 1048576K

Card table byte_map: [0x0000000012880000,0x0000000013090000] byte_map_base: 0x000000000f280000

Marking Bits: (ParMarkBitMap*) 0x000000007484f860
 Begin Bits: [0x00000000139f0000, 0x00000000179f0000)
 End Bits:   [0x00000000179f0000, 0x000000001b9f0000)

Polling page: 0x0000000001670000

CodeCache: size=245760Kb used=10217Kb max_used=10242Kb free=235542Kb
 bounds [0x00000000034c0000, 0x0000000003ed0000, 0x00000000124c0000]
 total_blobs=2580 nmethods=2308 adapters=185
 compilation: enabled

Compilation events (10 events):
Event: 4.312 Thread 0x000000001def4000 2432       3       com.android.dx.ssa.InterferenceRegisterMapper::areAnyPinned (81 bytes)
Event: 4.312 Thread 0x000000001def4000 nmethod 2432 0x0000000003e8d090 code [0x0000000003e8d280, 0x0000000003e8ded8]
Event: 5.154 Thread 0x000000001cbec800 nmethod 2416 0x0000000003ea7990 code [0x0000000003ea8140, 0x0000000003eae428]
Event: 5.155 Thread 0x000000001cbec800 2415       4       com.android.dx.ssa.DomFront::calcDomFronts (154 bytes)
Event: 5.161 Thread 0x000000001def4000 2433       2       com.android.dx.ssa.back.FirstFitLocalCombiningAllocator::findNextUnreservedRopReg (68 bytes)
Event: 5.161 Thread 0x000000001def4000 nmethod 2433 0x0000000003e8ca10 code [0x0000000003e8cba0, 0x0000000003e8cea8]
Event: 5.167 Thread 0x000000001cbec800 nmethod 2415 0x0000000003ea4550 code [0x0000000003ea46e0, 0x0000000003ea5038]
Event: 5.167 Thread 0x000000001cbec800 2325       4       com.android.dx.ssa.DeadCodeRemover::run (194 bytes)
Event: 5.169 Thread 0x000000001def4000 2434 %     2       com.android.dx.ssa.DomFront::calcDomFronts @ 10 (154 bytes)
Event: 5.169 Thread 0x000000001def4000 nmethod 2434% 0x0000000003ea6790 code [0x0000000003ea6980, 0x0000000003ea70a8]

GC Heap History (10 events):
Event: 2.216 GC heap before
{Heap before GC invocations=8 (full 1):
 PSYoungGen      total 251392K, used 27639K [0x000000076ab00000, 0x000000078bd00000, 0x00000007c0000000)
  eden space 223744K, 0% used [0x000000076ab00000,0x000000076ab00000,0x0000000778580000)
  from space 27648K, 99% used [0x0000000778580000,0x000000077a07df48,0x000000077a080000)
  to   space 47616K, 0% used [0x0000000788e80000,0x0000000788e80000,0x000000078bd00000)
 ParOldGen       total 76800K, used 55787K [0x00000006c0000000, 0x00000006c4b00000, 0x000000076ab00000)
  object space 76800K, 72% used [0x00000006c0000000,0x00000006c367ae30,0x00000006c4b00000)
 Metaspace       used 6774K, capacity 7320K, committed 7680K, reserved 1056768K
  class space    used 644K, capacity 656K, committed 768K, reserved 1048576K
Event: 2.552 GC heap after
Heap after GC invocations=8 (full 1):
 PSYoungGen      total 251392K, used 3565K [0x000000076ab00000, 0x000000078bd00000, 0x00000007c0000000)
  eden space 223744K, 0% used [0x000000076ab00000,0x000000076ab00000,0x0000000778580000)
  from space 27648K, 12% used [0x0000000778580000,0x00000007788fb518,0x000000077a080000)
  to   space 47616K, 0% used [0x0000000788e80000,0x0000000788e80000,0x000000078bd00000)
 ParOldGen       total 150016K, used 76754K [0x00000006c0000000, 0x00000006c9280000, 0x000000076ab00000)
  object space 150016K, 51% used [0x00000006c0000000,0x00000006c4af4b50,0x00000006c9280000)
 Metaspace       used 6774K, capacity 7320K, committed 7680K, reserved 1056768K
  class space    used 644K, capacity 656K, committed 768K, reserved 1048576K
}
Event: 3.046 GC heap before
{Heap before GC invocations=9 (full 1):
 PSYoungGen      total 251392K, used 227309K [0x000000076ab00000, 0x000000078bd00000, 0x00000007c0000000)
  eden space 223744K, 100% used [0x000000076ab00000,0x0000000778580000,0x0000000778580000)
  from space 27648K, 12% used [0x0000000778580000,0x00000007788fb518,0x000000077a080000)
  to   space 47616K, 0% used [0x0000000788e80000,0x0000000788e80000,0x000000078bd00000)
 ParOldGen       total 150016K, used 76754K [0x00000006c0000000, 0x00000006c9280000, 0x000000076ab00000)
  object space 150016K, 51% used [0x00000006c0000000,0x00000006c4af4b50,0x00000006c9280000)
 Metaspace       used 6780K, capacity 7320K, committed 7680K, reserved 1056768K
  class space    used 644K, capacity 656K, committed 768K, reserved 1048576K
Event: 3.124 GC heap after
Heap after GC invocations=9 (full 1):
 PSYoungGen      total 346624K, used 36502K [0x000000076ab00000, 0x000000078b280000, 0x00000007c0000000)
  eden space 309760K, 0% used [0x000000076ab00000,0x000000076ab00000,0x000000077d980000)
  from space 36864K, 99% used [0x0000000788e80000,0x000000078b225820,0x000000078b280000)
  to   space 52736K, 0% used [0x0000000784b80000,0x0000000784b80000,0x0000000787f00000)
 ParOldGen       total 150016K, used 76826K [0x00000006c0000000, 0x00000006c9280000, 0x000000076ab00000)
  object space 150016K, 51% used [0x00000006c0000000,0x00000006c4b06b50,0x00000006c9280000)
 Metaspace       used 6780K, capacity 7320K, committed 7680K, reserved 1056768K
  class space    used 644K, capacity 656K, committed 768K, reserved 1048576K
}
Event: 3.677 GC heap before
{Heap before GC invocations=10 (full 1):
 PSYoungGen      total 346624K, used 346262K [0x000000076ab00000, 0x000000078b280000, 0x00000007c0000000)
  eden space 309760K, 100% used [0x000000076ab00000,0x000000077d980000,0x000000077d980000)
  from space 36864K, 99% used [0x0000000788e80000,0x000000078b225820,0x000000078b280000)
  to   space 52736K, 0% used [0x0000000784b80000,0x0000000784b80000,0x0000000787f00000)
 ParOldGen       total 150016K, used 76826K [0x00000006c0000000, 0x00000006c9280000, 0x000000076ab00000)
  object space 150016K, 51% used [0x00000006c0000000,0x00000006c4b06b50,0x00000006c9280000)
 Metaspace       used 6799K, capacity 7320K, committed 7680K, reserved 1056768K
  class space    used 644K, capacity 656K, committed 768K, reserved 1048576K
Event: 3.780 GC heap after
Heap after GC invocations=10 (full 1):
 PSYoungGen      total 442880K, used 52735K [0x000000076ab00000, 0x000000078b700000, 0x00000007c0000000)
  eden space 390144K, 0% used [0x000000076ab00000,0x000000076ab00000,0x0000000782800000)
  from space 52736K, 99% used [0x0000000784b80000,0x0000000787effe10,0x0000000787f00000)
  to   space 57344K, 0% used [0x0000000787f00000,0x0000000787f00000,0x000000078b700000)
 ParOldGen       total 150016K, used 103734K [0x00000006c0000000, 0x00000006c9280000, 0x000000076ab00000)
  object space 150016K, 69% used [0x00000006c0000000,0x00000006c654d8d8,0x00000006c9280000)
 Metaspace       used 6799K, capacity 7320K, committed 7680K, reserved 1056768K
  class space    used 644K, capacity 656K, committed 768K, reserved 1048576K
}
Event: 4.337 GC heap before
{Heap before GC invocations=11 (full 1):
 PSYoungGen      total 442880K, used 442879K [0x000000076ab00000, 0x000000078b700000, 0x00000007c0000000)
  eden space 390144K, 100% used [0x000000076ab00000,0x0000000782800000,0x0000000782800000)
  from space 52736K, 99% used [0x0000000784b80000,0x0000000787effe10,0x0000000787f00000)
  to   space 57344K, 0% used [0x0000000787f00000,0x0000000787f00000,0x000000078b700000)
 ParOldGen       total 150016K, used 103734K [0x00000006c0000000, 0x00000006c9280000, 0x000000076ab00000)
  object space 150016K, 69% used [0x00000006c0000000,0x00000006c654d8d8,0x00000006c9280000)
 Metaspace       used 6806K, capacity 7320K, committed 7680K, reserved 1056768K
  class space    used 645K, capacity 656K, committed 768K, reserved 1048576K
Event: 4.451 GC heap after
Heap after GC invocations=11 (full 1):
 PSYoungGen      total 442368K, used 57315K [0x000000076ab00000, 0x0000000794c80000, 0x00000007c0000000)
  eden space 385024K, 0% used [0x000000076ab00000,0x000000076ab00000,0x0000000782300000)
  from space 57344K, 99% used [0x0000000787f00000,0x000000078b6f8e68,0x000000078b700000)
  to   space 94208K, 0% used [0x0000000782300000,0x0000000782300000,0x0000000787f00000)
 ParOldGen       total 150016K, used 143132K [0x00000006c0000000, 0x00000006c9280000, 0x000000076ab00000)
  object space 150016K, 95% used [0x00000006c0000000,0x00000006c8bc70d0,0x00000006c9280000)
 Metaspace       used 6806K, capacity 7320K, committed 7680K, reserved 1056768K
  class space    used 645K, capacity 656K, committed 768K, reserved 1048576K
}
Event: 4.451 GC heap before
{Heap before GC invocations=12 (full 2):
 PSYoungGen      total 442368K, used 57315K [0x000000076ab00000, 0x0000000794c80000, 0x00000007c0000000)
  eden space 385024K, 0% used [0x000000076ab00000,0x000000076ab00000,0x0000000782300000)
  from space 57344K, 99% used [0x0000000787f00000,0x000000078b6f8e68,0x000000078b700000)
  to   space 94208K, 0% used [0x0000000782300000,0x0000000782300000,0x0000000787f00000)
 ParOldGen       total 150016K, used 143132K [0x00000006c0000000, 0x00000006c9280000, 0x000000076ab00000)
  object space 150016K, 95% used [0x00000006c0000000,0x00000006c8bc70d0,0x00000006c9280000)
 Metaspace       used 6806K, capacity 7320K, committed 7680K, reserved 1056768K
  class space    used 645K, capacity 656K, committed 768K, reserved 1048576K
Event: 5.146 GC heap after
Heap after GC invocations=12 (full 2):
 PSYoungGen      total 442368K, used 42302K [0x000000076ab00000, 0x0000000794c80000, 0x00000007c0000000)
  eden space 385024K, 0% used [0x000000076ab00000,0x000000076ab00000,0x0000000782300000)
  from space 57344K, 73% used [0x0000000787f00000,0x000000078a84f8b0,0x000000078b700000)
  to   space 94208K, 0% used [0x0000000782300000,0x0000000782300000,0x0000000787f00000)
 ParOldGen       total 266752K, used 149680K [0x00000006c0000000, 0x00000006d0480000, 0x000000076ab00000)
  object space 266752K, 56% used [0x00000006c0000000,0x00000006c922c138,0x00000006d0480000)
 Metaspace       used 6806K, capacity 7320K, committed 7680K, reserved 1056768K
  class space    used 645K, capacity 656K, committed 768K, reserved 1048576K
}

Deoptimization events (10 events):
Event: 2.672 Thread 0x000000001f163800 Uncommon trap: reason=bimorphic action=maybe_recompile pc=0x0000000003c9fba4 method=com.android.dx.cf.code.BytecodeArray.parseInstruction(ILcom/android/dx/cf/code/BytecodeArray$Visitor;)I @ 1051
Event: 2.672 Thread 0x000000001f163800 Uncommon trap: reason=bimorphic action=maybe_recompile pc=0x0000000003c9fba4 method=com.android.dx.cf.code.BytecodeArray.parseInstruction(ILcom/android/dx/cf/code/BytecodeArray$Visitor;)I @ 1051
Event: 2.715 Thread 0x000000001f163000 Uncommon trap: reason=unstable_if action=reinterpret pc=0x0000000003d3bff0 method=java.util.HashMap.putVal(ILjava/lang/Object;Ljava/lang/Object;ZZ)Ljava/lang/Object; @ 109
Event: 3.036 Thread 0x000000001eca5000 Uncommon trap: reason=unstable_if action=reinterpret pc=0x00000000039637b4 method=com.android.dx.dex.code.OutputFinisher.hasLocalInfo(Lcom/android/dx/dex/code/DalvInsn;)Z @ 24
Event: 3.588 Thread 0x000000001eca5000 Uncommon trap: reason=bimorphic action=maybe_recompile pc=0x0000000003dc2abc method=com.android.dx.cf.code.BytecodeArray.parseInstruction(ILcom/android/dx/cf/code/BytecodeArray$Visitor;)I @ 2281
Event: 3.588 Thread 0x000000001eca5000 Uncommon trap: reason=bimorphic action=maybe_recompile pc=0x0000000003dc2abc method=com.android.dx.cf.code.BytecodeArray.parseInstruction(ILcom/android/dx/cf/code/BytecodeArray$Visitor;)I @ 2281
Event: 4.037 Thread 0x00000000033c2800 Uncommon trap: reason=unstable_if action=reinterpret pc=0x0000000003628728 method=java.util.zip.ZipCoder.decoder()Ljava/nio/charset/CharsetDecoder; @ 4
Event: 4.075 Thread 0x00000000033c2800 Uncommon trap: reason=unstable_if action=reinterpret pc=0x000000000367bb48 method=java.util.regex.Pattern$BnM.match(Ljava/util/regex/Matcher;ILjava/lang/CharSequence;)Z @ 34
Event: 4.076 Thread 0x00000000033c2800 Uncommon trap: reason=unstable_if action=reinterpret pc=0x000000000366d25c method=java.util.regex.Pattern$BnM.match(Ljava/util/regex/Matcher;ILjava/lang/CharSequence;)Z @ 34
Event: 5.160 Thread 0x000000001eca5000 Uncommon trap: reason=unstable_if action=reinterpret pc=0x0000000003e7fefc method=java.util.BitSet.nextClearBit(I)I @ 70

Classes redefined (0 events):
No events

Internal exceptions (9 events):
Event: 0.023 Thread 0x00000000033c2800 Exception <a 'java/lang/NoSuchMethodError': Method sun.misc.Unsafe.defineClass(Ljava/lang/String;[BII)Ljava/lang/Class; name or signature does not match> (0x000000076ab07ca0) thrown at [C:\re\workspace\8-2-build-windows-amd64-cygwin\jdk8u161\10277\hotspot
Event: 0.023 Thread 0x00000000033c2800 Exception <a 'java/lang/NoSuchMethodError': Method sun.misc.Unsafe.prefetchRead(Ljava/lang/Object;J)V name or signature does not match> (0x000000076ab07f88) thrown at [C:\re\workspace\8-2-build-windows-amd64-cygwin\jdk8u161\10277\hotspot\src\share\vm\prim
Event: 0.561 Thread 0x000000001f162000 Implicit null exception at 0x00000000038a86e2 to 0x00000000038a87e2
Event: 0.563 Thread 0x000000001f163800 Implicit null exception at 0x0000000003865687 to 0x000000000386792d
Event: 0.959 Thread 0x000000001eca5000 Exception <a 'java/lang/ArrayIndexOutOfBoundsException': 18> (0x000000076d99f4c8) thrown at [C:\re\workspace\8-2-build-windows-amd64-cygwin\jdk8u161\10277\hotspot\src\share\vm\interpreter\interpreterRuntime.cpp, line 366]
Event: 0.960 Thread 0x000000001eca5000 Exception <a 'java/lang/ArrayIndexOutOfBoundsException': 145> (0x000000076d9a1048) thrown at [C:\re\workspace\8-2-build-windows-amd64-cygwin\jdk8u161\10277\hotspot\src\share\vm\interpreter\interpreterRuntime.cpp, line 366]
Event: 0.960 Thread 0x000000001eca5000 Exception <a 'java/lang/ArrayIndexOutOfBoundsException'> (0x000000076d9a2330) thrown at [C:\re\workspace\8-2-build-windows-amd64-cygwin\jdk8u161\10277\hotspot\src\share\vm\runtime\sharedRuntime.cpp, line 605]
Event: 1.584 Thread 0x000000001f163000 Implicit null exception at 0x000000000393caca to 0x000000000393ccad
Event: 4.037 Thread 0x00000000033c2800 Implicit null exception at 0x0000000003627d70 to 0x00000000036286e1

Events (10 events):
Event: 5.160 Thread 0x000000001eca5000 DEOPT PACKING pc=0x0000000003e7fefc sp=0x00000000202ae880
Event: 5.160 Thread 0x000000001eca5000 DEOPT UNPACKING pc=0x000000000350583b sp=0x00000000202ae738 mode 2
Event: 5.161 Thread 0x000000001f163000 DEOPT PACKING pc=0x00000000038e79ed sp=0x00000000205ae640
Event: 5.161 Thread 0x000000001f163000 DEOPT UNPACKING pc=0x0000000003507490 sp=0x00000000205ae3e0 mode 0
Event: 5.163 Thread 0x000000001eca5000 DEOPT PACKING pc=0x00000000038a4764 sp=0x00000000202ae930
Event: 5.163 Thread 0x000000001eca5000 DEOPT UNPACKING pc=0x0000000003507490 sp=0x00000000202ae648 mode 0
Event: 5.183 Thread 0x000000001f163800 DEOPT PACKING pc=0x00000000039552d9 sp=0x00000000206ae440
Event: 5.183 Thread 0x000000001f163800 DEOPT UNPACKING pc=0x0000000003507490 sp=0x00000000206ae270 mode 0
Event: 5.207 Thread 0x000000001f163000 DEOPT PACKING pc=0x00000000038a4764 sp=0x00000000205ae520
Event: 5.207 Thread 0x000000001f163000 DEOPT UNPACKING pc=0x0000000003507490 sp=0x00000000205ae238 mode 0


Dynamic libraries:
0x00007ff6b5040000 - 0x00007ff6b5077000 	D:\2.develop_tools\JAVA\JDK\bin\java.exe
0x00007ffa766a0000 - 0x00007ffa76871000 	C:\Windows\SYSTEM32\ntdll.dll
0x00007ffa740a0000 - 0x00007ffa7414b000 	C:\Windows\System32\KERNEL32.DLL
0x00007ffa73590000 - 0x00007ffa737ad000 	C:\Windows\System32\KERNELBASE.dll
0x00007ffa74150000 - 0x00007ffa741f2000 	C:\Windows\System32\ADVAPI32.dll
0x00007ffa745d0000 - 0x00007ffa7466e000 	C:\Windows\System32\msvcrt.dll
0x00007ffa748f0000 - 0x00007ffa74949000 	C:\Windows\System32\sechost.dll
0x00007ffa76570000 - 0x00007ffa76691000 	C:\Windows\System32\RPCRT4.dll
0x00007ffa74bb0000 - 0x00007ffa74d15000 	C:\Windows\System32\USER32.dll
0x00007ffa73b50000 - 0x00007ffa73b6e000 	C:\Windows\System32\win32u.dll
0x00007ffa746d0000 - 0x00007ffa74704000 	C:\Windows\System32\GDI32.dll
0x00007ffa739c0000 - 0x00007ffa73b42000 	C:\Windows\System32\gdi32full.dll
0x00007ffa67840000 - 0x00007ffa67aba000 	C:\Windows\WinSxS\amd64_microsoft.windows.common-controls_6595b64144ccf1df_6.0.14393.953_none_42151e83c686086b\COMCTL32.dll
0x00007ffa762a0000 - 0x00007ffa76568000 	C:\Windows\System32\combase.dll
0x00007ffa738c0000 - 0x00007ffa739b5000 	C:\Windows\System32\ucrtbase.dll
0x00007ffa73bc0000 - 0x00007ffa73c2a000 	C:\Windows\System32\bcryptPrimitives.dll
0x00007ffa74070000 - 0x00007ffa7409e000 	C:\Windows\System32\IMM32.DLL
0x00000000748d0000 - 0x00000000749a2000 	D:\2.develop_tools\JAVA\JDK\jre\bin\msvcr100.dll
0x0000000074030000 - 0x00000000748cf000 	D:\2.develop_tools\JAVA\JDK\jre\bin\server\jvm.dll
0x00007ffa74060000 - 0x00007ffa74068000 	C:\Windows\System32\PSAPI.DLL
0x00007ffa655c0000 - 0x00007ffa655c9000 	C:\Windows\SYSTEM32\WSOCK32.dll
0x00007ffa6e480000 - 0x00007ffa6e48a000 	C:\Windows\SYSTEM32\VERSION.dll
0x00007ffa70fb0000 - 0x00007ffa70fd3000 	C:\Windows\SYSTEM32\WINMM.dll
0x00007ffa76230000 - 0x00007ffa7629a000 	C:\Windows\System32\WS2_32.dll
0x00007ffa70f50000 - 0x00007ffa70f7b000 	C:\Windows\SYSTEM32\WINMMBASE.dll
0x00007ffa73b70000 - 0x00007ffa73bb2000 	C:\Windows\System32\cfgmgr32.dll
0x0000000074020000 - 0x000000007402f000 	D:\2.develop_tools\JAVA\JDK\jre\bin\verify.dll
0x0000000073ff0000 - 0x0000000074019000 	D:\2.develop_tools\JAVA\JDK\jre\bin\java.dll
0x0000000073fd0000 - 0x0000000073fe6000 	D:\2.develop_tools\JAVA\JDK\jre\bin\zip.dll
0x00007ffa74d20000 - 0x00007ffa76229000 	C:\Windows\System32\SHELL32.dll
0x00007ffa72e10000 - 0x00007ffa734ea000 	C:\Windows\System32\windows.storage.dll
0x00007ffa72b40000 - 0x00007ffa72b8c000 	C:\Windows\System32\powrprof.dll
0x00007ffa74670000 - 0x00007ffa746c2000 	C:\Windows\System32\shlwapi.dll
0x00007ffa72b30000 - 0x00007ffa72b3f000 	C:\Windows\System32\kernel.appcore.dll
0x00007ffa73810000 - 0x00007ffa738b9000 	C:\Windows\System32\shcore.dll
0x00007ffa72b10000 - 0x00007ffa72b24000 	C:\Windows\System32\profapi.dll

VM Arguments:
jvm_args: -Djava.awt.headless=true -Xmx4g -Dfile.encoding=GBK -Duser.country=CN -Duser.language=zh -Duser.variant 
java_command: com.android.dx.command.Main --dex --num-threads=4 --multi-dex --main-dex-list D:\3.Code\MyAppProject\ahjl_app\appclient\app\build\intermediates\multi-dex\debug\maindexlist.txt --output D:\3.Code\MyAppProject\ahjl_app\appclient\app\build\intermediates\transforms\dex\debug\folders\1000\1f\main D:\3.Code\MyAppProject\ahjl_app\appclient\app\build\intermediates\transforms\jarMerging\debug\jars\1\1f\combined.jar
java_class_path (initial): D:\2.develop_tools\SDK\build-tools\25.0.2\lib\dx.jar
Launcher Type: SUN_STANDARD

Environment Variables:
JAVA_HOME=D:\2.develop_tools\JAVA\JDK
PATH=C:\Windows\system32;C:\Windows;C:\Windows\System32\Wbem;C:\Windows\System32\WindowsPowerShell\v1.0\;C:\Windows\system32\config\systemprofile\.dnx\bin;C:\Program Files\Microsoft DNX\Dnvm\;C:\Program Files\Microsoft SQL Server\130\Tools\Binn\;D:\2.develop_tools\JAVA\JDK\bin;D:\2.develop_tools\JAVA\JDK\jre\bin;E:\Program Files (x86)\Microsoft SQL Server\100\Tools\Binn\;E:\Program Files\Microsoft SQL Server\100\Tools\Binn\;E:\Program Files\Microsoft SQL Server\100\DTS\Binn\;E:\Program Files (x86)\Microsoft SQL Server\100\Tools\Binn\VSShell\Common7\IDE\;C:\Program Files (x86)\Microsoft Visual Studio 9.0\Common7\IDE\PrivateAssemblies\;E:\Program Files (x86)\Microsoft SQL Server\100\DTS\Binn\;C:\Program Files\TortoiseSVN\bin;C:\Users\Administrator\AppData\Local\Microsoft\WindowsApps;
USERNAME=Administrator
OS=Windows_NT
PROCESSOR_IDENTIFIER=AMD64 Family 23 Model 17 Stepping 0, AuthenticAMD



---------------  S Y S T E M  ---------------

OS: Windows 10.0 , 64 bit Build 14393 (10.0.14393.0)

CPU:total 4 (initial active 4) (4 cores per cpu, 1 threads per core) family 23 model 17 stepping 0, cmov, cx8, fxsr, mmx, sse, sse2, sse3, ssse3, sse4.1, sse4.2, popcnt, avx, avx2, aes, clmul, mmxext, 3dnowpref, lzcnt, sse4a, tsc, tscinvbit, tscinv, bmi1

Memory: 4k page, physical 7287484k(1850824k free), swap 8860348k(3180k free)

vm_info: Java HotSpot(TM) 64-Bit Server VM (25.161-b12) for windows-amd64 JRE (1.8.0_161-b12), built on Dec 19 2017 17:52:25 by "java_re" with MS VC++ 10.0 (VS2010)

time: Sat Apr 28 09:43:40 2018
elapsed time: 5 seconds (0d 0h 0m 5s)

