#
# There is insufficient memory for the Java Runtime Environment to continue.
# Native memory allocation (malloc) failed to allocate 32744 bytes for ChunkPool::allocate
# Possible reasons:
#   The system is out of physical RAM or swap space
#   In 32 bit mode, the process size limit was hit
# Possible solutions:
#   Reduce memory load on the system
#   Increase physical memory or swap space
#   Check if swap backing store is full
#   Use 64 bit Java on a 64 bit OS
#   Decrease Java heap size (-Xmx/-Xms)
#   Decrease number of Java threads
#   Decrease Java thread stack sizes (-Xss)
#   Set larger code cache with -XX:ReservedCodeCacheSize=
# This output file may be truncated or incomplete.
#
#  Out of Memory Error (allocation.cpp:273), pid=11276, tid=0x0000000000001d2c
#
# JRE version: Java(TM) SE Runtime Environment (8.0_161-b12) (build 1.8.0_161-b12)
# Java VM: Java HotSpot(TM) 64-Bit Server VM (25.161-b12 mixed mode windows-amd64 compressed oops)
# Failed to write core dump. Minidumps are not enabled by default on client versions of Windows
#

---------------  T H R E A D  ---------------

Current thread (0x000000001732d000):  JavaThread "C2 CompilerThread1" daemon [_thread_in_native, id=7468, stack(0x0000000018d70000,0x0000000018e70000)]

Stack: [0x0000000018d70000,0x0000000018e70000]
[error occurred during error reporting (printing stack bounds), id 0xc0000005]

Native frames: (J=compiled Java code, j=interpreted, Vv=VM code, C=native code)


Current CompileTask:
C2:    544  519   !   4       com.android.multidex.ClassReferenceListBuilder::addClassWithHierachy (124 bytes)


---------------  P R O C E S S  ---------------

Java Threads: ( => current thread )
  0x00000000186ff800 JavaThread "Service Thread" daemon [_thread_blocked, id=11300, stack(0x0000000018f70000,0x0000000019070000)]
  0x000000001867f800 JavaThread "C1 CompilerThread2" daemon [_thread_blocked, id=10760, stack(0x0000000018e70000,0x0000000018f70000)]
=>0x000000001732d000 JavaThread "C2 CompilerThread1" daemon [_thread_in_native, id=7468, stack(0x0000000018d70000,0x0000000018e70000)]
  0x000000001732a000 JavaThread "C2 CompilerThread0" daemon [_thread_in_native, id=11440, stack(0x0000000018c70000,0x0000000018d70000)]
  0x00000000172c7800 JavaThread "Attach Listener" daemon [_thread_blocked, id=12156, stack(0x0000000018b70000,0x0000000018c70000)]
  0x0000000018678800 JavaThread "Signal Dispatcher" daemon [_thread_blocked, id=11532, stack(0x0000000018a70000,0x0000000018b70000)]
  0x00000000172ba800 JavaThread "Finalizer" daemon [_thread_blocked, id=11560, stack(0x0000000018570000,0x0000000018670000)]
  0x0000000003060000 JavaThread "Reference Handler" daemon [_thread_blocked, id=11072, stack(0x0000000018470000,0x0000000018570000)]
  0x0000000002e6e000 JavaThread "main" [_thread_in_Java, id=9364, stack(0x0000000002e70000,0x0000000002f70000)]

Other Threads:
  0x0000000017298000 VMThread [stack: 0x0000000018370000,0x0000000018470000] [id=10924]
  0x000000001871a800 WatcherThread [stack: 0x0000000019070000,0x0000000019170000] [id=11304]

VM state:not at safepoint (normal execution)

VM Mutex/Monitor currently owned by a thread: None

Heap:
 PSYoungGen      total 61952K, used 37888K [0x00000000daf00000, 0x00000000df000000, 0x0000000100000000)
  eden space 57344K, 58% used [0x00000000daf00000,0x00000000dcf844e0,0x00000000de700000)
  from space 4608K, 99% used [0x00000000deb80000,0x00000000deffbd00,0x00000000df000000)
  to   space 4608K, 0% used [0x00000000de700000,0x00000000de700000,0x00000000deb80000)
 ParOldGen       total 76800K, used 92K [0x0000000090c00000, 0x0000000095700000, 0x00000000daf00000)
  object space 76800K, 0% used [0x0000000090c00000,0x0000000090c17248,0x0000000095700000)
 Metaspace       used 3898K, capacity 5144K, committed 5376K, reserved 1056768K
  class space    used 416K, capacity 456K, committed 512K, reserved 1048576K

Card table byte_map: [0x0000000012430000,0x00000000127b0000] byte_map_base: 0x0000000011faa000

Marking Bits: (ParMarkBitMap*) 0x000000006c6ff860
 Begin Bits: [0x0000000012e10000, 0x00000000149e0000)
 End Bits:   [0x00000000149e0000, 0x00000000165b0000)

Polling page: 0x00000000029a0000

CodeCache: size=245760Kb used=3150Kb max_used=3150Kb free=242610Kb
 bounds [0x0000000003070000, 0x0000000003390000, 0x0000000012070000]
 total_blobs=787 nmethods=537 adapters=164
 compilation: enabled

Compilation events (10 events):
Event: 0.498 Thread 0x000000001867f800  543   !   3       com.android.dx.cf.attrib.AttExceptions::<init> (45 bytes)
Event: 0.498 Thread 0x000000001867f800 nmethod 543 0x000000000337f8d0 code [0x000000000337fa80, 0x000000000337ffa8]
Event: 0.498 Thread 0x000000001867f800  544       3       com.android.multidex.ArchivePathElement$1$1::next (5 bytes)
Event: 0.499 Thread 0x000000001867f800 nmethod 544 0x000000000337c890 code [0x000000000337ca20, 0x000000000337cdd8]
Event: 0.499 Thread 0x000000001867f800  545       3       com.android.multidex.ArchivePathElement$1$1::next (30 bytes)
Event: 0.499 Thread 0x000000001867f800 nmethod 545 0x000000000337f2d0 code [0x000000000337f460, 0x000000000337f798]
Event: 0.499 Thread 0x000000001867f800  546       3       com.android.dx.cf.direct.DirectClassFile::getAttributes (9 bytes)
Event: 0.499 Thread 0x000000001867f800 nmethod 546 0x000000000337ee50 code [0x000000000337efc0, 0x000000000337f208]
Event: 0.523 Thread 0x000000001867f800  549       1       com.android.dx.cf.attrib.AttEnclosingMethod::byteLength (3 bytes)
Event: 0.523 Thread 0x000000001867f800 nmethod 549 0x000000000337eb90 code [0x000000000337ece0, 0x000000000337edf0]

GC Heap History (4 events):
Event: 0.332 GC heap before
{Heap before GC invocations=1 (full 0):
 PSYoungGen      total 33280K, used 28672K [0x00000000daf00000, 0x00000000dd400000, 0x0000000100000000)
  eden space 28672K, 100% used [0x00000000daf00000,0x00000000dcb00000,0x00000000dcb00000)
  from space 4608K, 0% used [0x00000000dcf80000,0x00000000dcf80000,0x00000000dd400000)
  to   space 4608K, 0% used [0x00000000dcb00000,0x00000000dcb00000,0x00000000dcf80000)
 ParOldGen       total 76800K, used 0K [0x0000000090c00000, 0x0000000095700000, 0x00000000daf00000)
  object space 76800K, 0% used [0x0000000090c00000,0x0000000090c00000,0x0000000095700000)
 Metaspace       used 3848K, capacity 5080K, committed 5376K, reserved 1056768K
  class space    used 411K, capacity 456K, committed 512K, reserved 1048576K
Event: 0.339 GC heap after
Heap after GC invocations=1 (full 0):
 PSYoungGen      total 33280K, used 4184K [0x00000000daf00000, 0x00000000df000000, 0x0000000100000000)
  eden space 28672K, 0% used [0x00000000daf00000,0x00000000daf00000,0x00000000dcb00000)
  from space 4608K, 90% used [0x00000000dcb00000,0x00000000dcf16370,0x00000000dcf80000)
  to   space 4608K, 0% used [0x00000000deb80000,0x00000000deb80000,0x00000000df000000)
 ParOldGen       total 76800K, used 8K [0x0000000090c00000, 0x0000000095700000, 0x00000000daf00000)
  object space 76800K, 0% used [0x0000000090c00000,0x0000000090c02000,0x0000000095700000)
 Metaspace       used 3848K, capacity 5080K, committed 5376K, reserved 1056768K
  class space    used 411K, capacity 456K, committed 512K, reserved 1048576K
}
Event: 0.438 GC heap before
{Heap before GC invocations=2 (full 0):
 PSYoungGen      total 33280K, used 32856K [0x00000000daf00000, 0x00000000df000000, 0x0000000100000000)
  eden space 28672K, 100% used [0x00000000daf00000,0x00000000dcb00000,0x00000000dcb00000)
  from space 4608K, 90% used [0x00000000dcb00000,0x00000000dcf16370,0x00000000dcf80000)
  to   space 4608K, 0% used [0x00000000deb80000,0x00000000deb80000,0x00000000df000000)
 ParOldGen       total 76800K, used 8K [0x0000000090c00000, 0x0000000095700000, 0x00000000daf00000)
  object space 76800K, 0% used [0x0000000090c00000,0x0000000090c02000,0x0000000095700000)
 Metaspace       used 3874K, capacity 5144K, committed 5376K, reserved 1056768K
  class space    used 412K, capacity 456K, committed 512K, reserved 1048576K
Event: 0.447 GC heap after
Heap after GC invocations=2 (full 0):
 PSYoungGen      total 61952K, used 4591K [0x00000000daf00000, 0x00000000df000000, 0x0000000100000000)
  eden space 57344K, 0% used [0x00000000daf00000,0x00000000daf00000,0x00000000de700000)
  from space 4608K, 99% used [0x00000000deb80000,0x00000000deffbd00,0x00000000df000000)
  to   space 4608K, 0% used [0x00000000de700000,0x00000000de700000,0x00000000deb80000)
 ParOldGen       total 76800K, used 92K [0x0000000090c00000, 0x0000000095700000, 0x00000000daf00000)
  object space 76800K, 0% used [0x0000000090c00000,0x0000000090c17248,0x0000000095700000)
 Metaspace       used 3874K, capacity 5144K, committed 5376K, reserved 1056768K
  class space    used 412K, capacity 456K, committed 512K, reserved 1048576K
}

Deoptimization events (5 events):
Event: 0.299 Thread 0x0000000002e6e000 Uncommon trap: reason=class_check action=maybe_recompile pc=0x00000000032d3920 method=com.android.dx.cf.attrib.AttConstantValue.<init>(Lcom/android/dx/rop/cst/TypedConstant;)V @ 14
Event: 0.299 Thread 0x0000000002e6e000 Uncommon trap: reason=class_check action=maybe_recompile pc=0x00000000032d3920 method=com.android.dx.cf.attrib.AttConstantValue.<init>(Lcom/android/dx/rop/cst/TypedConstant;)V @ 14
Event: 0.300 Thread 0x0000000002e6e000 Uncommon trap: reason=class_check action=maybe_recompile pc=0x00000000032d3920 method=com.android.dx.cf.attrib.AttConstantValue.<init>(Lcom/android/dx/rop/cst/TypedConstant;)V @ 14
Event: 0.323 Thread 0x0000000002e6e000 Uncommon trap: reason=class_check action=maybe_recompile pc=0x00000000032d3920 method=com.android.dx.cf.attrib.AttConstantValue.<init>(Lcom/android/dx/rop/cst/TypedConstant;)V @ 14
Event: 0.452 Thread 0x0000000002e6e000 Uncommon trap: reason=unstable_if action=reinterpret pc=0x000000000336bb68 method=com.android.dx.cf.direct.StdAttributeFactory.parse0(Lcom/android/dx/cf/direct/DirectClassFile;ILjava/lang/String;IILcom/android/dx/cf/iface/ParseObserver;)Lcom/android/dx/cf

Classes redefined (0 events):
No events

Internal exceptions (2 events):
Event: 0.027 Thread 0x0000000002e6e000 Exception <a 'java/lang/NoSuchMethodError': Method sun.misc.Unsafe.defineClass(Ljava/lang/String;[BII)Ljava/lang/Class; name or signature does not match> (0x00000000daf07ca0) thrown at [C:\re\workspace\8-2-build-windows-amd64-cygwin\jdk8u161\10277\hotspot
Event: 0.027 Thread 0x0000000002e6e000 Exception <a 'java/lang/NoSuchMethodError': Method sun.misc.Unsafe.prefetchRead(Ljava/lang/Object;J)V name or signature does not match> (0x00000000daf07f88) thrown at [C:\re\workspace\8-2-build-windows-amd64-cygwin\jdk8u161\10277\hotspot\src\share\vm\prim

Events (10 events):
Event: 0.495 Thread 0x0000000002e6e000 DEOPT PACKING pc=0x000000000329ab24 sp=0x0000000002f6e920
Event: 0.495 Thread 0x0000000002e6e000 DEOPT UNPACKING pc=0x00000000030b7490 sp=0x0000000002f6e6e0 mode 0
Event: 0.503 Thread 0x0000000002e6e000 DEOPT PACKING pc=0x000000000329ab24 sp=0x0000000002f6e990
Event: 0.503 Thread 0x0000000002e6e000 DEOPT UNPACKING pc=0x00000000030b7490 sp=0x0000000002f6e750 mode 0
Event: 0.513 Thread 0x0000000002e6e000 DEOPT PACKING pc=0x000000000329ab24 sp=0x0000000002f6e990
Event: 0.513 Thread 0x0000000002e6e000 DEOPT UNPACKING pc=0x00000000030b7490 sp=0x0000000002f6e750 mode 0
Event: 0.519 Thread 0x0000000002e6e000 DEOPT PACKING pc=0x000000000329ab24 sp=0x0000000002f6e990
Event: 0.519 Thread 0x0000000002e6e000 DEOPT UNPACKING pc=0x00000000030b7490 sp=0x0000000002f6e750 mode 0
Event: 0.532 Thread 0x0000000002e6e000 DEOPT PACKING pc=0x000000000329ab24 sp=0x0000000002f6e990
Event: 0.532 Thread 0x0000000002e6e000 DEOPT UNPACKING pc=0x00000000030b7490 sp=0x0000000002f6e750 mode 0


Dynamic libraries:
0x00007ff6dec80000 - 0x00007ff6decb7000 	D:\2.develop_tools\JAVA\JDK\bin\java.exe
0x00007ffb69cb0000 - 0x00007ffb69e81000 	C:\Windows\SYSTEM32\ntdll.dll
0x00007ffb69470000 - 0x00007ffb6951b000 	C:\Windows\System32\KERNEL32.DLL
0x00007ffb66ba0000 - 0x00007ffb66dbd000 	C:\Windows\System32\KERNELBASE.dll
0x00007ffb689b0000 - 0x00007ffb68a52000 	C:\Windows\System32\ADVAPI32.dll
0x00007ffb67400000 - 0x00007ffb6749e000 	C:\Windows\System32\msvcrt.dll
0x00007ffb699b0000 - 0x00007ffb69a09000 	C:\Windows\System32\sechost.dll
0x00007ffb69520000 - 0x00007ffb69641000 	C:\Windows\System32\RPCRT4.dll
0x00007ffb68a60000 - 0x00007ffb68bc5000 	C:\Windows\System32\USER32.dll
0x00007ffb662a0000 - 0x00007ffb662be000 	C:\Windows\System32\win32u.dll
0x00007ffb69b30000 - 0x00007ffb69b64000 	C:\Windows\System32\GDI32.dll
0x00007ffb66e30000 - 0x00007ffb66fb2000 	C:\Windows\System32\gdi32full.dll
0x00007ffb5cea0000 - 0x00007ffb5d11a000 	C:\Windows\WinSxS\amd64_microsoft.windows.common-controls_6595b64144ccf1df_6.0.14393.953_none_42151e83c686086b\COMCTL32.dll
0x00007ffb69650000 - 0x00007ffb69918000 	C:\Windows\System32\combase.dll
0x00007ffb661a0000 - 0x00007ffb66295000 	C:\Windows\System32\ucrtbase.dll
0x00007ffb66dc0000 - 0x00007ffb66e2a000 	C:\Windows\System32\bcryptPrimitives.dll
0x00007ffb69980000 - 0x00007ffb699ae000 	C:\Windows\System32\IMM32.DLL
0x000000006c780000 - 0x000000006c852000 	D:\2.develop_tools\JAVA\JDK\jre\bin\msvcr100.dll
0x000000006bee0000 - 0x000000006c77f000 	D:\2.develop_tools\JAVA\JDK\jre\bin\server\jvm.dll
0x00007ffb69c90000 - 0x00007ffb69c98000 	C:\Windows\System32\PSAPI.DLL
0x00007ffb62110000 - 0x00007ffb6211a000 	C:\Windows\SYSTEM32\VERSION.dll
0x00007ffb638c0000 - 0x00007ffb638e3000 	C:\Windows\SYSTEM32\WINMM.dll
0x00007ffb59670000 - 0x00007ffb59679000 	C:\Windows\SYSTEM32\WSOCK32.dll
0x00007ffb63860000 - 0x00007ffb6388b000 	C:\Windows\SYSTEM32\WINMMBASE.dll
0x00007ffb691a0000 - 0x00007ffb6920a000 	C:\Windows\System32\WS2_32.dll
0x00007ffb662c0000 - 0x00007ffb66302000 	C:\Windows\System32\cfgmgr32.dll
0x000000006bed0000 - 0x000000006bedf000 	D:\2.develop_tools\JAVA\JDK\jre\bin\verify.dll
0x000000006bea0000 - 0x000000006bec9000 	D:\2.develop_tools\JAVA\JDK\jre\bin\java.dll
0x000000006be80000 - 0x000000006be96000 	D:\2.develop_tools\JAVA\JDK\jre\bin\zip.dll
0x00007ffb674a0000 - 0x00007ffb689a9000 	C:\Windows\System32\SHELL32.dll
0x00007ffb66310000 - 0x00007ffb669ea000 	C:\Windows\System32\windows.storage.dll
0x00007ffb66130000 - 0x00007ffb6617c000 	C:\Windows\System32\powrprof.dll
0x00007ffb69c30000 - 0x00007ffb69c82000 	C:\Windows\System32\shlwapi.dll
0x00007ffb66120000 - 0x00007ffb6612f000 	C:\Windows\System32\kernel.appcore.dll
0x00007ffb669f0000 - 0x00007ffb66a99000 	C:\Windows\System32\shcore.dll
0x00007ffb66180000 - 0x00007ffb66194000 	C:\Windows\System32\profapi.dll

VM Arguments:
jvm_args: -Djava.awt.headless=true -Dfile.encoding=GBK -Duser.country=CN -Duser.language=zh -Duser.variant 
java_command: com.android.multidex.ClassReferenceListBuilder D:\3.Code\MyAppProject\ahjl_app\appclient\app\build\intermediates\multi-dex\debug\componentClasses.jar D:\3.Code\MyAppProject\ahjl_app\appclient\app\build\intermediates\transforms\jarMerging\debug\jars\1\1f\combined.jar
java_class_path (initial): D:\2.develop_tools\SDK\build-tools\25.0.2\lib\dx.jar
Launcher Type: SUN_STANDARD

Environment Variables:
JAVA_HOME=D:\2.develop_tools\JAVA\JDK
PATH=C:\Windows\system32;C:\Windows;C:\Windows\System32\Wbem;C:\Windows\System32\WindowsPowerShell\v1.0\;%USERPROFILE%\.dnx\bin;C:\Program Files\Microsoft DNX\Dnvm\;C:\Program Files\Microsoft SQL Server\130\Tools\Binn\;D:\2.develop_tools\JAVA\JDK\bin;D:\2.develop_tools\JAVA\JDK\jre\bin;E:\Program Files (x86)\Microsoft SQL Server\100\Tools\Binn\;E:\Program Files\Microsoft SQL Server\100\Tools\Binn\;E:\Program Files\Microsoft SQL Server\100\DTS\Binn\;E:\Program Files (x86)\Microsoft SQL Server\100\Tools\Binn\VSShell\Common7\IDE\;C:\Program Files (x86)\Microsoft Visual Studio 9.0\Common7\IDE\PrivateAssemblies\;E:\Program Files (x86)\Microsoft SQL Server\100\DTS\Binn\;C:\Program Files\TortoiseSVN\bin;C:\Users\Administrator\AppData\Local\Microsoft\WindowsApps
USERNAME=Administrator
OS=Windows_NT
PROCESSOR_IDENTIFIER=AMD64 Family 23 Model 17 Stepping 0, AuthenticAMD



---------------  S Y S T E M  ---------------

OS: Windows 10.0 , 64 bit Build 14393 (10.0.14393.0)

CPU:total 4 (initial active 4) (4 cores per cpu, 1 threads per core) family 23 model 17 stepping 0, cmov, cx8, fxsr, mmx, sse, sse2, sse3, ssse3, sse4.1, sse4.2, popcnt, avx, avx2, aes, clmul, mmxext, 3dnowpref, lzcnt, sse4a, tsc, tscinvbit, tscinv, bmi1

Memory: 4k page, physical 7287484k(929048k free), swap 8860348k(3180k free)

vm_info: Java HotSpot(TM) 64-Bit Server VM (25.161-b12) for windows-amd64 JRE (1.8.0_161-b12), built on Dec 19 2017 17:52:25 by "java_re" with MS VC++ 10.0 (VS2010)

time: Tue May 08 14:42:50 2018
elapsed time: 0 seconds (0d 0h 0m 0s)

