#
# There is insufficient memory for the Java Runtime Environment to continue.
# Native memory allocation (malloc) failed to allocate 1403056 bytes for Chunk::new
# Possible reasons:
#   The system is out of physical RAM or swap space
#   In 32 bit mode, the process size limit was hit
# Possible solutions:
#   Reduce memory load on the system
#   Increase physical memory or swap space
#   Check if swap backing store is full
#   Use 64 bit Java on a 64 bit OS
#   Decrease Java heap size (-Xmx/-Xms)
#   Decrease number of Java threads
#   Decrease Java thread stack sizes (-Xss)
#   Set larger code cache with -XX:ReservedCodeCacheSize=
# This output file may be truncated or incomplete.
#
#  Out of Memory Error (allocation.cpp:390), pid=10500, tid=0x0000000000002484
#
# JRE version: Java(TM) SE Runtime Environment (8.0_161-b12) (build 1.8.0_161-b12)
# Java VM: Java HotSpot(TM) 64-Bit Server VM (25.161-b12 mixed mode windows-amd64 compressed oops)
# Failed to write core dump. Minidumps are not enabled by default on client versions of Windows
#

---------------  T H R E A D  ---------------

Current thread (0x000000001c7aa000):  JavaThread "C2 CompilerThread0" daemon [_thread_in_native, id=9348, stack(0x000000001e100000,0x000000001e200000)]

Stack: [0x000000001e100000,0x000000001e200000]
[error occurred during error reporting (printing stack bounds), id 0xc0000005]

Native frames: (J=compiled Java code, j=interpreted, Vv=VM code, C=native code)


Current CompileTask:
C2:   1715 1931   !   4       com.android.dx.cf.code.BytecodeArray::parseInstruction (2764 bytes)


---------------  P R O C E S S  ---------------

Java Threads: ( => current thread )
  0x000000001e680800 JavaThread "pool-2-thread-4" [_thread_in_Java, id=11932, stack(0x00000000201d0000,0x00000000202d0000)]
  0x000000001ed66000 JavaThread "pool-2-thread-3" [_thread_in_Java, id=12672, stack(0x00000000200d0000,0x00000000201d0000)]
  0x000000001e67f800 JavaThread "pool-2-thread-2" [_thread_in_Java, id=11536, stack(0x000000001ffd0000,0x00000000200d0000)]
  0x000000001ded8000 JavaThread "pool-3-thread-1" [_thread_blocked, id=7408, stack(0x000000001fed0000,0x000000001ffd0000)]
  0x000000001e9e3000 JavaThread "pool-2-thread-1" [_thread_in_Java, id=11096, stack(0x000000001fdd0000,0x000000001fed0000)]
  0x000000001db97000 JavaThread "Service Thread" daemon [_thread_blocked, id=11332, stack(0x000000001e400000,0x000000001e500000)]
  0x000000001db12000 JavaThread "C1 CompilerThread2" daemon [_thread_blocked, id=4524, stack(0x000000001e300000,0x000000001e400000)]
  0x000000001db0a000 JavaThread "C2 CompilerThread1" daemon [_thread_in_native, id=10680, stack(0x000000001e200000,0x000000001e300000)]
=>0x000000001c7aa000 JavaThread "C2 CompilerThread0" daemon [_thread_in_native, id=9348, stack(0x000000001e100000,0x000000001e200000)]
  0x000000001c75f800 JavaThread "Attach Listener" daemon [_thread_blocked, id=9268, stack(0x000000001e000000,0x000000001e100000)]
  0x000000001db08800 JavaThread "Signal Dispatcher" daemon [_thread_blocked, id=12656, stack(0x000000001df00000,0x000000001e000000)]
  0x000000000307d800 JavaThread "Finalizer" daemon [_thread_blocked, id=11044, stack(0x000000001d9a0000,0x000000001daa0000)]
  0x0000000003072000 JavaThread "Reference Handler" daemon [_thread_blocked, id=7284, stack(0x000000001d8a0000,0x000000001d9a0000)]
  0x0000000002f82800 JavaThread "main" [_thread_in_vm, id=13336, stack(0x0000000002e80000,0x0000000002f80000)]

Other Threads:
  0x000000001c717000 VMThread [stack: 0x000000001d7a0000,0x000000001d8a0000] [id=9076]
  0x000000001dba9800 WatcherThread [stack: 0x000000001e500000,0x000000001e600000] [id=2660]

VM state:not at safepoint (normal execution)

VM Mutex/Monitor currently owned by a thread: None

Heap:
 PSYoungGen      total 136704K, used 120545K [0x000000076ab00000, 0x000000077b600000, 0x00000007c0000000)
  eden space 114688K, 86% used [0x000000076ab00000,0x0000000770b6d458,0x0000000771b00000)
  from space 22016K, 99% used [0x000000077a080000,0x000000077b5cb1f0,0x000000077b600000)
  to   space 4608K, 0% used [0x0000000771b00000,0x0000000771b00000,0x0000000771f80000)
 ParOldGen       total 76800K, used 27051K [0x00000006c0000000, 0x00000006c4b00000, 0x000000076ab00000)
  object space 76800K, 35% used [0x00000006c0000000,0x00000006c1a6afd8,0x00000006c4b00000)
 Metaspace       used 6731K, capacity 7256K, committed 7424K, reserved 1056768K
  class space    used 643K, capacity 656K, committed 768K, reserved 1048576K

Card table byte_map: [0x0000000012440000,0x0000000012c50000] byte_map_base: 0x000000000ee40000

Marking Bits: (ParMarkBitMap*) 0x000000005538f860
 Begin Bits: [0x00000000135b0000, 0x00000000175b0000)
 End Bits:   [0x00000000175b0000, 0x000000001b5b0000)

Polling page: 0x0000000000ee0000

CodeCache: size=245760Kb used=8092Kb max_used=8092Kb free=237667Kb
 bounds [0x0000000003080000, 0x0000000003870000, 0x0000000012080000]
 total_blobs=2284 nmethods=2012 adapters=185
 compilation: enabled

Compilation events (10 events):
Event: 1.695 Thread 0x000000001db12000 2079       3       com.android.dx.ssa.SCCP::simulateBranch (666 bytes)
Event: 1.697 Thread 0x000000001db12000 nmethod 2079 0x00000000038641d0 code [0x0000000003864680, 0x00000000038682b8]
Event: 1.697 Thread 0x000000001db12000 2080       1       com.android.dx.cf.direct.DirectClassFile$DcfTypeList::isMutable (2 bytes)
Event: 1.697 Thread 0x000000001db12000 nmethod 2080 0x0000000003869f50 code [0x000000000386a0a0, 0x000000000386a1b0]
Event: 1.699 Thread 0x000000001db12000 2081       2       java.util.concurrent.ArrayBlockingQueue::enqueue (53 bytes)
Event: 1.699 Thread 0x000000001db12000 nmethod 2081 0x000000000386a210 code [0x000000000386a3a0, 0x000000000386a6e8]
Event: 1.703 Thread 0x000000001db12000 2082       2       com.android.dx.cf.direct.AnnotationParser::parseElement (100 bytes)
Event: 1.704 Thread 0x000000001db12000 nmethod 2082 0x000000000386a950 code [0x000000000386ac40, 0x000000000386b9a8]
Event: 1.712 Thread 0x000000001db12000 2084       2       com.android.dx.rop.code.SwitchInsn::<init> (49 bytes)
Event: 1.712 Thread 0x000000001db12000 nmethod 2084 0x000000000386c950 code [0x000000000386cae0, 0x000000000386cde8]

GC Heap History (10 events):
Event: 0.204 GC heap before
{Heap before GC invocations=2 (full 0):
 PSYoungGen      total 33280K, used 32059K [0x000000076ab00000, 0x000000076ec00000, 0x00000007c0000000)
  eden space 28672K, 100% used [0x000000076ab00000,0x000000076c700000,0x000000076c700000)
  from space 4608K, 73% used [0x000000076c700000,0x000000076ca4ec50,0x000000076cb80000)
  to   space 4608K, 0% used [0x000000076e780000,0x000000076e780000,0x000000076ec00000)
 ParOldGen       total 76800K, used 8K [0x00000006c0000000, 0x00000006c4b00000, 0x000000076ab00000)
  object space 76800K, 0% used [0x00000006c0000000,0x00000006c0002000,0x00000006c4b00000)
 Metaspace       used 3614K, capacity 4720K, committed 4864K, reserved 1056768K
  class space    used 389K, capacity 424K, committed 512K, reserved 1048576K
Event: 0.206 GC heap after
Heap after GC invocations=2 (full 0):
 PSYoungGen      total 61952K, used 3228K [0x000000076ab00000, 0x000000076ec00000, 0x00000007c0000000)
  eden space 57344K, 0% used [0x000000076ab00000,0x000000076ab00000,0x000000076e300000)
  from space 4608K, 70% used [0x000000076e780000,0x000000076eaa72a8,0x000000076ec00000)
  to   space 4608K, 0% used [0x000000076e300000,0x000000076e300000,0x000000076e780000)
 ParOldGen       total 76800K, used 16K [0x00000006c0000000, 0x00000006c4b00000, 0x000000076ab00000)
  object space 76800K, 0% used [0x00000006c0000000,0x00000006c0004000,0x00000006c4b00000)
 Metaspace       used 3614K, capacity 4720K, committed 4864K, reserved 1056768K
  class space    used 389K, capacity 424K, committed 512K, reserved 1048576K
}
Event: 0.241 GC heap before
{Heap before GC invocations=3 (full 0):
 PSYoungGen      total 61952K, used 60572K [0x000000076ab00000, 0x000000076ec00000, 0x00000007c0000000)
  eden space 57344K, 100% used [0x000000076ab00000,0x000000076e300000,0x000000076e300000)
  from space 4608K, 70% used [0x000000076e780000,0x000000076eaa72a8,0x000000076ec00000)
  to   space 4608K, 0% used [0x000000076e300000,0x000000076e300000,0x000000076e780000)
 ParOldGen       total 76800K, used 16K [0x00000006c0000000, 0x00000006c4b00000, 0x000000076ab00000)
  object space 76800K, 0% used [0x00000006c0000000,0x00000006c0004000,0x00000006c4b00000)
 Metaspace       used 3626K, capacity 4720K, committed 4864K, reserved 1056768K
  class space    used 389K, capacity 424K, committed 512K, reserved 1048576K
Event: 0.244 GC heap after
Heap after GC invocations=3 (full 0):
 PSYoungGen      total 61952K, used 3164K [0x000000076ab00000, 0x0000000772400000, 0x00000007c0000000)
  eden space 57344K, 0% used [0x000000076ab00000,0x000000076ab00000,0x000000076e300000)
  from space 4608K, 68% used [0x000000076e300000,0x000000076e6172a8,0x000000076e780000)
  to   space 4608K, 0% used [0x0000000771f80000,0x0000000771f80000,0x0000000772400000)
 ParOldGen       total 76800K, used 24K [0x00000006c0000000, 0x00000006c4b00000, 0x000000076ab00000)
  object space 76800K, 0% used [0x00000006c0000000,0x00000006c0006000,0x00000006c4b00000)
 Metaspace       used 3626K, capacity 4720K, committed 4864K, reserved 1056768K
  class space    used 389K, capacity 424K, committed 512K, reserved 1048576K
}
Event: 0.785 GC heap before
{Heap before GC invocations=4 (full 0):
 PSYoungGen      total 61952K, used 60508K [0x000000076ab00000, 0x0000000772400000, 0x00000007c0000000)
  eden space 57344K, 100% used [0x000000076ab00000,0x000000076e300000,0x000000076e300000)
  from space 4608K, 68% used [0x000000076e300000,0x000000076e6172a8,0x000000076e780000)
  to   space 4608K, 0% used [0x0000000771f80000,0x0000000771f80000,0x0000000772400000)
 ParOldGen       total 76800K, used 24K [0x00000006c0000000, 0x00000006c4b00000, 0x000000076ab00000)
  object space 76800K, 0% used [0x00000006c0000000,0x00000006c0006000,0x00000006c4b00000)
 Metaspace       used 6400K, capacity 7128K, committed 7424K, reserved 1056768K
  class space    used 622K, capacity 656K, committed 768K, reserved 1048576K
Event: 0.804 GC heap after
Heap after GC invocations=4 (full 0):
 PSYoungGen      total 119296K, used 4592K [0x000000076ab00000, 0x0000000772400000, 0x00000007c0000000)
  eden space 114688K, 0% used [0x000000076ab00000,0x000000076ab00000,0x0000000771b00000)
  from space 4608K, 99% used [0x0000000771f80000,0x00000007723fc090,0x0000000772400000)
  to   space 4608K, 0% used [0x0000000771b00000,0x0000000771b00000,0x0000000771f80000)
 ParOldGen       total 76800K, used 9043K [0x00000006c0000000, 0x00000006c4b00000, 0x000000076ab00000)
  object space 76800K, 11% used [0x00000006c0000000,0x00000006c08d4f50,0x00000006c4b00000)
 Metaspace       used 6400K, capacity 7128K, committed 7424K, reserved 1056768K
  class space    used 622K, capacity 656K, committed 768K, reserved 1048576K
}
Event: 1.164 GC heap before
{Heap before GC invocations=5 (full 0):
 PSYoungGen      total 119296K, used 119280K [0x000000076ab00000, 0x0000000772400000, 0x00000007c0000000)
  eden space 114688K, 100% used [0x000000076ab00000,0x0000000771b00000,0x0000000771b00000)
  from space 4608K, 99% used [0x0000000771f80000,0x00000007723fc090,0x0000000772400000)
  to   space 4608K, 0% used [0x0000000771b00000,0x0000000771b00000,0x0000000771f80000)
 ParOldGen       total 76800K, used 9043K [0x00000006c0000000, 0x00000006c4b00000, 0x000000076ab00000)
  object space 76800K, 11% used [0x00000006c0000000,0x00000006c08d4f50,0x00000006c4b00000)
 Metaspace       used 6651K, capacity 7192K, committed 7424K, reserved 1056768K
  class space    used 643K, capacity 656K, committed 768K, reserved 1048576K
Event: 1.187 GC heap after
Heap after GC invocations=5 (full 0):
 PSYoungGen      total 119296K, used 4594K [0x000000076ab00000, 0x000000077b600000, 0x00000007c0000000)
  eden space 114688K, 0% used [0x000000076ab00000,0x000000076ab00000,0x0000000771b00000)
  from space 4608K, 99% used [0x0000000771b00000,0x0000000771f7cb28,0x0000000771f80000)
  to   space 22016K, 0% used [0x000000077a080000,0x000000077a080000,0x000000077b600000)
 ParOldGen       total 76800K, used 27043K [0x00000006c0000000, 0x00000006c4b00000, 0x000000076ab00000)
  object space 76800K, 35% used [0x00000006c0000000,0x00000006c1a68fd8,0x00000006c4b00000)
 Metaspace       used 6651K, capacity 7192K, committed 7424K, reserved 1056768K
  class space    used 643K, capacity 656K, committed 768K, reserved 1048576K
}
Event: 1.454 GC heap before
{Heap before GC invocations=6 (full 0):
 PSYoungGen      total 119296K, used 119282K [0x000000076ab00000, 0x000000077b600000, 0x00000007c0000000)
  eden space 114688K, 100% used [0x000000076ab00000,0x0000000771b00000,0x0000000771b00000)
  from space 4608K, 99% used [0x0000000771b00000,0x0000000771f7cb28,0x0000000771f80000)
  to   space 22016K, 0% used [0x000000077a080000,0x000000077a080000,0x000000077b600000)
 ParOldGen       total 76800K, used 27043K [0x00000006c0000000, 0x00000006c4b00000, 0x000000076ab00000)
  object space 76800K, 35% used [0x00000006c0000000,0x00000006c1a68fd8,0x00000006c4b00000)
 Metaspace       used 6692K, capacity 7256K, committed 7424K, reserved 1056768K
  class space    used 643K, capacity 656K, committed 768K, reserved 1048576K
Event: 1.485 GC heap after
Heap after GC invocations=6 (full 0):
 PSYoungGen      total 136704K, used 21804K [0x000000076ab00000, 0x000000077b600000, 0x00000007c0000000)
  eden space 114688K, 0% used [0x000000076ab00000,0x000000076ab00000,0x0000000771b00000)
  from space 22016K, 99% used [0x000000077a080000,0x000000077b5cb1f0,0x000000077b600000)
  to   space 4608K, 0% used [0x0000000771b00000,0x0000000771b00000,0x0000000771f80000)
 ParOldGen       total 76800K, used 27051K [0x00000006c0000000, 0x00000006c4b00000, 0x000000076ab00000)
  object space 76800K, 35% used [0x00000006c0000000,0x00000006c1a6afd8,0x00000006c4b00000)
 Metaspace       used 6692K, capacity 7256K, committed 7424K, reserved 1056768K
  class space    used 643K, capacity 656K, committed 768K, reserved 1048576K
}

Deoptimization events (10 events):
Event: 0.962 Thread 0x000000001ed66000 Uncommon trap: reason=bimorphic action=maybe_recompile pc=0x00000000036f52dc method=java.util.HashMap.putVal(ILjava/lang/Object;Ljava/lang/Object;ZZ)Ljava/lang/Object; @ 203
Event: 0.964 Thread 0x000000001ed66000 Uncommon trap: reason=unstable_if action=reinterpret pc=0x000000000357dadc method=com.android.dx.ssa.SsaMethod.updateOneDefinition(Lcom/android/dx/ssa/SsaInsn;Lcom/android/dx/rop/code/RegisterSpec;)V @ 4
Event: 1.003 Thread 0x0000000002f82800 Uncommon trap: reason=unstable_if action=reinterpret pc=0x00000000036e4e0c method=com.android.dx.ssa.SCCP.simulateStmt(Lcom/android/dx/ssa/SsaInsn;)V @ 59
Event: 1.242 Thread 0x0000000002f82800 Uncommon trap: reason=bimorphic action=maybe_recompile pc=0x00000000037c26ec method=com.android.dx.cf.code.BytecodeArray.parseInstruction(ILcom/android/dx/cf/code/BytecodeArray$Visitor;)I @ 1003
Event: 1.242 Thread 0x0000000002f82800 Uncommon trap: reason=bimorphic action=maybe_recompile pc=0x00000000037c26ec method=com.android.dx.cf.code.BytecodeArray.parseInstruction(ILcom/android/dx/cf/code/BytecodeArray$Visitor;)I @ 1003
Event: 1.250 Thread 0x0000000002f82800 Uncommon trap: reason=bimorphic action=maybe_recompile pc=0x00000000037c59e0 method=com.android.dx.cf.code.BytecodeArray.parseInstruction(ILcom/android/dx/cf/code/BytecodeArray$Visitor;)I @ 2554
Event: 1.250 Thread 0x0000000002f82800 Uncommon trap: reason=bimorphic action=maybe_recompile pc=0x00000000037c1a2c method=com.android.dx.cf.code.BytecodeArray.parseInstruction(ILcom/android/dx/cf/code/BytecodeArray$Visitor;)I @ 2135
Event: 1.250 Thread 0x0000000002f82800 Uncommon trap: reason=bimorphic action=maybe_recompile pc=0x00000000037c59e0 method=com.android.dx.cf.code.BytecodeArray.parseInstruction(ILcom/android/dx/cf/code/BytecodeArray$Visitor;)I @ 2554
Event: 1.377 Thread 0x000000001ed66000 Uncommon trap: reason=unstable_if action=reinterpret pc=0x00000000034d692c method=com.android.dx.rop.code.RegisterSpec.equals(ILcom/android/dx/rop/type/TypeBearer;Lcom/android/dx/rop/code/LocalItem;)Z @ 42
Event: 1.590 Thread 0x000000001e67f800 Uncommon trap: reason=unstable_if action=reinterpret pc=0x0000000003791f68 method=com.android.dx.ssa.SCCP.simulateBranch(Lcom/android/dx/ssa/SsaInsn;)V @ 64

Classes redefined (0 events):
No events

Internal exceptions (8 events):
Event: 0.024 Thread 0x0000000002f82800 Exception <a 'java/lang/NoSuchMethodError': Method sun.misc.Unsafe.defineClass(Ljava/lang/String;[BII)Ljava/lang/Class; name or signature does not match> (0x000000076ab07ca0) thrown at [C:\re\workspace\8-2-build-windows-amd64-cygwin\jdk8u161\10277\hotspot
Event: 0.024 Thread 0x0000000002f82800 Exception <a 'java/lang/NoSuchMethodError': Method sun.misc.Unsafe.prefetchRead(Ljava/lang/Object;J)V name or signature does not match> (0x000000076ab07f88) thrown at [C:\re\workspace\8-2-build-windows-amd64-cygwin\jdk8u161\10277\hotspot\src\share\vm\prim
Event: 0.516 Thread 0x000000001e67f800 Implicit null exception at 0x00000000034a14a2 to 0x00000000034a15a2
Event: 0.633 Thread 0x000000001ed66000 Implicit null exception at 0x000000000346130e to 0x000000000346349d
Event: 0.782 Thread 0x000000001e9e3000 Implicit null exception at 0x00000000034ab524 to 0x00000000034adc09
Event: 0.959 Thread 0x000000001ed66000 Exception <a 'java/lang/ArrayIndexOutOfBoundsException': 18> (0x000000076d53b568) thrown at [C:\re\workspace\8-2-build-windows-amd64-cygwin\jdk8u161\10277\hotspot\src\share\vm\interpreter\interpreterRuntime.cpp, line 366]
Event: 0.959 Thread 0x000000001ed66000 Exception <a 'java/lang/ArrayIndexOutOfBoundsException': 145> (0x000000076d53d0e8) thrown at [C:\re\workspace\8-2-build-windows-amd64-cygwin\jdk8u161\10277\hotspot\src\share\vm\interpreter\interpreterRuntime.cpp, line 366]
Event: 0.960 Thread 0x000000001ed66000 Exception <a 'java/lang/ArrayIndexOutOfBoundsException'> (0x000000076d53e3d0) thrown at [C:\re\workspace\8-2-build-windows-amd64-cygwin\jdk8u161\10277\hotspot\src\share\vm\runtime\sharedRuntime.cpp, line 605]

Events (10 events):
Event: 1.318 Thread 0x0000000002f82800 DEOPT PACKING pc=0x000000000370d4d9 sp=0x0000000002f7e9b0
Event: 1.318 Thread 0x0000000002f82800 DEOPT UNPACKING pc=0x00000000030c7490 sp=0x0000000002f7e7b8 mode 0
Event: 1.377 Thread 0x000000001ed66000 Uncommon trap: trap_request=0xffffff65 fr.pc=0x00000000034d692c
Event: 1.377 Thread 0x000000001ed66000 DEOPT PACKING pc=0x00000000034d692c sp=0x00000000201ce4a0
Event: 1.377 Thread 0x000000001ed66000 DEOPT UNPACKING pc=0x00000000030c583b sp=0x00000000201ce350 mode 2
Event: 1.453 Executing VM operation: ParallelGCFailedAllocation
Event: 1.486 Executing VM operation: ParallelGCFailedAllocation done
Event: 1.590 Thread 0x000000001e67f800 Uncommon trap: trap_request=0xffffff65 fr.pc=0x0000000003791f68
Event: 1.590 Thread 0x000000001e67f800 DEOPT PACKING pc=0x0000000003791f68 sp=0x00000000200ceb90
Event: 1.590 Thread 0x000000001e67f800 DEOPT UNPACKING pc=0x00000000030c583b sp=0x00000000200ceba0 mode 2


Dynamic libraries:
0x00007ff617300000 - 0x00007ff617337000 	D:\2.develop_tools\JAVA\JDK\bin\java.exe
0x00007fff9c9d0000 - 0x00007fff9cba1000 	C:\Windows\SYSTEM32\ntdll.dll
0x00007fff9c100000 - 0x00007fff9c1ab000 	C:\Windows\System32\KERNEL32.DLL
0x00007fff99070000 - 0x00007fff9928d000 	C:\Windows\System32\KERNELBASE.dll
0x00007fff9b910000 - 0x00007fff9b9b2000 	C:\Windows\System32\ADVAPI32.dll
0x00007fff9c860000 - 0x00007fff9c8fe000 	C:\Windows\System32\msvcrt.dll
0x00007fff9c900000 - 0x00007fff9c959000 	C:\Windows\System32\sechost.dll
0x00007fff99fe0000 - 0x00007fff9a101000 	C:\Windows\System32\RPCRT4.dll
0x00007fff9c410000 - 0x00007fff9c575000 	C:\Windows\System32\USER32.dll
0x00007fff99a30000 - 0x00007fff99a4e000 	C:\Windows\System32\win32u.dll
0x00007fff9c670000 - 0x00007fff9c6a4000 	C:\Windows\System32\GDI32.dll
0x00007fff99dd0000 - 0x00007fff99f52000 	C:\Windows\System32\gdi32full.dll
0x00007fff8e990000 - 0x00007fff8ec0a000 	C:\Windows\WinSxS\amd64_microsoft.windows.common-controls_6595b64144ccf1df_6.0.14393.953_none_42151e83c686086b\COMCTL32.dll
0x00007fff9a110000 - 0x00007fff9a3d8000 	C:\Windows\System32\combase.dll
0x00007fff99a50000 - 0x00007fff99b45000 	C:\Windows\System32\ucrtbase.dll
0x00007fff999c0000 - 0x00007fff99a2a000 	C:\Windows\System32\bcryptPrimitives.dll
0x00007fff9c640000 - 0x00007fff9c66e000 	C:\Windows\System32\IMM32.DLL
0x0000000055a50000 - 0x0000000055b22000 	D:\2.develop_tools\JAVA\JDK\jre\bin\msvcr100.dll
0x0000000054b70000 - 0x000000005540f000 	D:\2.develop_tools\JAVA\JDK\jre\bin\server\jvm.dll
0x00007fff99f70000 - 0x00007fff99f78000 	C:\Windows\System32\PSAPI.DLL
0x00007fff97360000 - 0x00007fff97383000 	C:\Windows\SYSTEM32\WINMM.dll
0x00007fff8e1d0000 - 0x00007fff8e1d9000 	C:\Windows\SYSTEM32\WSOCK32.dll
0x00007fff95130000 - 0x00007fff9513a000 	C:\Windows\SYSTEM32\VERSION.dll
0x00007fff9c6b0000 - 0x00007fff9c71a000 	C:\Windows\System32\WS2_32.dll
0x00007fff97300000 - 0x00007fff9732b000 	C:\Windows\SYSTEM32\WINMMBASE.dll
0x00007fff99970000 - 0x00007fff999b2000 	C:\Windows\System32\cfgmgr32.dll
0x0000000058f30000 - 0x0000000058f3f000 	D:\2.develop_tools\JAVA\JDK\jre\bin\verify.dll
0x0000000057ec0000 - 0x0000000057ee9000 	D:\2.develop_tools\JAVA\JDK\jre\bin\java.dll
0x0000000057ea0000 - 0x0000000057eb6000 	D:\2.develop_tools\JAVA\JDK\jre\bin\zip.dll
0x00007fff9a400000 - 0x00007fff9b909000 	C:\Windows\System32\SHELL32.dll
0x00007fff99290000 - 0x00007fff9996a000 	C:\Windows\System32\windows.storage.dll
0x00007fff98e70000 - 0x00007fff98ebc000 	C:\Windows\System32\powrprof.dll
0x00007fff99f80000 - 0x00007fff99fd2000 	C:\Windows\System32\shlwapi.dll
0x00007fff98e30000 - 0x00007fff98e3f000 	C:\Windows\System32\kernel.appcore.dll
0x00007fff99b50000 - 0x00007fff99bf9000 	C:\Windows\System32\shcore.dll
0x00007fff98e50000 - 0x00007fff98e64000 	C:\Windows\System32\profapi.dll

VM Arguments:
jvm_args: -Djava.awt.headless=true -Xmx4g -Dfile.encoding=GBK -Duser.country=CN -Duser.language=zh -Duser.variant 
java_command: com.android.dx.command.Main --dex --num-threads=4 --multi-dex --main-dex-list D:\3.Code\MyAppProject\ahjl_app\appclient\app\build\intermediates\multi-dex\debug\maindexlist.txt --output D:\3.Code\MyAppProject\ahjl_app\appclient\app\build\intermediates\transforms\dex\debug\folders\1000\1f\main D:\3.Code\MyAppProject\ahjl_app\appclient\app\build\intermediates\transforms\jarMerging\debug\jars\1\1f\combined.jar
java_class_path (initial): D:\2.develop_tools\SDK\build-tools\25.0.2\lib\dx.jar
Launcher Type: SUN_STANDARD

Environment Variables:
JAVA_HOME=D:\2.develop_tools\JAVA\JDK
PATH=C:\Windows\system32;C:\Windows;C:\Windows\System32\Wbem;C:\Windows\System32\WindowsPowerShell\v1.0\;C:\Windows\system32\config\systemprofile\.dnx\bin;C:\Program Files\Microsoft DNX\Dnvm\;C:\Program Files\Microsoft SQL Server\130\Tools\Binn\;D:\2.develop_tools\JAVA\JDK\bin;D:\2.develop_tools\JAVA\JDK\jre\bin;E:\Program Files (x86)\Microsoft SQL Server\100\Tools\Binn\;E:\Program Files\Microsoft SQL Server\100\Tools\Binn\;E:\Program Files\Microsoft SQL Server\100\DTS\Binn\;E:\Program Files (x86)\Microsoft SQL Server\100\Tools\Binn\VSShell\Common7\IDE\;C:\Program Files (x86)\Microsoft Visual Studio 9.0\Common7\IDE\PrivateAssemblies\;E:\Program Files (x86)\Microsoft SQL Server\100\DTS\Binn\;C:\Program Files\TortoiseSVN\bin;C:\Program Files\nodejs\;C:\Program Files\Git\cmd;C:\Users\Administrator\AppData\Local\Microsoft\WindowsApps;C:\Users\Administrator\AppData\Roaming\npm
USERNAME=Administrator
OS=Windows_NT
PROCESSOR_IDENTIFIER=AMD64 Family 23 Model 17 Stepping 0, AuthenticAMD



---------------  S Y S T E M  ---------------

OS: Windows 10.0 , 64 bit Build 14393 (10.0.14393.0)

CPU:total 4 (initial active 4) (4 cores per cpu, 1 threads per core) family 23 model 17 stepping 0, cmov, cx8, fxsr, mmx, sse, sse2, sse3, ssse3, sse4.1, sse4.2, popcnt, avx, avx2, aes, clmul, mmxext, 3dnowpref, lzcnt, sse4a, tsc, tscinvbit, tscinv, bmi1

Memory: 4k page, physical 7287484k(1777804k free), swap 8860348k(7336k free)

vm_info: Java HotSpot(TM) 64-Bit Server VM (25.161-b12) for windows-amd64 JRE (1.8.0_161-b12), built on Dec 19 2017 17:52:25 by "java_re" with MS VC++ 10.0 (VS2010)

time: Wed May 23 09:19:43 2018
elapsed time: 1 seconds (0d 0h 0m 1s)

