#
# There is insufficient memory for the Java Runtime Environment to continue.
# Native memory allocation (malloc) failed to allocate 904656 bytes for Chunk::new
# Possible reasons:
#   The system is out of physical RAM or swap space
#   In 32 bit mode, the process size limit was hit
# Possible solutions:
#   Reduce memory load on the system
#   Increase physical memory or swap space
#   Check if swap backing store is full
#   Use 64 bit Java on a 64 bit OS
#   Decrease Java heap size (-Xmx/-Xms)
#   Decrease number of Java threads
#   Decrease Java thread stack sizes (-Xss)
#   Set larger code cache with -XX:ReservedCodeCacheSize=
# This output file may be truncated or incomplete.
#
#  Out of Memory Error (allocation.cpp:390), pid=9784, tid=0x0000000000002644
#
# JRE version: Java(TM) SE Runtime Environment (8.0_161-b12) (build 1.8.0_161-b12)
# Java VM: Java HotSpot(TM) 64-Bit Server VM (25.161-b12 mixed mode windows-amd64 compressed oops)
# Failed to write core dump. Minidumps are not enabled by default on client versions of Windows
#

---------------  T H R E A D  ---------------

Current thread (0x0000000017969000):  JavaThread "C2 CompilerThread1" daemon [_thread_in_native, id=9796, stack(0x0000000018060000,0x0000000018160000)]

Stack: [0x0000000018060000,0x0000000018160000]
[error occurred during error reporting (printing stack bounds), id 0xc0000005]

Native frames: (J=compiled Java code, j=interpreted, Vv=VM code, C=native code)


Current CompileTask:
C2:   4955 3714       4       org.gradle.model.internal.type.ModelType::wrap (219 bytes)


---------------  P R O C E S S  ---------------

Java Threads: ( => current thread )
  0x000000001ac53800 JavaThread "File lock request listener" [_thread_in_native, id=10604, stack(0x000000001bae0000,0x000000001bbe0000)]
  0x0000000019488800 JavaThread "Stdin handler" [_thread_blocked, id=8728, stack(0x000000001a810000,0x000000001a910000)]
  0x0000000019487800 JavaThread "Asynchronous log dispatcher for DefaultDaemonConnection: socket connection from /127.0.0.1:57122 to /127.0.0.1:57124" [_thread_blocked, id=11708, stack(0x000000001a710000,0x000000001a810000)]
  0x00000000196e1800 JavaThread "Daemon worker" [_thread_in_Java, id=5600, stack(0x000000001a610000,0x000000001a710000)]
  0x00000000198cd000 JavaThread "Cancel handler" [_thread_blocked, id=4544, stack(0x000000001a510000,0x000000001a610000)]
  0x0000000018a09800 JavaThread "Handler for socket connection from /127.0.0.1:57122 to /127.0.0.1:57124" [_thread_in_native, id=9532, stack(0x000000001a410000,0x000000001a510000)]
  0x0000000018e7a000 JavaThread "Daemon" [_thread_blocked, id=11440, stack(0x000000001a310000,0x000000001a410000)]
  0x0000000019464000 JavaThread "Incoming local TCP Connector on port 57122" [_thread_in_native, id=11520, stack(0x0000000019f70000,0x000000001a070000)]
  0x0000000018ab7800 JavaThread "pool-1-thread-1" [_thread_blocked, id=11672, stack(0x0000000019c70000,0x0000000019d70000)]
  0x00000000179e6800 JavaThread "Service Thread" daemon [_thread_blocked, id=6344, stack(0x0000000018260000,0x0000000018360000)]
  0x0000000017970800 JavaThread "C1 CompilerThread2" daemon [_thread_blocked, id=10884, stack(0x0000000018160000,0x0000000018260000)]
=>0x0000000017969000 JavaThread "C2 CompilerThread1" daemon [_thread_in_native, id=9796, stack(0x0000000018060000,0x0000000018160000)]
  0x00000000165fb800 JavaThread "C2 CompilerThread0" daemon [_thread_in_native, id=9956, stack(0x0000000017f60000,0x0000000018060000)]
  0x0000000017968800 JavaThread "Attach Listener" daemon [_thread_blocked, id=10348, stack(0x0000000017e60000,0x0000000017f60000)]
  0x00000000165b0000 JavaThread "Signal Dispatcher" daemon [_thread_blocked, id=7220, stack(0x0000000017d60000,0x0000000017e60000)]
  0x000000001658a800 JavaThread "Finalizer" daemon [_thread_blocked, id=10404, stack(0x00000000177f0000,0x00000000178f0000)]
  0x0000000016569000 JavaThread "Reference Handler" daemon [_thread_blocked, id=11996, stack(0x00000000176f0000,0x00000000177f0000)]
  0x0000000000a8e000 JavaThread "main" [_thread_blocked, id=5604, stack(0x00000000026b0000,0x00000000027b0000)]

Other Threads:
  0x0000000016568000 VMThread [stack: 0x00000000175f0000,0x00000000176f0000] [id=11352]
  0x0000000017a10800 WatcherThread [stack: 0x0000000018360000,0x0000000018460000] [id=11896]

VM state:not at safepoint (normal execution)

VM Mutex/Monitor currently owned by a thread: None

Heap:
 PSYoungGen      total 155136K, used 44257K [0x00000000e0000000, 0x00000000ec480000, 0x0000000100000000)
  eden space 144384K, 30% used [0x00000000e0000000,0x00000000e2b38428,0x00000000e8d00000)
  from space 10752K, 0% used [0x00000000e9800000,0x00000000e9800000,0x00000000ea280000)
  to   space 11264K, 0% used [0x00000000e8d00000,0x00000000e8d00000,0x00000000e9800000)
 ParOldGen       total 52224K, used 15980K [0x00000000a0000000, 0x00000000a3300000, 0x00000000e0000000)
  object space 52224K, 30% used [0x00000000a0000000,0x00000000a0f9b130,0x00000000a3300000)
 Metaspace       used 37260K, capacity 37946K, committed 38232K, reserved 1083392K
  class space    used 5053K, capacity 5247K, committed 5248K, reserved 1048576K

Card table byte_map: [0x0000000011ff0000,0x0000000012300000] byte_map_base: 0x0000000011af0000

Marking Bits: (ParMarkBitMap*) 0x000000006294f860
 Begin Bits: [0x0000000012900000, 0x0000000014100000)
 End Bits:   [0x0000000014100000, 0x0000000015900000)

Polling page: 0x0000000000a70000

CodeCache: size=245760Kb used=15030Kb max_used=15030Kb free=230729Kb
 bounds [0x0000000002c30000, 0x0000000003af0000, 0x0000000011c30000]
 total_blobs=4635 nmethods=3914 adapters=634
 compilation: enabled

Compilation events (10 events):
Event: 4.953 Thread 0x0000000017970800 nmethod 3940 0x0000000003ae3010 code [0x0000000003ae31a0, 0x0000000003ae3408]
Event: 4.953 Thread 0x0000000017970800 3942       2       java.math.MutableBigInteger::<init> (21 bytes)
Event: 4.953 Thread 0x0000000017970800 nmethod 3942 0x0000000003ae3590 code [0x0000000003ae36e0, 0x0000000003ae3850]
Event: 4.953 Thread 0x0000000017970800 3941       2       java.math.MutableBigInteger::primitiveLeftShift (89 bytes)
Event: 4.953 Thread 0x0000000017970800 nmethod 3941 0x0000000003ae3910 code [0x0000000003ae3a80, 0x0000000003ae3cd0]
Event: 4.954 Thread 0x0000000017970800 3943       2       java.math.BigInteger::subN (46 bytes)
Event: 4.954 Thread 0x0000000017970800 nmethod 3943 0x0000000003ae3ed0 code [0x0000000003ae4040, 0x0000000003ae4250]
Event: 4.954 Thread 0x0000000017970800 3944       2       java.math.BigInteger::squareToLen (33 bytes)
Event: 4.954 Thread 0x0000000017970800 nmethod 3944 0x0000000003ae4410 code [0x0000000003ae4580, 0x0000000003ae47d8]
Event: 4.954 Thread 0x0000000017970800 3945       2       java.math.BigInteger::implSquareToLenChecks (198 bytes)

GC Heap History (10 events):
Event: 1.940 GC heap before
{Heap before GC invocations=6 (full 1):
 PSYoungGen      total 61952K, used 4584K [0x00000000e0000000, 0x00000000e8300000, 0x0000000100000000)
  eden space 57344K, 0% used [0x00000000e0000000,0x00000000e0000000,0x00000000e3800000)
  from space 4608K, 99% used [0x00000000e3800000,0x00000000e3c7a040,0x00000000e3c80000)
  to   space 9728K, 0% used [0x00000000e7980000,0x00000000e7980000,0x00000000e8300000)
 ParOldGen       total 76800K, used 9321K [0x00000000a0000000, 0x00000000a4b00000, 0x00000000e0000000)
  object space 76800K, 12% used [0x00000000a0000000,0x00000000a091a6a8,0x00000000a4b00000)
 Metaspace       used 20748K, capacity 21080K, committed 21248K, reserved 1067008K
  class space    used 2845K, capacity 2965K, committed 3072K, reserved 1048576K
Event: 1.977 GC heap after
Heap after GC invocations=6 (full 1):
 PSYoungGen      total 61952K, used 0K [0x00000000e0000000, 0x00000000e8300000, 0x0000000100000000)
  eden space 57344K, 0% used [0x00000000e0000000,0x00000000e0000000,0x00000000e3800000)
  from space 4608K, 0% used [0x00000000e3800000,0x00000000e3800000,0x00000000e3c80000)
  to   space 9728K, 0% used [0x00000000e7980000,0x00000000e7980000,0x00000000e8300000)
 ParOldGen       total 52224K, used 8279K [0x00000000a0000000, 0x00000000a3300000, 0x00000000e0000000)
  object space 52224K, 15% used [0x00000000a0000000,0x00000000a0815f50,0x00000000a3300000)
 Metaspace       used 20748K, capacity 21080K, committed 21248K, reserved 1067008K
  class space    used 2845K, capacity 2965K, committed 3072K, reserved 1048576K
}
Event: 2.668 GC heap before
{Heap before GC invocations=7 (full 1):
 PSYoungGen      total 61952K, used 57344K [0x00000000e0000000, 0x00000000e8300000, 0x0000000100000000)
  eden space 57344K, 100% used [0x00000000e0000000,0x00000000e3800000,0x00000000e3800000)
  from space 4608K, 0% used [0x00000000e3800000,0x00000000e3800000,0x00000000e3c80000)
  to   space 9728K, 0% used [0x00000000e7980000,0x00000000e7980000,0x00000000e8300000)
 ParOldGen       total 52224K, used 8279K [0x00000000a0000000, 0x00000000a3300000, 0x00000000e0000000)
  object space 52224K, 15% used [0x00000000a0000000,0x00000000a0815f50,0x00000000a3300000)
 Metaspace       used 25531K, capacity 26088K, committed 26368K, reserved 1071104K
  class space    used 3562K, capacity 3730K, committed 3840K, reserved 1048576K
Event: 2.676 GC heap after
Heap after GC invocations=7 (full 1):
 PSYoungGen      total 99840K, used 7065K [0x00000000e0000000, 0x00000000e8080000, 0x0000000100000000)
  eden space 92672K, 0% used [0x00000000e0000000,0x00000000e0000000,0x00000000e5a80000)
  from space 7168K, 98% used [0x00000000e7980000,0x00000000e8066568,0x00000000e8080000)
  to   space 9216K, 0% used [0x00000000e6e80000,0x00000000e6e80000,0x00000000e7780000)
 ParOldGen       total 52224K, used 8287K [0x00000000a0000000, 0x00000000a3300000, 0x00000000e0000000)
  object space 52224K, 15% used [0x00000000a0000000,0x00000000a0817f50,0x00000000a3300000)
 Metaspace       used 25531K, capacity 26088K, committed 26368K, reserved 1071104K
  class space    used 3562K, capacity 3730K, committed 3840K, reserved 1048576K
}
Event: 4.204 GC heap before
{Heap before GC invocations=8 (full 1):
 PSYoungGen      total 99840K, used 99737K [0x00000000e0000000, 0x00000000e8080000, 0x0000000100000000)
  eden space 92672K, 100% used [0x00000000e0000000,0x00000000e5a80000,0x00000000e5a80000)
  from space 7168K, 98% used [0x00000000e7980000,0x00000000e8066568,0x00000000e8080000)
  to   space 9216K, 0% used [0x00000000e6e80000,0x00000000e6e80000,0x00000000e7780000)
 ParOldGen       total 52224K, used 8287K [0x00000000a0000000, 0x00000000a3300000, 0x00000000e0000000)
  object space 52224K, 15% used [0x00000000a0000000,0x00000000a0817f50,0x00000000a3300000)
 Metaspace       used 32119K, capacity 32762K, committed 33152K, reserved 1077248K
  class space    used 4423K, capacity 4639K, committed 4736K, reserved 1048576K
Event: 4.215 GC heap after
Heap after GC invocations=8 (full 1):
 PSYoungGen      total 122368K, used 9206K [0x00000000e0000000, 0x00000000ea280000, 0x0000000100000000)
  eden space 113152K, 0% used [0x00000000e0000000,0x00000000e0000000,0x00000000e6e80000)
  from space 9216K, 99% used [0x00000000e6e80000,0x00000000e777d908,0x00000000e7780000)
  to   space 10752K, 0% used [0x00000000e9800000,0x00000000e9800000,0x00000000ea280000)
 ParOldGen       total 52224K, used 9213K [0x00000000a0000000, 0x00000000a3300000, 0x00000000e0000000)
  object space 52224K, 17% used [0x00000000a0000000,0x00000000a08ff7c0,0x00000000a3300000)
 Metaspace       used 32119K, capacity 32762K, committed 33152K, reserved 1077248K
  class space    used 4423K, capacity 4639K, committed 4736K, reserved 1048576K
}
Event: 4.561 GC heap before
{Heap before GC invocations=9 (full 1):
 PSYoungGen      total 122368K, used 45336K [0x00000000e0000000, 0x00000000ea280000, 0x0000000100000000)
  eden space 113152K, 31% used [0x00000000e0000000,0x00000000e2348a58,0x00000000e6e80000)
  from space 9216K, 99% used [0x00000000e6e80000,0x00000000e777d908,0x00000000e7780000)
  to   space 10752K, 0% used [0x00000000e9800000,0x00000000e9800000,0x00000000ea280000)
 ParOldGen       total 52224K, used 9213K [0x00000000a0000000, 0x00000000a3300000, 0x00000000e0000000)
  object space 52224K, 17% used [0x00000000a0000000,0x00000000a08ff7c0,0x00000000a3300000)
 Metaspace       used 34727K, capacity 35276K, committed 35416K, reserved 1079296K
  class space    used 4736K, capacity 4944K, committed 4992K, reserved 1048576K
Event: 4.572 GC heap after
Heap after GC invocations=9 (full 1):
 PSYoungGen      total 155136K, used 9289K [0x00000000e0000000, 0x00000000ec480000, 0x0000000100000000)
  eden space 144384K, 0% used [0x00000000e0000000,0x00000000e0000000,0x00000000e8d00000)
  from space 10752K, 86% used [0x00000000e9800000,0x00000000ea1126e0,0x00000000ea280000)
  to   space 11264K, 0% used [0x00000000e8d00000,0x00000000e8d00000,0x00000000e9800000)
 ParOldGen       total 52224K, used 9221K [0x00000000a0000000, 0x00000000a3300000, 0x00000000e0000000)
  object space 52224K, 17% used [0x00000000a0000000,0x00000000a09017c0,0x00000000a3300000)
 Metaspace       used 34727K, capacity 35276K, committed 35416K, reserved 1079296K
  class space    used 4736K, capacity 4944K, committed 4992K, reserved 1048576K
}
Event: 4.572 GC heap before
{Heap before GC invocations=10 (full 2):
 PSYoungGen      total 155136K, used 9289K [0x00000000e0000000, 0x00000000ec480000, 0x0000000100000000)
  eden space 144384K, 0% used [0x00000000e0000000,0x00000000e0000000,0x00000000e8d00000)
  from space 10752K, 86% used [0x00000000e9800000,0x00000000ea1126e0,0x00000000ea280000)
  to   space 11264K, 0% used [0x00000000e8d00000,0x00000000e8d00000,0x00000000e9800000)
 ParOldGen       total 52224K, used 9221K [0x00000000a0000000, 0x00000000a3300000, 0x00000000e0000000)
  object space 52224K, 17% used [0x00000000a0000000,0x00000000a09017c0,0x00000000a3300000)
 Metaspace       used 34727K, capacity 35276K, committed 35416K, reserved 1079296K
  class space    used 4736K, capacity 4944K, committed 4992K, reserved 1048576K
Event: 4.636 GC heap after
Heap after GC invocations=10 (full 2):
 PSYoungGen      total 155136K, used 0K [0x00000000e0000000, 0x00000000ec480000, 0x0000000100000000)
  eden space 144384K, 0% used [0x00000000e0000000,0x00000000e0000000,0x00000000e8d00000)
  from space 10752K, 0% used [0x00000000e9800000,0x00000000e9800000,0x00000000ea280000)
  to   space 11264K, 0% used [0x00000000e8d00000,0x00000000e8d00000,0x00000000e9800000)
 ParOldGen       total 52224K, used 15980K [0x00000000a0000000, 0x00000000a3300000, 0x00000000e0000000)
  object space 52224K, 30% used [0x00000000a0000000,0x00000000a0f9b130,0x00000000a3300000)
 Metaspace       used 34727K, capacity 35276K, committed 35416K, reserved 1079296K
  class space    used 4736K, capacity 4944K, committed 4992K, reserved 1048576K
}

Deoptimization events (10 events):
Event: 4.644 Thread 0x00000000196e1800 Uncommon trap: reason=unstable_if action=reinterpret pc=0x00000000039e479c method=java.lang.reflect.Modifier.toString(I)Ljava/lang/String; @ 123
Event: 4.701 Thread 0x00000000196e1800 Uncommon trap: reason=speculate_class_check action=maybe_recompile pc=0x0000000003a2eef4 method=com.google.common.base.Equivalence.hash(Ljava/lang/Object;)I @ 8
Event: 4.701 Thread 0x00000000196e1800 Uncommon trap: reason=speculate_class_check action=maybe_recompile pc=0x0000000003a2eef4 method=com.google.common.base.Equivalence.hash(Ljava/lang/Object;)I @ 8
Event: 4.701 Thread 0x00000000196e1800 Uncommon trap: reason=speculate_class_check action=maybe_recompile pc=0x0000000003a2eef4 method=com.google.common.base.Equivalence.hash(Ljava/lang/Object;)I @ 8
Event: 4.701 Thread 0x00000000196e1800 Uncommon trap: reason=speculate_class_check action=maybe_recompile pc=0x0000000003a2eef4 method=com.google.common.base.Equivalence.hash(Ljava/lang/Object;)I @ 8
Event: 4.892 Thread 0x00000000196e1800 Uncommon trap: reason=unstable_if action=reinterpret pc=0x000000000367e10c method=java.lang.ThreadLocal.get()Ljava/lang/Object; @ 11
Event: 4.899 Thread 0x00000000196e1800 Uncommon trap: reason=unstable_if action=reinterpret pc=0x0000000003ab3b94 method=java.util.HashMap.putVal(ILjava/lang/Object;Ljava/lang/Object;ZZ)Ljava/lang/Object; @ 236
Event: 4.908 Thread 0x00000000196e1800 Uncommon trap: reason=unstable_if action=reinterpret pc=0x0000000003121bfc method=java.lang.CharacterDataLatin1.isWhitespace(I)Z @ 14
Event: 4.934 Thread 0x00000000196e1800 Uncommon trap: reason=unstable_if action=reinterpret pc=0x000000000345d4ac method=java.security.CodeSource.getCertificates()[Ljava/security/cert/Certificate; @ 22
Event: 4.949 Thread 0x00000000196e1800 Uncommon trap: reason=unstable_if action=reinterpret pc=0x00000000038c5978 method=java.util.LinkedHashMap.get(Ljava/lang/Object;)Ljava/lang/Object; @ 20

Classes redefined (0 events):
No events

Internal exceptions (10 events):
Event: 4.083 Thread 0x00000000196e1800 Exception <a 'java/lang/ClassNotFoundException': org/gradle/api/plugins/ObjectConfigurationActionCustomizer> (0x00000000e51272d8) thrown at [C:\re\workspace\8-2-build-windows-amd64-cygwin\jdk8u161\10277\hotspot\src\share\vm\classfile\systemDictionary.cpp,
Event: 4.841 Thread 0x00000000196e1800 Exception <a 'java/lang/ClassNotFoundException': com/android/build/gradle/internal/api/DefaultAndroidSourceSet_DecoratedBeanInfo> (0x00000000e18ec6c8) thrown at [C:\re\workspace\8-2-build-windows-amd64-cygwin\jdk8u161\10277\hotspot\src\share\vm\classfile\
Event: 4.841 Thread 0x00000000196e1800 Exception <a 'java/lang/ClassNotFoundException': com/android/build/gradle/internal/api/DefaultAndroidSourceSetBeanInfo> (0x00000000e1901210) thrown at [C:\re\workspace\8-2-build-windows-amd64-cygwin\jdk8u161\10277\hotspot\src\share\vm\classfile\systemDict
Event: 4.841 Thread 0x00000000196e1800 Exception <a 'java/lang/ClassNotFoundException': com/android/build/gradle/internal/api/DefaultAndroidSourceSetCustomizer> (0x00000000e19160d0) thrown at [C:\re\workspace\8-2-build-windows-amd64-cygwin\jdk8u161\10277\hotspot\src\share\vm\classfile\systemDi
Event: 4.842 Thread 0x00000000196e1800 Exception <a 'java/lang/ClassNotFoundException': com/android/build/gradle/internal/api/DefaultAndroidSourceSet_DecoratedCustomizer> (0x00000000e196af80) thrown at [C:\re\workspace\8-2-build-windows-amd64-cygwin\jdk8u161\10277\hotspot\src\share\vm\classfil
Event: 4.874 Thread 0x00000000196e1800 Exception <a 'java/lang/ClassNotFoundException': org/gradle/api/plugins/BasePluginConventionBeanInfo> (0x00000000e1cc0fd8) thrown at [C:\re\workspace\8-2-build-windows-amd64-cygwin\jdk8u161\10277\hotspot\src\share\vm\classfile\systemDictionary.cpp, line 2
Event: 4.874 Thread 0x00000000196e1800 Exception <a 'java/lang/ClassNotFoundException': org/gradle/api/plugins/BasePluginConventionCustomizer> (0x00000000e1cf7380) thrown at [C:\re\workspace\8-2-build-windows-amd64-cygwin\jdk8u161\10277\hotspot\src\share\vm\classfile\systemDictionary.cpp, line
Event: 4.876 Thread 0x00000000196e1800 Exception <a 'java/lang/ClassNotFoundException': org/gradle/api/plugins/JavaPluginConventionBeanInfo> (0x00000000e1d6bba8) thrown at [C:\re\workspace\8-2-build-windows-amd64-cygwin\jdk8u161\10277\hotspot\src\share\vm\classfile\systemDictionary.cpp, line 2
Event: 4.876 Thread 0x00000000196e1800 Exception <a 'java/lang/ClassNotFoundException': org/gradle/api/plugins/JavaPluginConventionCustomizer> (0x00000000e1da1f50) thrown at [C:\re\workspace\8-2-build-windows-amd64-cygwin\jdk8u161\10277\hotspot\src\share\vm\classfile\systemDictionary.cpp, line
Event: 4.892 Thread 0x00000000196e1800 Implicit null exception at 0x000000000367e068 to 0x000000000367e0f9

Events (10 events):
Event: 4.948 Thread 0x00000000196e1800 DEOPT UNPACKING pc=0x0000000002c77490 sp=0x000000001a708720 mode 0
Event: 4.948 Thread 0x00000000196e1800 DEOPT PACKING pc=0x0000000003ac0fc9 sp=0x000000001a708a20
Event: 4.948 Thread 0x00000000196e1800 DEOPT UNPACKING pc=0x0000000002c77490 sp=0x000000001a708720 mode 0
Event: 4.948 Thread 0x00000000196e1800 DEOPT PACKING pc=0x0000000003ac0fc9 sp=0x000000001a708a20
Event: 4.948 Thread 0x00000000196e1800 DEOPT UNPACKING pc=0x0000000002c77490 sp=0x000000001a708720 mode 0
Event: 4.948 Thread 0x00000000196e1800 DEOPT PACKING pc=0x0000000003ac0fc9 sp=0x000000001a708a20
Event: 4.948 Thread 0x00000000196e1800 DEOPT UNPACKING pc=0x0000000002c77490 sp=0x000000001a708720 mode 0
Event: 4.949 Thread 0x00000000196e1800 Uncommon trap: trap_request=0xffffff65 fr.pc=0x00000000038c5978
Event: 4.949 Thread 0x00000000196e1800 DEOPT PACKING pc=0x00000000038c5978 sp=0x000000001a708640
Event: 4.949 Thread 0x00000000196e1800 DEOPT UNPACKING pc=0x0000000002c7583b sp=0x000000001a708600 mode 2


Dynamic libraries:
0x00007ff6b8990000 - 0x00007ff6b89c7000 	D:\2.develop_tools\JAVA\JDK\bin\java.exe
0x00007ffc5b970000 - 0x00007ffc5bb41000 	C:\Windows\SYSTEM32\ntdll.dll
0x00007ffc5b560000 - 0x00007ffc5b60b000 	C:\Windows\System32\KERNEL32.DLL
0x00007ffc58410000 - 0x00007ffc5862d000 	C:\Windows\System32\KERNELBASE.dll
0x00007ffc5b4b0000 - 0x00007ffc5b552000 	C:\Windows\System32\ADVAPI32.dll
0x00007ffc5b410000 - 0x00007ffc5b4ae000 	C:\Windows\System32\msvcrt.dll
0x00007ffc5ac60000 - 0x00007ffc5acb9000 	C:\Windows\System32\sechost.dll
0x00007ffc5b740000 - 0x00007ffc5b861000 	C:\Windows\System32\RPCRT4.dll
0x00007ffc59310000 - 0x00007ffc59475000 	C:\Windows\System32\USER32.dll
0x00007ffc57f10000 - 0x00007ffc57f2e000 	C:\Windows\System32\win32u.dll
0x00007ffc59070000 - 0x00007ffc590a4000 	C:\Windows\System32\GDI32.dll
0x00007ffc58630000 - 0x00007ffc587b2000 	C:\Windows\System32\gdi32full.dll
0x00007ffc4d430000 - 0x00007ffc4d6aa000 	C:\Windows\WinSxS\amd64_microsoft.windows.common-controls_6595b64144ccf1df_6.0.14393.953_none_42151e83c686086b\COMCTL32.dll
0x00007ffc5a990000 - 0x00007ffc5ac58000 	C:\Windows\System32\combase.dll
0x00007ffc58310000 - 0x00007ffc58405000 	C:\Windows\System32\ucrtbase.dll
0x00007ffc582a0000 - 0x00007ffc5830a000 	C:\Windows\System32\bcryptPrimitives.dll
0x00007ffc58f00000 - 0x00007ffc58f2e000 	C:\Windows\System32\IMM32.DLL
0x00000000629d0000 - 0x0000000062aa2000 	D:\2.develop_tools\JAVA\JDK\jre\bin\msvcr100.dll
0x0000000062130000 - 0x00000000629cf000 	D:\2.develop_tools\JAVA\JDK\jre\bin\server\jvm.dll
0x00007ffc5acf0000 - 0x00007ffc5acf8000 	C:\Windows\System32\PSAPI.DLL
0x00007ffc56280000 - 0x00007ffc562a3000 	C:\Windows\SYSTEM32\WINMM.dll
0x00007ffc535f0000 - 0x00007ffc535fa000 	C:\Windows\SYSTEM32\VERSION.dll
0x00007ffc49080000 - 0x00007ffc49089000 	C:\Windows\SYSTEM32\WSOCK32.dll
0x00007ffc5ae60000 - 0x00007ffc5aeca000 	C:\Windows\System32\WS2_32.dll
0x00007ffc561f0000 - 0x00007ffc5621b000 	C:\Windows\SYSTEM32\WINMMBASE.dll
0x00007ffc57fd0000 - 0x00007ffc58012000 	C:\Windows\System32\cfgmgr32.dll
0x0000000062120000 - 0x000000006212f000 	D:\2.develop_tools\JAVA\JDK\jre\bin\verify.dll
0x00000000620f0000 - 0x0000000062119000 	D:\2.develop_tools\JAVA\JDK\jre\bin\java.dll
0x00000000620d0000 - 0x00000000620e6000 	D:\2.develop_tools\JAVA\JDK\jre\bin\zip.dll
0x00007ffc59480000 - 0x00007ffc5a989000 	C:\Windows\System32\SHELL32.dll
0x00007ffc58820000 - 0x00007ffc58efa000 	C:\Windows\System32\windows.storage.dll
0x00007ffc57e00000 - 0x00007ffc57e4c000 	C:\Windows\System32\powrprof.dll
0x00007ffc590b0000 - 0x00007ffc59102000 	C:\Windows\System32\shlwapi.dll
0x00007ffc57e50000 - 0x00007ffc57e5f000 	C:\Windows\System32\kernel.appcore.dll
0x00007ffc57e60000 - 0x00007ffc57f09000 	C:\Windows\System32\shcore.dll
0x00007ffc57dd0000 - 0x00007ffc57de4000 	C:\Windows\System32\profapi.dll
0x00000000620b0000 - 0x00000000620ca000 	D:\2.develop_tools\JAVA\JDK\jre\bin\net.dll
0x00007ffc576a0000 - 0x00007ffc576fc000 	C:\Windows\system32\mswsock.dll
0x0000000062090000 - 0x00000000620a1000 	D:\2.develop_tools\JAVA\JDK\jre\bin\nio.dll
0x00007ffc4b9c0000 - 0x00007ffc4b9de000 	C:\Users\Administrator\.gradle\native\23\windows-amd64\native-platform.dll
0x00007ffc57840000 - 0x00007ffc57857000 	C:\Windows\SYSTEM32\CRYPTSP.dll
0x00007ffc572a0000 - 0x00007ffc572d3000 	C:\Windows\system32\rsaenh.dll
0x00007ffc57d10000 - 0x00007ffc57d3b000 	C:\Windows\SYSTEM32\bcrypt.dll
0x00007ffc57520000 - 0x00007ffc5753f000 	C:\Windows\SYSTEM32\USERENV.dll
0x00007ffc57860000 - 0x00007ffc5786b000 	C:\Windows\SYSTEM32\CRYPTBASE.dll
0x00007ffc57420000 - 0x00007ffc57458000 	C:\Windows\SYSTEM32\IPHLPAPI.DLL
0x00007ffc5afd0000 - 0x00007ffc5afd8000 	C:\Windows\System32\NSI.dll
0x00007ffc53ff0000 - 0x00007ffc54006000 	C:\Windows\SYSTEM32\dhcpcsvc6.DLL
0x00007ffc538b0000 - 0x00007ffc538ca000 	C:\Windows\SYSTEM32\dhcpcsvc.DLL
0x0000000062080000 - 0x000000006208d000 	D:\2.develop_tools\JAVA\JDK\jre\bin\management.dll

VM Arguments:
jvm_args: -Xmx1536m -Dfile.encoding=GBK -Duser.country=CN -Duser.language=zh -Duser.variant 
java_command: org.gradle.launcher.daemon.bootstrap.GradleDaemon 3.3
java_class_path (initial): C:\Users\Administrator\.gradle\wrapper\dists\gradle-3.3-all\55gk2rcmfc6p2dg9u9ohc3hw9\gradle-3.3\lib\gradle-launcher-3.3.jar
Launcher Type: SUN_STANDARD

Environment Variables:
JAVA_HOME=D:\2.develop_tools\JAVA\JDK
PATH=C:\Windows\system32;C:\Windows;C:\Windows\System32\Wbem;C:\Windows\System32\WindowsPowerShell\v1.0\;C:\Windows\system32\config\systemprofile\.dnx\bin;C:\Program Files\Microsoft DNX\Dnvm\;C:\Program Files\Microsoft SQL Server\130\Tools\Binn\;D:\2.develop_tools\JAVA\JDK\bin;D:\2.develop_tools\JAVA\JDK\jre\bin;E:\Program Files (x86)\Microsoft SQL Server\100\Tools\Binn\;E:\Program Files\Microsoft SQL Server\100\Tools\Binn\;E:\Program Files\Microsoft SQL Server\100\DTS\Binn\;E:\Program Files (x86)\Microsoft SQL Server\100\Tools\Binn\VSShell\Common7\IDE\;C:\Program Files (x86)\Microsoft Visual Studio 9.0\Common7\IDE\PrivateAssemblies\;E:\Program Files (x86)\Microsoft SQL Server\100\DTS\Binn\;C:\Users\Administrator\AppData\Local\Microsoft\WindowsApps;
USERNAME=Administrator
OS=Windows_NT
PROCESSOR_IDENTIFIER=AMD64 Family 23 Model 17 Stepping 0, AuthenticAMD



---------------  S Y S T E M  ---------------

OS: Windows 10.0 , 64 bit Build 14393 (10.0.14393.0)

CPU:total 4 (initial active 4) (4 cores per cpu, 1 threads per core) family 23 model 17 stepping 0, cmov, cx8, fxsr, mmx, sse, sse2, sse3, ssse3, sse4.1, sse4.2, popcnt, avx, avx2, aes, clmul, mmxext, 3dnowpref, lzcnt, sse4a, tsc, tscinvbit, tscinv, bmi1

Memory: 4k page, physical 7287484k(2010804k free), swap 8860348k(5708k free)

vm_info: Java HotSpot(TM) 64-Bit Server VM (25.161-b12) for windows-amd64 JRE (1.8.0_161-b12), built on Dec 19 2017 17:52:25 by "java_re" with MS VC++ 10.0 (VS2010)

time: Mon Mar 26 09:07:05 2018
elapsed time: 4 seconds (0d 0h 0m 4s)

