#
# There is insufficient memory for the Java Runtime Environment to continue.
# Native memory allocation (malloc) failed to allocate 1068976 bytes for Chunk::new
# Possible reasons:
#   The system is out of physical RAM or swap space
#   In 32 bit mode, the process size limit was hit
# Possible solutions:
#   Reduce memory load on the system
#   Increase physical memory or swap space
#   Check if swap backing store is full
#   Use 64 bit Java on a 64 bit OS
#   Decrease Java heap size (-Xmx/-Xms)
#   Decrease number of Java threads
#   Decrease Java thread stack sizes (-Xss)
#   Set larger code cache with -XX:ReservedCodeCacheSize=
# This output file may be truncated or incomplete.
#
#  Out of Memory Error (allocation.cpp:390), pid=12280, tid=0x0000000000002e94
#
# JRE version: Java(TM) SE Runtime Environment (8.0_161-b12) (build 1.8.0_161-b12)
# Java VM: Java HotSpot(TM) 64-Bit Server VM (25.161-b12 mixed mode windows-amd64 compressed oops)
# Failed to write core dump. Minidumps are not enabled by default on client versions of Windows
#

---------------  T H R E A D  ---------------

Current thread (0x0000000017ddc000):  JavaThread "C2 CompilerThread1" daemon [_thread_in_native, id=11924, stack(0x00000000184d0000,0x00000000185d0000)]

Stack: [0x00000000184d0000,0x00000000185d0000]
[error occurred during error reporting (printing stack bounds), id 0xc0000005]

Native frames: (J=compiled Java code, j=interpreted, Vv=VM code, C=native code)


Current CompileTask:
C2:   5728 4110       4       com.sun.beans.TypeResolver::resolve (37 bytes)


---------------  P R O C E S S  ---------------

Java Threads: ( => current thread )
  0x000000001961c000 JavaThread "File lock request listener" [_thread_in_native, id=2216, stack(0x000000001d100000,0x000000001d200000)]
  0x0000000019f2b000 JavaThread "Stdin handler" [_thread_blocked, id=7236, stack(0x000000001bc30000,0x000000001bd30000)]
  0x0000000019f2a800 JavaThread "Asynchronous log dispatcher for DefaultDaemonConnection: socket connection from /127.0.0.1:57101 to /127.0.0.1:57102" [_thread_blocked, id=6592, stack(0x000000001bb30000,0x000000001bc30000)]
  0x0000000019ea4800 JavaThread "Daemon worker" [_thread_in_vm, id=9812, stack(0x000000001ba30000,0x000000001bb30000)]
  0x0000000019f49000 JavaThread "Cancel handler" [_thread_blocked, id=10952, stack(0x000000001b930000,0x000000001ba30000)]
  0x0000000019550000 JavaThread "Handler for socket connection from /127.0.0.1:57101 to /127.0.0.1:57102" [_thread_in_native, id=9340, stack(0x000000001b830000,0x000000001b930000)]
  0x000000001945f800 JavaThread "Daemon" [_thread_blocked, id=11508, stack(0x000000001b730000,0x000000001b830000)]
  0x0000000019724000 JavaThread "Incoming local TCP Connector on port 57101" [_thread_in_native, id=536, stack(0x000000001b390000,0x000000001b490000)]
  0x00000000197a5000 JavaThread "pool-1-thread-1" [_thread_blocked, id=524, stack(0x000000001b090000,0x000000001b190000)]
  0x0000000017e5f000 JavaThread "Service Thread" daemon [_thread_blocked, id=10288, stack(0x00000000186d0000,0x00000000187d0000)]
  0x0000000017de1800 JavaThread "C1 CompilerThread2" daemon [_thread_blocked, id=11096, stack(0x00000000185d0000,0x00000000186d0000)]
=>0x0000000017ddc000 JavaThread "C2 CompilerThread1" daemon [_thread_in_native, id=11924, stack(0x00000000184d0000,0x00000000185d0000)]
  0x0000000016abb800 JavaThread "C2 CompilerThread0" daemon [_thread_in_native, id=9900, stack(0x00000000183d0000,0x00000000184d0000)]
  0x0000000016aba000 JavaThread "Attach Listener" daemon [_thread_blocked, id=1564, stack(0x00000000182d0000,0x00000000183d0000)]
  0x0000000017dd8800 JavaThread "Signal Dispatcher" daemon [_thread_blocked, id=11684, stack(0x00000000181d0000,0x00000000182d0000)]
  0x00000000030ee800 JavaThread "Finalizer" daemon [_thread_blocked, id=12156, stack(0x0000000017cd0000,0x0000000017dd0000)]
  0x00000000030e3000 JavaThread "Reference Handler" daemon [_thread_blocked, id=12204, stack(0x0000000017bd0000,0x0000000017cd0000)]
  0x0000000002eee000 JavaThread "main" [_thread_blocked, id=608, stack(0x0000000002ef0000,0x0000000002ff0000)]

Other Threads:
  0x0000000016a28000 VMThread [stack: 0x0000000017ad0000,0x0000000017bd0000] [id=5244]
  0x0000000017e71000 WatcherThread [stack: 0x00000000187d0000,0x00000000188d0000] [id=7696]

VM state:not at safepoint (normal execution)

VM Mutex/Monitor currently owned by a thread: None

Heap:
 PSYoungGen      total 144896K, used 85147K [0x00000000e0000000, 0x00000000ec200000, 0x0000000100000000)
  eden space 134144K, 63% used [0x00000000e0000000,0x00000000e5326f60,0x00000000e8300000)
  from space 10752K, 0% used [0x00000000e8e00000,0x00000000e8e00000,0x00000000e9880000)
  to   space 11264K, 0% used [0x00000000e8300000,0x00000000e8300000,0x00000000e8e00000)
 ParOldGen       total 56320K, used 16383K [0x00000000a0000000, 0x00000000a3700000, 0x00000000e0000000)
  object space 56320K, 29% used [0x00000000a0000000,0x00000000a0fffce8,0x00000000a3700000)
 Metaspace       used 38972K, capacity 39692K, committed 39896K, reserved 1083392K
  class space    used 5336K, capacity 5563K, committed 5632K, reserved 1048576K

Card table byte_map: [0x00000000124b0000,0x00000000127c0000] byte_map_base: 0x0000000011fb0000

Marking Bits: (ParMarkBitMap*) 0x000000006294f860
 Begin Bits: [0x0000000012dc0000, 0x00000000145c0000)
 End Bits:   [0x00000000145c0000, 0x0000000015dc0000)

Polling page: 0x0000000000e40000

CodeCache: size=245760Kb used=14973Kb max_used=14973Kb free=230786Kb
 bounds [0x00000000030f0000, 0x0000000003fa0000, 0x00000000120f0000]
 total_blobs=4726 nmethods=4002 adapters=637
 compilation: enabled

Compilation events (10 events):
Event: 5.714 Thread 0x0000000017de1800 4213       3       sun.nio.fs.WindowsException::<init> (15 bytes)
Event: 5.714 Thread 0x0000000017de1800 nmethod 4213 0x0000000003f99c10 code [0x0000000003f99da0, 0x0000000003f9a148]
Event: 5.714 Thread 0x0000000017de1800 4214       3       sun.nio.fs.WindowsException::translateToIOException (109 bytes)
Event: 5.715 Thread 0x0000000017de1800 nmethod 4214 0x0000000003f9a290 code [0x0000000003f9a4e0, 0x0000000003f9b0c8]
Event: 5.715 Thread 0x0000000017de1800 4215       3       java.nio.file.NoSuchFileException::<init> (8 bytes)
Event: 5.715 Thread 0x0000000017de1800 nmethod 4215 0x0000000003f9b690 code [0x0000000003f9b800, 0x0000000003f9bb08]
Event: 5.715 Thread 0x0000000017de1800 4216       1       java.util.stream.AbstractPipeline::getStreamAndOpFlags (5 bytes)
Event: 5.715 Thread 0x0000000017de1800 nmethod 4216 0x0000000003f9bc90 code [0x0000000003f9bde0, 0x0000000003f9bef0]
Event: 5.715 Thread 0x0000000017de1800 4217       1       java.util.Spliterators$IteratorSpliterator::characteristics (5 bytes)
Event: 5.715 Thread 0x0000000017de1800 nmethod 4217 0x0000000003f9bf50 code [0x0000000003f9c0a0, 0x0000000003f9c1b0]

GC Heap History (10 events):
Event: 2.039 GC heap before
{Heap before GC invocations=6 (full 1):
 PSYoungGen      total 61952K, used 4596K [0x00000000e0000000, 0x00000000e8300000, 0x0000000100000000)
  eden space 57344K, 0% used [0x00000000e0000000,0x00000000e0000000,0x00000000e3800000)
  from space 4608K, 99% used [0x00000000e3800000,0x00000000e3c7d000,0x00000000e3c80000)
  to   space 9728K, 0% used [0x00000000e7980000,0x00000000e7980000,0x00000000e8300000)
 ParOldGen       total 76800K, used 9517K [0x00000000a0000000, 0x00000000a4b00000, 0x00000000e0000000)
  object space 76800K, 12% used [0x00000000a0000000,0x00000000a094b690,0x00000000a4b00000)
 Metaspace       used 20760K, capacity 21080K, committed 21248K, reserved 1067008K
  class space    used 2849K, capacity 2965K, committed 3072K, reserved 1048576K
Event: 2.072 GC heap after
Heap after GC invocations=6 (full 1):
 PSYoungGen      total 61952K, used 0K [0x00000000e0000000, 0x00000000e8300000, 0x0000000100000000)
  eden space 57344K, 0% used [0x00000000e0000000,0x00000000e0000000,0x00000000e3800000)
  from space 4608K, 0% used [0x00000000e3800000,0x00000000e3800000,0x00000000e3c80000)
  to   space 9728K, 0% used [0x00000000e7980000,0x00000000e7980000,0x00000000e8300000)
 ParOldGen       total 56320K, used 10621K [0x00000000a0000000, 0x00000000a3700000, 0x00000000e0000000)
  object space 56320K, 18% used [0x00000000a0000000,0x00000000a0a5f7a0,0x00000000a3700000)
 Metaspace       used 20760K, capacity 21080K, committed 21248K, reserved 1067008K
  class space    used 2849K, capacity 2965K, committed 3072K, reserved 1048576K
}
Event: 2.918 GC heap before
{Heap before GC invocations=7 (full 1):
 PSYoungGen      total 61952K, used 57344K [0x00000000e0000000, 0x00000000e8300000, 0x0000000100000000)
  eden space 57344K, 100% used [0x00000000e0000000,0x00000000e3800000,0x00000000e3800000)
  from space 4608K, 0% used [0x00000000e3800000,0x00000000e3800000,0x00000000e3c80000)
  to   space 9728K, 0% used [0x00000000e7980000,0x00000000e7980000,0x00000000e8300000)
 ParOldGen       total 56320K, used 10621K [0x00000000a0000000, 0x00000000a3700000, 0x00000000e0000000)
  object space 56320K, 18% used [0x00000000a0000000,0x00000000a0a5f7a0,0x00000000a3700000)
 Metaspace       used 25555K, capacity 26088K, committed 26368K, reserved 1071104K
  class space    used 3570K, capacity 3730K, committed 3840K, reserved 1048576K
Event: 2.926 GC heap after
Heap after GC invocations=7 (full 1):
 PSYoungGen      total 96256K, used 7012K [0x00000000e0000000, 0x00000000e8080000, 0x0000000100000000)
  eden space 89088K, 0% used [0x00000000e0000000,0x00000000e0000000,0x00000000e5700000)
  from space 7168K, 97% used [0x00000000e7980000,0x00000000e80593e8,0x00000000e8080000)
  to   space 9728K, 0% used [0x00000000e6d80000,0x00000000e6d80000,0x00000000e7700000)
 ParOldGen       total 56320K, used 10629K [0x00000000a0000000, 0x00000000a3700000, 0x00000000e0000000)
  object space 56320K, 18% used [0x00000000a0000000,0x00000000a0a617a0,0x00000000a3700000)
 Metaspace       used 25555K, capacity 26088K, committed 26368K, reserved 1071104K
  class space    used 3570K, capacity 3730K, committed 3840K, reserved 1048576K
}
Event: 4.379 GC heap before
{Heap before GC invocations=8 (full 1):
 PSYoungGen      total 96256K, used 96100K [0x00000000e0000000, 0x00000000e8080000, 0x0000000100000000)
  eden space 89088K, 100% used [0x00000000e0000000,0x00000000e5700000,0x00000000e5700000)
  from space 7168K, 97% used [0x00000000e7980000,0x00000000e80593e8,0x00000000e8080000)
  to   space 9728K, 0% used [0x00000000e6d80000,0x00000000e6d80000,0x00000000e7700000)
 ParOldGen       total 56320K, used 10629K [0x00000000a0000000, 0x00000000a3700000, 0x00000000e0000000)
  object space 56320K, 18% used [0x00000000a0000000,0x00000000a0a617a0,0x00000000a3700000)
 Metaspace       used 31401K, capacity 32042K, committed 32256K, reserved 1077248K
  class space    used 4329K, capacity 4567K, committed 4608K, reserved 1048576K
Event: 4.391 GC heap after
Heap after GC invocations=8 (full 1):
 PSYoungGen      total 121856K, used 9490K [0x00000000e0000000, 0x00000000e9880000, 0x0000000100000000)
  eden space 112128K, 0% used [0x00000000e0000000,0x00000000e0000000,0x00000000e6d80000)
  from space 9728K, 97% used [0x00000000e6d80000,0x00000000e76c48c0,0x00000000e7700000)
  to   space 10752K, 0% used [0x00000000e8e00000,0x00000000e8e00000,0x00000000e9880000)
 ParOldGen       total 56320K, used 10709K [0x00000000a0000000, 0x00000000a3700000, 0x00000000e0000000)
  object space 56320K, 19% used [0x00000000a0000000,0x00000000a0a757b0,0x00000000a3700000)
 Metaspace       used 31401K, capacity 32042K, committed 32256K, reserved 1077248K
  class space    used 4329K, capacity 4567K, committed 4608K, reserved 1048576K
}
Event: 4.779 GC heap before
{Heap before GC invocations=9 (full 1):
 PSYoungGen      total 121856K, used 51016K [0x00000000e0000000, 0x00000000e9880000, 0x0000000100000000)
  eden space 112128K, 37% used [0x00000000e0000000,0x00000000e288dae8,0x00000000e6d80000)
  from space 9728K, 97% used [0x00000000e6d80000,0x00000000e76c48c0,0x00000000e7700000)
  to   space 10752K, 0% used [0x00000000e8e00000,0x00000000e8e00000,0x00000000e9880000)
 ParOldGen       total 56320K, used 10709K [0x00000000a0000000, 0x00000000a3700000, 0x00000000e0000000)
  object space 56320K, 19% used [0x00000000a0000000,0x00000000a0a757b0,0x00000000a3700000)
 Metaspace       used 34733K, capacity 35276K, committed 35416K, reserved 1079296K
  class space    used 4740K, capacity 4944K, committed 4992K, reserved 1048576K
Event: 4.794 GC heap after
Heap after GC invocations=9 (full 1):
 PSYoungGen      total 144896K, used 9738K [0x00000000e0000000, 0x00000000ec200000, 0x0000000100000000)
  eden space 134144K, 0% used [0x00000000e0000000,0x00000000e0000000,0x00000000e8300000)
  from space 10752K, 90% used [0x00000000e8e00000,0x00000000e9782b68,0x00000000e9880000)
  to   space 11264K, 0% used [0x00000000e8300000,0x00000000e8300000,0x00000000e8e00000)
 ParOldGen       total 56320K, used 10717K [0x00000000a0000000, 0x00000000a3700000, 0x00000000e0000000)
  object space 56320K, 19% used [0x00000000a0000000,0x00000000a0a777b0,0x00000000a3700000)
 Metaspace       used 34733K, capacity 35276K, committed 35416K, reserved 1079296K
  class space    used 4740K, capacity 4944K, committed 4992K, reserved 1048576K
}
Event: 4.794 GC heap before
{Heap before GC invocations=10 (full 2):
 PSYoungGen      total 144896K, used 9738K [0x00000000e0000000, 0x00000000ec200000, 0x0000000100000000)
  eden space 134144K, 0% used [0x00000000e0000000,0x00000000e0000000,0x00000000e8300000)
  from space 10752K, 90% used [0x00000000e8e00000,0x00000000e9782b68,0x00000000e9880000)
  to   space 11264K, 0% used [0x00000000e8300000,0x00000000e8300000,0x00000000e8e00000)
 ParOldGen       total 56320K, used 10717K [0x00000000a0000000, 0x00000000a3700000, 0x00000000e0000000)
  object space 56320K, 19% used [0x00000000a0000000,0x00000000a0a777b0,0x00000000a3700000)
 Metaspace       used 34733K, capacity 35276K, committed 35416K, reserved 1079296K
  class space    used 4740K, capacity 4944K, committed 4992K, reserved 1048576K
Event: 4.862 GC heap after
Heap after GC invocations=10 (full 2):
 PSYoungGen      total 144896K, used 0K [0x00000000e0000000, 0x00000000ec200000, 0x0000000100000000)
  eden space 134144K, 0% used [0x00000000e0000000,0x00000000e0000000,0x00000000e8300000)
  from space 10752K, 0% used [0x00000000e8e00000,0x00000000e8e00000,0x00000000e9880000)
  to   space 11264K, 0% used [0x00000000e8300000,0x00000000e8300000,0x00000000e8e00000)
 ParOldGen       total 56320K, used 16383K [0x00000000a0000000, 0x00000000a3700000, 0x00000000e0000000)
  object space 56320K, 29% used [0x00000000a0000000,0x00000000a0fffce8,0x00000000a3700000)
 Metaspace       used 34733K, capacity 35276K, committed 35416K, reserved 1079296K
  class space    used 4740K, capacity 4944K, committed 4992K, reserved 1048576K
}

Deoptimization events (10 events):
Event: 4.722 Thread 0x0000000019ea4800 Uncommon trap: reason=uninitialized action=reinterpret pc=0x0000000003c3b398 method=java.util.HashMap.removeNode(ILjava/lang/Object;Ljava/lang/Object;ZZ)Ljava/util/HashMap$Node; @ 107
Event: 4.766 Thread 0x0000000019ea4800 Uncommon trap: reason=unstable_if action=reinterpret pc=0x0000000003e19834 method=java.lang.reflect.Modifier.toString(I)Ljava/lang/String; @ 123
Event: 4.766 Thread 0x0000000019ea4800 Uncommon trap: reason=unstable_if action=reinterpret pc=0x0000000003e30598 method=java.lang.reflect.Modifier.toString(I)Ljava/lang/String; @ 123
Event: 5.182 Thread 0x0000000019ea4800 Uncommon trap: reason=unstable_if action=reinterpret pc=0x00000000035fec7c method=java.lang.CharacterDataLatin1.isWhitespace(I)Z @ 14
Event: 5.210 Thread 0x0000000019ea4800 Uncommon trap: reason=unstable_if action=reinterpret pc=0x00000000038ab16c method=java.security.CodeSource.getCertificates()[Ljava/security/cert/Certificate; @ 22
Event: 5.221 Thread 0x0000000019ea4800 Uncommon trap: reason=unstable_if action=reinterpret pc=0x0000000003d7b678 method=java.util.LinkedHashMap.get(Ljava/lang/Object;)Ljava/lang/Object; @ 20
Event: 5.368 Thread 0x0000000019ea4800 Uncommon trap: reason=bimorphic action=maybe_recompile pc=0x0000000003cf6ff8 method=org.codehaus.groovy.runtime.metaclass.MetaMethodIndex.addMethodToList(Ljava/lang/Object;Lgroovy/lang/MetaMethod;)Ljava/lang/Object; @ 123
Event: 5.368 Thread 0x0000000019ea4800 Uncommon trap: reason=bimorphic action=maybe_recompile pc=0x0000000003cf6ff8 method=org.codehaus.groovy.runtime.metaclass.MetaMethodIndex.addMethodToList(Ljava/lang/Object;Lgroovy/lang/MetaMethod;)Ljava/lang/Object; @ 123
Event: 5.368 Thread 0x0000000019ea4800 Uncommon trap: reason=bimorphic action=maybe_recompile pc=0x0000000003cf6ff8 method=org.codehaus.groovy.runtime.metaclass.MetaMethodIndex.addMethodToList(Ljava/lang/Object;Lgroovy/lang/MetaMethod;)Ljava/lang/Object; @ 123
Event: 5.368 Thread 0x0000000019ea4800 Uncommon trap: reason=bimorphic action=maybe_recompile pc=0x0000000003cf6ff8 method=org.codehaus.groovy.runtime.metaclass.MetaMethodIndex.addMethodToList(Ljava/lang/Object;Lgroovy/lang/MetaMethod;)Ljava/lang/Object; @ 123

Classes redefined (0 events):
No events

Internal exceptions (10 events):
Event: 5.721 Thread 0x0000000019ea4800 Exception <a 'sun/nio/fs/WindowsException'> (0x00000000e52bf0a0) thrown at [C:\re\workspace\8-2-build-windows-amd64-cygwin\jdk8u161\10277\hotspot\src\share\vm\prims\jni.cpp, line 709]
Event: 5.721 Thread 0x0000000019ea4800 Exception <a 'sun/nio/fs/WindowsException'> (0x00000000e52bfd10) thrown at [C:\re\workspace\8-2-build-windows-amd64-cygwin\jdk8u161\10277\hotspot\src\share\vm\prims\jni.cpp, line 709]
Event: 5.722 Thread 0x0000000019ea4800 Exception <a 'sun/nio/fs/WindowsException'> (0x00000000e52c8a98) thrown at [C:\re\workspace\8-2-build-windows-amd64-cygwin\jdk8u161\10277\hotspot\src\share\vm\prims\jni.cpp, line 709]
Event: 5.722 Thread 0x0000000019ea4800 Exception <a 'sun/nio/fs/WindowsException'> (0x00000000e52c96c0) thrown at [C:\re\workspace\8-2-build-windows-amd64-cygwin\jdk8u161\10277\hotspot\src\share\vm\prims\jni.cpp, line 709]
Event: 5.722 Thread 0x0000000019ea4800 Exception <a 'sun/nio/fs/WindowsException'> (0x00000000e52cb328) thrown at [C:\re\workspace\8-2-build-windows-amd64-cygwin\jdk8u161\10277\hotspot\src\share\vm\prims\jni.cpp, line 709]
Event: 5.722 Thread 0x0000000019ea4800 Exception <a 'sun/nio/fs/WindowsException'> (0x00000000e52cbf88) thrown at [C:\re\workspace\8-2-build-windows-amd64-cygwin\jdk8u161\10277\hotspot\src\share\vm\prims\jni.cpp, line 709]
Event: 5.724 Thread 0x0000000019ea4800 Exception <a 'sun/nio/fs/WindowsException'> (0x00000000e52d6ca8) thrown at [C:\re\workspace\8-2-build-windows-amd64-cygwin\jdk8u161\10277\hotspot\src\share\vm\prims\jni.cpp, line 709]
Event: 5.724 Thread 0x0000000019ea4800 Exception <a 'sun/nio/fs/WindowsException'> (0x00000000e52d7890) thrown at [C:\re\workspace\8-2-build-windows-amd64-cygwin\jdk8u161\10277\hotspot\src\share\vm\prims\jni.cpp, line 709]
Event: 5.724 Thread 0x0000000019ea4800 Exception <a 'sun/nio/fs/WindowsException'> (0x00000000e52d94a8) thrown at [C:\re\workspace\8-2-build-windows-amd64-cygwin\jdk8u161\10277\hotspot\src\share\vm\prims\jni.cpp, line 709]
Event: 5.724 Thread 0x0000000019ea4800 Exception <a 'sun/nio/fs/WindowsException'> (0x00000000e52da0d0) thrown at [C:\re\workspace\8-2-build-windows-amd64-cygwin\jdk8u161\10277\hotspot\src\share\vm\prims\jni.cpp, line 709]

Events (10 events):
Event: 5.593 loading class java/nio/file/attribute/FileAttributeView done
Event: 5.593 loading class java/nio/file/attribute/BasicFileAttributeView done
Event: 5.593 loading class sun/nio/fs/WindowsFileAttributeViews
Event: 5.594 loading class sun/nio/fs/WindowsFileAttributeViews done
Event: 5.594 loading class sun/nio/fs/WindowsFileAttributeViews$Basic
Event: 5.594 loading class sun/nio/fs/AbstractBasicFileAttributeView
Event: 5.594 loading class sun/nio/fs/DynamicFileAttributeView
Event: 5.594 loading class sun/nio/fs/DynamicFileAttributeView done
Event: 5.594 loading class sun/nio/fs/AbstractBasicFileAttributeView done
Event: 5.594 loading class sun/nio/fs/WindowsFileAttributeViews$Basic done


Dynamic libraries:
0x00007ff6b8990000 - 0x00007ff6b89c7000 	D:\2.develop_tools\JAVA\JDK\bin\java.exe
0x00007ffc5b970000 - 0x00007ffc5bb41000 	C:\Windows\SYSTEM32\ntdll.dll
0x00007ffc5b560000 - 0x00007ffc5b60b000 	C:\Windows\System32\KERNEL32.DLL
0x00007ffc58410000 - 0x00007ffc5862d000 	C:\Windows\System32\KERNELBASE.dll
0x00007ffc5b4b0000 - 0x00007ffc5b552000 	C:\Windows\System32\ADVAPI32.dll
0x00007ffc5b410000 - 0x00007ffc5b4ae000 	C:\Windows\System32\msvcrt.dll
0x00007ffc5ac60000 - 0x00007ffc5acb9000 	C:\Windows\System32\sechost.dll
0x00007ffc5b740000 - 0x00007ffc5b861000 	C:\Windows\System32\RPCRT4.dll
0x00007ffc59310000 - 0x00007ffc59475000 	C:\Windows\System32\USER32.dll
0x00007ffc57f10000 - 0x00007ffc57f2e000 	C:\Windows\System32\win32u.dll
0x00007ffc59070000 - 0x00007ffc590a4000 	C:\Windows\System32\GDI32.dll
0x00007ffc58630000 - 0x00007ffc587b2000 	C:\Windows\System32\gdi32full.dll
0x00007ffc4d430000 - 0x00007ffc4d6aa000 	C:\Windows\WinSxS\amd64_microsoft.windows.common-controls_6595b64144ccf1df_6.0.14393.953_none_42151e83c686086b\COMCTL32.dll
0x00007ffc5a990000 - 0x00007ffc5ac58000 	C:\Windows\System32\combase.dll
0x00007ffc58310000 - 0x00007ffc58405000 	C:\Windows\System32\ucrtbase.dll
0x00007ffc582a0000 - 0x00007ffc5830a000 	C:\Windows\System32\bcryptPrimitives.dll
0x00007ffc58f00000 - 0x00007ffc58f2e000 	C:\Windows\System32\IMM32.DLL
0x00000000629d0000 - 0x0000000062aa2000 	D:\2.develop_tools\JAVA\JDK\jre\bin\msvcr100.dll
0x0000000062130000 - 0x00000000629cf000 	D:\2.develop_tools\JAVA\JDK\jre\bin\server\jvm.dll
0x00007ffc5acf0000 - 0x00007ffc5acf8000 	C:\Windows\System32\PSAPI.DLL
0x00007ffc49080000 - 0x00007ffc49089000 	C:\Windows\SYSTEM32\WSOCK32.dll
0x00007ffc56280000 - 0x00007ffc562a3000 	C:\Windows\SYSTEM32\WINMM.dll
0x00007ffc535f0000 - 0x00007ffc535fa000 	C:\Windows\SYSTEM32\VERSION.dll
0x00007ffc5ae60000 - 0x00007ffc5aeca000 	C:\Windows\System32\WS2_32.dll
0x0000000001320000 - 0x000000000134b000 	C:\Windows\SYSTEM32\WINMMBASE.dll
0x00007ffc57fd0000 - 0x00007ffc58012000 	C:\Windows\System32\cfgmgr32.dll
0x0000000062120000 - 0x000000006212f000 	D:\2.develop_tools\JAVA\JDK\jre\bin\verify.dll
0x00000000620f0000 - 0x0000000062119000 	D:\2.develop_tools\JAVA\JDK\jre\bin\java.dll
0x00000000620d0000 - 0x00000000620e6000 	D:\2.develop_tools\JAVA\JDK\jre\bin\zip.dll
0x00007ffc59480000 - 0x00007ffc5a989000 	C:\Windows\System32\SHELL32.dll
0x00007ffc58820000 - 0x00007ffc58efa000 	C:\Windows\System32\windows.storage.dll
0x00007ffc57e00000 - 0x00007ffc57e4c000 	C:\Windows\System32\powrprof.dll
0x00007ffc590b0000 - 0x00007ffc59102000 	C:\Windows\System32\shlwapi.dll
0x00007ffc57e50000 - 0x00007ffc57e5f000 	C:\Windows\System32\kernel.appcore.dll
0x00007ffc57e60000 - 0x00007ffc57f09000 	C:\Windows\System32\shcore.dll
0x00007ffc57dd0000 - 0x00007ffc57de4000 	C:\Windows\System32\profapi.dll
0x00000000620b0000 - 0x00000000620ca000 	D:\2.develop_tools\JAVA\JDK\jre\bin\net.dll
0x00007ffc576a0000 - 0x00007ffc576fc000 	C:\Windows\system32\mswsock.dll
0x0000000062090000 - 0x00000000620a1000 	D:\2.develop_tools\JAVA\JDK\jre\bin\nio.dll
0x00007ffc4b9c0000 - 0x00007ffc4b9de000 	C:\Users\Administrator\.gradle\native\23\windows-amd64\native-platform.dll
0x00007ffc57840000 - 0x00007ffc57857000 	C:\Windows\SYSTEM32\CRYPTSP.dll
0x00007ffc572a0000 - 0x00007ffc572d3000 	C:\Windows\system32\rsaenh.dll
0x00007ffc57d10000 - 0x00007ffc57d3b000 	C:\Windows\SYSTEM32\bcrypt.dll
0x00007ffc57520000 - 0x00007ffc5753f000 	C:\Windows\SYSTEM32\USERENV.dll
0x00007ffc57860000 - 0x00007ffc5786b000 	C:\Windows\SYSTEM32\CRYPTBASE.dll
0x00007ffc57420000 - 0x00007ffc57458000 	C:\Windows\SYSTEM32\IPHLPAPI.DLL
0x00007ffc5afd0000 - 0x00007ffc5afd8000 	C:\Windows\System32\NSI.dll
0x00007ffc53ff0000 - 0x00007ffc54006000 	C:\Windows\SYSTEM32\dhcpcsvc6.DLL
0x00007ffc538b0000 - 0x00007ffc538ca000 	C:\Windows\SYSTEM32\dhcpcsvc.DLL
0x0000000062080000 - 0x000000006208d000 	D:\2.develop_tools\JAVA\JDK\jre\bin\management.dll

VM Arguments:
jvm_args: -Xmx1536m -Dfile.encoding=GBK -Duser.country=CN -Duser.language=zh -Duser.variant 
java_command: org.gradle.launcher.daemon.bootstrap.GradleDaemon 3.3
java_class_path (initial): C:\Users\Administrator\.gradle\wrapper\dists\gradle-3.3-all\55gk2rcmfc6p2dg9u9ohc3hw9\gradle-3.3\lib\gradle-launcher-3.3.jar
Launcher Type: SUN_STANDARD

Environment Variables:
JAVA_HOME=D:\2.develop_tools\JAVA\JDK
PATH=C:\Windows\system32;C:\Windows;C:\Windows\System32\Wbem;C:\Windows\System32\WindowsPowerShell\v1.0\;C:\Windows\system32\config\systemprofile\.dnx\bin;C:\Program Files\Microsoft DNX\Dnvm\;C:\Program Files\Microsoft SQL Server\130\Tools\Binn\;D:\2.develop_tools\JAVA\JDK\bin;D:\2.develop_tools\JAVA\JDK\jre\bin;E:\Program Files (x86)\Microsoft SQL Server\100\Tools\Binn\;E:\Program Files\Microsoft SQL Server\100\Tools\Binn\;E:\Program Files\Microsoft SQL Server\100\DTS\Binn\;E:\Program Files (x86)\Microsoft SQL Server\100\Tools\Binn\VSShell\Common7\IDE\;C:\Program Files (x86)\Microsoft Visual Studio 9.0\Common7\IDE\PrivateAssemblies\;E:\Program Files (x86)\Microsoft SQL Server\100\DTS\Binn\;C:\Users\Administrator\AppData\Local\Microsoft\WindowsApps;
USERNAME=Administrator
OS=Windows_NT
PROCESSOR_IDENTIFIER=AMD64 Family 23 Model 17 Stepping 0, AuthenticAMD



---------------  S Y S T E M  ---------------

OS: Windows 10.0 , 64 bit Build 14393 (10.0.14393.0)

CPU:total 4 (initial active 4) (4 cores per cpu, 1 threads per core) family 23 model 17 stepping 0, cmov, cx8, fxsr, mmx, sse, sse2, sse3, ssse3, sse4.1, sse4.2, popcnt, avx, avx2, aes, clmul, mmxext, 3dnowpref, lzcnt, sse4a, tsc, tscinvbit, tscinv, bmi1

Memory: 4k page, physical 7287484k(2226708k free), swap 8860348k(5992k free)

vm_info: Java HotSpot(TM) 64-Bit Server VM (25.161-b12) for windows-amd64 JRE (1.8.0_161-b12), built on Dec 19 2017 17:52:25 by "java_re" with MS VC++ 10.0 (VS2010)

time: Mon Mar 26 09:06:05 2018
elapsed time: 5 seconds (0d 0h 0m 5s)

