#
# There is insufficient memory for the Java Runtime Environment to continue.
# Native memory allocation (malloc) failed to allocate 379792 bytes for Chunk::new
# Possible reasons:
#   The system is out of physical RAM or swap space
#   In 32 bit mode, the process size limit was hit
# Possible solutions:
#   Reduce memory load on the system
#   Increase physical memory or swap space
#   Check if swap backing store is full
#   Use 64 bit Java on a 64 bit OS
#   Decrease Java heap size (-Xmx/-Xms)
#   Decrease number of Java threads
#   Decrease Java thread stack sizes (-Xss)
#   Set larger code cache with -XX:ReservedCodeCacheSize=
# This output file may be truncated or incomplete.
#
#  Out of Memory Error (allocation.cpp:390), pid=10712, tid=0x0000000000001db8
#
# JRE version: Java(TM) SE Runtime Environment (8.0_161-b12) (build 1.8.0_161-b12)
# Java VM: Java HotSpot(TM) 64-Bit Server VM (25.161-b12 mixed mode windows-amd64 compressed oops)
# Failed to write core dump. Minidumps are not enabled by default on client versions of Windows
#

---------------  T H R E A D  ---------------

Current thread (0x00000000167ce000):  JavaThread "C2 CompilerThread1" daemon [_thread_in_native, id=7608, stack(0x0000000018220000,0x0000000018320000)]

Stack: [0x0000000018220000,0x0000000018320000]
[error occurred during error reporting (printing stack bounds), id 0xc0000005]

Native frames: (J=compiled Java code, j=interpreted, Vv=VM code, C=native code)


Current CompileTask:
C2:   6805 5006   !   4       com.sun.org.apache.xerces.internal.impl.XMLDocumentFragmentScannerImpl$FragmentContentDriver::next (2346 bytes)


---------------  P R O C E S S  ---------------

Java Threads: ( => current thread )
  0x00000000192ba000 JavaThread "File lock request listener" [_thread_in_native, id=8648, stack(0x000000001ce70000,0x000000001cf70000)]
  0x00000000192be800 JavaThread "Stdin handler" [_thread_blocked, id=10436, stack(0x000000001b9a0000,0x000000001baa0000)]
  0x00000000192b9800 JavaThread "Asynchronous log dispatcher for DefaultDaemonConnection: socket connection from /127.0.0.1:57141 to /127.0.0.1:57142" [_thread_blocked, id=2224, stack(0x000000001b8a0000,0x000000001b9a0000)]
  0x00000000192c0000 JavaThread "Daemon worker" [_thread_in_vm, id=6120, stack(0x000000001b7a0000,0x000000001b8a0000)]
  0x00000000192bb000 JavaThread "Cancel handler" [_thread_blocked, id=11748, stack(0x000000001b6a0000,0x000000001b7a0000)]
  0x0000000018f99000 JavaThread "Handler for socket connection from /127.0.0.1:57141 to /127.0.0.1:57142" [_thread_in_native, id=6040, stack(0x000000001b5a0000,0x000000001b6a0000)]
  0x000000001934a000 JavaThread "Daemon" [_thread_blocked, id=9440, stack(0x000000001b4a0000,0x000000001b5a0000)]
  0x00000000197a4800 JavaThread "Incoming local TCP Connector on port 57141" [_thread_in_native, id=3124, stack(0x000000001b100000,0x000000001b200000)]
  0x0000000018ccd800 JavaThread "pool-1-thread-1" [_thread_blocked, id=10916, stack(0x000000001ae00000,0x000000001af00000)]
  0x0000000017ba6800 JavaThread "Service Thread" daemon [_thread_blocked, id=9808, stack(0x0000000018420000,0x0000000018520000)]
  0x0000000017b32800 JavaThread "C1 CompilerThread2" daemon [_thread_in_native, id=10492, stack(0x0000000018320000,0x0000000018420000)]
=>0x00000000167ce000 JavaThread "C2 CompilerThread1" daemon [_thread_in_native, id=7608, stack(0x0000000018220000,0x0000000018320000)]
  0x00000000167ca800 JavaThread "C2 CompilerThread0" daemon [_thread_in_native, id=800, stack(0x0000000018120000,0x0000000018220000)]
  0x00000000167c9000 JavaThread "Attach Listener" daemon [_thread_blocked, id=11588, stack(0x0000000018020000,0x0000000018120000)]
  0x0000000017b28800 JavaThread "Signal Dispatcher" daemon [_thread_blocked, id=1068, stack(0x0000000017f20000,0x0000000018020000)]
  0x000000001675a800 JavaThread "Finalizer" daemon [_thread_blocked, id=12208, stack(0x00000000179c0000,0x0000000017ac0000)]
  0x0000000016739000 JavaThread "Reference Handler" daemon [_thread_blocked, id=12152, stack(0x00000000178c0000,0x00000000179c0000)]
  0x0000000000c2e000 JavaThread "main" [_thread_blocked, id=9444, stack(0x0000000002c00000,0x0000000002d00000)]

Other Threads:
  0x0000000016738000 VMThread [stack: 0x00000000177c0000,0x00000000178c0000] [id=2652]
  0x0000000017bd0800 WatcherThread [stack: 0x0000000018520000,0x0000000018620000] [id=1904]

VM state:not at safepoint (normal execution)

VM Mutex/Monitor currently owned by a thread:  ([mutex/lock_event])
[0x0000000000c2c4e0] CodeCache_lock - owner thread: 0x0000000000000000

Heap:
 PSYoungGen      total 149504K, used 100426K [0x00000000e0000000, 0x00000000ec500000, 0x0000000100000000)
  eden space 138240K, 64% used [0x00000000e0000000,0x00000000e577cb08,0x00000000e8700000)
  from space 11264K, 96% used [0x00000000e8700000,0x00000000e9195f40,0x00000000e9200000)
  to   space 12288K, 0% used [0x00000000eb900000,0x00000000eb900000,0x00000000ec500000)
 ParOldGen       total 52736K, used 16233K [0x00000000a0000000, 0x00000000a3380000, 0x00000000e0000000)
  object space 52736K, 30% used [0x00000000a0000000,0x00000000a0fda570,0x00000000a3380000)
 Metaspace       used 43281K, capacity 44146K, committed 44416K, reserved 1087488K
  class space    used 5898K, capacity 6156K, committed 6272K, reserved 1048576K

Card table byte_map: [0x00000000121c0000,0x00000000124d0000] byte_map_base: 0x0000000011cc0000

Marking Bits: (ParMarkBitMap*) 0x000000006294f860
 Begin Bits: [0x0000000012ad0000, 0x00000000142d0000)
 End Bits:   [0x00000000142d0000, 0x0000000015ad0000)

Polling page: 0x0000000000c10000

CodeCache: size=245760Kb used=18824Kb max_used=18824Kb free=226935Kb
 bounds [0x0000000002e00000, 0x0000000004070000, 0x0000000011e00000]
 total_blobs=5752 nmethods=5013 adapters=652
 compilation: enabled

Compilation events (10 events):
Event: 6.800 Thread 0x0000000017b32800 nmethod 5057% 0x000000000406bf50 code [0x000000000406c0e0, 0x000000000406c548]
Event: 6.801 Thread 0x0000000017b32800 5058       3       com.sun.org.apache.xerces.internal.impl.XMLDocumentFragmentScannerImpl::scanContent (171 bytes)
Event: 6.801 Thread 0x0000000017b32800 nmethod 5058 0x000000000406c710 code [0x000000000406c980, 0x000000000406d358]
Event: 6.803 Thread 0x0000000017b32800 5059       3       com.sun.org.apache.xerces.internal.util.AugmentationsImpl$SmallContainer::putItem (92 bytes)
Event: 6.803 Thread 0x0000000017b32800 nmethod 5059 0x000000000406d890 code [0x000000000406da40, 0x000000000406e1a8]
Event: 6.803 Thread 0x0000000017b32800 5060       3       com.sun.org.apache.xerces.internal.util.AugmentationsImpl$SmallContainer::isFull (15 bytes)
Event: 6.803 Thread 0x0000000017b32800 nmethod 5060 0x000000000406e510 code [0x000000000406e660, 0x000000000406e810]
Event: 6.803 Thread 0x0000000017b32800 5061       1       java.util.ServiceLoader::access$400 (5 bytes)
Event: 6.803 Thread 0x0000000017b32800 nmethod 5061 0x000000000406e890 code [0x000000000406e9e0, 0x000000000406ead0]
Event: 6.803 Thread 0x0000000017b32800 5062       1       java.util.ServiceLoader::access$800 (5 bytes)

GC Heap History (10 events):
Event: 2.595 GC heap before
{Heap before GC invocations=7 (full 1):
 PSYoungGen      total 61952K, used 57344K [0x00000000e0000000, 0x00000000e8300000, 0x0000000100000000)
  eden space 57344K, 100% used [0x00000000e0000000,0x00000000e3800000,0x00000000e3800000)
  from space 4608K, 0% used [0x00000000e3800000,0x00000000e3800000,0x00000000e3c80000)
  to   space 9728K, 0% used [0x00000000e7980000,0x00000000e7980000,0x00000000e8300000)
 ParOldGen       total 52736K, used 8271K [0x00000000a0000000, 0x00000000a3380000, 0x00000000e0000000)
  object space 52736K, 15% used [0x00000000a0000000,0x00000000a0813ca8,0x00000000a3380000)
 Metaspace       used 25482K, capacity 25928K, committed 26240K, reserved 1071104K
  class space    used 3553K, capacity 3698K, committed 3712K, reserved 1048576K
Event: 2.602 GC heap after
Heap after GC invocations=7 (full 1):
 PSYoungGen      total 97792K, used 7030K [0x00000000e0000000, 0x00000000e8080000, 0x0000000100000000)
  eden space 90624K, 0% used [0x00000000e0000000,0x00000000e0000000,0x00000000e5880000)
  from space 7168K, 98% used [0x00000000e7980000,0x00000000e805da50,0x00000000e8080000)
  to   space 9216K, 0% used [0x00000000e6e80000,0x00000000e6e80000,0x00000000e7780000)
 ParOldGen       total 52736K, used 8279K [0x00000000a0000000, 0x00000000a3380000, 0x00000000e0000000)
  object space 52736K, 15% used [0x00000000a0000000,0x00000000a0815ca8,0x00000000a3380000)
 Metaspace       used 25482K, capacity 25928K, committed 26240K, reserved 1071104K
  class space    used 3553K, capacity 3698K, committed 3712K, reserved 1048576K
}
Event: 3.879 GC heap before
{Heap before GC invocations=8 (full 1):
 PSYoungGen      total 97792K, used 97654K [0x00000000e0000000, 0x00000000e8080000, 0x0000000100000000)
  eden space 90624K, 100% used [0x00000000e0000000,0x00000000e5880000,0x00000000e5880000)
  from space 7168K, 98% used [0x00000000e7980000,0x00000000e805da50,0x00000000e8080000)
  to   space 9216K, 0% used [0x00000000e6e80000,0x00000000e6e80000,0x00000000e7780000)
 ParOldGen       total 52736K, used 8279K [0x00000000a0000000, 0x00000000a3380000, 0x00000000e0000000)
  object space 52736K, 15% used [0x00000000a0000000,0x00000000a0815ca8,0x00000000a3380000)
 Metaspace       used 31867K, capacity 32474K, committed 32768K, reserved 1077248K
  class space    used 4388K, capacity 4607K, committed 4608K, reserved 1048576K
Event: 3.890 GC heap after
Heap after GC invocations=8 (full 1):
 PSYoungGen      total 122368K, used 9193K [0x00000000e0000000, 0x00000000e9c80000, 0x0000000100000000)
  eden space 113152K, 0% used [0x00000000e0000000,0x00000000e0000000,0x00000000e6e80000)
  from space 9216K, 99% used [0x00000000e6e80000,0x00000000e777a5a8,0x00000000e7780000)
  to   space 10752K, 0% used [0x00000000e9200000,0x00000000e9200000,0x00000000e9c80000)
 ParOldGen       total 52736K, used 8945K [0x00000000a0000000, 0x00000000a3380000, 0x00000000e0000000)
  object space 52736K, 16% used [0x00000000a0000000,0x00000000a08bc690,0x00000000a3380000)
 Metaspace       used 31867K, capacity 32474K, committed 32768K, reserved 1077248K
  class space    used 4388K, capacity 4607K, committed 4608K, reserved 1048576K
}
Event: 4.246 GC heap before
{Heap before GC invocations=9 (full 1):
 PSYoungGen      total 122368K, used 49246K [0x00000000e0000000, 0x00000000e9c80000, 0x0000000100000000)
  eden space 113152K, 35% used [0x00000000e0000000,0x00000000e271d540,0x00000000e6e80000)
  from space 9216K, 99% used [0x00000000e6e80000,0x00000000e777a5a8,0x00000000e7780000)
  to   space 10752K, 0% used [0x00000000e9200000,0x00000000e9200000,0x00000000e9c80000)
 ParOldGen       total 52736K, used 8945K [0x00000000a0000000, 0x00000000a3380000, 0x00000000e0000000)
  object space 52736K, 16% used [0x00000000a0000000,0x00000000a08bc690,0x00000000a3380000)
 Metaspace       used 34733K, capacity 35276K, committed 35456K, reserved 1079296K
  class space    used 4742K, capacity 4944K, committed 4992K, reserved 1048576K
Event: 4.261 GC heap after
Heap after GC invocations=9 (full 1):
 PSYoungGen      total 148992K, used 9592K [0x00000000e0000000, 0x00000000ec280000, 0x0000000100000000)
  eden space 138240K, 0% used [0x00000000e0000000,0x00000000e0000000,0x00000000e8700000)
  from space 10752K, 89% used [0x00000000e9200000,0x00000000e9b5e330,0x00000000e9c80000)
  to   space 11264K, 0% used [0x00000000e8700000,0x00000000e8700000,0x00000000e9200000)
 ParOldGen       total 52736K, used 8953K [0x00000000a0000000, 0x00000000a3380000, 0x00000000e0000000)
  object space 52736K, 16% used [0x00000000a0000000,0x00000000a08be690,0x00000000a3380000)
 Metaspace       used 34733K, capacity 35276K, committed 35456K, reserved 1079296K
  class space    used 4742K, capacity 4944K, committed 4992K, reserved 1048576K
}
Event: 4.261 GC heap before
{Heap before GC invocations=10 (full 2):
 PSYoungGen      total 148992K, used 9592K [0x00000000e0000000, 0x00000000ec280000, 0x0000000100000000)
  eden space 138240K, 0% used [0x00000000e0000000,0x00000000e0000000,0x00000000e8700000)
  from space 10752K, 89% used [0x00000000e9200000,0x00000000e9b5e330,0x00000000e9c80000)
  to   space 11264K, 0% used [0x00000000e8700000,0x00000000e8700000,0x00000000e9200000)
 ParOldGen       total 52736K, used 8953K [0x00000000a0000000, 0x00000000a3380000, 0x00000000e0000000)
  object space 52736K, 16% used [0x00000000a0000000,0x00000000a08be690,0x00000000a3380000)
 Metaspace       used 34733K, capacity 35276K, committed 35456K, reserved 1079296K
  class space    used 4742K, capacity 4944K, committed 4992K, reserved 1048576K
Event: 4.341 GC heap after
Heap after GC invocations=10 (full 2):
 PSYoungGen      total 148992K, used 0K [0x00000000e0000000, 0x00000000ec280000, 0x0000000100000000)
  eden space 138240K, 0% used [0x00000000e0000000,0x00000000e0000000,0x00000000e8700000)
  from space 10752K, 0% used [0x00000000e9200000,0x00000000e9200000,0x00000000e9c80000)
  to   space 11264K, 0% used [0x00000000e8700000,0x00000000e8700000,0x00000000e9200000)
 ParOldGen       total 52736K, used 16225K [0x00000000a0000000, 0x00000000a3380000, 0x00000000e0000000)
  object space 52736K, 30% used [0x00000000a0000000,0x00000000a0fd8570,0x00000000a3380000)
 Metaspace       used 34733K, capacity 35276K, committed 35456K, reserved 1079296K
  class space    used 4742K, capacity 4944K, committed 4992K, reserved 1048576K
}
Event: 5.934 GC heap before
{Heap before GC invocations=11 (full 2):
 PSYoungGen      total 148992K, used 138240K [0x00000000e0000000, 0x00000000ec280000, 0x0000000100000000)
  eden space 138240K, 100% used [0x00000000e0000000,0x00000000e8700000,0x00000000e8700000)
  from space 10752K, 0% used [0x00000000e9200000,0x00000000e9200000,0x00000000e9c80000)
  to   space 11264K, 0% used [0x00000000e8700000,0x00000000e8700000,0x00000000e9200000)
 ParOldGen       total 52736K, used 16225K [0x00000000a0000000, 0x00000000a3380000, 0x00000000e0000000)
  object space 52736K, 30% used [0x00000000a0000000,0x00000000a0fd8570,0x00000000a3380000)
 Metaspace       used 42762K, capacity 43580K, committed 43776K, reserved 1087488K
  class space    used 5861K, capacity 6067K, committed 6144K, reserved 1048576K
Event: 5.947 GC heap after
Heap after GC invocations=11 (full 2):
 PSYoungGen      total 149504K, used 10839K [0x00000000e0000000, 0x00000000ec500000, 0x0000000100000000)
  eden space 138240K, 0% used [0x00000000e0000000,0x00000000e0000000,0x00000000e8700000)
  from space 11264K, 96% used [0x00000000e8700000,0x00000000e9195f40,0x00000000e9200000)
  to   space 12288K, 0% used [0x00000000eb900000,0x00000000eb900000,0x00000000ec500000)
 ParOldGen       total 52736K, used 16233K [0x00000000a0000000, 0x00000000a3380000, 0x00000000e0000000)
  object space 52736K, 30% used [0x00000000a0000000,0x00000000a0fda570,0x00000000a3380000)
 Metaspace       used 42762K, capacity 43580K, committed 43776K, reserved 1087488K
  class space    used 5861K, capacity 6067K, committed 6144K, reserved 1048576K
}

Deoptimization events (10 events):
Event: 5.649 Thread 0x00000000192c0000 Uncommon trap: reason=bimorphic action=maybe_recompile pc=0x00000000038f11fc method=java.util.AbstractList$Itr.next()Ljava/lang/Object; @ 14
Event: 5.699 Thread 0x00000000192c0000 Uncommon trap: reason=class_check action=maybe_recompile pc=0x00000000033902a0 method=java.io.DataInputStream.readUnsignedShort()I @ 4
Event: 5.699 Thread 0x00000000192c0000 Uncommon trap: reason=class_check action=maybe_recompile pc=0x00000000033902a0 method=java.io.DataInputStream.readUnsignedShort()I @ 4
Event: 5.699 Thread 0x00000000192c0000 Uncommon trap: reason=class_check action=maybe_recompile pc=0x00000000033902a0 method=java.io.DataInputStream.readUnsignedShort()I @ 4
Event: 5.699 Thread 0x00000000192c0000 Uncommon trap: reason=class_check action=maybe_recompile pc=0x00000000033902a0 method=java.io.DataInputStream.readUnsignedShort()I @ 4
Event: 5.772 Thread 0x00000000192c0000 Uncommon trap: reason=unstable_if action=reinterpret pc=0x000000000387da08 method=com.sun.org.apache.xerces.internal.impl.XMLEntityScanner.scanLiteral(ILcom/sun/org/apache/xerces/internal/xni/XMLString;Z)I @ 660
Event: 5.838 Thread 0x00000000192c0000 Uncommon trap: reason=unstable_if action=reinterpret pc=0x0000000003998148 method=java.lang.CharacterDataLatin1.digit(II)I @ 31
Event: 5.847 Thread 0x00000000192c0000 Uncommon trap: reason=unstable_if action=reinterpret pc=0x00000000037ec468 method=java.lang.CharacterDataLatin1.digit(II)I @ 31
Event: 5.878 Thread 0x00000000192c0000 Uncommon trap: reason=unstable_if action=reinterpret pc=0x0000000003e8f188 method=java.util.regex.Pattern$NotBehind.match(Ljava/util/regex/Matcher;ILjava/lang/CharSequence;)Z @ 128
Event: 5.951 Thread 0x00000000192c0000 Uncommon trap: reason=null_check action=make_not_entrant pc=0x0000000003d77550 method=java.lang.ThreadLocal$ThreadLocalMap.getEntryAfterMiss(Ljava/lang/ThreadLocal;ILjava/lang/ThreadLocal$ThreadLocalMap$Entry;)Ljava/lang/ThreadLocal$ThreadLocalMap$Entry; 

Classes redefined (0 events):
No events

Internal exceptions (10 events):
Event: 6.647 Thread 0x00000000192c0000 Exception <a 'sun/nio/fs/WindowsException'> (0x00000000e39064c0) thrown at [C:\re\workspace\8-2-build-windows-amd64-cygwin\jdk8u161\10277\hotspot\src\share\vm\prims\jni.cpp, line 709]
Event: 6.647 Thread 0x00000000192c0000 Exception <a 'sun/nio/fs/WindowsException'> (0x00000000e3907028) thrown at [C:\re\workspace\8-2-build-windows-amd64-cygwin\jdk8u161\10277\hotspot\src\share\vm\prims\jni.cpp, line 709]
Event: 6.647 Thread 0x00000000192c0000 Exception <a 'sun/nio/fs/WindowsException'> (0x00000000e3909860) thrown at [C:\re\workspace\8-2-build-windows-amd64-cygwin\jdk8u161\10277\hotspot\src\share\vm\prims\jni.cpp, line 709]
Event: 6.647 Thread 0x00000000192c0000 Exception <a 'sun/nio/fs/WindowsException'> (0x00000000e390a3e0) thrown at [C:\re\workspace\8-2-build-windows-amd64-cygwin\jdk8u161\10277\hotspot\src\share\vm\prims\jni.cpp, line 709]
Event: 6.647 Thread 0x00000000192c0000 Exception <a 'sun/nio/fs/WindowsException'> (0x00000000e390bfa8) thrown at [C:\re\workspace\8-2-build-windows-amd64-cygwin\jdk8u161\10277\hotspot\src\share\vm\prims\jni.cpp, line 709]
Event: 6.648 Thread 0x00000000192c0000 Exception <a 'sun/nio/fs/WindowsException'> (0x00000000e390cb60) thrown at [C:\re\workspace\8-2-build-windows-amd64-cygwin\jdk8u161\10277\hotspot\src\share\vm\prims\jni.cpp, line 709]
Event: 6.648 Thread 0x00000000192c0000 Exception <a 'sun/nio/fs/WindowsException'> (0x00000000e390fab0) thrown at [C:\re\workspace\8-2-build-windows-amd64-cygwin\jdk8u161\10277\hotspot\src\share\vm\prims\jni.cpp, line 709]
Event: 6.648 Thread 0x00000000192c0000 Exception <a 'sun/nio/fs/WindowsException'> (0x00000000e3910518) thrown at [C:\re\workspace\8-2-build-windows-amd64-cygwin\jdk8u161\10277\hotspot\src\share\vm\prims\jni.cpp, line 709]
Event: 6.648 Thread 0x00000000192c0000 Exception <a 'sun/nio/fs/WindowsException'> (0x00000000e3911fc8) thrown at [C:\re\workspace\8-2-build-windows-amd64-cygwin\jdk8u161\10277\hotspot\src\share\vm\prims\jni.cpp, line 709]
Event: 6.648 Thread 0x00000000192c0000 Exception <a 'sun/nio/fs/WindowsException'> (0x00000000e3912a68) thrown at [C:\re\workspace\8-2-build-windows-amd64-cygwin\jdk8u161\10277\hotspot\src\share\vm\prims\jni.cpp, line 709]

Events (10 events):
Event: 6.093 loading class com/android/repository/impl/meta/RepositoryPackages
Event: 6.093 loading class com/android/repository/impl/meta/RepositoryPackages done
Event: 6.094 loading class com/android/repository/impl/meta/RepositoryPackages
Event: 6.094 loading class com/android/repository/impl/meta/RepositoryPackages done
Event: 6.094 loading class com/android/sdklib/repository/AndroidSdkHandler
Event: 6.094 loading class com/android/sdklib/repository/AndroidSdkHandler done
Event: 6.094 loading class com/android/repository/api/RepoManager$RepoLoadedCallback
Event: 6.094 loading class com/android/repository/api/RepoManager$RepoLoadedCallback done
Event: 6.094 loading class java/nio/file/attribute/FileTime
Event: 6.094 loading class java/nio/file/attribute/FileTime done


Dynamic libraries:
0x00007ff6b8990000 - 0x00007ff6b89c7000 	D:\2.develop_tools\JAVA\JDK\bin\java.exe
0x00007ffc5b970000 - 0x00007ffc5bb41000 	C:\Windows\SYSTEM32\ntdll.dll
0x00007ffc5b560000 - 0x00007ffc5b60b000 	C:\Windows\System32\KERNEL32.DLL
0x00007ffc58410000 - 0x00007ffc5862d000 	C:\Windows\System32\KERNELBASE.dll
0x00007ffc5b4b0000 - 0x00007ffc5b552000 	C:\Windows\System32\ADVAPI32.dll
0x00007ffc5b410000 - 0x00007ffc5b4ae000 	C:\Windows\System32\msvcrt.dll
0x00007ffc5ac60000 - 0x00007ffc5acb9000 	C:\Windows\System32\sechost.dll
0x00007ffc5b740000 - 0x00007ffc5b861000 	C:\Windows\System32\RPCRT4.dll
0x00007ffc59310000 - 0x00007ffc59475000 	C:\Windows\System32\USER32.dll
0x00007ffc57f10000 - 0x00007ffc57f2e000 	C:\Windows\System32\win32u.dll
0x00007ffc59070000 - 0x00007ffc590a4000 	C:\Windows\System32\GDI32.dll
0x00007ffc58630000 - 0x00007ffc587b2000 	C:\Windows\System32\gdi32full.dll
0x00007ffc4d430000 - 0x00007ffc4d6aa000 	C:\Windows\WinSxS\amd64_microsoft.windows.common-controls_6595b64144ccf1df_6.0.14393.953_none_42151e83c686086b\COMCTL32.dll
0x00007ffc5a990000 - 0x00007ffc5ac58000 	C:\Windows\System32\combase.dll
0x00007ffc58310000 - 0x00007ffc58405000 	C:\Windows\System32\ucrtbase.dll
0x00007ffc582a0000 - 0x00007ffc5830a000 	C:\Windows\System32\bcryptPrimitives.dll
0x00007ffc58f00000 - 0x00007ffc58f2e000 	C:\Windows\System32\IMM32.DLL
0x00000000629d0000 - 0x0000000062aa2000 	D:\2.develop_tools\JAVA\JDK\jre\bin\msvcr100.dll
0x0000000062130000 - 0x00000000629cf000 	D:\2.develop_tools\JAVA\JDK\jre\bin\server\jvm.dll
0x00007ffc5acf0000 - 0x00007ffc5acf8000 	C:\Windows\System32\PSAPI.DLL
0x00007ffc56280000 - 0x00007ffc562a3000 	C:\Windows\SYSTEM32\WINMM.dll
0x00007ffc535f0000 - 0x00007ffc535fa000 	C:\Windows\SYSTEM32\VERSION.dll
0x00007ffc49080000 - 0x00007ffc49089000 	C:\Windows\SYSTEM32\WSOCK32.dll
0x00007ffc5ae60000 - 0x00007ffc5aeca000 	C:\Windows\System32\WS2_32.dll
0x00007ffc561f0000 - 0x00007ffc5621b000 	C:\Windows\SYSTEM32\WINMMBASE.dll
0x00007ffc57fd0000 - 0x00007ffc58012000 	C:\Windows\System32\cfgmgr32.dll
0x0000000062120000 - 0x000000006212f000 	D:\2.develop_tools\JAVA\JDK\jre\bin\verify.dll
0x00000000620f0000 - 0x0000000062119000 	D:\2.develop_tools\JAVA\JDK\jre\bin\java.dll
0x00000000620d0000 - 0x00000000620e6000 	D:\2.develop_tools\JAVA\JDK\jre\bin\zip.dll
0x00007ffc59480000 - 0x00007ffc5a989000 	C:\Windows\System32\SHELL32.dll
0x00007ffc58820000 - 0x00007ffc58efa000 	C:\Windows\System32\windows.storage.dll
0x00007ffc57e00000 - 0x00007ffc57e4c000 	C:\Windows\System32\powrprof.dll
0x00007ffc590b0000 - 0x00007ffc59102000 	C:\Windows\System32\shlwapi.dll
0x00007ffc57e50000 - 0x00007ffc57e5f000 	C:\Windows\System32\kernel.appcore.dll
0x00007ffc57e60000 - 0x00007ffc57f09000 	C:\Windows\System32\shcore.dll
0x00007ffc57dd0000 - 0x00007ffc57de4000 	C:\Windows\System32\profapi.dll
0x00000000620b0000 - 0x00000000620ca000 	D:\2.develop_tools\JAVA\JDK\jre\bin\net.dll
0x00007ffc576a0000 - 0x00007ffc576fc000 	C:\Windows\system32\mswsock.dll
0x0000000062090000 - 0x00000000620a1000 	D:\2.develop_tools\JAVA\JDK\jre\bin\nio.dll
0x00007ffc4b9c0000 - 0x00007ffc4b9de000 	C:\Users\Administrator\.gradle\native\23\windows-amd64\native-platform.dll
0x00007ffc57840000 - 0x00007ffc57857000 	C:\Windows\SYSTEM32\CRYPTSP.dll
0x00007ffc572a0000 - 0x00007ffc572d3000 	C:\Windows\system32\rsaenh.dll
0x00007ffc57d10000 - 0x00007ffc57d3b000 	C:\Windows\SYSTEM32\bcrypt.dll
0x00007ffc57520000 - 0x00007ffc5753f000 	C:\Windows\SYSTEM32\USERENV.dll
0x00007ffc57860000 - 0x00007ffc5786b000 	C:\Windows\SYSTEM32\CRYPTBASE.dll
0x00007ffc57420000 - 0x00007ffc57458000 	C:\Windows\SYSTEM32\IPHLPAPI.DLL
0x00007ffc5afd0000 - 0x00007ffc5afd8000 	C:\Windows\System32\NSI.dll
0x00007ffc53ff0000 - 0x00007ffc54006000 	C:\Windows\SYSTEM32\dhcpcsvc6.DLL
0x00007ffc538b0000 - 0x00007ffc538ca000 	C:\Windows\SYSTEM32\dhcpcsvc.DLL
0x0000000062080000 - 0x000000006208d000 	D:\2.develop_tools\JAVA\JDK\jre\bin\management.dll

VM Arguments:
jvm_args: -Xmx1536m -Dfile.encoding=GBK -Duser.country=CN -Duser.language=zh -Duser.variant 
java_command: org.gradle.launcher.daemon.bootstrap.GradleDaemon 3.3
java_class_path (initial): C:\Users\Administrator\.gradle\wrapper\dists\gradle-3.3-all\55gk2rcmfc6p2dg9u9ohc3hw9\gradle-3.3\lib\gradle-launcher-3.3.jar
Launcher Type: SUN_STANDARD

Environment Variables:
JAVA_HOME=D:\2.develop_tools\JAVA\JDK
PATH=C:\Windows\system32;C:\Windows;C:\Windows\System32\Wbem;C:\Windows\System32\WindowsPowerShell\v1.0\;C:\Windows\system32\config\systemprofile\.dnx\bin;C:\Program Files\Microsoft DNX\Dnvm\;C:\Program Files\Microsoft SQL Server\130\Tools\Binn\;D:\2.develop_tools\JAVA\JDK\bin;D:\2.develop_tools\JAVA\JDK\jre\bin;E:\Program Files (x86)\Microsoft SQL Server\100\Tools\Binn\;E:\Program Files\Microsoft SQL Server\100\Tools\Binn\;E:\Program Files\Microsoft SQL Server\100\DTS\Binn\;E:\Program Files (x86)\Microsoft SQL Server\100\Tools\Binn\VSShell\Common7\IDE\;C:\Program Files (x86)\Microsoft Visual Studio 9.0\Common7\IDE\PrivateAssemblies\;E:\Program Files (x86)\Microsoft SQL Server\100\DTS\Binn\;C:\Users\Administrator\AppData\Local\Microsoft\WindowsApps;
USERNAME=Administrator
OS=Windows_NT
PROCESSOR_IDENTIFIER=AMD64 Family 23 Model 17 Stepping 0, AuthenticAMD



---------------  S Y S T E M  ---------------

OS: Windows 10.0 , 64 bit Build 14393 (10.0.14393.0)

CPU:total 4 (initial active 4) (4 cores per cpu, 1 threads per core) family 23 model 17 stepping 0, cmov, cx8, fxsr, mmx, sse, sse2, sse3, ssse3, sse4.1, sse4.2, popcnt, avx, avx2, aes, clmul, mmxext, 3dnowpref, lzcnt, sse4a, tsc, tscinvbit, tscinv, bmi1

Memory: 4k page, physical 7287484k(1959872k free), swap 8860348k(4292k free)

vm_info: Java HotSpot(TM) 64-Bit Server VM (25.161-b12) for windows-amd64 JRE (1.8.0_161-b12), built on Dec 19 2017 17:52:25 by "java_re" with MS VC++ 10.0 (VS2010)

time: Mon Mar 26 09:08:01 2018
elapsed time: 6 seconds (0d 0h 0m 6s)

