#
# There is insufficient memory for the Java Runtime Environment to continue.
# Native memory allocation (malloc) failed to allocate 1062576 bytes for Chunk::new
# Possible reasons:
#   The system is out of physical RAM or swap space
#   In 32 bit mode, the process size limit was hit
# Possible solutions:
#   Reduce memory load on the system
#   Increase physical memory or swap space
#   Check if swap backing store is full
#   Use 64 bit Java on a 64 bit OS
#   Decrease Java heap size (-Xmx/-Xms)
#   Decrease number of Java threads
#   Decrease Java thread stack sizes (-Xss)
#   Set larger code cache with -XX:ReservedCodeCacheSize=
# This output file may be truncated or incomplete.
#
#  Out of Memory Error (allocation.cpp:390), pid=9236, tid=0x0000000000002900
#
# JRE version: Java(TM) SE Runtime Environment (8.0_161-b12) (build 1.8.0_161-b12)
# Java VM: Java HotSpot(TM) 64-Bit Server VM (25.161-b12 mixed mode windows-amd64 compressed oops)
# Failed to write core dump. Minidumps are not enabled by default on client versions of Windows
#

---------------  T H R E A D  ---------------

Current thread (0x0000000016a3c000):  JavaThread "C2 CompilerThread0" daemon [_thread_in_native, id=10496, stack(0x0000000018330000,0x0000000018430000)]

Stack: [0x0000000018330000,0x0000000018430000]
[error occurred during error reporting (printing stack bounds), id 0xc0000005]

Native frames: (J=compiled Java code, j=interpreted, Vv=VM code, C=native code)


Current CompileTask:
C2:   7377 5511       4       java.net.URLClassLoader$1::run (5 bytes)


---------------  P R O C E S S  ---------------

Java Threads: ( => current thread )
  0x0000000019cd5800 JavaThread "File lock request listener" [_thread_in_native, id=12436, stack(0x000000001d040000,0x000000001d140000)]
  0x0000000019574800 JavaThread "Stdin handler" [_thread_blocked, id=11804, stack(0x000000001aba0000,0x000000001aca0000)]
  0x0000000019564000 JavaThread "Asynchronous log dispatcher for DefaultDaemonConnection: socket connection from /127.0.0.1:57160 to /127.0.0.1:57161" [_thread_blocked, id=9460, stack(0x000000001aaa0000,0x000000001aba0000)]
  0x0000000019560000 JavaThread "Daemon worker" [_thread_in_native, id=11600, stack(0x000000001a9a0000,0x000000001aaa0000)]
  0x00000000198e4000 JavaThread "Cancel handler" [_thread_blocked, id=10328, stack(0x000000001a8a0000,0x000000001a9a0000)]
  0x00000000193f5800 JavaThread "Handler for socket connection from /127.0.0.1:57160 to /127.0.0.1:57161" [_thread_in_native, id=8944, stack(0x000000001a7a0000,0x000000001a8a0000)]
  0x00000000193f5000 JavaThread "Daemon" [_thread_blocked, id=5188, stack(0x000000001a6a0000,0x000000001a7a0000)]
  0x00000000194f0000 JavaThread "Incoming local TCP Connector on port 57160" [_thread_in_native, id=10376, stack(0x000000001a300000,0x000000001a400000)]
  0x0000000019362800 JavaThread "pool-1-thread-1" [_thread_blocked, id=7844, stack(0x000000001a000000,0x000000001a100000)]
  0x0000000017db9800 JavaThread "Service Thread" daemon [_thread_blocked, id=11072, stack(0x0000000018630000,0x0000000018730000)]
  0x0000000017d46000 JavaThread "C1 CompilerThread2" daemon [_thread_blocked, id=1224, stack(0x0000000018530000,0x0000000018630000)]
  0x0000000017d40800 JavaThread "C2 CompilerThread1" daemon [_thread_in_native, id=9776, stack(0x0000000018430000,0x0000000018530000)]
=>0x0000000016a3c000 JavaThread "C2 CompilerThread0" daemon [_thread_in_native, id=10496, stack(0x0000000018330000,0x0000000018430000)]
  0x00000000169d8800 JavaThread "Attach Listener" daemon [_thread_blocked, id=10464, stack(0x0000000018230000,0x0000000018330000)]
  0x0000000017d38800 JavaThread "Signal Dispatcher" daemon [_thread_blocked, id=5376, stack(0x0000000018130000,0x0000000018230000)]
  0x000000000306b800 JavaThread "Finalizer" daemon [_thread_blocked, id=416, stack(0x0000000017c30000,0x0000000017d30000)]
  0x00000000169a9000 JavaThread "Reference Handler" daemon [_thread_blocked, id=7076, stack(0x0000000017b30000,0x0000000017c30000)]
  0x0000000002f6e000 JavaThread "main" [_thread_blocked, id=4364, stack(0x0000000002d90000,0x0000000002e90000)]

Other Threads:
  0x00000000169a8000 VMThread [stack: 0x0000000017a30000,0x0000000017b30000] [id=10440]
  0x0000000017dba000 WatcherThread [stack: 0x0000000018730000,0x0000000018830000] [id=10724]

VM state:not at safepoint (normal execution)

VM Mutex/Monitor currently owned by a thread: None

Heap:
 PSYoungGen      total 189440K, used 26030K [0x00000000e0000000, 0x00000000eca00000, 0x0000000100000000)
  eden space 177152K, 7% used [0x00000000e0000000,0x00000000e0d6f690,0x00000000ead00000)
  from space 12288K, 99% used [0x00000000ebb80000,0x00000000ec77c270,0x00000000ec780000)
  to   space 14848K, 0% used [0x00000000ead00000,0x00000000ead00000,0x00000000ebb80000)
 ParOldGen       total 53248K, used 18865K [0x00000000a0000000, 0x00000000a3400000, 0x00000000e0000000)
  object space 53248K, 35% used [0x00000000a0000000,0x00000000a126c698,0x00000000a3400000)
 Metaspace       used 46508K, capacity 47558K, committed 47744K, reserved 1089536K
  class space    used 6335K, capacity 6664K, committed 6784K, reserved 1048576K

Card table byte_map: [0x0000000012430000,0x0000000012740000] byte_map_base: 0x0000000011f30000

Marking Bits: (ParMarkBitMap*) 0x000000006294f860
 Begin Bits: [0x0000000012d40000, 0x0000000014540000)
 End Bits:   [0x0000000014540000, 0x0000000015d40000)

Polling page: 0x0000000001280000

CodeCache: size=245760Kb used=17371Kb max_used=19294Kb free=228388Kb
 bounds [0x0000000003070000, 0x0000000004360000, 0x0000000012070000]
 total_blobs=5683 nmethods=4932 adapters=664
 compilation: enabled

Compilation events (10 events):
Event: 7.315 Thread 0x0000000017d40800 nmethod 5512 0x0000000003518e90 code [0x0000000003519040, 0x000000000351a4b8]
Event: 7.315 Thread 0x0000000017d40800 5516       4       java.lang.Character::isWhitespace (5 bytes)
Event: 7.317 Thread 0x0000000017d40800 nmethod 5516 0x0000000003226590 code [0x00000000032267c0, 0x0000000003226998]
Event: 7.317 Thread 0x0000000017d40800 5517       4       java.lang.Character::isWhitespace (9 bytes)
Event: 7.318 Thread 0x0000000017d40800 nmethod 5517 0x0000000003490910 code [0x0000000003490b40, 0x0000000003490d18]
Event: 7.319 Thread 0x0000000017d40800 5513       4       java.util.zip.ZipFile$ZipFileInflaterInputStream::finalize (5 bytes)
Event: 7.319 Thread 0x0000000017d40800 nmethod 5513 0x00000000035273d0 code [0x0000000003527520, 0x00000000035275a8]
Event: 7.320 Thread 0x0000000017d40800 5518       4       java.net.URLStreamHandler::equals (45 bytes)
Event: 7.355 Thread 0x0000000017d40800 nmethod 5518 0x0000000003a61f90 code [0x0000000003a62220, 0x0000000003a642c8]
Event: 7.356 Thread 0x0000000017d40800 5519       4       java.net.URLStreamHandler::sameFile (136 bytes)

GC Heap History (10 events):
Event: 3.844 GC heap before
{Heap before GC invocations=8 (full 1):
 PSYoungGen      total 97792K, used 97705K [0x00000000e0000000, 0x00000000e8080000, 0x0000000100000000)
  eden space 90624K, 100% used [0x00000000e0000000,0x00000000e5880000,0x00000000e5880000)
  from space 7168K, 98% used [0x00000000e7980000,0x00000000e806a4b0,0x00000000e8080000)
  to   space 9728K, 0% used [0x00000000e6d80000,0x00000000e6d80000,0x00000000e7700000)
 ParOldGen       total 53248K, used 8285K [0x00000000a0000000, 0x00000000a3400000, 0x00000000e0000000)
  object space 53248K, 15% used [0x00000000a0000000,0x00000000a0817490,0x00000000a3400000)
 Metaspace       used 31498K, capacity 32116K, committed 32512K, reserved 1077248K
  class space    used 4338K, capacity 4508K, committed 4608K, reserved 1048576K
Event: 3.859 GC heap after
Heap after GC invocations=8 (full 1):
 PSYoungGen      total 121856K, used 9632K [0x00000000e0000000, 0x00000000e9d80000, 0x0000000100000000)
  eden space 112128K, 0% used [0x00000000e0000000,0x00000000e0000000,0x00000000e6d80000)
  from space 9728K, 99% used [0x00000000e6d80000,0x00000000e76e8328,0x00000000e7700000)
  to   space 10752K, 0% used [0x00000000e9300000,0x00000000e9300000,0x00000000e9d80000)
 ParOldGen       total 53248K, used 8365K [0x00000000a0000000, 0x00000000a3400000, 0x00000000e0000000)
  object space 53248K, 15% used [0x00000000a0000000,0x00000000a082b4a0,0x00000000a3400000)
 Metaspace       used 31498K, capacity 32116K, committed 32512K, reserved 1077248K
  class space    used 4338K, capacity 4508K, committed 4608K, reserved 1048576K
}
Event: 4.160 GC heap before
{Heap before GC invocations=9 (full 1):
 PSYoungGen      total 121856K, used 37564K [0x00000000e0000000, 0x00000000e9d80000, 0x0000000100000000)
  eden space 112128K, 24% used [0x00000000e0000000,0x00000000e1b47078,0x00000000e6d80000)
  from space 9728K, 99% used [0x00000000e6d80000,0x00000000e76e8328,0x00000000e7700000)
  to   space 10752K, 0% used [0x00000000e9300000,0x00000000e9300000,0x00000000e9d80000)
 ParOldGen       total 53248K, used 8365K [0x00000000a0000000, 0x00000000a3400000, 0x00000000e0000000)
  object space 53248K, 15% used [0x00000000a0000000,0x00000000a082b4a0,0x00000000a3400000)
 Metaspace       used 34590K, capacity 35276K, committed 35456K, reserved 1079296K
  class space    used 4729K, capacity 4944K, committed 4992K, reserved 1048576K
Event: 4.169 GC heap after
Heap after GC invocations=9 (full 1):
 PSYoungGen      total 150016K, used 9089K [0x00000000e0000000, 0x00000000ec080000, 0x0000000100000000)
  eden space 139264K, 0% used [0x00000000e0000000,0x00000000e0000000,0x00000000e8800000)
  from space 10752K, 84% used [0x00000000e9300000,0x00000000e9be0788,0x00000000e9d80000)
  to   space 11264K, 0% used [0x00000000e8800000,0x00000000e8800000,0x00000000e9300000)
 ParOldGen       total 53248K, used 8373K [0x00000000a0000000, 0x00000000a3400000, 0x00000000e0000000)
  object space 53248K, 15% used [0x00000000a0000000,0x00000000a082d4a0,0x00000000a3400000)
 Metaspace       used 34590K, capacity 35276K, committed 35456K, reserved 1079296K
  class space    used 4729K, capacity 4944K, committed 4992K, reserved 1048576K
}
Event: 4.169 GC heap before
{Heap before GC invocations=10 (full 2):
 PSYoungGen      total 150016K, used 9089K [0x00000000e0000000, 0x00000000ec080000, 0x0000000100000000)
  eden space 139264K, 0% used [0x00000000e0000000,0x00000000e0000000,0x00000000e8800000)
  from space 10752K, 84% used [0x00000000e9300000,0x00000000e9be0788,0x00000000e9d80000)
  to   space 11264K, 0% used [0x00000000e8800000,0x00000000e8800000,0x00000000e9300000)
 ParOldGen       total 53248K, used 8373K [0x00000000a0000000, 0x00000000a3400000, 0x00000000e0000000)
  object space 53248K, 15% used [0x00000000a0000000,0x00000000a082d4a0,0x00000000a3400000)
 Metaspace       used 34590K, capacity 35276K, committed 35456K, reserved 1079296K
  class space    used 4729K, capacity 4944K, committed 4992K, reserved 1048576K
Event: 4.226 GC heap after
Heap after GC invocations=10 (full 2):
 PSYoungGen      total 150016K, used 0K [0x00000000e0000000, 0x00000000ec080000, 0x0000000100000000)
  eden space 139264K, 0% used [0x00000000e0000000,0x00000000e0000000,0x00000000e8800000)
  from space 10752K, 0% used [0x00000000e9300000,0x00000000e9300000,0x00000000e9d80000)
  to   space 11264K, 0% used [0x00000000e8800000,0x00000000e8800000,0x00000000e9300000)
 ParOldGen       total 53248K, used 15760K [0x00000000a0000000, 0x00000000a3400000, 0x00000000e0000000)
  object space 53248K, 29% used [0x00000000a0000000,0x00000000a0f641f8,0x00000000a3400000)
 Metaspace       used 34590K, capacity 35276K, committed 35456K, reserved 1079296K
  class space    used 4729K, capacity 4944K, committed 4992K, reserved 1048576K
}
Event: 5.798 GC heap before
{Heap before GC invocations=11 (full 2):
 PSYoungGen      total 150016K, used 139264K [0x00000000e0000000, 0x00000000ec080000, 0x0000000100000000)
  eden space 139264K, 100% used [0x00000000e0000000,0x00000000e8800000,0x00000000e8800000)
  from space 10752K, 0% used [0x00000000e9300000,0x00000000e9300000,0x00000000e9d80000)
  to   space 11264K, 0% used [0x00000000e8800000,0x00000000e8800000,0x00000000e9300000)
 ParOldGen       total 53248K, used 15760K [0x00000000a0000000, 0x00000000a3400000, 0x00000000e0000000)
  object space 53248K, 29% used [0x00000000a0000000,0x00000000a0f641f8,0x00000000a3400000)
 Metaspace       used 42697K, capacity 43510K, committed 43776K, reserved 1087488K
  class space    used 5855K, capacity 6066K, committed 6144K, reserved 1048576K
Event: 5.810 GC heap after
Heap after GC invocations=11 (full 2):
 PSYoungGen      total 150528K, used 10920K [0x00000000e0000000, 0x00000000ec780000, 0x0000000100000000)
  eden space 139264K, 0% used [0x00000000e0000000,0x00000000e0000000,0x00000000e8800000)
  from space 11264K, 96% used [0x00000000e8800000,0x00000000e92aa288,0x00000000e9300000)
  to   space 12288K, 0% used [0x00000000ebb80000,0x00000000ebb80000,0x00000000ec780000)
 ParOldGen       total 53248K, used 15768K [0x00000000a0000000, 0x00000000a3400000, 0x00000000e0000000)
  object space 53248K, 29% used [0x00000000a0000000,0x00000000a0f661f8,0x00000000a3400000)
 Metaspace       used 42697K, capacity 43510K, committed 43776K, reserved 1087488K
  class space    used 5855K, capacity 6066K, committed 6144K, reserved 1048576K
}
Event: 7.266 GC heap before
{Heap before GC invocations=12 (full 2):
 PSYoungGen      total 150528K, used 150184K [0x00000000e0000000, 0x00000000ec780000, 0x0000000100000000)
  eden space 139264K, 100% used [0x00000000e0000000,0x00000000e8800000,0x00000000e8800000)
  from space 11264K, 96% used [0x00000000e8800000,0x00000000e92aa288,0x00000000e9300000)
  to   space 12288K, 0% used [0x00000000ebb80000,0x00000000ebb80000,0x00000000ec780000)
 ParOldGen       total 53248K, used 15768K [0x00000000a0000000, 0x00000000a3400000, 0x00000000e0000000)
  object space 53248K, 29% used [0x00000000a0000000,0x00000000a0f661f8,0x00000000a3400000)
 Metaspace       used 45996K, capacity 47014K, committed 47360K, reserved 1089536K
  class space    used 6261K, capacity 6568K, committed 6656K, reserved 1048576K
Event: 7.283 GC heap after
Heap after GC invocations=12 (full 2):
 PSYoungGen      total 189440K, used 12272K [0x00000000e0000000, 0x00000000eca00000, 0x0000000100000000)
  eden space 177152K, 0% used [0x00000000e0000000,0x00000000e0000000,0x00000000ead00000)
  from space 12288K, 99% used [0x00000000ebb80000,0x00000000ec77c270,0x00000000ec780000)
  to   space 14848K, 0% used [0x00000000ead00000,0x00000000ead00000,0x00000000ebb80000)
 ParOldGen       total 53248K, used 18865K [0x00000000a0000000, 0x00000000a3400000, 0x00000000e0000000)
  object space 53248K, 35% used [0x00000000a0000000,0x00000000a126c698,0x00000000a3400000)
 Metaspace       used 45996K, capacity 47014K, committed 47360K, reserved 1089536K
  class space    used 6261K, capacity 6568K, committed 6656K, reserved 1048576K
}

Deoptimization events (10 events):
Event: 7.078 Thread 0x0000000019560000 Uncommon trap: reason=bimorphic action=maybe_recompile pc=0x0000000003b9bdd8 method=java.security.MessageDigest$Delegate.engineUpdate([BII)V @ 7
Event: 7.078 Thread 0x0000000019560000 Uncommon trap: reason=unstable_if action=reinterpret pc=0x0000000003481d30 method=java.lang.String.regionMatches(ZILjava/lang/String;II)Z @ 123
Event: 7.078 Thread 0x0000000019560000 Uncommon trap: reason=unstable_if action=reinterpret pc=0x00000000038659f4 method=java.lang.String.regionMatches(ZILjava/lang/String;II)Z @ 123
Event: 7.080 Thread 0x0000000019560000 Uncommon trap: reason=unstable_if action=reinterpret pc=0x00000000042bea10 method=java.io.ByteArrayInputStream.read()I @ 8
Event: 7.137 Thread 0x0000000019560000 Uncommon trap: reason=unstable_if action=reinterpret pc=0x000000000386833c method=java.util.jar.JarFile.maybeInstantiateVerifier()V @ 75
Event: 7.140 Thread 0x0000000019560000 Uncommon trap: reason=null_check action=make_not_entrant pc=0x00000000039088b8 method=java.net.URL.getURLStreamHandler(Ljava/lang/String;)Ljava/net/URLStreamHandler; @ 7
Event: 7.193 Thread 0x0000000019560000 Uncommon trap: reason=unstable_if action=reinterpret pc=0x000000000351f788 method=sun.nio.cs.UTF_8$Decoder.decodeArrayLoop(Ljava/nio/ByteBuffer;Ljava/nio/CharBuffer;)Ljava/nio/charset/CoderResult; @ 84
Event: 7.194 Thread 0x0000000019560000 Uncommon trap: reason=unstable_if action=reinterpret pc=0x000000000319a740 method=java.lang.CharacterData.of(I)Ljava/lang/CharacterData; @ 4
Event: 7.210 Thread 0x0000000019560000 Uncommon trap: reason=unstable_if action=reinterpret pc=0x0000000003844110 method=java.util.concurrent.ConcurrentHashMap.putVal(Ljava/lang/Object;Ljava/lang/Object;Z)Ljava/lang/Object; @ 195
Event: 7.312 Thread 0x0000000019560000 Uncommon trap: reason=unstable_if action=reinterpret pc=0x0000000003a5239c method=java.net.URI$Parser.scan(IILjava/lang/String;Ljava/lang/String;)I @ 23

Classes redefined (0 events):
No events

Internal exceptions (10 events):
Event: 6.605 Thread 0x0000000019560000 Exception <a 'sun/nio/fs/WindowsException'> (0x00000000e43560a0) thrown at [C:\re\workspace\8-2-build-windows-amd64-cygwin\jdk8u161\10277\hotspot\src\share\vm\prims\jni.cpp, line 709]
Event: 6.605 Thread 0x0000000019560000 Exception <a 'sun/nio/fs/WindowsException'> (0x00000000e4358ff0) thrown at [C:\re\workspace\8-2-build-windows-amd64-cygwin\jdk8u161\10277\hotspot\src\share\vm\prims\jni.cpp, line 709]
Event: 6.605 Thread 0x0000000019560000 Exception <a 'sun/nio/fs/WindowsException'> (0x00000000e4359a58) thrown at [C:\re\workspace\8-2-build-windows-amd64-cygwin\jdk8u161\10277\hotspot\src\share\vm\prims\jni.cpp, line 709]
Event: 6.605 Thread 0x0000000019560000 Exception <a 'sun/nio/fs/WindowsException'> (0x00000000e435b508) thrown at [C:\re\workspace\8-2-build-windows-amd64-cygwin\jdk8u161\10277\hotspot\src\share\vm\prims\jni.cpp, line 709]
Event: 6.605 Thread 0x0000000019560000 Exception <a 'sun/nio/fs/WindowsException'> (0x00000000e435bfa8) thrown at [C:\re\workspace\8-2-build-windows-amd64-cygwin\jdk8u161\10277\hotspot\src\share\vm\prims\jni.cpp, line 709]
Event: 6.779 Thread 0x0000000019560000 Exception <a 'java/lang/NoSuchMethodError': java.lang.Object.lambda$comparing$77a9974f$1(Ljava/util/function/Function;Ljava/lang/Object;Ljava/lang/Object;)I> (0x00000000e68872e8) thrown at [C:\re\workspace\8-2-build-windows-amd64-cygwin\jdk8u161\10277\hot
Event: 6.780 Thread 0x0000000019560000 Exception <a 'java/lang/NoSuchMethodError': java.lang.Object.lambda$thenComparing$36697e65$1(Ljava/util/Comparator;Ljava/lang/Object;Ljava/lang/Object;)I> (0x00000000e6892970) thrown at [C:\re\workspace\8-2-build-windows-amd64-cygwin\jdk8u161\10277\hotspo
Event: 6.802 Thread 0x0000000019560000 Exception <a 'java/lang/NoSuchMethodError': java.lang.Object.lambda$maxBy$1(Ljava/util/Comparator;Ljava/lang/Object;Ljava/lang/Object;)Ljava/lang/Object;> (0x00000000e69cc068) thrown at [C:\re\workspace\8-2-build-windows-amd64-cygwin\jdk8u161\10277\hotspo
Event: 7.011 Thread 0x0000000019560000 Implicit null exception at 0x0000000003fd504c to 0x0000000003fd6e99
Event: 7.140 Thread 0x0000000019560000 Implicit null exception at 0x0000000003906bc0 to 0x00000000039088ad

Events (10 events):
Event: 7.345 loading class java/net/InetAddress$CacheEntry
Event: 7.345 loading class java/net/InetAddress$CacheEntry done
Event: 7.351 loading class javax/net/DefaultSocketFactory
Event: 7.352 loading class javax/net/DefaultSocketFactory done
Event: 7.352 loading class java/net/SocksSocketImpl$3
Event: 7.352 loading class java/net/SocksSocketImpl$3 done
Event: 7.355 Thread 0x0000000017d40800 flushing nmethod 0x000000000397e310
Event: 7.355 Thread 0x0000000017d40800 flushing nmethod 0x000000000399e7d0
Event: 7.355 Thread 0x0000000017d40800 flushing nmethod 0x00000000039a4250
Event: 7.356 Thread 0x0000000017d40800 flushing nmethod 0x0000000003a2b750


Dynamic libraries:
0x00007ff6b8990000 - 0x00007ff6b89c7000 	D:\2.develop_tools\JAVA\JDK\bin\java.exe
0x00007ffc5b970000 - 0x00007ffc5bb41000 	C:\Windows\SYSTEM32\ntdll.dll
0x00007ffc5b560000 - 0x00007ffc5b60b000 	C:\Windows\System32\KERNEL32.DLL
0x00007ffc58410000 - 0x00007ffc5862d000 	C:\Windows\System32\KERNELBASE.dll
0x00007ffc5b4b0000 - 0x00007ffc5b552000 	C:\Windows\System32\ADVAPI32.dll
0x00007ffc5b410000 - 0x00007ffc5b4ae000 	C:\Windows\System32\msvcrt.dll
0x00007ffc5ac60000 - 0x00007ffc5acb9000 	C:\Windows\System32\sechost.dll
0x00007ffc5b740000 - 0x00007ffc5b861000 	C:\Windows\System32\RPCRT4.dll
0x00007ffc59310000 - 0x00007ffc59475000 	C:\Windows\System32\USER32.dll
0x00007ffc57f10000 - 0x00007ffc57f2e000 	C:\Windows\System32\win32u.dll
0x00007ffc59070000 - 0x00007ffc590a4000 	C:\Windows\System32\GDI32.dll
0x00007ffc58630000 - 0x00007ffc587b2000 	C:\Windows\System32\gdi32full.dll
0x00007ffc4d430000 - 0x00007ffc4d6aa000 	C:\Windows\WinSxS\amd64_microsoft.windows.common-controls_6595b64144ccf1df_6.0.14393.953_none_42151e83c686086b\COMCTL32.dll
0x00007ffc5a990000 - 0x00007ffc5ac58000 	C:\Windows\System32\combase.dll
0x00007ffc58310000 - 0x00007ffc58405000 	C:\Windows\System32\ucrtbase.dll
0x00007ffc582a0000 - 0x00007ffc5830a000 	C:\Windows\System32\bcryptPrimitives.dll
0x00007ffc58f00000 - 0x00007ffc58f2e000 	C:\Windows\System32\IMM32.DLL
0x00000000629d0000 - 0x0000000062aa2000 	D:\2.develop_tools\JAVA\JDK\jre\bin\msvcr100.dll
0x0000000062130000 - 0x00000000629cf000 	D:\2.develop_tools\JAVA\JDK\jre\bin\server\jvm.dll
0x00007ffc5acf0000 - 0x00007ffc5acf8000 	C:\Windows\System32\PSAPI.DLL
0x00007ffc49080000 - 0x00007ffc49089000 	C:\Windows\SYSTEM32\WSOCK32.dll
0x00007ffc535f0000 - 0x00007ffc535fa000 	C:\Windows\SYSTEM32\VERSION.dll
0x00007ffc56280000 - 0x00007ffc562a3000 	C:\Windows\SYSTEM32\WINMM.dll
0x00007ffc5ae60000 - 0x00007ffc5aeca000 	C:\Windows\System32\WS2_32.dll
0x00007ffc561f0000 - 0x00007ffc5621b000 	C:\Windows\SYSTEM32\WINMMBASE.dll
0x00007ffc57fd0000 - 0x00007ffc58012000 	C:\Windows\System32\cfgmgr32.dll
0x0000000062120000 - 0x000000006212f000 	D:\2.develop_tools\JAVA\JDK\jre\bin\verify.dll
0x00000000620f0000 - 0x0000000062119000 	D:\2.develop_tools\JAVA\JDK\jre\bin\java.dll
0x00000000620d0000 - 0x00000000620e6000 	D:\2.develop_tools\JAVA\JDK\jre\bin\zip.dll
0x00007ffc59480000 - 0x00007ffc5a989000 	C:\Windows\System32\SHELL32.dll
0x00007ffc58820000 - 0x00007ffc58efa000 	C:\Windows\System32\windows.storage.dll
0x00007ffc57e00000 - 0x00007ffc57e4c000 	C:\Windows\System32\powrprof.dll
0x00007ffc590b0000 - 0x00007ffc59102000 	C:\Windows\System32\shlwapi.dll
0x00007ffc57e50000 - 0x00007ffc57e5f000 	C:\Windows\System32\kernel.appcore.dll
0x00007ffc57e60000 - 0x00007ffc57f09000 	C:\Windows\System32\shcore.dll
0x00007ffc57dd0000 - 0x00007ffc57de4000 	C:\Windows\System32\profapi.dll
0x00000000620b0000 - 0x00000000620ca000 	D:\2.develop_tools\JAVA\JDK\jre\bin\net.dll
0x00007ffc576a0000 - 0x00007ffc576fc000 	C:\Windows\system32\mswsock.dll
0x0000000062090000 - 0x00000000620a1000 	D:\2.develop_tools\JAVA\JDK\jre\bin\nio.dll
0x00007ffc4b9c0000 - 0x00007ffc4b9de000 	C:\Users\Administrator\.gradle\native\23\windows-amd64\native-platform.dll
0x00007ffc57840000 - 0x00007ffc57857000 	C:\Windows\SYSTEM32\CRYPTSP.dll
0x00007ffc572a0000 - 0x00007ffc572d3000 	C:\Windows\system32\rsaenh.dll
0x00007ffc57d10000 - 0x00007ffc57d3b000 	C:\Windows\SYSTEM32\bcrypt.dll
0x00007ffc57520000 - 0x00007ffc5753f000 	C:\Windows\SYSTEM32\USERENV.dll
0x00007ffc57860000 - 0x00007ffc5786b000 	C:\Windows\SYSTEM32\CRYPTBASE.dll
0x00007ffc57420000 - 0x00007ffc57458000 	C:\Windows\SYSTEM32\IPHLPAPI.DLL
0x00007ffc5afd0000 - 0x00007ffc5afd8000 	C:\Windows\System32\NSI.dll
0x00007ffc53ff0000 - 0x00007ffc54006000 	C:\Windows\SYSTEM32\dhcpcsvc6.DLL
0x00007ffc538b0000 - 0x00007ffc538ca000 	C:\Windows\SYSTEM32\dhcpcsvc.DLL
0x0000000062080000 - 0x000000006208d000 	D:\2.develop_tools\JAVA\JDK\jre\bin\management.dll
0x0000000061ff0000 - 0x0000000062014000 	D:\2.develop_tools\JAVA\JDK\jre\bin\sunec.dll
0x00007ffc57460000 - 0x00007ffc57501000 	C:\Windows\SYSTEM32\DNSAPI.dll
0x00007ffc534b0000 - 0x00007ffc534ba000 	C:\Windows\System32\rasadhlp.dll
0x00007ffc511c0000 - 0x00007ffc5122a000 	C:\Windows\System32\fwpuclnt.dll

VM Arguments:
jvm_args: -Xmx1536m -Dfile.encoding=GBK -Duser.country=CN -Duser.language=zh -Duser.variant 
java_command: org.gradle.launcher.daemon.bootstrap.GradleDaemon 3.3
java_class_path (initial): C:\Users\Administrator\.gradle\wrapper\dists\gradle-3.3-all\55gk2rcmfc6p2dg9u9ohc3hw9\gradle-3.3\lib\gradle-launcher-3.3.jar
Launcher Type: SUN_STANDARD

Environment Variables:
JAVA_HOME=D:\2.develop_tools\JAVA\JDK
PATH=C:\Windows\system32;C:\Windows;C:\Windows\System32\Wbem;C:\Windows\System32\WindowsPowerShell\v1.0\;C:\Windows\system32\config\systemprofile\.dnx\bin;C:\Program Files\Microsoft DNX\Dnvm\;C:\Program Files\Microsoft SQL Server\130\Tools\Binn\;D:\2.develop_tools\JAVA\JDK\bin;D:\2.develop_tools\JAVA\JDK\jre\bin;E:\Program Files (x86)\Microsoft SQL Server\100\Tools\Binn\;E:\Program Files\Microsoft SQL Server\100\Tools\Binn\;E:\Program Files\Microsoft SQL Server\100\DTS\Binn\;E:\Program Files (x86)\Microsoft SQL Server\100\Tools\Binn\VSShell\Common7\IDE\;C:\Program Files (x86)\Microsoft Visual Studio 9.0\Common7\IDE\PrivateAssemblies\;E:\Program Files (x86)\Microsoft SQL Server\100\DTS\Binn\;C:\Users\Administrator\AppData\Local\Microsoft\WindowsApps;
USERNAME=Administrator
OS=Windows_NT
PROCESSOR_IDENTIFIER=AMD64 Family 23 Model 17 Stepping 0, AuthenticAMD



---------------  S Y S T E M  ---------------

OS: Windows 10.0 , 64 bit Build 14393 (10.0.14393.0)

CPU:total 4 (initial active 4) (4 cores per cpu, 1 threads per core) family 23 model 17 stepping 0, cmov, cx8, fxsr, mmx, sse, sse2, sse3, ssse3, sse4.1, sse4.2, popcnt, avx, avx2, aes, clmul, mmxext, 3dnowpref, lzcnt, sse4a, tsc, tscinvbit, tscinv, bmi1

Memory: 4k page, physical 7287484k(1937644k free), swap 8860348k(4588k free)

vm_info: Java HotSpot(TM) 64-Bit Server VM (25.161-b12) for windows-amd64 JRE (1.8.0_161-b12), built on Dec 19 2017 17:52:25 by "java_re" with MS VC++ 10.0 (VS2010)

time: Mon Mar 26 09:08:30 2018
elapsed time: 7 seconds (0d 0h 0m 7s)

